[2026-05-08 10:47:50.548] [info]  setup plugin alembic.autogenerate.schemas

[2026-05-08 10:47:50.551] [info]  setup plugin alembic.autogenerate.tables
setup plugin alembic.autogenerate.types
setup plugin alembic.autogenerate.constraints
setup plugin alembic.autogenerate.defaults
setup plugin alembic.autogenerate.comments

[2026-05-08 10:47:51.787] [info]  Adding extra search path custom_nodes C:\Users\runneradmin\Documents\ComfyUI\custom_nodes
Adding extra search path download_model_base C:\Users\runneradmin\Documents\ComfyUI\models

[2026-05-08 10:47:51.789] [info]  Adding extra search path custom_nodes C:\Users\runneradmin\AppData\Local\Programs\ComfyUI\resources\ComfyUI\custom_nodes
Setting output directory to: C:\Users\runneradmin\Documents\ComfyUI\output
Setting input directory to: C:\Users\runneradmin\Documents\ComfyUI\input
Setting user directory to: C:\Users\runneradmin\Documents\ComfyUI\user

[2026-05-08 10:47:54.687] [info]  [START] Security scan
[DONE] Security scan
** ComfyUI startup time: 
[2026-05-08 10:47:54.689] [info]  2026-05-08 10:47:54.687
** Platform: Windows
** Python version: 3.12.11 (main, Aug 18 2025, 19:17:54) [MSC v.1944 64 bit (AMD64)]
** Python executable: C:\Users\runneradmin\Documents\ComfyUI\.venv\Scripts\python.exe
** ComfyUI Path: C:\Users\runneradmin\AppData\Local\Programs\ComfyUI\resources\ComfyUI
** ComfyUI Base Folder Path: C:\Users\runneradmin\AppData\Local\Programs\ComfyUI\resources\ComfyUI

[2026-05-08 10:47:54.690] [info]  ** User directory: C:\Users\runneradmin\Documents\ComfyUI\user
** ComfyUI-Manager config path: C:\Users\runneradmin\Documents\ComfyUI\user\__manager\config.ini
** Log path:
[2026-05-08 10:47:54.691] [info]   C:\Users\runneradmin\Documents\ComfyUI\user\comfyui.log

[2026-05-08 10:47:55.799] [info]  [ComfyUI-Manager] Skipped fixing the 'comfyui-frontend-package' dependency because the ComfyUI is outdated.

[2026-05-08 10:47:55.801] [info]  [PRE] ComfyUI-Manager

[2026-05-08 10:48:07.647] [info]  Found comfy_kitchen backend triton: {'available': False, 'disabled': True, 'unavailable_reason': "ImportError: No module named 'triton'", 'capabilities': []}

[2026-05-08 10:48:07.649] [info]  Found comfy_kitchen backend cuda: {'available': False, 'disabled': True, 'unavailable_reason': 'CUDA not available on this system', 'capabilities': []}
Found comfy_kitchen backend eager: {'available': True, 'disabled': False, 'unavailable_reason': None, 'capabilities': ['apply_rope', 'apply_rope1', 'dequantize_mxfp8', 'dequantize_nvfp4', 'dequantize_per_tensor_fp8', 'quantize_mxfp8', 'quantize_nvfp4', 'quantize_per_tensor_fp8', 'scaled_mm_mxfp8', 'scaled_mm_nvfp4']}

[2026-05-08 10:48:07.695] [info]  Checkpoint files will always be loaded safely.

[2026-05-08 10:48:07.775] [info]  Total VRAM 16379 MB, total RAM 16379 MB

[2026-05-08 10:48:07.777] [info]  pytorch version: 2.10.0+cpu
Set vram state to: DISABLED
Device: cpu

[2026-05-08 10:48:08.909] [info]  Using sub quadratic optimization for attention, if you have memory or speed issues try using: --use-split-cross-attention

[2026-05-08 10:48:15.884] [info]  Python version: 3.12.11 (main, Aug 18 2025, 19:17:54) [MSC v.1944 64 bit (AMD64)]

[2026-05-08 10:48:15.886] [info]  ComfyUI version: 0.20.1
comfy-aimdo version: 0.2.14

[2026-05-08 10:48:15.888] [info]  comfy-kitchen version: 0.2.8

[2026-05-08 10:48:15.891] [info]  [Prompt Server] web root: C:\Users\runneradmin\AppData\Local\Programs\ComfyUI\resources\ComfyUI\web_custom_versions\desktop_app

[2026-05-08 10:48:15.893] [info]  Asset seeder disabled

[2026-05-08 10:48:15.894] [info]  [START] ComfyUI-Manager

[2026-05-08 10:48:16.571] [info]  [ComfyUI-Manager] Using GitPython backend

[2026-05-08 10:48:16.686] [info]  [ComfyUI-Manager] network_mode: public

[2026-05-08 10:48:16.695] [info]  [ComfyUI-Manager] The matrix sharing feature has been disabled because the `matrix-nio` dependency is not installed.
	To use this feature, please run the following command:
	C:\Users\runneradmin\Documents\ComfyUI\.venv\Scripts\python.exe -m pip install matrix-nio


[2026-05-08 10:48:21.146] [info]  
Import times for custom nodes:

[2026-05-08 10:48:21.147] [info]     0.0 seconds: C:\Users\runneradmin\AppData\Local\Programs\ComfyUI\resources\ComfyUI\custom_nodes\websocket_image_save.py


[2026-05-08 10:48:21.164] [info]  Context impl SQLiteImpl.

[2026-05-08 10:48:21.165] [info]  Will assume non-transactional DDL.

[2026-05-08 10:48:21.188] [info]  Context impl SQLiteImpl.

[2026-05-08 10:48:21.190] [info]  Will assume non-transactional DDL.

[2026-05-08 10:48:21.217] [info]  Running upgrade  -> 0001_assets, Initial assets schema
Revision ID: 0001_assets
Revises: None
Create Date: 2025-12-10 00:00:00

[2026-05-08 10:48:21.751] [info]  Running upgrade 0001_assets -> 0002_merge_to_asset_references, Merge AssetInfo and AssetCacheState into unified asset_references table.

[2026-05-08 10:48:22.113] [info]  Running upgrade 0002_merge_to_asset_references -> 0003_add_metadata_job_id, Add system_metadata and job_id columns to asset_references.
Change preview_id FK from assets.id to asset_references.id.

[2026-05-08 10:48:22.213] [info]  Database upgraded from None to 0003_add_metadata_job_id

[2026-05-08 10:48:22.348] [info]  Starting server


[2026-05-08 10:48:22.350] [info]  To see the GUI go to: http://127.0.0.1:8000

[2026-05-08 10:49:39.860] [error]   0%|          | 0.00/34.0M [00:00<?, ?B/s]
[2026-05-08 10:49:39.961] [error]   2%|▏         | 623k/34.0M [00:00<00:05, 6.15MB/s]
[2026-05-08 10:49:40.061] [error]  32%|███▏      | 10.8M/34.0M [00:00<00:00, 62.3MB/s]
[2026-05-08 10:49:40.162] [error]  77%|███████▋  | 26.1M/34.0M [00:00<00:00, 102MB/s] 
[2026-05-08 10:49:40.215] [error] 100%|██████████| 34.0M/34.0M [00:00<00:00, 95.9MB/s]
[2026-05-08 10:49:40.216] [error] 

[2026-05-08 10:49:40.408] [info]  Extracted zip file to C:\Users\runneradmin\Documents\ComfyUI\custom_nodes\comfyui-sam3

[2026-05-08 10:49:40.430] [info]  Install: pip packages
[2026-05-08 10:49:40.432] [info]  

[2026-05-08 10:49:41.698] [info]  [ComfyUI-Manager] Skipped fixing the 'comfyui-frontend-package' dependency because the ComfyUI is outdated.

[2026-05-08 10:49:41.699] [info]  Install: install script

[2026-05-08 10:49:46.200] [info]  
After restarting ComfyUI, please refresh the browser.

[2026-05-08 10:49:46.579] [info]  
Restarting... [Legacy Mode]


Command: ['"C:\\Users\\runneradmin\\Documents\\ComfyUI\\.venv\\Scripts\\python.exe"', '"C:\\Users\\runneradmin\\AppData\\Local\\Programs\\ComfyUI\\resources\\ComfyUI\\main.py"', '--user-directory', 'C:\\Users\\runneradmin\\Documents\\ComfyUI\\user', '--input-directory', 'C:\\Users\\runneradmin\\Documents\\ComfyUI\\input', '--output-directory', 'C:\\Users\\runneradmin\\Documents\\ComfyUI\\output', '--front-end-root', 'C:\\Users\\runneradmin\\AppData\\Local\\Programs\\ComfyUI\\resources\\ComfyUI\\web_custom_versions\\desktop_app', '--base-directory', 'C:\\Users\\runneradmin\\Documents\\ComfyUI', '--database-url', 'sqlite:///C:/Users/runneradmin/Documents/ComfyUI/user/comfyui.db', '--extra-model-paths-config', 'C:\\Users\\runneradmin\\AppData\\Roaming\\ComfyUI\\extra_models_config.yaml', '--log-stdout', '--listen', '127.0.0.1', '--port', '8000', '--enable-manager', '--cpu']

[2026-05-08 10:49:47.283] [info]  setup plugin alembic.autogenerate.schemas

[2026-05-08 10:49:47.285] [info]  setup plugin alembic.autogenerate.tables
setup plugin alembic.autogenerate.types
setup plugin alembic.autogenerate.constraints
setup plugin alembic.autogenerate.defaults
setup plugin alembic.autogenerate.comments

[2026-05-08 10:49:47.853] [info]  Adding extra search path custom_nodes C:\Users\runneradmin\Documents\ComfyUI\custom_nodes

[2026-05-08 10:49:47.855] [info]  Adding extra search path download_model_base C:\Users\runneradmin\Documents\ComfyUI\models

[2026-05-08 10:49:47.856] [info]  Adding extra search path custom_nodes C:\Users\runneradmin\AppData\Local\Programs\ComfyUI\resources\ComfyUI\custom_nodes
Setting output directory to: C:\Users\runneradmin\Documents\ComfyUI\output
Setting input directory to: C:\Users\runneradmin\Documents\ComfyUI\input
Setting user directory to: C:\Users\runneradmin\Documents\ComfyUI\user

[2026-05-08 10:49:49.739] [info]  [START] Security scan
[DONE] Security scan
** ComfyUI startup time: 
[2026-05-08 10:49:49.741] [info]  2026-05-08 10:49:49.739
** Platform: Windows
** Python version: 3.12.11 (main, Aug 18 2025, 19:17:54) [MSC v.1944 64 bit (AMD64)]
** Python executable: C:\Users\runneradmin\Documents\ComfyUI\.venv\Scripts\python.exe
** ComfyUI Path: C:\Users\runneradmin\AppData\Local\Programs\ComfyUI\resources\ComfyUI
** ComfyUI Base Folder Path: C:\Users\runneradmin\AppData\Local\Programs\ComfyUI\resources\ComfyUI

[2026-05-08 10:49:49.742] [info]  ** User directory:
[2026-05-08 10:49:49.743] [info]   C:\Users\runneradmin\Documents\ComfyUI\user
** ComfyUI-Manager config path: C:\Users\runneradmin\Documents\ComfyUI\user\__manager\config.ini
** Log path: C:\Users\runneradmin\Documents\ComfyUI\user\comfyui.log

[2026-05-08 10:49:50.418] [info]  
#######################################################################
[ComfyUI-Manager] Starting dependency installation/(de)activation for the extension


[2026-05-08 10:49:50.420] [info]  
## ComfyUI-Manager: EXECUTE => ['C:\\Users\\runneradmin\\Documents\\ComfyUI\\.venv\\Scripts\\python.exe', '-m', 'pip', 'install', 'comfy-env==0.3.75']

## Execute management script for 'C:\Users\runneradmin\Documents\ComfyUI\custom_nodes\comfyui-sam3'

[2026-05-08 10:49:52.716] [info]   Collecting comfy-env==0.3.75

[2026-05-08 10:49:52.888] [info]     Downloading comfy_env-0.3.75-py3-none-any.whl.metadata (7.1 kB)

[2026-05-08 10:49:53.211] [info]   
[2026-05-08 10:49:53.213] [info]   
[2026-05-08 10:49:53.323] [info]   Collecting pre-commit (from comfy-env==0.3.75)

[2026-05-08 10:49:53.340] [info]     Downloading pre_commit-4.6.0-py2.py3-none-any.whl.metadata (1.2 kB)

[2026-05-08 10:49:53.400] [info]   
[2026-05-08 10:49:53.433] [info]   Collecting tomli-w>=1.0.0 (from comfy-env==0.3.75)

[2026-05-08 10:49:53.449] [info]     Downloading tomli_w-1.2.0-py3-none-any.whl.metadata (5.7 kB)

[2026-05-08 10:49:53.927] [info]   Collecting tomli>=2.0.0 (from comfy-env==0.3.75)

[2026-05-08 10:49:53.930] [info]   
[2026-05-08 10:49:53.931] [info]    Using cached tomli-2.4.1-cp312-cp312-win_amd64.whl.metadata (10 kB)

[2026-05-08 10:49:53.937] [info]   
[2026-05-08 10:49:54.145] [info]   Collecting cfgv>=2.0.0 (from pre-commit->comfy-env==0.3.75)

[2026-05-08 10:49:54.162] [info]     Downloading cfgv-3.5.0-py2.py3-none-any.whl.metadata (8.9 kB)

[2026-05-08 10:49:54.458] [info]   Collecting identify>=1.0.0 (from pre-commit->comfy-env==0.3.75)

[2026-05-08 10:49:54.475] [info]     Downloading identify-2.6.19-py2.py3-none-any.whl.metadata (4.4 kB)

[2026-05-08 10:49:54.762] [info]   Collecting nodeenv>=0.11.1 (from pre-commit->comfy-env==0.3.75)

[2026-05-08 10:49:54.778] [info]     Downloading nodeenv-1.10.0-py2.py3-none-any.whl.metadata (24 kB)

[2026-05-08 10:49:54.907] [info]   Collecting virtualenv>=20.10.0 (from pre-commit->comfy-env==0.3.75)

[2026-05-08 10:49:54.924] [info]     Downloading virtualenv-21.3.1-py3-none-any.whl.metadata (3.5 kB)

[2026-05-08 10:49:55.022] [info]   Collecting distlib<1,>=0.3.7 (from virtualenv>=20.10.0->pre-commit->comfy-env==0.3.75)

[2026-05-08 10:49:55.042] [info]     Downloading distlib-0.4.0-py2.py3-none-any.whl.metadata (5.2 kB)

[2026-05-08 10:49:55.220] [info]   Collecting filelock<4,>=3.24.2 (from virtualenv>=20.10.0->pre-commit->comfy-env==0.3.75)

[2026-05-08 10:49:55.237] [info]     Downloading filelock-3.29.0-py3-none-any.whl.metadata (2.0 kB)

[2026-05-08 10:49:55.576] [info]   Collecting platformdirs<5,>=3.9.1 (from virtualenv>=20.10.0->pre-commit->comfy-env==0.3.75)

[2026-05-08 10:49:55.593] [info]     Downloading platformdirs-4.9.6-py3-none-any.whl.metadata (4.7 kB)

[2026-05-08 10:49:55.683] [info]   Collecting python-discovery>=1.2.2 (from virtualenv>=20.10.0->pre-commit->comfy-env==0.3.75)

[2026-05-08 10:49:55.699] [info]     Downloading python_discovery-1.3.0-py3-none-any.whl.metadata (5.5 kB)

[2026-05-08 10:49:55.761] [info]   Downloading comfy_env-0.3.75-py3-none-any.whl (120 kB)

[2026-05-08 10:49:55.799] [info]   Using cached tomli-2.4.1-cp312-cp312-win_amd64.whl (108 kB)

[2026-05-08 10:49:55.817] [info]   Downloading tomli_w-1.2.0-py3-none-any.whl (6.7 kB)

[2026-05-08 10:49:55.853] [info]   Downloading pre_commit-4.6.0-py2.py3-none-any.whl (226 kB)

[2026-05-08 10:49:55.940] [info]   Downloading cfgv-3.5.0-py2.py3-none-any.whl (7.4 kB)

[2026-05-08 10:49:55.974] [info]   Downloading identify-2.6.19-py2.py3-none-any.whl (99 kB)

[2026-05-08 10:49:56.007] [info]   
[2026-05-08 10:49:56.009] [info]  Downloading nodeenv-1.10.0-py2.py3-none-any.whl (23 kB)

[2026-05-08 10:49:56.043] [info]   Downloading virtualenv-21.3.1-py3-none-any.whl (7.6 MB)

[2026-05-08 10:49:56.149] [info]      ---------------------------------------- 7.6/7.6 MB 78.0 MB/s eta 0:00:00

[2026-05-08 10:49:56.166] [info]   Downloading distlib-0.4.0-py2.py3-none-any.whl (469 kB)

[2026-05-08 10:49:56.205] [info]   Downloading filelock-3.29.0-py3-none-any.whl (39 kB)

[2026-05-08 10:49:56.242] [info]   Downloading platformdirs-4.9.6-py3-none-any.whl (21 kB)

[2026-05-08 10:49:56.277] [info]   Downloading python_discovery-1.3.0-py3-none-any.whl (33 kB)

[2026-05-08 10:49:56.707] [info]   Installing collected packages: distlib, tomli-w, tomli, platformdirs, nodeenv, identify, filelock, cfgv, python-discovery, virtualenv, pre-commit, comfy-env

[2026-05-08 10:49:58.685] [info]     Attempting uninstall: filelock

[2026-05-08 10:49:58.700] [info]       Found existing installation: filelock 3.20.3

[2026-05-08 10:49:58.709] [info]       Uninstalling filelock-3.20.3:

[2026-05-08 10:49:58.718] [info]         Successfully uninstalled filelock-3.20.3

[2026-05-08 10:50:03.274] [info]   Successfully installed cfgv-3.5.0 comfy-env-0.3.75 distlib-0.4.0 filelock-3.29.0 identify-2.6.19 nodeenv-1.10.0 platformdirs-4.9.6 pre-commit-4.6.0 python-discovery-1.3.0 tomli-2.4.1 tomli-w-1.2.0 virtualenv-21.3.1

[2026-05-08 10:50:03.790] [error] [!] 
[2026-05-08 10:50:03.792] [error] 
[!] [notice] A new release of pip is available: 25.0.1 -> 26.1.1
[!] [notice] To update, run: python.exe -m pip install --upgrade pip

[2026-05-08 10:50:03.909] [info]  
## ComfyUI-Manager: EXECUTE => ['C:\\Users\\runneradmin\\Documents\\ComfyUI\\.venv\\Scripts\\python.exe', '-m', 'pip', 'install', 'comfy-3d-viewers==0.2.44']

## Execute management script for 'C:\Users\runneradmin\Documents\ComfyUI\custom_nodes\comfyui-sam3'

[2026-05-08 10:50:06.163] [info]   Collecting comfy-3d-viewers==0.2.44

[2026-05-08 10:50:06.227] [info]     Downloading comfy_3d_viewers-0.2.44-py3-none-any.whl.metadata (2.2 kB)

[2026-05-08 10:50:06.298] [info]   Downloading comfy_3d_viewers-0.2.44-py3-none-any.whl (1.3 MB)

[2026-05-08 10:50:06.437] [info]      ---------------------------------------- 1.3/1.3 MB 12.7 MB/s eta 0:00:00

[2026-05-08 10:50:06.744] [info]   
[2026-05-08 10:50:06.746] [info]  Installing collected packages: comfy-3d-viewers

[2026-05-08 10:50:07.028] [info]   Successfully installed comfy-3d-viewers-0.2.44

[2026-05-08 10:50:07.519] [error] [!] 
[2026-05-08 10:50:07.520] [error] 

[2026-05-08 10:50:07.522] [error] [!]
[2026-05-08 10:50:07.523] [error]  [notice] A new release of pip is available: 25.0.1 -> 26.1.1
[!]
[2026-05-08 10:50:07.525] [error]  [notice] To update, run: python.exe -m pip install --upgrade pip

[2026-05-08 10:50:07.664] [info]  
## ComfyUI-Manager: EXECUTE => ['C:\\Users\\runneradmin\\Documents\\ComfyUI\\.venv\\Scripts\\python.exe', 'install.py']

## Execute management script for 'C:\Users\runneradmin\Documents\ComfyUI\custom_nodes\comfyui-sam3'
[2026-05-08 10:50:07.665] [info]  

[2026-05-08 10:50:08.030] [info]   [comfy-env] Enabled Windows long path support

[2026-05-08 10:50:08.031] [info]   
 Installing 2 node dependencies...
   Cloning ComfyUI-VideoHelperSuite...

[2026-05-08 10:50:09.225] [info]     Installing requirements for ComfyUI-VideoHelperSuite...

[2026-05-08 10:50:11.173] [info]     Cloning ComfyUI-Multiband...

[2026-05-08 10:50:11.621] [info]     Installing requirements for ComfyUI-Multiband...

[2026-05-08 10:50:11.920] [info]   

[2026-05-08 10:50:11.922] [info]   [requirements] Re-installing main package requirements...
   Installing requirements for comfyui-sam3...

[2026-05-08 10:50:12.000] [error] [!]
[2026-05-08 10:50:12.002] [error]  [comfy-env] pixi not found, downloading...

[2026-05-08 10:50:13.849] [error] [!]
[2026-05-08 10:50:13.851] [error]  [comfy-env] pixi installed: C:\Users\runneradmin\.pixi\bin\pixi.exe

[2026-05-08 10:50:13.861] [info]   [comfy-env] Workspace: C:\Users\runneradmin\Documents\ComfyUI\.ce

[2026-05-08 10:50:13.863] [info]   [comfy-env] ComfyUI: C:\Users\runneradmin\Documents\ComfyUI
 [comfy-env] Found 1 node config(s):
   - sam3-nodes <- custom_nodes\comfyui-sam3\nodes\comfy-env.toml (python=host)

[2026-05-08 10:50:13.868] [info]   
[2026-05-08 10:50:13.870] [info]  [comfy-env] Bootstrap interpreter has python 3.12 + torch 2.10.0 (cpu). Looking for cuda-only wheels matching cpu/torch2.10/cp312.

[2026-05-08 10:50:15.660] [info]   [comfy-env] GPU: No GPU detected

[2026-05-08 10:50:15.662] [info]   [comfy-env] No CUDA detected -- pinning comfyui torch to CPU index
 [comfy-env] Root conda deps from comfyui-sam3: ['av', 'ffmpeg']

[2026-05-08 10:50:15.663] [info]   [comfy-env] Desktop app detected: source=C:\Users\runneradmin\AppData\Local\Programs\ComfyUI\resources\ComfyUI, data=C:\Users\runneradmin\Documents\ComfyUI

[2026-05-08 10:50:15.667] [info]   [comfy-env] Comfyui feature pin: torch ==2.10.0, torchvision ==0.25.*, torchaudio ==2.10.*

[2026-05-08 10:50:15.668] [info]   [comfy-env] Root conda deps injected into comfyui feature: ['av', 'ffmpeg']

[2026-05-08 10:50:15.670] [info]   Generated C:\Users\runneradmin\Documents\ComfyUI\.ce\pixi.toml

[2026-05-08 10:50:15.672] [info]   [comfy-env] Patched C:\Users\runneradmin\AppData\Roaming\uv\python\cpython-3.12.11-windows-x86_64-none\Lib\platform.py for conda-forge compat

[2026-05-08 10:50:15.673] [info]   [comfy-env] Installing 1 environment(s):
   - sam3-nodes (python=host, 17 pypi deps, 3 cuda wheels)
 [comfy-env] Running `pixi install --all`...

[2026-05-08 10:50:41.214] [info]      WARN Skipped running the post-link scripts because `run-post-link-scripts` = `false`

[2026-05-08 10:50:41.216] [info]     	- Scripts/.librsvg-pre-unlink.bat
   To enable them, run:
   	pixi config set --local run-post-link-scripts insecure
   More info:
   	https://pixi.sh/latest/reference/pixi_configuration/#run-post-link-scripts

[2026-05-08 10:51:03.778] [info]      WARN Skipped running the post-link scripts because `run-post-link-scripts` = `false`
   	- Scripts/.librsvg-pre-unlink.bat

[2026-05-08 10:51:03.779] [info]     To enable them, run:
   	pixi config set --local run-post-link-scripts insecure
   More info:
   	https://pixi.sh/latest/reference/pixi_configuration/#run-post-link-scripts

[2026-05-08 10:52:28.891] [info]     The following environments have been installed: default, comfyui, sam3-nodes.

[2026-05-08 10:52:28.926] [info]   [comfy-env] Note: env `default` is on disk but no node declares it in this run. Leaving as-is. Remove via `pixi clean --environment default` if intended.
 
[2026-05-08 10:52:28.927] [info]  [comfy-env] Install log: C:\Users\runneradmin\Documents\ComfyUI\.ce\install.log
 
 Installation complete!

[2026-05-08 10:52:29.217] [info]  
[ComfyUI-Manager] Startup script completed.
#######################################################################


[2026-05-08 10:52:29.756] [info]  [ComfyUI-Manager] Skipped fixing the 'comfyui-frontend-package' dependency because the ComfyUI is outdated.

[2026-05-08 10:52:29.758] [info]  [ComfyUI-Manager] Restarting to reapply dependency installation.
Command: ['"C:\\Users\\runneradmin\\Documents\\ComfyUI\\.venv\\Scripts\\python.exe"', '"C:\\Users\\runneradmin\\AppData\\Local\\Programs\\ComfyUI\\resources\\ComfyUI\\main.py"', '--user-directory', 'C:\\Users\\runneradmin\\Documents\\ComfyUI\\user', '--input-directory', 'C:\\Users\\runneradmin\\Documents\\ComfyUI\\input', '--output-directory', 'C:\\Users\\runneradmin\\Documents\\ComfyUI\\output', '--front-end-root', 'C:\\Users\\runneradmin\\AppData\\Local\\Programs\\ComfyUI\\resources\\ComfyUI\\web_custom_versions\\desktop_app', '--base-directory', 'C:\\Users\\runneradmin\\Documents\\ComfyUI', '--database-url', 'sqlite:///C:/Users/runneradmin/Documents/ComfyUI/user/comfyui.db', '--extra-model-paths-config', 'C:\\Users\\runneradmin\\AppData\\Roaming\\ComfyUI\\extra_models_config.yaml', '--log-stdout', '--listen', '127.0.0.1', '--port', '8000', '--enable-manager', '--cpu']
--------------------------------------------------------------------------


[2026-05-08 10:52:30.366] [info]  setup plugin alembic.autogenerate.schemas
setup plugin alembic.autogenerate.tables

[2026-05-08 10:52:30.368] [info]  setup plugin alembic.autogenerate.types
setup plugin alembic.autogenerate.constraints
setup plugin alembic.autogenerate.defaults
setup plugin alembic.autogenerate.comments

[2026-05-08 10:52:30.777] [info]  Adding extra search path custom_nodes C:\Users\runneradmin\Documents\ComfyUI\custom_nodes
Adding extra search path download_model_base C:\Users\runneradmin\Documents\ComfyUI\models

[2026-05-08 10:52:30.778] [info]  Adding extra search path custom_nodes C:\Users\runneradmin\AppData\Local\Programs\ComfyUI\resources\ComfyUI\custom_nodes
Setting output directory to: C:\Users\runneradmin\Documents\ComfyUI\output
Setting input directory to: C:\Users\runneradmin\Documents\ComfyUI\input
Setting user directory to: C:\Users\runneradmin\Documents\ComfyUI\user

[2026-05-08 10:52:32.159] [info]  [START] Security scan
[DONE] Security scan
** ComfyUI startup time: 2026-05-08 10:52:32.158
[2026-05-08 10:52:32.160] [info]  
** Platform: Windows
** Python version: 3.12.11 (main, Aug 18 2025, 19:17:54) [MSC v.1944 64 bit (AMD64)]
** Python executable: C:\Users\runneradmin\Documents\ComfyUI\.venv\Scripts\python.exe
** ComfyUI Path: C:\Users\runneradmin\AppData\Local\Programs\ComfyUI\resources\ComfyUI
** ComfyUI Base Folder Path: C:\Users\runneradmin\AppData\Local\Programs\ComfyUI\resources\ComfyUI

[2026-05-08 10:52:32.162] [info]  ** User directory: C:\Users\runneradmin\Documents\ComfyUI\user
** ComfyUI-Manager config path: C:\Users\runneradmin\Documents\ComfyUI\user\__manager\config.ini
** Log path: C:\Users\runneradmin\Documents\ComfyUI\user\comfyui.log

[2026-05-08 10:52:33.174] [info]  [ComfyUI-Manager] Skipped fixing the 'comfyui-frontend-package' dependency because the ComfyUI is outdated.

[2026-05-08 10:52:33.176] [info]  [PRE] ComfyUI-Manager

[2026-05-08 10:52:33.504] [error] [comfy-env] comfyui-sam3: 1 isolation env(s):
[2026-05-08 10:52:33.505] [error] 
[comfy-env]   nodes -> C:\Users\runneradmin\Documents\ComfyUI\custom_nodes\comfyui-sam3\nodes
[comfy-env] prestartup complete
[2026-05-08 10:52:33.506] [error] 

[2026-05-08 10:52:36.189] [info]  Found comfy_kitchen backend cuda: {'available': False, 'disabled': True, 'unavailable_reason': 'CUDA not available on this system', 'capabilities': []}

[2026-05-08 10:52:36.191] [info]  Found comfy_kitchen backend triton: {'available': False, 'disabled': True, 'unavailable_reason': "ImportError: No module named 'triton'", 'capabilities': []}
Found comfy_kitchen backend eager: {'available': True, 'disabled': False, 'unavailable_reason': None, 'capabilities': ['apply_rope', 'apply_rope1', 'dequantize_mxfp8', 'dequantize_nvfp4', 'dequantize_per_tensor_fp8', 'quantize_mxfp8', 'quantize_nvfp4', 'quantize_per_tensor_fp8', 'scaled_mm_mxfp8', 'scaled_mm_nvfp4']}

[2026-05-08 10:52:36.196] [info]  Checkpoint files will always be loaded safely.

[2026-05-08 10:52:36.208] [info]  Total VRAM 16379 MB, total RAM 16379 MB

[2026-05-08 10:52:36.209] [info]  pytorch version: 2.10.0+cpu
Set vram state to: DISABLED
Device: cpu

[2026-05-08 10:52:36.469] [info]  Using sub quadratic optimization for attention, if you have memory or speed issues try using: --use-split-cross-attention

[2026-05-08 10:52:39.094] [info]  Python version: 3.12.11 (main, Aug 18 2025, 19:17:54) [MSC v.1944 64 bit (AMD64)]
ComfyUI version: 0.20.1

[2026-05-08 10:52:39.095] [info]  comfy-aimdo version: 0.2.14

[2026-05-08 10:52:39.096] [info]  comfy-kitchen version: 0.2.8

[2026-05-08 10:52:39.098] [info]  [Prompt Server] web root: C:\Users\runneradmin\AppData\Local\Programs\ComfyUI\resources\ComfyUI\web_custom_versions\desktop_app

[2026-05-08 10:52:39.099] [info]  Asset seeder disabled

[2026-05-08 10:52:39.100] [info]  [START] ComfyUI-Manager

[2026-05-08 10:52:39.211] [info]  [ComfyUI-Manager] Using GitPython backend

[2026-05-08 10:52:39.268] [info]  [ComfyUI-Manager] network_mode: public

[2026-05-08 10:52:39.273] [info]  [ComfyUI-Manager] The matrix sharing feature has been disabled because the `matrix-nio` dependency is not installed.
	To use this feature, please run the following command:
	C:\Users\runneradmin\Documents\ComfyUI\.venv\Scripts\python.exe -m pip install matrix-nio


[2026-05-08 10:52:42.097] [info]  ComfyUI-Multiband loaded: 15 nodes registered

[2026-05-08 10:52:42.105] [error] [comfy-env] Version: 0.3.75
[2026-05-08 10:52:42.106] [error] 

[2026-05-08 10:52:43.779] [error] [comfy-env] register_nodes: comfyui-sam3
[2026-05-08 10:52:43.781] [error] 

[2026-05-08 10:52:43.782] [error] [comfy-env] ComfyUI source dir: C:\Users\runneradmin\AppData\Local\Programs\ComfyUI\resources\ComfyUI
[2026-05-08 10:52:43.783] [error] 

[2026-05-08 10:52:43.785] [error] [comfy-env] Scanning nodes metadata (isolation root)...
[2026-05-08 10:52:43.786] [error] 

[2026-05-08 10:53:05.263] [error] [comfy-env] Scanned nodes: 15 nodes (21.5s)
[2026-05-08 10:53:05.264] [error] 

[2026-05-08 10:53:05.265] [error] [comfy-env] Scanned nodes root: 15 nodes (21.5s)

[2026-05-08 10:53:05.266] [error] [comfy-env] Registered proxy route: POST /sam3/interactive_segment_one -> nodes.sam3_interactive._api_segment_one
[comfy-env] Imported nodes root: 15 nodes (isolation)
[2026-05-08 10:53:05.267] [error] 
[comfy-env] Registered 15 total nodes
[2026-05-08 10:53:05.268] [error] 

[2026-05-08 10:53:05.400] [info]  
Import times for custom nodes:

[2026-05-08 10:53:05.401] [info]     0.0 seconds: C:\Users\runneradmin\AppData\Local\Programs\ComfyUI\resources\ComfyUI\custom_nodes\websocket_image_save.py
   0.1 seconds: C:\Users\runneradmin\Documents\ComfyUI\custom_nodes\ComfyUI-VideoHelperSuite
   0.9 seconds: C:\Users\runneradmin\Documents\ComfyUI\custom_nodes\ComfyUI-Multiband
  23.2 seconds: C:\Users\runneradmin\Documents\ComfyUI\custom_nodes\comfyui-sam3


[2026-05-08 10:53:05.405] [info]  Context impl SQLiteImpl.

[2026-05-08 10:53:05.406] [info]  Will assume non-transactional DDL.

[2026-05-08 10:53:05.488] [info]  Starting server


[2026-05-08 10:53:05.489] [info]  To see the GUI go to: http://127.0.0.1:8000

[2026-05-08 10:53:15.468] [info]  FETCH DATA from: C:\Users\runneradmin\Documents\ComfyUI\.venv\Lib\site-packages\comfyui_manager\custom-node-list.json
[2026-05-08 10:53:15.492] [info]   [DONE]

