[2026-05-10 22:22:22.598] [info]  setup plugin alembic.autogenerate.schemas

[2026-05-10 22:22:22.620] [info]  setup plugin alembic.autogenerate.tables
setup plugin alembic.autogenerate.types
setup plugin alembic.autogenerate.constraints
setup plugin alembic.autogenerate.defaults
setup plugin alembic.autogenerate.comments

[2026-05-10 22:22:22.985] [info]  Adding extra search path custom_nodes C:\Users\runneradmin\Documents\ComfyUI\custom_nodes
Adding extra search path download_model_base C:\Users\runneradmin\Documents\ComfyUI\models

[2026-05-10 22:22:22.986] [info]  Adding extra search path custom_nodes C:\Users\runneradmin\.comfy-test-cache\desktop\ComfyUI\resources\ComfyUI\custom_nodes
Setting output directory to: C:\Users\runneradmin\Documents\ComfyUI\output
Setting input directory to: C:\Users\runneradmin\Documents\ComfyUI\input
Setting user directory to: C:\Users\runneradmin\Documents\ComfyUI\user

[2026-05-10 22:22:27.493] [info]  [START] Security scan
[DONE] Security scan
** ComfyUI startup time: 2026-05-10 22:22:27.494
[2026-05-10 22:22:27.495] [info]  
** Platform: Windows
** Python version: 3.12.11 (main, Aug 18 2025, 19:17:54) [MSC v.1944 64 bit (AMD64)]
** Python executable: C:\Users\runneradmin\Documents\ComfyUI\.venv\Scripts\python.exe
** ComfyUI Path: C:\Users\runneradmin\.comfy-test-cache\desktop\ComfyUI\resources\ComfyUI
** ComfyUI Base Folder Path: C:\Users\runneradmin\.comfy-test-cache\desktop\ComfyUI\resources\ComfyUI

[2026-05-10 22:22:27.615] [info]  ** User directory:
[2026-05-10 22:22:27.616] [info]   C:\Users\runneradmin\Documents\ComfyUI\user
** ComfyUI-Manager config path: C:\Users\runneradmin\Documents\ComfyUI\user\__manager\config.ini
** Log path: C:\Users\runneradmin\Documents\ComfyUI\user\comfyui.log

[2026-05-10 22:22:28.609] [info]  [ComfyUI-Manager] Skipped fixing the 'comfyui-frontend-package' dependency because the ComfyUI is outdated.

[2026-05-10 22:22:28.611] [info]  [PRE] ComfyUI-Manager

[2026-05-10 22:22:28.827] [error] [comfy-env] comfyui-sam3: 1 isolation env(s):
[2026-05-10 22:22:28.828] [error] 
[comfy-env]   nodes -> C:\Users\runneradmin\Documents\ComfyUI\custom_nodes\comfyui-sam3\nodes
[comfy-env] prestartup complete

[2026-05-10 22:22:31.204] [info]  Found comfy_kitchen backend cuda: {'available': False, 'disabled': True, 'unavailable_reason': 'CUDA not available on this system', 'capabilities': []}

[2026-05-10 22:22:31.206] [info]  Found comfy_kitchen backend triton: {'available': False, 'disabled': True, 'unavailable_reason': "ImportError: No module named 'triton'", 'capabilities': []}
Found comfy_kitchen backend eager: {'available': True, 'disabled': False, 'unavailable_reason': None, 'capabilities': ['apply_rope', 'apply_rope1', 'dequantize_mxfp8', 'dequantize_nvfp4', 'dequantize_per_tensor_fp8', 'quantize_mxfp8', 'quantize_nvfp4', 'quantize_per_tensor_fp8', 'scaled_mm_mxfp8', 'scaled_mm_nvfp4']}

[2026-05-10 22:22:31.213] [info]  Checkpoint files will always be loaded safely.

[2026-05-10 22:22:31.229] [info]  Total VRAM 16379 MB, total RAM 16379 MB

[2026-05-10 22:22:31.230] [info]  pytorch version: 2.11.0+cpu
Set vram state to: DISABLED
Device: cpu

[2026-05-10 22:22:31.433] [info]  Using sub quadratic optimization for attention, if you have memory or speed issues try using: --use-split-cross-attention

[2026-05-10 22:22:35.793] [info]  Python version: 3.12.11 (main, Aug 18 2025, 19:17:54) [MSC v.1944 64 bit (AMD64)]
ComfyUI version: 0.20.1
comfy-aimdo version: 0.2.14
comfy-kitchen version: 0.2.8
[Prompt Server] web root: C:\Users\runneradmin\.comfy-test-cache\desktop\ComfyUI\resources\ComfyUI\web_custom_versions\desktop_app
Asset seeder disabled
[START] ComfyUI-Manager

[2026-05-10 22:22:35.887] [info]  [ComfyUI-Manager] Using GitPython backend
[2026-05-10 22:22:35.888] [info]  

[2026-05-10 22:22:35.937] [info]  [ComfyUI-Manager] network_mode: public

[2026-05-10 22:22:35.950] [info]  [ComfyUI-Manager] The matrix sharing feature has been disabled because the `matrix-nio` dependency is not installed.
	To use this feature, please run the following command:
	C:\Users\runneradmin\Documents\ComfyUI\.venv\Scripts\python.exe -m pip install matrix-nio


[2026-05-10 22:22:37.437] [info]  ComfyUI-Multiband loaded: 15 nodes registered

[2026-05-10 22:22:37.442] [error] [comfy-env] Version: 0.3.82
[2026-05-10 22:22:37.443] [error] 

[2026-05-10 22:22:40.055] [error] [comfy-env] register_nodes: comfyui-sam3
[2026-05-10 22:22:40.058] [error] 
[comfy-env] ComfyUI source dir: C:\Users\runneradmin\.comfy-test-cache\desktop\ComfyUI\resources\ComfyUI

[2026-05-10 22:22:40.060] [error] [comfy-env] Scanning nodes metadata (isolation root)...
[2026-05-10 22:22:40.061] [error] 

[2026-05-10 22:22:40.066] [error] [comfy-env] Cache hit for nodes: 15 nodes
[2026-05-10 22:22:40.066] [error] 
[comfy-env] Scanned nodes root: 15 nodes (0.0s)
[2026-05-10 22:22:40.067] [error] 

[2026-05-10 22:22:40.068] [error] [comfy-env] Registered proxy route: POST /sam3/interactive_segment_one -> nodes.sam3_interactive._api_segment_one
[2026-05-10 22:22:40.069] [error] 

[2026-05-10 22:22:40.071] [error] [comfy-env] Imported nodes root: 15 nodes (isolation)
[2026-05-10 22:22:40.072] [error] 

[2026-05-10 22:22:40.074] [error] [comfy-env] Registered 15 total nodes
[2026-05-10 22:22:40.075] [error] 

[2026-05-10 22:22:40.148] [info]  
Import times for custom nodes:

[2026-05-10 22:22:40.181] [info]     0.0 seconds: C:\Users\runneradmin\.comfy-test-cache\desktop\ComfyUI\resources\ComfyUI\custom_nodes\websocket_image_save.py
   0.0 seconds: C:\Users\runneradmin\Documents\ComfyUI\custom_nodes\ComfyUI-Multiband
   0.1 seconds: C:\Users\runneradmin\Documents\ComfyUI\custom_nodes\ComfyUI-VideoHelperSuite
   2.6 seconds: C:\Users\runneradmin\Documents\ComfyUI\custom_nodes\comfyui-sam3

Context impl SQLiteImpl.
Will assume non-transactional DDL.

[2026-05-10 22:22:40.181] [error] Failed to initialize database. Please ensure you have installed the latest requirements. If the error persists, please report this as in future the database will be required: Could not acquire lock on database 'C:/Users/runneradmin/Documents/ComfyUI/user/comfyui.db'. Another ComfyUI process may already be using it. Use --database-url to specify a separate database file.

[2026-05-10 22:22:40.257] [info]  Starting server


[2026-05-10 22:22:40.259] [info]  To see the GUI go to: http://127.0.0.1:8001

[2026-05-10 22:22:42.317] [info]  [DEPRECATION WARNING] Detected import of deprecated legacy API: /extensions/core/widgetInputs.js. This is likely caused by a custom node extension using outdated APIs. Please update your extensions or contact the extension author for an updated version.

[2026-05-10 22:22:42.698] [info]  [ComfyUI-Manager] The ComfyRegistry cache update is still in progress, so an outdated cache is being used.

[2026-05-10 22:22:42.810] [info]  FETCH DATA from: C:\Users\runneradmin\Documents\ComfyUI\.venv\Lib\site-packages\comfyui_manager\custom-node-list.json
[2026-05-10 22:22:42.840] [info]   [DONE]
[2026-05-10 22:22:42.844] [info]  

[2026-05-10 22:22:43.508] [error] Exception in callback _ProactorBasePipeTransport._call_connection_lost(None)
handle: <Handle _ProactorBasePipeTransport._call_connection_lost(None)>
Traceback (most recent call last):
  File "C:\Users\runneradmin\AppData\Roaming\uv\python\cpython-3.12.11-windows-x86_64-none\Lib\asyncio\events.py", line 88, in _run
    self._context.run(self._callback, *self._args)
  File "C:\Users\runneradmin\AppData\Roaming\uv\python\cpython-3.12.11-windows-x86_64-none\Lib\asyncio\proactor_events.py", line 165, in _call_connection_lost
    self._sock.shutdown(socket.SHUT_RDWR)
ConnectionResetError: [WinError 10054] An existing connection was forcibly closed by the remote host

[2026-05-10 22:22:44.268] [info]  [ComfyUI-Manager] The ComfyRegistry cache update is still in progress, so an outdated cache is being used.

[2026-05-10 22:22:44.364] [info]  FETCH DATA from: C:\Users\runneradmin\Documents\ComfyUI\.venv\Lib\site-packages\comfyui_manager\custom-node-list.json
[2026-05-10 22:22:44.382] [info]   [DONE]
[2026-05-10 22:22:44.384] [info]  

[2026-05-10 22:23:04.655] [info]  got prompt

[2026-05-10 22:23:04.694] [info]  [comfyui-sam3] python: C:\ce\.pixi\envs\sam3-nodes\python.exe
[comfyui-sam3] sys_path sent to worker: ['C:\\Users\\runneradmin\\.comfy-test-cache\\desktop\\ComfyUI\\resources\\ComfyUI', 'C:\\Users\\runneradmin\\Documents\\ComfyUI\\custom_nodes\\comfyui-sam3', 'C:\\ce\\.pixi\\envs\\sam3-nodes\\Lib\\site-packages', 'C:\\Users\\runneradmin\\Documents\\ComfyUI\\custom_nodes\\comfyui-sam3']

[2026-05-10 22:23:07.946] [error] [comfyui-sam3] Health check: ping (timeout=5.0s)...

[2026-05-10 22:23:07.949] [error] [comfyui-sam3] Health check: ok

[2026-05-10 22:24:03.545] [info]  Prompt executed in 58.88 seconds

[2026-05-10 22:24:03.874] [info]  FETCH ComfyRegistry Data [DONE]

[2026-05-10 22:24:04.128] [info]  [ComfyUI-Manager] default cache updated: https://api.comfy.org/nodes

[2026-05-10 22:24:04.163] [info]  FETCH DATA from: C:\Users\runneradmin\Documents\ComfyUI\user\__manager\cache\1514988643_custom-node-list.json
[2026-05-10 22:24:04.173] [info]   [DONE]

[2026-05-10 22:24:04.219] [info]  [ComfyUI-Manager] All startup tasks have been completed.

