[2026-05-08 04:26:54.641] [info]  setup plugin alembic.autogenerate.schemas

[2026-05-08 04:26:54.646] [info]  setup plugin alembic.autogenerate.tables
setup plugin alembic.autogenerate.types
setup plugin alembic.autogenerate.constraints
setup plugin alembic.autogenerate.defaults
setup plugin alembic.autogenerate.comments

[2026-05-08 04:26:55.827] [info]  Adding extra search path custom_nodes C:\Users\runneradmin\Documents\ComfyUI\custom_nodes
Adding extra search path download_model_base C:\Users\runneradmin\Documents\ComfyUI\models

[2026-05-08 04:26:55.829] [info]  Adding extra search path custom_nodes C:\Users\runneradmin\AppData\Local\Programs\ComfyUI\resources\ComfyUI\custom_nodes
Setting output directory to: C:\Users\runneradmin\Documents\ComfyUI\output
Setting input directory to: C:\Users\runneradmin\Documents\ComfyUI\input
Setting user directory to: C:\Users\runneradmin\Documents\ComfyUI\user

[2026-05-08 04:26:58.802] [info]  [START] Security scan
[DONE] Security scan
** ComfyUI startup time: 2026-05-08 04:26:58.801
[2026-05-08 04:26:58.804] [info]  
** Platform: Windows
** Python version: 3.12.11 (main, Aug 18 2025, 19:17:54) [MSC v.1944 64 bit (AMD64)]
** Python executable: C:\Users\runneradmin\Documents\ComfyUI\.venv\Scripts\python.exe
** ComfyUI Path: C:\Users\runneradmin\AppData\Local\Programs\ComfyUI\resources\ComfyUI
** ComfyUI Base Folder Path: C:\Users\runneradmin\AppData\Local\Programs\ComfyUI\resources\ComfyUI

[2026-05-08 04:26:58.806] [info]  ** User directory: 
[2026-05-08 04:26:58.807] [info]  C:\Users\runneradmin\Documents\ComfyUI\user
** ComfyUI-Manager config path: C:\Users\runneradmin\Documents\ComfyUI\user\__manager\config.ini
** Log path: C:\Users\runneradmin\Documents\ComfyUI\user\comfyui.log

[2026-05-08 04:26:59.859] [info]  [ComfyUI-Manager] Skipped fixing the 'comfyui-frontend-package' dependency because the ComfyUI is outdated.

[2026-05-08 04:26:59.861] [info]  [PRE] ComfyUI-Manager

[2026-05-08 04:27:20.329] [info]  Found comfy_kitchen backend cuda: {'available': False, 'disabled': True, 'unavailable_reason': 'CUDA not available on this system', 'capabilities': []}

[2026-05-08 04:27:20.330] [info]  Found comfy_kitchen backend eager: {'available': True, 'disabled': False, 'unavailable_reason': None, 'capabilities': ['apply_rope', 'apply_rope1', 'dequantize_mxfp8', 'dequantize_nvfp4', 'dequantize_per_tensor_fp8', 'quantize_mxfp8', 'quantize_nvfp4', 'quantize_per_tensor_fp8', 'scaled_mm_mxfp8', 'scaled_mm_nvfp4']}
Found comfy_kitchen backend triton: {'available': False, 'disabled': True, 'unavailable_reason': "ImportError: No module named 'triton'", 'capabilities': []}

[2026-05-08 04:27:20.377] [info]  Checkpoint files will always be loaded safely.

[2026-05-08 04:27:20.467] [info]  Total VRAM 16379 MB, total RAM 16379 MB

[2026-05-08 04:27:20.468] [info]  pytorch version: 2.11.0+cpu
Set vram state to: DISABLED
Device: cpu

[2026-05-08 04:27:21.645] [info]  Using sub quadratic optimization for attention, if you have memory or speed issues try using: --use-split-cross-attention

[2026-05-08 04:27:28.779] [info]  Python version: 3.12.11 (main, Aug 18 2025, 19:17:54) [MSC v.1944 64 bit (AMD64)]

[2026-05-08 04:27:28.780] [info]  ComfyUI version: 0.20.1
comfy-aimdo version: 0.2.14

[2026-05-08 04:27:28.783] [info]  comfy-kitchen version: 0.2.8

[2026-05-08 04:27:28.784] [info]  [Prompt Server] web root: C:\Users\runneradmin\AppData\Local\Programs\ComfyUI\resources\ComfyUI\web_custom_versions\desktop_app

[2026-05-08 04:27:28.785] [info]  Asset seeder disabled

[2026-05-08 04:27:28.787] [info]  [START] ComfyUI-Manager

[2026-05-08 04:27:29.282] [info]  [ComfyUI-Manager] Using GitPython backend

[2026-05-08 04:27:29.390] [info]  [ComfyUI-Manager] network_mode: public

[2026-05-08 04:27:29.401] [info]  [ComfyUI-Manager] The matrix sharing feature has been disabled because the `matrix-nio` dependency is not installed.
	To use this feature, please run the following command:
	C:\Users\runneradmin\Documents\ComfyUI\.venv\Scripts\python.exe -m pip install matrix-nio


[2026-05-08 04:27:34.304] [info]  
Import times for custom nodes:

[2026-05-08 04:27:34.305] [info]     0.0 seconds: C:\Users\runneradmin\AppData\Local\Programs\ComfyUI\resources\ComfyUI\custom_nodes\websocket_image_save.py


[2026-05-08 04:27:34.308] [info]  Context impl SQLiteImpl.

[2026-05-08 04:27:34.309] [info]  Will assume non-transactional DDL.

[2026-05-08 04:27:34.328] [info]  Context impl SQLiteImpl.

[2026-05-08 04:27:34.330] [info]  Will assume non-transactional DDL.

[2026-05-08 04:27:34.370] [info]  Running upgrade  -> 0001_assets, Initial assets schema
Revision ID: 0001_assets
Revises: None
Create Date: 2025-12-10 00:00:00

[2026-05-08 04:27:35.182] [info]  Running upgrade 0001_assets -> 0002_merge_to_asset_references, Merge AssetInfo and AssetCacheState into unified asset_references table.

[2026-05-08 04:27:35.759] [info]  Running upgrade 0002_merge_to_asset_references -> 0003_add_metadata_job_id, Add system_metadata and job_id columns to asset_references.
Change preview_id FK from assets.id to asset_references.id.

[2026-05-08 04:27:35.925] [info]  Database upgraded from None to 0003_add_metadata_job_id

[2026-05-08 04:27:36.080] [info]  Starting server


[2026-05-08 04:27:36.081] [info]  To see the GUI go to: http://127.0.0.1:8000

[2026-05-08 04:28:25.933] [error]   0%|          | 0.00/34.0M [00:00<?, ?B/s]
[2026-05-08 04:28:26.034] [error]  15%|█▌        | 5.11M/34.0M [00:00<00:00, 50.9MB/s]
[2026-05-08 04:28:26.179] [error]  31%|███       | 10.5M/34.0M [00:00<00:00, 41.5MB/s]
[2026-05-08 04:28:26.321] [error]  43%|████▎     | 14.8M/34.0M [00:00<00:00, 36.1MB/s]
[2026-05-08 04:28:26.443] [error]  62%|██████▏   | 21.0M/34.0M [00:00<00:00, 41.6MB/s]
[2026-05-08 04:28:26.751] [error]  80%|████████  | 27.3M/34.0M [00:00<00:00, 32.5MB/s]
[2026-05-08 04:28:26.830] [error]  99%|█████████▊| 33.6M/34.0M [00:00<00:00, 36.9MB/s]
[2026-05-08 04:28:26.836] [error] 100%|██████████| 34.0M/34.0M [00:00<00:00, 37.7MB/s]
[2026-05-08 04:28:26.838] [error] 

[2026-05-08 04:28:26.997] [info]  Extracted zip file to C:\Users\runneradmin\Documents\ComfyUI\custom_nodes\comfyui-sam3

[2026-05-08 04:28:27.078] [info]  Install: pip packages

[2026-05-08 04:28:28.370] [info]  [ComfyUI-Manager] Skipped fixing the 'comfyui-frontend-package' dependency because the ComfyUI is outdated.

[2026-05-08 04:28:28.373] [info]  Install: install script

[2026-05-08 04:28:32.734] [info]  
Restarting... [Legacy Mode]


Command: ['"C:\\Users\\runneradmin\\Documents\\ComfyUI\\.venv\\Scripts\\python.exe"', '"C:\\Users\\runneradmin\\AppData\\Local\\Programs\\ComfyUI\\resources\\ComfyUI\\main.py"', '--user-directory', 'C:\\Users\\runneradmin\\Documents\\ComfyUI\\user', '--input-directory', 'C:\\Users\\runneradmin\\Documents\\ComfyUI\\input', '--output-directory', 'C:\\Users\\runneradmin\\Documents\\ComfyUI\\output', '--front-end-root', 'C:\\Users\\runneradmin\\AppData\\Local\\Programs\\ComfyUI\\resources\\ComfyUI\\web_custom_versions\\desktop_app', '--base-directory', 'C:\\Users\\runneradmin\\Documents\\ComfyUI', '--database-url', 'sqlite:///C:/Users/runneradmin/Documents/ComfyUI/user/comfyui.db', '--extra-model-paths-config', 'C:\\Users\\runneradmin\\AppData\\Roaming\\ComfyUI\\extra_models_config.yaml', '--log-stdout', '--listen', '127.0.0.1', '--port', '8000', '--enable-manager', '--cpu']

[2026-05-08 04:28:33.454] [info]  setup plugin alembic.autogenerate.schemas
setup plugin alembic.autogenerate.tables
setup plugin alembic.autogenerate.types
setup plugin alembic.autogenerate.constraints
setup plugin alembic.autogenerate.defaults
setup plugin alembic.autogenerate.comments

[2026-05-08 04:28:33.962] [info]  Adding extra search path custom_nodes C:\Users\runneradmin\Documents\ComfyUI\custom_nodes

[2026-05-08 04:28:33.963] [info]  Adding extra search path download_model_base C:\Users\runneradmin\Documents\ComfyUI\models
Adding extra search path custom_nodes C:\Users\runneradmin\AppData\Local\Programs\ComfyUI\resources\ComfyUI\custom_nodes
Setting output directory to: C:\Users\runneradmin\Documents\ComfyUI\output
Setting input directory to: C:\Users\runneradmin\Documents\ComfyUI\input
Setting user directory to: C:\Users\runneradmin\Documents\ComfyUI\user

[2026-05-08 04:28:35.790] [info]  [START] Security scan
[DONE] Security scan
** ComfyUI startup time: 2026-05-08 04:28:35.789
[2026-05-08 04:28:35.791] [info]  
** Platform: Windows
** Python version: 3.12.11 (main, Aug 18 2025, 19:17:54) [MSC v.1944 64 bit (AMD64)]
** Python executable: C:\Users\runneradmin\Documents\ComfyUI\.venv\Scripts\python.exe
** ComfyUI Path: C:\Users\runneradmin\AppData\Local\Programs\ComfyUI\resources\ComfyUI
** ComfyUI Base Folder Path: C:\Users\runneradmin\AppData\Local\Programs\ComfyUI\resources\ComfyUI

[2026-05-08 04:28:35.793] [info]  ** User directory: C:\Users\runneradmin\Documents\ComfyUI\user
[2026-05-08 04:28:35.794] [info]  
** ComfyUI-Manager config path: C:\Users\runneradmin\Documents\ComfyUI\user\__manager\config.ini
** Log path: C:\Users\runneradmin\Documents\ComfyUI\user\comfyui.log

[2026-05-08 04:28:36.487] [info]  
#######################################################################
[ComfyUI-Manager] Starting dependency installation/(de)activation for the extension


[2026-05-08 04:28:36.489] [info]  
## ComfyUI-Manager: EXECUTE => ['C:\\Users\\runneradmin\\Documents\\ComfyUI\\.venv\\Scripts\\python.exe', '-m', 'pip', 'install', 'comfy-env==0.3.69']

## Execute management script for 'C:\Users\runneradmin\Documents\ComfyUI\custom_nodes\comfyui-sam3'

