[2026-05-10 22:16:16.637] [info]  setup plugin alembic.autogenerate.schemas

[2026-05-10 22:16:16.639] [info]  setup plugin alembic.autogenerate.tables
setup plugin alembic.autogenerate.types
setup plugin alembic.autogenerate.constraints
setup plugin alembic.autogenerate.defaults
setup plugin alembic.autogenerate.comments

[2026-05-10 22:16:17.547] [info]  Adding extra search path custom_nodes C:\Users\runneradmin\Documents\ComfyUI\custom_nodes
Adding extra search path download_model_base C:\Users\runneradmin\Documents\ComfyUI\models

[2026-05-10 22:16:17.549] [info]  Adding extra search path custom_nodes C:\Users\runneradmin\.comfy-test-cache\desktop\ComfyUI\resources\ComfyUI\custom_nodes
Setting output directory to: C:\Users\runneradmin\Documents\ComfyUI\output
Setting input directory to: C:\Users\runneradmin\Documents\ComfyUI\input
Setting user directory to: C:\Users\runneradmin\Documents\ComfyUI\user

[2026-05-10 22:16:19.955] [info]  [START] Security scan
[DONE] Security scan
** ComfyUI startup time: 2026-05-10 22:16:19.955
[2026-05-10 22:16:19.956] [info]  
** Platform: Windows
** Python version: 3.12.11 (main, Aug 18 2025, 19:17:54) [MSC v.1944 64 bit (AMD64)]
** Python executable: C:\Users\runneradmin\Documents\ComfyUI\.venv\Scripts\python.exe
** ComfyUI Path: C:\Users\runneradmin\.comfy-test-cache\desktop\ComfyUI\resources\ComfyUI
** ComfyUI Base Folder Path: C:\Users\runneradmin\.comfy-test-cache\desktop\ComfyUI\resources\ComfyUI

[2026-05-10 22:16:19.957] [info]  ** User directory: C:\Users\runneradmin\Documents\ComfyUI\user
** ComfyUI-Manager config path: C:\Users\runneradmin\Documents\ComfyUI\user\__manager\config.ini
** Log path: C:\Users\runneradmin\Documents\ComfyUI\user\comfyui.log

[2026-05-10 22:16:20.749] [info]  [ComfyUI-Manager] Skipped fixing the 'comfyui-frontend-package' dependency because the ComfyUI is outdated.

[2026-05-10 22:16:20.750] [info]  [PRE] ComfyUI-Manager

[2026-05-10 22:16:29.384] [info]  Found comfy_kitchen backend triton: {'available': False, 'disabled': True, 'unavailable_reason': "ImportError: No module named 'triton'", 'capabilities': []}

[2026-05-10 22:16:29.385] [info]  Found comfy_kitchen backend cuda: {'available': False, 'disabled': True, 'unavailable_reason': 'CUDA not available on this system', 'capabilities': []}
Found comfy_kitchen backend eager: {'available': True, 'disabled': False, 'unavailable_reason': None, 'capabilities': ['apply_rope', 'apply_rope1', 'dequantize_mxfp8', 'dequantize_nvfp4', 'dequantize_per_tensor_fp8', 'quantize_mxfp8', 'quantize_nvfp4', 'quantize_per_tensor_fp8', 'scaled_mm_mxfp8', 'scaled_mm_nvfp4']}

[2026-05-10 22:16:29.412] [info]  Checkpoint files will always be loaded safely.

[2026-05-10 22:16:29.469] [info]  Total VRAM 16379 MB, total RAM 16379 MB

[2026-05-10 22:16:29.471] [info]  pytorch version: 2.11.0+cpu
Set vram state to: DISABLED
Device: cpu

[2026-05-10 22:16:30.150] [info]  Using sub quadratic optimization for attention, if you have memory or speed issues try using: --use-split-cross-attention

[2026-05-10 22:16:35.695] [info]  Python version: 3.12.11 (main, Aug 18 2025, 19:17:54) [MSC v.1944 64 bit (AMD64)]

[2026-05-10 22:16:35.696] [info]  ComfyUI version: 0.20.1
comfy-aimdo version: 0.2.14

[2026-05-10 22:16:35.697] [info]  comfy-kitchen version: 0.2.8

[2026-05-10 22:16:35.698] [info]  [Prompt Server] web root: C:\Users\runneradmin\.comfy-test-cache\desktop\ComfyUI\resources\ComfyUI\web_custom_versions\desktop_app

[2026-05-10 22:16:35.700] [info]  Asset seeder disabled

[2026-05-10 22:16:35.700] [info]  [START] ComfyUI-Manager

[2026-05-10 22:16:35.998] [info]  [ComfyUI-Manager] Using GitPython backend

[2026-05-10 22:16:36.158] [info]  [ComfyUI-Manager] network_mode: public

[2026-05-10 22:16:36.165] [info]  [ComfyUI-Manager] The matrix sharing feature has been disabled because the `matrix-nio` dependency is not installed.
	To use this feature, please run the following command:
	C:\Users\runneradmin\Documents\ComfyUI\.venv\Scripts\python.exe -m pip install matrix-nio


[2026-05-10 22:16:39.743] [info]  
Import times for custom nodes:

[2026-05-10 22:16:39.744] [info]     0.0 seconds: C:\Users\runneradmin\.comfy-test-cache\desktop\ComfyUI\resources\ComfyUI\custom_nodes\websocket_image_save.py


[2026-05-10 22:16:39.747] [info]  Context impl SQLiteImpl.

[2026-05-10 22:16:39.748] [info]  Will assume non-transactional DDL.

[2026-05-10 22:16:39.759] [info]  Context impl SQLiteImpl.

[2026-05-10 22:16:39.760] [info]  Will assume non-transactional DDL.

[2026-05-10 22:16:39.780] [info]  Running upgrade  -> 0001_assets, Initial assets schema
Revision ID: 0001_assets
Revises: None
Create Date: 2025-12-10 00:00:00

[2026-05-10 22:16:40.093] [info]  Running upgrade 0001_assets -> 0002_merge_to_asset_references, Merge AssetInfo and AssetCacheState into unified asset_references table.

[2026-05-10 22:16:40.414] [info]  Running upgrade 0002_merge_to_asset_references -> 0003_add_metadata_job_id, Add system_metadata and job_id columns to asset_references.
Change preview_id FK from assets.id to asset_references.id.

[2026-05-10 22:16:40.482] [info]  Database upgraded from None to 0003_add_metadata_job_id

[2026-05-10 22:16:40.555] [info]  Starting server


[2026-05-10 22:16:40.556] [info]  To see the GUI go to: http://127.0.0.1:8000

[2026-05-10 22:18:04.572] [info]  FETCH ComfyRegistry Data [DONE]

[2026-05-10 22:18:04.785] [info]  [ComfyUI-Manager] default cache updated: https://api.comfy.org/nodes

[2026-05-10 22:18:04.812] [info]  FETCH DATA from: C:\Users\runneradmin\Documents\ComfyUI\user\__manager\cache\1514988643_custom-node-list.json
[2026-05-10 22:18:04.822] [info]   [DONE]

[2026-05-10 22:18:04.868] [info]  [ComfyUI-Manager] All startup tasks have been completed.

[2026-05-10 22:18:27.478] [info]  [ComfyUI-Manager] The ComfyRegistry cache update is still in progress, so an outdated cache is being used.

[2026-05-10 22:18:28.551] [error]   0%|          | 0.00/34.0M [00:00<?, ?B/s]
[2026-05-10 22:18:28.650] [error]  17%|█▋        | 5.90M/34.0M [00:00<00:00, 58.7MB/s]
[2026-05-10 22:18:28.766] [error]  35%|███▍      | 11.8M/34.0M [00:00<00:00, 53.8MB/s]
[2026-05-10 22:18:28.924] [error]  51%|█████     | 17.2M/34.0M [00:00<00:00, 43.2MB/s]
[2026-05-10 22:18:29.063] [error]  64%|██████▍   | 21.8M/34.0M [00:00<00:00, 38.8MB/s]
[2026-05-10 22:18:29.191] [error]  80%|████████  | 27.3M/34.0M [00:00<00:00, 40.3MB/s]
[2026-05-10 22:18:29.300] [error]  99%|█████████▊| 33.6M/34.0M [00:00<00:00, 45.5MB/s]
[2026-05-10 22:18:29.305] [error] 100%|██████████| 34.0M/34.0M [00:00<00:00, 45.0MB/s]
[2026-05-10 22:18:29.307] [error] 

[2026-05-10 22:18:29.436] [info]  Extracted zip file to C:\Users\runneradmin\Documents\ComfyUI\custom_nodes\comfyui-sam3

[2026-05-10 22:18:29.450] [info]  Install: pip packages
[2026-05-10 22:18:29.451] [info]  

[2026-05-10 22:18:30.245] [info]  [ComfyUI-Manager] Skipped fixing the 'comfyui-frontend-package' dependency because the ComfyUI is outdated.

[2026-05-10 22:18:30.246] [info]  Install: install script

[2026-05-10 22:18:34.625] [info]  
After restarting ComfyUI, please refresh the browser.

[2026-05-10 22:18:35.762] [info]  
Restarting... [Legacy Mode]


Command: ['"C:\\Users\\runneradmin\\Documents\\ComfyUI\\.venv\\Scripts\\python.exe"', '"C:\\Users\\runneradmin\\.comfy-test-cache\\desktop\\ComfyUI\\resources\\ComfyUI\\main.py"', '--user-directory', 'C:\\Users\\runneradmin\\Documents\\ComfyUI\\user', '--input-directory', 'C:\\Users\\runneradmin\\Documents\\ComfyUI\\input', '--output-directory', 'C:\\Users\\runneradmin\\Documents\\ComfyUI\\output', '--front-end-root', 'C:\\Users\\runneradmin\\.comfy-test-cache\\desktop\\ComfyUI\\resources\\ComfyUI\\web_custom_versions\\desktop_app', '--base-directory', 'C:\\Users\\runneradmin\\Documents\\ComfyUI', '--database-url', 'sqlite:///C:/Users/runneradmin/Documents/ComfyUI/user/comfyui.db', '--extra-model-paths-config', 'C:\\Users\\runneradmin\\AppData\\Roaming\\ComfyUI\\extra_models_config.yaml', '--log-stdout', '--listen', '127.0.0.1', '--port', '8000', '--enable-manager', '--cpu']

[2026-05-10 22:18:36.327] [info]  setup plugin alembic.autogenerate.schemas
setup plugin alembic.autogenerate.tables
setup plugin alembic.autogenerate.types

[2026-05-10 22:18:36.328] [info]  setup plugin alembic.autogenerate.constraints
setup plugin alembic.autogenerate.defaults
setup plugin alembic.autogenerate.comments

[2026-05-10 22:18:36.715] [info]  Adding extra search path custom_nodes C:\Users\runneradmin\Documents\ComfyUI\custom_nodes
Adding extra search path download_model_base C:\Users\runneradmin\Documents\ComfyUI\models
Adding extra search path custom_nodes C:\Users\runneradmin\.comfy-test-cache\desktop\ComfyUI\resources\ComfyUI\custom_nodes
Setting output directory to: C:\Users\runneradmin\Documents\ComfyUI\output
Setting input directory to: C:\Users\runneradmin\Documents\ComfyUI\input
Setting user directory to: C:\Users\runneradmin\Documents\ComfyUI\user

[2026-05-10 22:18:37.928] [info]  [START] Security scan
[DONE] Security scan
** ComfyUI startup time: 2026-05-10 22:18:37.928

[2026-05-10 22:18:37.929] [info]  ** Platform: Windows
** Python version: 3.12.11 (main, Aug 18 2025, 19:17:54) [MSC v.1944 64 bit (AMD64)]
** Python executable: C:\Users\runneradmin\Documents\ComfyUI\.venv\Scripts\python.exe
** ComfyUI Path: C:\Users\runneradmin\.comfy-test-cache\desktop\ComfyUI\resources\ComfyUI
** ComfyUI Base Folder Path: C:\Users\runneradmin\.comfy-test-cache\desktop\ComfyUI\resources\ComfyUI

[2026-05-10 22:18:37.930] [info]  ** User directory: C:\Users\runneradmin\Documents\ComfyUI\user
** ComfyUI-Manager config path: C:\Users\runneradmin\Documents\ComfyUI\user\__manager\config.ini
** Log path: C:\Users\runneradmin\Documents\ComfyUI\user\comfyui.log

[2026-05-10 22:18:38.319] [info]  
#######################################################################
[ComfyUI-Manager] Starting dependency installation/(de)activation for the extension


[2026-05-10 22:18:38.320] [info]  
## ComfyUI-Manager: EXECUTE => ['C:\\Users\\runneradmin\\Documents\\ComfyUI\\.venv\\Scripts\\python.exe', '-m', 'pip', 'install', 'comfy-env==0.3.82']

## Execute management script for 'C:\Users\runneradmin\Documents\ComfyUI\custom_nodes\comfyui-sam3'

[2026-05-10 22:18:39.936] [info]   Collecting comfy-env==0.3.82

[2026-05-10 22:18:39.963] [info]     Downloading comfy_env-0.3.82-py3-none-any.whl.metadata (7.5 kB)

[2026-05-10 22:18:39.978] [info]   
[2026-05-10 22:18:39.979] [info]   
[2026-05-10 22:18:40.015] [info]   Collecting pre-commit (from comfy-env==0.3.82)

[2026-05-10 22:18:40.019] [info]     Downloading pre_commit-4.6.0-py2.py3-none-any.whl.metadata (1.2 kB)

[2026-05-10 22:18:40.051] [info]   
[2026-05-10 22:18:40.069] [info]   Collecting tomli-w>=1.0.0 (from comfy-env==0.3.82)

[2026-05-10 22:18:40.073] [info]     Downloading tomli_w-1.2.0-py3-none-any.whl.metadata (5.7 kB)

[2026-05-10 22:18:40.131] [info]   Collecting tomli>=2.0.0 (from comfy-env==0.3.82)
   Using cached tomli-2.4.1-cp312-cp312-win_amd64.whl.metadata (10 kB)
 
[2026-05-10 22:18:40.139] [info]   Collecting cfgv>=2.0.0 (from pre-commit->comfy-env==0.3.82)

[2026-05-10 22:18:40.143] [info]     Downloading cfgv-3.5.0-py2.py3-none-any.whl.metadata (8.9 kB)

[2026-05-10 22:18:40.307] [info]   Collecting identify>=1.0.0 (from pre-commit->comfy-env==0.3.82)

[2026-05-10 22:18:40.311] [info]     Downloading identify-2.6.19-py2.py3-none-any.whl.metadata (4.4 kB)

[2026-05-10 22:18:40.345] [info]   Collecting nodeenv>=0.11.1 (from pre-commit->comfy-env==0.3.82)

[2026-05-10 22:18:40.349] [info]     Downloading nodeenv-1.10.0-py2.py3-none-any.whl.metadata (24 kB)

[2026-05-10 22:18:40.441] [info]   Collecting virtualenv>=20.10.0 (from pre-commit->comfy-env==0.3.82)

[2026-05-10 22:18:40.446] [info]     Downloading virtualenv-21.3.1-py3-none-any.whl.metadata (3.5 kB)

[2026-05-10 22:18:40.484] [info]   Collecting distlib<1,>=0.3.7 (from virtualenv>=20.10.0->pre-commit->comfy-env==0.3.82)

[2026-05-10 22:18:40.488] [info]     Downloading distlib-0.4.0-py2.py3-none-any.whl.metadata (5.2 kB)

[2026-05-10 22:18:40.505] [info]   
[2026-05-10 22:18:40.536] [info]   Collecting platformdirs<5,>=3.9.1 (from virtualenv>=20.10.0->pre-commit->comfy-env==0.3.82)

[2026-05-10 22:18:40.540] [info]     Downloading platformdirs-4.9.6-py3-none-any.whl.metadata (4.7 kB)

[2026-05-10 22:18:40.571] [info]   Collecting python-discovery>=1.2.2 (from virtualenv>=20.10.0->pre-commit->comfy-env==0.3.82)

[2026-05-10 22:18:40.575] [info]     Downloading python_discovery-1.3.0-py3-none-any.whl.metadata (5.5 kB)

[2026-05-10 22:18:40.605] [info]   Downloading comfy_env-0.3.82-py3-none-any.whl (121 kB)

[2026-05-10 22:18:40.622] [info]   Using cached tomli-2.4.1-cp312-cp312-win_amd64.whl (108 kB)

[2026-05-10 22:18:40.626] [info]   Downloading tomli_w-1.2.0-py3-none-any.whl (6.7 kB)

[2026-05-10 22:18:40.658] [info]   Downloading pre_commit-4.6.0-py2.py3-none-any.whl (226 kB)

[2026-05-10 22:18:40.693] [info]   Downloading cfgv-3.5.0-py2.py3-none-any.whl (7.4 kB)
 Downloading identify-2.6.19-py2.py3-none-any.whl (99 kB)

[2026-05-10 22:18:40.706] [info]   Downloading nodeenv-1.10.0-py2.py3-none-any.whl (23 kB)

[2026-05-10 22:18:40.721] [info]   Downloading virtualenv-21.3.1-py3-none-any.whl (7.6 MB)

[2026-05-10 22:18:40.766] [info]      ---------------------------------------- 7.6/7.6 MB 236.5 MB/s eta 0:00:00

[2026-05-10 22:18:40.770] [info]   Downloading distlib-0.4.0-py2.py3-none-any.whl (469 kB)

[2026-05-10 22:18:40.789] [info]   Downloading platformdirs-4.9.6-py3-none-any.whl (21 kB)

[2026-05-10 22:18:40.809] [info]   Downloading python_discovery-1.3.0-py3-none-any.whl (33 kB)

[2026-05-10 22:18:41.063] [info]   Installing collected packages: distlib, tomli-w, tomli, platformdirs, nodeenv, identify, cfgv, python-discovery, virtualenv, pre-commit, comfy-env

[2026-05-10 22:18:42.062] [info]   Successfully installed cfgv-3.5.0 comfy-env-0.3.82 distlib-0.4.0 identify-2.6.19 nodeenv-1.10.0 platformdirs-4.9.6 pre-commit-4.6.0 python-discovery-1.3.0 tomli-2.4.1 tomli-w-1.2.0 virtualenv-21.3.1

[2026-05-10 22:18:42.320] [error] [!]
[2026-05-10 22:18:42.321] [error]  
[!] [notice] A new release of pip is available: 25.0.1 -> 26.1.1
[!] [notice] To update, run: python.exe -m pip install --upgrade pip

[2026-05-10 22:18:42.414] [info]  
## ComfyUI-Manager: EXECUTE => ['C:\\Users\\runneradmin\\Documents\\ComfyUI\\.venv\\Scripts\\python.exe', '-m', 'pip', 'install', 'comfy-3d-viewers==0.2.44']

## Execute management script for 'C:\Users\runneradmin\Documents\ComfyUI\custom_nodes\comfyui-sam3'

[2026-05-10 22:18:43.931] [info]   Collecting comfy-3d-viewers==0.2.44

[2026-05-10 22:18:43.956] [info]     Downloading comfy_3d_viewers-0.2.44-py3-none-any.whl.metadata (2.2 kB)

[2026-05-10 22:18:43.980] [info]   Downloading comfy_3d_viewers-0.2.44-py3-none-any.whl (1.3 MB)

[2026-05-10 22:18:44.011] [info]      ---------------------------------------- 1.3/1.3 MB 62.0 MB/s eta 0:00:00

[2026-05-10 22:18:44.169] [info]   Installing collected packages: comfy-3d-viewers

[2026-05-10 22:18:44.286] [info]   Successfully installed comfy-3d-viewers-0.2.44

[2026-05-10 22:18:44.491] [error] [!] 
[2026-05-10 22:18:44.492] [error] 
[!] [notice] A new release of pip is available: 25.0.1 -> 26.1.1
[!] [notice] To update, run: python.exe -m pip install --upgrade pip

[2026-05-10 22:18:44.549] [info]  
## ComfyUI-Manager: EXECUTE => ['C:\\Users\\runneradmin\\Documents\\ComfyUI\\.venv\\Scripts\\python.exe', 'install.py']

## Execute management script for 'C:\Users\runneradmin\Documents\ComfyUI\custom_nodes\comfyui-sam3'

[2026-05-10 22:18:44.752] [info]   [comfy-env] Enabled Windows long path support

[2026-05-10 22:18:44.753] [info]   
 Installing 2 node dependencies...
   Cloning ComfyUI-VideoHelperSuite...

[2026-05-10 22:18:45.099] [info]     Installing requirements for ComfyUI-VideoHelperSuite...

[2026-05-10 22:18:46.075] [info]     Cloning ComfyUI-Multiband...

[2026-05-10 22:18:46.389] [info]     Installing requirements for ComfyUI-Multiband...

[2026-05-10 22:18:46.614] [info]   
 [requirements] Re-installing main package requirements...

[2026-05-10 22:18:46.615] [info]     Installing requirements for comfyui-sam3...

[2026-05-10 22:18:46.674] [error] [!] 
[2026-05-10 22:18:46.675] [error] [comfy-env] pixi not found, downloading...

[2026-05-10 22:18:48.830] [error] [!]
[2026-05-10 22:18:48.831] [info]   [comfy-env] _discover: scanning C:\Users\runneradmin\Documents\ComfyUI\custom_nodes

[2026-05-10 22:18:48.832] [error]  [comfy-env] pixi installed: C:\Users\runneradmin\.pixi\bin\pixi.exe

[2026-05-10 22:18:48.833] [info]   [comfy-env] _discover: ComfyUI-Multiband: no comfy-env.toml found

[2026-05-10 22:18:48.835] [info]   [comfy-env] _discover: comfyui-sam3 -> sam3-nodes (custom_nodes\comfyui-sam3\nodes\comfy-env.toml)

[2026-05-10 22:18:48.837] [info]   [comfy-env] _discover: ComfyUI-VideoHelperSuite: no comfy-env.toml found

[2026-05-10 22:18:48.839] [info]   [comfy-env] Workspace: C:\ce

[2026-05-10 22:18:48.839] [info]   [comfy-env] ComfyUI: C:\Users\runneradmin\Documents\ComfyUI
 [comfy-env] Found 1 node config(s):
   - sam3-nodes <- custom_nodes\comfyui-sam3\nodes\comfy-env.toml (python=host)

[2026-05-10 22:18:48.843] [info]   [comfy-env] Bootstrap interpreter has python 3.12 + torch 2.11.0 (cpu). Looking for cuda-only wheels matching cpu/torch2.11/cp312.

[2026-05-10 22:18:50.223] [info]   [comfy-env] GPU: No GPU detected

[2026-05-10 22:18:50.248] [info]   [comfy-env] No CUDA detected -- pinning comfyui torch to CPU index

[2026-05-10 22:18:50.250] [info]   [comfy-env] Desktop app detected: source=C:\Users\runneradmin\.comfy-test-cache\desktop\ComfyUI\resources\ComfyUI, data=C:\Users\runneradmin\Documents\ComfyUI

[2026-05-10 22:18:50.254] [info]   Generated C:\ce\pixi.toml

[2026-05-10 22:18:50.255] [info]   [comfy-env] Patched C:\Users\runneradmin\AppData\Roaming\uv\python\cpython-3.12.11-windows-x86_64-none\Lib\platform.py for conda-forge compat

[2026-05-10 22:18:50.255] [info]   [comfy-env] Installing 1 environment(s):
   - sam3-nodes (python=host, 19 pypi deps, 3 cuda wheels)
 [comfy-env] Running `pixi install -e sam3-nodes`...

[2026-05-10 22:19:07.452] [info]      WARN Skipped running the post-link scripts because `run-post-link-scripts` = `false`
   	- Scripts/.librsvg-pre-unlink.bat

[2026-05-10 22:19:07.453] [info]     To enable them, run:
   	pixi config set --local run-post-link-scripts insecure
   More info:
   	https://pixi.sh/latest/reference/pixi_configuration/#run-post-link-scripts

[2026-05-10 22:19:35.985] [info]     The sam3-nodes environment has been installed.

[2026-05-10 22:19:36.009] [info]   [comfy-env] Install log: C:\ce\install.log
 

[2026-05-10 22:19:36.010] [info]   Installation complete!

[2026-05-10 22:19:36.272] [info]  
[ComfyUI-Manager] Startup script completed.
#######################################################################


[2026-05-10 22:19:36.704] [info]  [ComfyUI-Manager] Skipped fixing the 'comfyui-frontend-package' dependency because the ComfyUI is outdated.

[2026-05-10 22:19:36.705] [info]  [ComfyUI-Manager] Restarting to reapply dependency installation.
Command: ['"C:\\Users\\runneradmin\\Documents\\ComfyUI\\.venv\\Scripts\\python.exe"', '"C:\\Users\\runneradmin\\.comfy-test-cache\\desktop\\ComfyUI\\resources\\ComfyUI\\main.py"', '--user-directory', 'C:\\Users\\runneradmin\\Documents\\ComfyUI\\user', '--input-directory', 'C:\\Users\\runneradmin\\Documents\\ComfyUI\\input', '--output-directory', 'C:\\Users\\runneradmin\\Documents\\ComfyUI\\output', '--front-end-root', 'C:\\Users\\runneradmin\\.comfy-test-cache\\desktop\\ComfyUI\\resources\\ComfyUI\\web_custom_versions\\desktop_app', '--base-directory', 'C:\\Users\\runneradmin\\Documents\\ComfyUI', '--database-url', 'sqlite:///C:/Users/runneradmin/Documents/ComfyUI/user/comfyui.db', '--extra-model-paths-config', 'C:\\Users\\runneradmin\\AppData\\Roaming\\ComfyUI\\extra_models_config.yaml', '--log-stdout', '--listen', '127.0.0.1', '--port', '8000', '--enable-manager', '--cpu']
--------------------------------------------------------------------------


[2026-05-10 22:19:37.182] [info]  setup plugin alembic.autogenerate.schemas

[2026-05-10 22:19:37.184] [info]  setup plugin alembic.autogenerate.tables
setup plugin alembic.autogenerate.types
setup plugin alembic.autogenerate.constraints
setup plugin alembic.autogenerate.defaults
setup plugin alembic.autogenerate.comments

[2026-05-10 22:19:37.555] [info]  Adding extra search path custom_nodes C:\Users\runneradmin\Documents\ComfyUI\custom_nodes
Adding extra search path download_model_base C:\Users\runneradmin\Documents\ComfyUI\models
Adding extra search path custom_nodes C:\Users\runneradmin\.comfy-test-cache\desktop\ComfyUI\resources\ComfyUI\custom_nodes
Setting output directory to: C:\Users\runneradmin\Documents\ComfyUI\output

[2026-05-10 22:19:37.556] [info]  Setting input directory to: C:\Users\runneradmin\Documents\ComfyUI\input
Setting user directory to: C:\Users\runneradmin\Documents\ComfyUI\user

[2026-05-10 22:19:38.752] [info]  [START] Security scan
[DONE] Security scan
** ComfyUI startup time: 2026-05-10 22:19:38.752
[2026-05-10 22:19:38.753] [info]  
** Platform: Windows
** Python version: 3.12.11 (main, Aug 18 2025, 19:17:54) [MSC v.1944 64 bit (AMD64)]
** Python executable: C:\Users\runneradmin\Documents\ComfyUI\.venv\Scripts\python.exe
** ComfyUI Path: C:\Users\runneradmin\.comfy-test-cache\desktop\ComfyUI\resources\ComfyUI
** ComfyUI Base Folder Path: C:\Users\runneradmin\.comfy-test-cache\desktop\ComfyUI\resources\ComfyUI

[2026-05-10 22:19:38.754] [info]  ** User directory: C:\Users\runneradmin\Documents\ComfyUI\user
** ComfyUI-Manager config path: C:\Users\runneradmin\Documents\ComfyUI\user\__manager\config.ini
** Log path: C:\Users\runneradmin\Documents\ComfyUI\user\comfyui.log

[2026-05-10 22:19:39.583] [info]  [ComfyUI-Manager] Skipped fixing the 'comfyui-frontend-package' dependency because the ComfyUI is outdated.

[2026-05-10 22:19:39.584] [info]  [PRE] ComfyUI-Manager

[2026-05-10 22:19:39.798] [error] [comfy-env] comfyui-sam3: 1 isolation env(s):
[2026-05-10 22:19:39.799] [error] 
[comfy-env]   nodes -> C:\Users\runneradmin\Documents\ComfyUI\custom_nodes\comfyui-sam3\nodes
[comfy-env] prestartup complete

[2026-05-10 22:19:41.931] [info]  Found comfy_kitchen backend eager: {'available': True, 'disabled': False, 'unavailable_reason': None, 'capabilities': ['apply_rope', 'apply_rope1', 'dequantize_mxfp8', 'dequantize_nvfp4', 'dequantize_per_tensor_fp8', 'quantize_mxfp8', 'quantize_nvfp4', 'quantize_per_tensor_fp8', 'scaled_mm_mxfp8', 'scaled_mm_nvfp4']}
Found comfy_kitchen backend triton: {'available': False, 'disabled': True, 'unavailable_reason': "ImportError: No module named 'triton'", 'capabilities': []}

[2026-05-10 22:19:41.932] [info]  Found comfy_kitchen backend cuda: {'available': False, 'disabled': True, 'unavailable_reason': 'CUDA not available on this system', 'capabilities': []}

[2026-05-10 22:19:41.937] [info]  Checkpoint files will always be loaded safely.

[2026-05-10 22:19:41.947] [info]  Total VRAM 16379 MB, total RAM 16379 MB

[2026-05-10 22:19:41.948] [info]  pytorch version: 2.11.0+cpu
Set vram state to: DISABLED
Device: cpu

[2026-05-10 22:19:42.107] [info]  Using sub quadratic optimization for attention, if you have memory or speed issues try using: --use-split-cross-attention

[2026-05-10 22:19:44.240] [info]  Python version: 3.12.11 (main, Aug 18 2025, 19:17:54) [MSC v.1944 64 bit (AMD64)]
ComfyUI version: 0.20.1

[2026-05-10 22:19:44.241] [info]  comfy-aimdo version: 0.2.14

[2026-05-10 22:19:44.242] [info]  comfy-kitchen version: 0.2.8

[2026-05-10 22:19:44.243] [info]  [Prompt Server] web root: C:\Users\runneradmin\.comfy-test-cache\desktop\ComfyUI\resources\ComfyUI\web_custom_versions\desktop_app

[2026-05-10 22:19:44.244] [info]  Asset seeder disabled

[2026-05-10 22:19:44.245] [info]  [START] ComfyUI-Manager

[2026-05-10 22:19:44.334] [info]  [ComfyUI-Manager] Using GitPython backend

[2026-05-10 22:19:44.376] [info]  [ComfyUI-Manager] network_mode: public

[2026-05-10 22:19:44.381] [info]  [ComfyUI-Manager] The matrix sharing feature has been disabled because the `matrix-nio` dependency is not installed.
	To use this feature, please run the following command:
	C:\Users\runneradmin\Documents\ComfyUI\.venv\Scripts\python.exe -m pip install matrix-nio


[2026-05-10 22:19:46.473] [info]  ComfyUI-Multiband loaded: 15 nodes registered

[2026-05-10 22:19:46.478] [error] [comfy-env] Version: 0.3.82
[2026-05-10 22:19:46.479] [error] 

[2026-05-10 22:19:48.001] [error] [comfy-env] register_nodes: comfyui-sam3
[2026-05-10 22:19:48.002] [error] 

[2026-05-10 22:19:48.003] [error] [comfy-env] ComfyUI source dir: C:\Users\runneradmin\.comfy-test-cache\desktop\ComfyUI\resources\ComfyUI

[2026-05-10 22:19:48.005] [error] [comfy-env] Scanning nodes metadata (isolation root)...
[2026-05-10 22:19:48.005] [error] 

[2026-05-10 22:20:07.736] [error] [comfy-env] Scanned nodes: 15 nodes (19.7s)
[2026-05-10 22:20:07.737] [error] 
[comfy-env] Scanned nodes root: 15 nodes (19.7s)
[2026-05-10 22:20:07.738] [error] 

[2026-05-10 22:20:07.739] [error] [comfy-env] Registered proxy route: POST /sam3/interactive_segment_one -> nodes.sam3_interactive._api_segment_one
[comfy-env] Imported nodes root: 15 nodes (isolation)
[2026-05-10 22:20:07.740] [error] 

[2026-05-10 22:20:07.740] [error] [comfy-env] Registered 15 total nodes

[2026-05-10 22:20:07.855] [info]  
Import times for custom nodes:
   0.0 seconds: C:\Users\runneradmin\.comfy-test-cache\desktop\ComfyUI\resources\ComfyUI\custom_nodes\websocket_image_save.py

[2026-05-10 22:20:07.856] [info]     0.1 seconds: C:\Users\runneradmin\Documents\ComfyUI\custom_nodes\ComfyUI-VideoHelperSuite
   0.8 seconds: C:\Users\runneradmin\Documents\ComfyUI\custom_nodes\ComfyUI-Multiband
  21.3 seconds: C:\Users\runneradmin\Documents\ComfyUI\custom_nodes\comfyui-sam3


[2026-05-10 22:20:07.858] [info]  Context impl SQLiteImpl.

[2026-05-10 22:20:07.859] [info]  Will assume non-transactional DDL.

[2026-05-10 22:20:08.169] [info]  Starting server


[2026-05-10 22:20:08.171] [info]  To see the GUI go to: http://127.0.0.1:8000

[2026-05-10 22:20:10.457] [info]  [ComfyUI-Manager] The ComfyRegistry cache update is still in progress, so an outdated cache is being used.

[2026-05-10 22:20:10.529] [info]  FETCH DATA from: C:\Users\runneradmin\Documents\ComfyUI\.venv\Lib\site-packages\comfyui_manager\custom-node-list.json
[2026-05-10 22:20:10.547] [info]   [DONE]

[2026-05-10 22:20:16.600] [info]  [DEPRECATION WARNING] Detected import of deprecated legacy API: /extensions/core/widgetInputs.js. This is likely caused by a custom node extension using outdated APIs. Please update your extensions or contact the extension author for an updated version.

[2026-05-10 22:20:16.612] [info]  [ComfyUI-Manager] The ComfyRegistry cache update is still in progress, so an outdated cache is being used.

[2026-05-10 22:20:16.705] [info]  FETCH DATA from: C:\Users\runneradmin\Documents\ComfyUI\.venv\Lib\site-packages\comfyui_manager\custom-node-list.json
[2026-05-10 22:20:16.723] [info]   [DONE]

[2026-05-10 22:20:21.255] [info]  [ComfyUI-Manager] The ComfyRegistry cache update is still in progress, so an outdated cache is being used.

[2026-05-10 22:20:21.336] [info]  FETCH DATA from: C:\Users\runneradmin\Documents\ComfyUI\.venv\Lib\site-packages\comfyui_manager\custom-node-list.json
[2026-05-10 22:20:21.354] [info]   [DONE]

[2026-05-10 22:20:42.325] [info]  got prompt

[2026-05-10 22:20:42.373] [info]  [comfyui-sam3] python: C:\ce\.pixi\envs\sam3-nodes\python.exe
[comfyui-sam3] sys_path sent to worker: ['C:\\Users\\runneradmin\\.comfy-test-cache\\desktop\\ComfyUI\\resources\\ComfyUI', 'C:\\Users\\runneradmin\\Documents\\ComfyUI\\custom_nodes\\comfyui-sam3', 'C:\\ce\\.pixi\\envs\\sam3-nodes\\Lib\\site-packages', 'C:\\Users\\runneradmin\\Documents\\ComfyUI\\custom_nodes\\comfyui-sam3']
[2026-05-10 22:20:42.374] [info]  

[2026-05-10 22:20:45.704] [error] [comfyui-sam3] Health check: ping (timeout=5.0s)...
[2026-05-10 22:20:45.705] [error] 

[2026-05-10 22:20:45.721] [error] [comfyui-sam3] Health check: ok
[2026-05-10 22:20:45.722] [error] 

[2026-05-10 22:20:45.760] [error] [worker:comfyui-sam3] [SAM3] Model not found at C:\Users\runneradmin\Documents\ComfyUI\models\sam3\sam3.safetensors, downloading from HuggingFace...

[2026-05-10 22:20:46.011] [error] [worker:comfyui-sam3] [SAM3] Downloading sam3.safetensors from apozz/sam3-safetensors...

[2026-05-10 22:20:47.494] [error] [worker:comfyui-sam3] [SAM3] Download progress: 10%

[2026-05-10 22:20:49.275] [error] [worker:comfyui-sam3] [SAM3] Download progress: 20%
[2026-05-10 22:20:49.276] [error] 

[2026-05-10 22:20:50.728] [error] [worker:comfyui-sam3] [SAM3] Download progress: 30%

[2026-05-10 22:20:52.069] [error] [worker:comfyui-sam3] [SAM3] Download progress: 40%

[2026-05-10 22:20:53.859] [error] [worker:comfyui-sam3] [SAM3] Download progress: 50%

[2026-05-10 22:20:55.446] [error] [worker:comfyui-sam3] [SAM3] Download progress: 60%

[2026-05-10 22:20:57.390] [error] [worker:comfyui-sam3] [SAM3] Download progress: 70%

[2026-05-10 22:20:59.098] [error] [worker:comfyui-sam3] [SAM3] Download progress: 80%

[2026-05-10 22:21:00.979] [error] [worker:comfyui-sam3] [SAM3] Download progress: 90%

[2026-05-10 22:21:02.744] [error] [worker:comfyui-sam3] [SAM3] Download progress: 100%

[2026-05-10 22:21:03.708] [error] [worker:comfyui-sam3] [SAM3] Downloaded sam3.safetensors

[2026-05-10 22:21:03.995] [error] [worker:comfyui-sam3] [SAM3] Model downloaded successfully

[2026-05-10 22:21:06.207] [error] [comfyui-sam3] Health check: ping (timeout=5.0s)...
[2026-05-10 22:21:06.209] [error] 

[2026-05-10 22:21:06.743] [error] [comfyui-sam3] Health check: ok

[2026-05-10 22:21:14.393] [info]  FETCH ComfyRegistry Data [DONE]

[2026-05-10 22:21:14.684] [info]  [ComfyUI-Manager] default cache updated: https://api.comfy.org/nodes

[2026-05-10 22:21:14.732] [info]  FETCH DATA from: C:\Users\runneradmin\Documents\ComfyUI\user\__manager\cache\1514988643_custom-node-list.json
[2026-05-10 22:21:14.752] [info]   [DONE]
[2026-05-10 22:21:14.753] [info]  

[2026-05-10 22:21:14.818] [info]  [ComfyUI-Manager] All startup tasks have been completed.

[2026-05-10 22:22:04.762] [info]  Prompt executed in 82.43 seconds

