[2026-05-11 09:28:28.847] [info]  setup plugin alembic.autogenerate.schemas

[2026-05-11 09:28:28.849] [info]  setup plugin alembic.autogenerate.tables
setup plugin alembic.autogenerate.types
setup plugin alembic.autogenerate.constraints
setup plugin alembic.autogenerate.defaults
setup plugin alembic.autogenerate.comments

[2026-05-11 09:28:29.475] [info]  Adding extra search path custom_nodes C:\Users\runneradmin\Documents\ComfyUI\custom_nodes
Adding extra search path download_model_base C:\Users\runneradmin\Documents\ComfyUI\models

[2026-05-11 09:28:29.476] [info]  Adding extra search path custom_nodes C:\Users\runneradmin\.comfy-test-cache\desktop\ComfyUI\resources\ComfyUI\custom_nodes
Setting output directory to: C:\Users\runneradmin\Documents\ComfyUI\output
Setting input directory to: C:\Users\runneradmin\Documents\ComfyUI\input
Setting user directory to: C:\Users\runneradmin\Documents\ComfyUI\user

[2026-05-11 09:28:32.153] [info]  [START] Security scan
[DONE] Security scan
** ComfyUI startup time: 
[2026-05-11 09:28:32.154] [info]  2026-05-11 09:28:32.153
** Platform: Windows
** Python version: 3.12.11 (main, Aug 18 2025, 19:17:54) [MSC v.1944 64 bit (AMD64)]
** Python executable: C:\Users\runneradmin\Documents\ComfyUI\.venv\Scripts\python.exe
** ComfyUI Path: C:\Users\runneradmin\.comfy-test-cache\desktop\ComfyUI\resources\ComfyUI
** ComfyUI Base Folder Path: C:\Users\runneradmin\.comfy-test-cache\desktop\ComfyUI\resources\ComfyUI

[2026-05-11 09:28:32.156] [info]  ** User directory: 
[2026-05-11 09:28:32.158] [info]  C:\Users\runneradmin\Documents\ComfyUI\user
** ComfyUI-Manager config path: C:\Users\runneradmin\Documents\ComfyUI\user\__manager\config.ini
** Log path: C:\Users\runneradmin\Documents\ComfyUI\user\comfyui.log

[2026-05-11 09:28:33.367] [info]  [ComfyUI-Manager] Skipped fixing the 'comfyui-frontend-package' dependency because the ComfyUI is outdated.

[2026-05-11 09:28:33.368] [info]  [PRE] ComfyUI-Manager

[2026-05-11 09:28:33.923] [error] [comfy-env] comfyui-sam3: 1 isolation env(s):
[2026-05-11 09:28:33.925] [error] 
[comfy-env]   nodes -> C:\Users\runneradmin\Documents\ComfyUI\custom_nodes\comfyui-sam3\nodes

[2026-05-11 09:28:33.926] [error] [comfy-env] prestartup complete

[2026-05-11 09:28:38.122] [info]  Found comfy_kitchen backend cuda: {'available': False, 'disabled': True, 'unavailable_reason': 'CUDA not available on this system', 'capabilities': []}
Found comfy_kitchen backend eager: {'available': True, 'disabled': False, 'unavailable_reason': None, 'capabilities': ['apply_rope', 'apply_rope1', 'dequantize_mxfp8', 'dequantize_nvfp4', 'dequantize_per_tensor_fp8', 'quantize_mxfp8', 'quantize_nvfp4', 'quantize_per_tensor_fp8', 'scaled_mm_mxfp8', 'scaled_mm_nvfp4']}
Found comfy_kitchen backend triton: {'available': False, 'disabled': True, 'unavailable_reason': "ImportError: No module named 'triton'", 'capabilities': []}

[2026-05-11 09:28:38.124] [info]  Checkpoint files will always be loaded safely.

[2026-05-11 09:28:38.150] [info]  Total VRAM 16379 MB, total RAM 16379 MB

[2026-05-11 09:28:38.152] [info]  pytorch version: 2.10.0+cpu
Set vram state to: DISABLED
Device: cpu

[2026-05-11 09:28:38.859] [info]  Using sub quadratic optimization for attention, if you have memory or speed issues try using: --use-split-cross-attention

[2026-05-11 09:28:43.638] [info]  Python version: 3.12.11 (main, Aug 18 2025, 19:17:54) [MSC v.1944 64 bit (AMD64)]

[2026-05-11 09:28:43.640] [info]  ComfyUI version: 0.20.1
comfy-aimdo version: 0.2.14

[2026-05-11 09:28:43.642] [info]  comfy-kitchen version: 0.2.8

[2026-05-11 09:28:43.646] [info]  [Prompt Server] web root: C:\Users\runneradmin\.comfy-test-cache\desktop\ComfyUI\resources\ComfyUI\web_custom_versions\desktop_app

[2026-05-11 09:28:43.650] [info]  Asset seeder disabled

[2026-05-11 09:28:43.652] [info]  [START] ComfyUI-Manager

[2026-05-11 09:28:43.826] [info]  [ComfyUI-Manager] Using GitPython backend

[2026-05-11 09:28:43.913] [info]  [ComfyUI-Manager] network_mode: public

[2026-05-11 09:28:43.920] [info]  [ComfyUI-Manager] The matrix sharing feature has been disabled because the `matrix-nio` dependency is not installed.
	To use this feature, please run the following command:
	C:\Users\runneradmin\Documents\ComfyUI\.venv\Scripts\python.exe -m pip install matrix-nio


[2026-05-11 09:28:46.103] [info]  ComfyUI-Multiband loaded: 15 nodes registered

[2026-05-11 09:28:46.137] [error] [comfy-env] Version: 0.3.83
[2026-05-11 09:28:46.138] [error] 

[2026-05-11 09:28:47.875] [error] [comfy-env] register_nodes: comfyui-sam3
[2026-05-11 09:28:47.876] [error] 

[2026-05-11 09:28:47.880] [error] [comfy-env] ComfyUI source dir: C:\Users\runneradmin\.comfy-test-cache\desktop\ComfyUI\resources\ComfyUI
[2026-05-11 09:28:47.881] [error] 

[2026-05-11 09:28:47.884] [error] [comfy-env] Scanning nodes metadata (isolation root)...
[2026-05-11 09:28:47.885] [error] 

[2026-05-11 09:28:47.900] [error] [comfy-env] Cache hit for nodes: 15 nodes
[2026-05-11 09:28:47.902] [error] 
[comfy-env] Scanned nodes root: 15 nodes (0.0s)

[2026-05-11 09:28:47.903] [error] [comfy-env] Registered proxy route: POST /sam3/interactive_segment_one -> nodes.sam3_interactive._api_segment_one
[2026-05-11 09:28:47.905] [error] 
[comfy-env] Imported nodes root: 15 nodes (isolation)

[2026-05-11 09:28:47.906] [error] [comfy-env] Registered 15 total nodes
[2026-05-11 09:28:47.907] [error] 

[2026-05-11 09:28:48.156] [info]  
Import times for custom nodes:

[2026-05-11 09:28:48.158] [info]     0.0 seconds: C:\Users\runneradmin\.comfy-test-cache\desktop\ComfyUI\resources\ComfyUI\custom_nodes\websocket_image_save.py
   0.0 seconds: C:\Users\runneradmin\Documents\ComfyUI\custom_nodes\ComfyUI-Multiband
   0.2 seconds: C:\Users\runneradmin\Documents\ComfyUI\custom_nodes\ComfyUI-VideoHelperSuite
   1.8 seconds: C:\Users\runneradmin\Documents\ComfyUI\custom_nodes\comfyui-sam3


[2026-05-11 09:28:48.165] [info]  Context impl SQLiteImpl.

[2026-05-11 09:28:48.167] [info]  Will assume non-transactional DDL.

[2026-05-11 09:28:48.175] [error] Failed to initialize database. Please ensure you have installed the latest requirements. If the error persists, please report this as in future the database will be required: Could not acquire lock on database 'C:/Users/runneradmin/Documents/ComfyUI/user/comfyui.db'. Another ComfyUI process may already be using it. Use --database-url to specify a separate database file.

[2026-05-11 09:28:48.290] [info]  Starting server


[2026-05-11 09:28:48.292] [info]  To see the GUI go to: http://127.0.0.1:8001

[2026-05-11 09:28:51.240] [info]  [ComfyUI-Manager] The ComfyRegistry cache update is still in progress, so an outdated cache is being used.

[2026-05-11 09:28:51.383] [info]  FETCH DATA from: C:\Users\runneradmin\Documents\ComfyUI\.venv\Lib\site-packages\comfyui_manager\custom-node-list.json
[2026-05-11 09:28:51.410] [info]   [DONE]

[2026-05-11 09:28:51.577] [info]  [DEPRECATION WARNING] Detected import of deprecated legacy API: /extensions/core/widgetInputs.js. This is likely caused by a custom node extension using outdated APIs. Please update your extensions or contact the extension author for an updated version.

[2026-05-11 09:28:54.565] [info]  [ComfyUI-Manager] The ComfyRegistry cache update is still in progress, so an outdated cache is being used.

[2026-05-11 09:28:54.716] [info]  FETCH DATA from: C:\Users\runneradmin\Documents\ComfyUI\.venv\Lib\site-packages\comfyui_manager\custom-node-list.json
[2026-05-11 09:28:54.751] [info]   [DONE]

[2026-05-11 09:29:14.534] [info]  got prompt

[2026-05-11 09:29:14.625] [info]  [comfyui-sam3] python: C:\ce\.pixi\envs\sam3-nodes\python.exe
[2026-05-11 09:29:14.627] [info]  
[comfyui-sam3] sys_path sent to worker: ['C:\\Users\\runneradmin\\.comfy-test-cache\\desktop\\ComfyUI\\resources\\ComfyUI', 'C:\\Users\\runneradmin\\Documents\\ComfyUI\\custom_nodes\\comfyui-sam3', 'C:\\ce\\.pixi\\envs\\sam3-nodes\\Lib\\site-packages', 'C:\\Users\\runneradmin\\Documents\\ComfyUI\\custom_nodes\\comfyui-sam3']

[2026-05-11 09:29:25.742] [error] [comfyui-sam3] Health check: ping (timeout=5.0s)...
[2026-05-11 09:29:25.744] [error] 

[2026-05-11 09:29:25.749] [error] [comfyui-sam3] Health check: ok

[2026-05-11 09:30:23.601] [info]  FETCH ComfyRegistry Data [DONE]

[2026-05-11 09:30:24.107] [info]  [ComfyUI-Manager] default cache updated: https://api.comfy.org/nodes

[2026-05-11 09:30:24.175] [info]  FETCH DATA from: C:\Users\runneradmin\Documents\ComfyUI\user\__manager\cache\1514988643_custom-node-list.json
[2026-05-11 09:30:24.216] [info]   [DONE]

[2026-05-11 09:30:24.311] [info]  [ComfyUI-Manager] All startup tasks have been completed.

[2026-05-11 09:30:43.195] [info]  Prompt executed in 88.65 seconds

