[2026-05-10 03:03:52.681] [info]  setup plugin alembic.autogenerate.schemas
setup plugin alembic.autogenerate.tables

[2026-05-10 03:03:52.684] [info]  setup plugin alembic.autogenerate.types
setup plugin alembic.autogenerate.constraints
setup plugin alembic.autogenerate.defaults
setup plugin alembic.autogenerate.comments

[2026-05-10 03:03:53.800] [info]  Adding extra search path custom_nodes C:\Users\runneradmin\Documents\ComfyUI\custom_nodes
Adding extra search path download_model_base C:\Users\runneradmin\Documents\ComfyUI\models

[2026-05-10 03:03:53.802] [info]  Adding extra search path custom_nodes C:\Users\runneradmin\.comfy-test-cache\desktop\ComfyUI\resources\ComfyUI\custom_nodes
Setting output directory to: C:\Users\runneradmin\Documents\ComfyUI\output
Setting input directory to: C:\Users\runneradmin\Documents\ComfyUI\input
Setting user directory to: C:\Users\runneradmin\Documents\ComfyUI\user

[2026-05-10 03:03:57.112] [info]  [START] Security scan
[DONE] Security scan
** ComfyUI startup time: 
[2026-05-10 03:03:57.113] [info]  2026-05-10 03:03:57.111
** Platform: Windows
** Python version: 3.12.11 (main, Aug 18 2025, 19:17:54) [MSC v.1944 64 bit (AMD64)]
** Python executable: C:\Users\runneradmin\Documents\ComfyUI\.venv\Scripts\python.exe
** ComfyUI Path: C:\Users\runneradmin\.comfy-test-cache\desktop\ComfyUI\resources\ComfyUI
** ComfyUI Base Folder Path: C:\Users\runneradmin\.comfy-test-cache\desktop\ComfyUI\resources\ComfyUI

[2026-05-10 03:03:57.115] [info]  ** User directory: C:\Users\runneradmin\Documents\ComfyUI\user
[2026-05-10 03:03:57.116] [info]  
** ComfyUI-Manager config path: C:\Users\runneradmin\Documents\ComfyUI\user\__manager\config.ini
** Log path: C:\Users\runneradmin\Documents\ComfyUI\user\comfyui.log

[2026-05-10 03:03:58.155] [info]  [ComfyUI-Manager] Skipped fixing the 'comfyui-frontend-package' dependency because the ComfyUI is outdated.

[2026-05-10 03:03:58.157] [info]  [PRE] ComfyUI-Manager

[2026-05-10 03:04:08.952] [info]  Found comfy_kitchen backend eager: {'available': True, 'disabled': False, 'unavailable_reason': None, 'capabilities': ['apply_rope', 'apply_rope1', 'dequantize_mxfp8', 'dequantize_nvfp4', 'dequantize_per_tensor_fp8', 'quantize_mxfp8', 'quantize_nvfp4', 'quantize_per_tensor_fp8', 'scaled_mm_mxfp8', 'scaled_mm_nvfp4']}

[2026-05-10 03:04:08.953] [info]  Found comfy_kitchen backend triton: {'available': False, 'disabled': True, 'unavailable_reason': "ImportError: No module named 'triton'", 'capabilities': []}
Found comfy_kitchen backend cuda: {'available': False, 'disabled': True, 'unavailable_reason': 'CUDA not available on this system', 'capabilities': []}

[2026-05-10 03:04:08.999] [info]  Checkpoint files will always be loaded safely.

[2026-05-10 03:04:09.077] [info]  Total VRAM 16379 MB, total RAM 16379 MB

[2026-05-10 03:04:09.079] [info]  pytorch version: 2.10.0+cpu
Set vram state to: DISABLED
Device: cpu

[2026-05-10 03:04:10.175] [info]  Using sub quadratic optimization for attention, if you have memory or speed issues try using: --use-split-cross-attention

[2026-05-10 03:04:17.106] [info]  Python version: 3.12.11 (main, Aug 18 2025, 19:17:54) [MSC v.1944 64 bit (AMD64)]

[2026-05-10 03:04:17.108] [info]  ComfyUI version: 0.20.1
comfy-aimdo version: 0.2.14

[2026-05-10 03:04:17.110] [info]  comfy-kitchen version: 0.2.8

[2026-05-10 03:04:17.111] [info]  [Prompt Server] web root: C:\Users\runneradmin\.comfy-test-cache\desktop\ComfyUI\resources\ComfyUI\web_custom_versions\desktop_app

[2026-05-10 03:04:17.113] [info]  Asset seeder disabled

[2026-05-10 03:04:17.114] [info]  [START] ComfyUI-Manager

[2026-05-10 03:04:17.672] [info]  [ComfyUI-Manager] Using GitPython backend

[2026-05-10 03:04:17.791] [info]  [ComfyUI-Manager] network_mode: public

[2026-05-10 03:04:17.802] [info]  [ComfyUI-Manager] The matrix sharing feature has been disabled because the `matrix-nio` dependency is not installed.
	To use this feature, please run the following command:
	C:\Users\runneradmin\Documents\ComfyUI\.venv\Scripts\python.exe -m pip install matrix-nio


[2026-05-10 03:04:22.001] [info]  
Import times for custom nodes:

[2026-05-10 03:04:22.002] [info]     0.0 seconds: C:\Users\runneradmin\.comfy-test-cache\desktop\ComfyUI\resources\ComfyUI\custom_nodes\websocket_image_save.py


[2026-05-10 03:04:22.016] [info]  Context impl SQLiteImpl.

[2026-05-10 03:04:22.018] [info]  Will assume non-transactional DDL.

[2026-05-10 03:04:22.038] [info]  Context impl SQLiteImpl.

[2026-05-10 03:04:22.040] [info]  Will assume non-transactional DDL.

[2026-05-10 03:04:22.076] [info]  Running upgrade  -> 0001_assets, Initial assets schema
Revision ID: 0001_assets
Revises: None
Create Date: 2025-12-10 00:00:00

[2026-05-10 03:04:22.710] [info]  Running upgrade 0001_assets -> 0002_merge_to_asset_references, Merge AssetInfo and AssetCacheState into unified asset_references table.

[2026-05-10 03:04:23.241] [info]  Running upgrade 0002_merge_to_asset_references -> 0003_add_metadata_job_id, Add system_metadata and job_id columns to asset_references.
Change preview_id FK from assets.id to asset_references.id.

[2026-05-10 03:04:23.364] [info]  Database upgraded from None to 0003_add_metadata_job_id

[2026-05-10 03:04:23.490] [info]  Starting server


[2026-05-10 03:04:23.492] [info]  To see the GUI go to: http://127.0.0.1:8000

[2026-05-10 03:05:49.671] [info]  FETCH ComfyRegistry Data [DONE]

[2026-05-10 03:05:50.002] [info]  [ComfyUI-Manager] default cache updated: https://api.comfy.org/nodes

[2026-05-10 03:05:50.037] [info]  FETCH DATA from: C:\Users\runneradmin\Documents\ComfyUI\user\__manager\cache\1514988643_custom-node-list.json
[2026-05-10 03:05:50.050] [info]   [DONE]

[2026-05-10 03:05:50.108] [info]  [ComfyUI-Manager] All startup tasks have been completed.

[2026-05-10 03:06:11.818] [info]  [ComfyUI-Manager] The ComfyRegistry cache update is still in progress, so an outdated cache is being used.

[2026-05-10 03:06:12.963] [error]   0%|          | 0.00/34.0M [00:00<?, ?B/s]
[2026-05-10 03:06:13.051] [error]  37%|███▋      | 12.6M/34.0M [00:00<00:00, 99.9MB/s]
[2026-05-10 03:06:13.152] [error]  68%|██████▊   | 23.1M/34.0M [00:00<00:00, 102MB/s] 
[2026-05-10 03:06:13.258] [error] 100%|██████████| 34.0M/34.0M [00:00<00:00, 113MB/s]

[2026-05-10 03:06:13.376] [info]  Extracted zip file to C:\Users\runneradmin\Documents\ComfyUI\custom_nodes\comfyui-sam3

[2026-05-10 03:06:13.445] [info]  Install: pip packages
[2026-05-10 03:06:13.447] [info]  

[2026-05-10 03:06:14.554] [info]  [ComfyUI-Manager] Skipped fixing the 'comfyui-frontend-package' dependency because the ComfyUI is outdated.

[2026-05-10 03:06:14.555] [info]  Install: install script

[2026-05-10 03:06:19.099] [info]  
After restarting ComfyUI, please refresh the browser.

[2026-05-10 03:06:19.989] [info]  
Restarting... [Legacy Mode]


Command: ['"C:\\Users\\runneradmin\\Documents\\ComfyUI\\.venv\\Scripts\\python.exe"', '"C:\\Users\\runneradmin\\.comfy-test-cache\\desktop\\ComfyUI\\resources\\ComfyUI\\main.py"', '--user-directory', 'C:\\Users\\runneradmin\\Documents\\ComfyUI\\user', '--input-directory', 'C:\\Users\\runneradmin\\Documents\\ComfyUI\\input', '--output-directory', 'C:\\Users\\runneradmin\\Documents\\ComfyUI\\output', '--front-end-root', 'C:\\Users\\runneradmin\\.comfy-test-cache\\desktop\\ComfyUI\\resources\\ComfyUI\\web_custom_versions\\desktop_app', '--base-directory', 'C:\\Users\\runneradmin\\Documents\\ComfyUI', '--database-url', 'sqlite:///C:/Users/runneradmin/Documents/ComfyUI/user/comfyui.db', '--extra-model-paths-config', 'C:\\Users\\runneradmin\\AppData\\Roaming\\ComfyUI\\extra_models_config.yaml', '--log-stdout', '--listen', '127.0.0.1', '--port', '8000', '--enable-manager', '--cpu']

[2026-05-10 03:06:20.728] [info]  setup plugin alembic.autogenerate.schemas

[2026-05-10 03:06:20.730] [info]  setup plugin alembic.autogenerate.tables
setup plugin alembic.autogenerate.types
setup plugin alembic.autogenerate.constraints
setup plugin alembic.autogenerate.defaults
setup plugin alembic.autogenerate.comments

[2026-05-10 03:06:21.185] [info]  Adding extra search path custom_nodes C:\Users\runneradmin\Documents\ComfyUI\custom_nodes
Adding extra search path download_model_base C:\Users\runneradmin\Documents\ComfyUI\models
Adding extra search path custom_nodes C:\Users\runneradmin\.comfy-test-cache\desktop\ComfyUI\resources\ComfyUI\custom_nodes

[2026-05-10 03:06:21.186] [info]  Setting output directory to: C:\Users\runneradmin\Documents\ComfyUI\output
Setting input directory to: C:\Users\runneradmin\Documents\ComfyUI\input
Setting user directory to: C:\Users\runneradmin\Documents\ComfyUI\user

[2026-05-10 03:06:22.738] [info]  [START] Security scan
[DONE] Security scan
** ComfyUI startup time: 
[2026-05-10 03:06:22.740] [info]  2026-05-10 03:06:22.737
** Platform: Windows
** Python version: 3.12.11 (main, Aug 18 2025, 19:17:54) [MSC v.1944 64 bit (AMD64)]
** Python executable: C:\Users\runneradmin\Documents\ComfyUI\.venv\Scripts\python.exe
** ComfyUI Path: C:\Users\runneradmin\.comfy-test-cache\desktop\ComfyUI\resources\ComfyUI
** ComfyUI Base Folder Path: C:\Users\runneradmin\.comfy-test-cache\desktop\ComfyUI\resources\ComfyUI

[2026-05-10 03:06:22.742] [info]  ** User directory: 
[2026-05-10 03:06:22.743] [info]  C:\Users\runneradmin\Documents\ComfyUI\user
** ComfyUI-Manager config path: C:\Users\runneradmin\Documents\ComfyUI\user\__manager\config.ini
** Log path: C:\Users\runneradmin\Documents\ComfyUI\user\comfyui.log

[2026-05-10 03:06:23.291] [info]  
#######################################################################
[ComfyUI-Manager] Starting dependency installation/(de)activation for the extension

[2026-05-10 03:06:23.292] [info]  

## ComfyUI-Manager: EXECUTE => ['C:\\Users\\runneradmin\\Documents\\ComfyUI\\.venv\\Scripts\\python.exe', '-m', 'pip', 'install', 'comfy-env==0.3.78']

## Execute management script for 'C:\Users\runneradmin\Documents\ComfyUI\custom_nodes\comfyui-sam3'

[2026-05-10 03:06:25.363] [info]   Collecting comfy-env==0.3.78

[2026-05-10 03:06:25.395] [info]     Downloading comfy_env-0.3.78-py3-none-any.whl.metadata (7.1 kB)

[2026-05-10 03:06:25.429] [info]   
[2026-05-10 03:06:25.431] [info]   
[2026-05-10 03:06:25.483] [info]   Collecting pre-commit (from comfy-env==0.3.78)

[2026-05-10 03:06:25.488] [info]     Downloading pre_commit-4.6.0-py2.py3-none-any.whl.metadata (1.2 kB)

[2026-05-10 03:06:25.525] [info]   
[2026-05-10 03:06:25.553] [info]   Collecting tomli-w>=1.0.0 (from comfy-env==0.3.78)

[2026-05-10 03:06:25.559] [info]     Downloading tomli_w-1.2.0-py3-none-any.whl.metadata (5.7 kB)

[2026-05-10 03:06:25.641] [info]   Collecting tomli>=2.0.0 (from comfy-env==0.3.78)

[2026-05-10 03:06:25.650] [info]     Using cached tomli-2.4.1-cp312-cp312-win_amd64.whl.metadata (10 kB)

[2026-05-10 03:06:25.668] [info]   
[2026-05-10 03:06:25.702] [info]   Collecting cfgv>=2.0.0 (from pre-commit->comfy-env==0.3.78)

[2026-05-10 03:06:25.708] [info]     Downloading cfgv-3.5.0-py2.py3-none-any.whl.metadata (8.9 kB)

[2026-05-10 03:06:25.811] [info]   Collecting identify>=1.0.0 (from pre-commit->comfy-env==0.3.78)

[2026-05-10 03:06:25.816] [info]     Downloading identify-2.6.19-py2.py3-none-any.whl.metadata (4.4 kB)

[2026-05-10 03:06:25.879] [info]   Collecting nodeenv>=0.11.1 (from pre-commit->comfy-env==0.3.78)

[2026-05-10 03:06:25.884] [info]     Downloading nodeenv-1.10.0-py2.py3-none-any.whl.metadata (24 kB)

[2026-05-10 03:06:25.992] [info]   Collecting virtualenv>=20.10.0 (from pre-commit->comfy-env==0.3.78)

[2026-05-10 03:06:25.998] [info]   
[2026-05-10 03:06:25.999] [info]    Downloading virtualenv-21.3.1-py3-none-any.whl.metadata (3.5 kB)

[2026-05-10 03:06:26.059] [info]   Collecting distlib<1,>=0.3.7 (from virtualenv>=20.10.0->pre-commit->comfy-env==0.3.78)

[2026-05-10 03:06:26.064] [info]     Downloading distlib-0.4.0-py2.py3-none-any.whl.metadata (5.2 kB)

[2026-05-10 03:06:26.132] [info]   Collecting filelock<4,>=3.24.2 (from virtualenv>=20.10.0->pre-commit->comfy-env==0.3.78)

[2026-05-10 03:06:26.138] [info]   
[2026-05-10 03:06:26.139] [info]    Downloading filelock-3.29.0-py3-none-any.whl.metadata (2.0 kB)

[2026-05-10 03:06:26.202] [info]   Collecting platformdirs<5,>=3.9.1 (from virtualenv>=20.10.0->pre-commit->comfy-env==0.3.78)

[2026-05-10 03:06:26.207] [info]     Downloading platformdirs-4.9.6-py3-none-any.whl.metadata (4.7 kB)

[2026-05-10 03:06:26.263] [info]   Collecting python-discovery>=1.2.2 (from virtualenv>=20.10.0->pre-commit->comfy-env==0.3.78)

[2026-05-10 03:06:26.268] [info]     Downloading python_discovery-1.3.0-py3-none-any.whl.metadata (5.5 kB)

[2026-05-10 03:06:26.316] [info]   Downloading comfy_env-0.3.78-py3-none-any.whl (121 kB)

[2026-05-10 03:06:26.353] [info]   Using cached tomli-2.4.1-cp312-cp312-win_amd64.whl (108 kB)

[2026-05-10 03:06:26.358] [info]   Downloading tomli_w-1.2.0-py3-none-any.whl (6.7 kB)

[2026-05-10 03:06:26.387] [info]   Downloading pre_commit-4.6.0-py2.py3-none-any.whl (226 kB)

[2026-05-10 03:06:26.416] [info]   
[2026-05-10 03:06:26.418] [info]  Downloading cfgv-3.5.0-py2.py3-none-any.whl (7.4 kB)

[2026-05-10 03:06:26.439] [info]   Downloading identify-2.6.19-py2.py3-none-any.whl (99 kB)

[2026-05-10 03:06:26.466] [info]   Downloading nodeenv-1.10.0-py2.py3-none-any.whl (23 kB)

[2026-05-10 03:06:26.492] [info]   Downloading virtualenv-21.3.1-py3-none-any.whl (7.6 MB)

[2026-05-10 03:06:26.561] [info]      ---------------------------------------- 7.6/7.6 MB 118.3 MB/s eta 0:00:00

[2026-05-10 03:06:26.566] [info]   Downloading distlib-0.4.0-py2.py3-none-any.whl (469 kB)

[2026-05-10 03:06:26.596] [info]   Downloading filelock-3.29.0-py3-none-any.whl (39 kB)

[2026-05-10 03:06:26.626] [info]   Downloading platformdirs-4.9.6-py3-none-any.whl (21 kB)

[2026-05-10 03:06:26.649] [info]   Downloading python_discovery-1.3.0-py3-none-any.whl (33 kB)

[2026-05-10 03:06:26.927] [info]   Installing collected packages: distlib, tomli-w, tomli, platformdirs, nodeenv, identify, filelock, cfgv, python-discovery, virtualenv, pre-commit, comfy-env

[2026-05-10 03:06:27.653] [info]     Attempting uninstall: filelock

[2026-05-10 03:06:27.660] [info]       Found existing installation: filelock 3.20.3

[2026-05-10 03:06:27.668] [info]   
[2026-05-10 03:06:27.669] [info]      Uninstalling filelock-3.20.3:

[2026-05-10 03:06:27.674] [info]         Successfully uninstalled filelock-3.20.3

[2026-05-10 03:06:28.930] [info]   Successfully installed cfgv-3.5.0 comfy-env-0.3.78 distlib-0.4.0 filelock-3.29.0 identify-2.6.19 nodeenv-1.10.0 platformdirs-4.9.6 pre-commit-4.6.0 python-discovery-1.3.0 tomli-2.4.1 tomli-w-1.2.0 virtualenv-21.3.1

[2026-05-10 03:06:29.308] [error] [!]
[2026-05-10 03:06:29.310] [error]  
[!] [notice] A new release of pip is available: 25.0.1 -> 26.1.1
[!] [notice] To update, run: python.exe -m pip install --upgrade pip

[2026-05-10 03:06:29.418] [info]  
## ComfyUI-Manager: EXECUTE => ['C:\\Users\\runneradmin\\Documents\\ComfyUI\\.venv\\Scripts\\python.exe', '-m', 'pip', 'install', 'comfy-3d-viewers==0.2.44']

## Execute management script for 'C:\Users\runneradmin\Documents\ComfyUI\custom_nodes\comfyui-sam3'
[2026-05-10 03:06:29.420] [info]  

[2026-05-10 03:06:31.932] [info]   Collecting comfy-3d-viewers==0.2.44

[2026-05-10 03:06:31.961] [info]     Downloading comfy_3d_viewers-0.2.44-py3-none-any.whl.metadata (2.2 kB)

[2026-05-10 03:06:31.997] [info]   Downloading comfy_3d_viewers-0.2.44-py3-none-any.whl (1.3 MB)

[2026-05-10 03:06:32.186] [info]      ---------------------------------------- 1.3/1.3 MB 21.1 MB/s eta 0:00:00

[2026-05-10 03:06:33.012] [info]   Installing collected packages: comfy-3d-viewers

[2026-05-10 03:06:33.361] [info]   Successfully installed comfy-3d-viewers-0.2.44

[2026-05-10 03:06:33.720] [error] [!] 
[2026-05-10 03:06:33.722] [error] 
[!] [notice] A new release of pip is available: 25.0.1 -> 26.1.1
[!] [notice] To update, run: python.exe -m pip install --upgrade pip

[2026-05-10 03:06:33.802] [info]  
## ComfyUI-Manager: EXECUTE => ['C:\\Users\\runneradmin\\Documents\\ComfyUI\\.venv\\Scripts\\python.exe', 'install.py']

## Execute management script for 'C:\Users\runneradmin\Documents\ComfyUI\custom_nodes\comfyui-sam3'

[2026-05-10 03:06:34.124] [info]   [comfy-env] Enabled Windows long path support

[2026-05-10 03:06:34.126] [info]   
 Installing 2 node dependencies...
   Cloning ComfyUI-VideoHelperSuite...

[2026-05-10 03:06:34.573] [info]     Installing requirements for ComfyUI-VideoHelperSuite...

[2026-05-10 03:06:35.814] [info]     Cloning ComfyUI-Multiband...

[2026-05-10 03:06:36.135] [info]     Installing requirements for ComfyUI-Multiband...

[2026-05-10 03:06:36.337] [info]   

[2026-05-10 03:06:36.338] [info]   [requirements] Re-installing main package requirements...
   Installing requirements for comfyui-sam3...

[2026-05-10 03:06:36.417] [error] [!]
[2026-05-10 03:06:36.419] [error]  [comfy-env] pixi not found, downloading...

[2026-05-10 03:06:38.310] [error] [!]
[2026-05-10 03:06:38.312] [error]  [comfy-env] pixi installed: C:\Users\runneradmin\.pixi\bin\pixi.exe

[2026-05-10 03:06:38.323] [info]   [comfy-env] Workspace: C:\Users\runneradmin\Documents\ComfyUI\.ce

[2026-05-10 03:06:38.324] [info]   [comfy-env] ComfyUI: C:\Users\runneradmin\Documents\ComfyUI
 [comfy-env] Found 1 node config(s):
   - sam3-nodes <- custom_nodes\comfyui-sam3\nodes\comfy-env.toml (python=host)

[2026-05-10 03:06:38.383] [info]   [comfy-env] Bootstrap interpreter has python 3.12 + torch 2.10.0 (cpu). Looking for cuda-only wheels matching cpu/torch2.10/cp312.

[2026-05-10 03:06:40.221] [info]   [comfy-env] GPU: No GPU detected

[2026-05-10 03:06:40.254] [info]   [comfy-env] No CUDA detected -- pinning comfyui torch to CPU index

[2026-05-10 03:06:40.256] [info]   [comfy-env] Root conda deps from comfyui-sam3: ['av', 'ffmpeg']

[2026-05-10 03:06:40.257] [info]   [comfy-env] Desktop app detected: source=C:\Users\runneradmin\.comfy-test-cache\desktop\ComfyUI\resources\ComfyUI, data=C:\Users\runneradmin\Documents\ComfyUI

[2026-05-10 03:06:40.263] [info]   [comfy-env] Comfyui feature pin: torch ==2.10.0, torchvision ==0.25.*, torchaudio ==2.10.*

[2026-05-10 03:06:40.264] [info]   [comfy-env] Root conda deps: ['av', 'ffmpeg']

[2026-05-10 03:06:40.265] [info]   [comfy-env] comfyui312: python 3.12, torch from https://download.pytorch.org/whl/cpu

[2026-05-10 03:06:40.267] [info]   Generated C:\Users\runneradmin\Documents\ComfyUI\.ce\pixi.toml

[2026-05-10 03:06:40.268] [info]   [comfy-env] Patched C:\Users\runneradmin\AppData\Roaming\uv\python\cpython-3.12.11-windows-x86_64-none\Lib\platform.py for conda-forge compat
 [comfy-env] Installing 1 environment(s):
   - sam3-nodes (python=host, 17 pypi deps, 3 cuda wheels)
 [comfy-env] Running `pixi install --all`...

[2026-05-10 03:07:08.676] [info]      WARN Skipped running the post-link scripts because `run-post-link-scripts` = `false`

[2026-05-10 03:07:08.677] [info]     	- Scripts/.librsvg-pre-unlink.bat
   To enable them, run:
   	pixi config set --local run-post-link-scripts insecure
   More info:
   	https://pixi.sh/latest/reference/pixi_configuration/#run-post-link-scripts

[2026-05-10 03:07:25.816] [info]      WARN Skipped running the post-link scripts because `run-post-link-scripts` = `false`

[2026-05-10 03:07:25.817] [info]     	- Scripts/.librsvg-pre-unlink.bat
   To enable them, run:
   	pixi config set --local run-post-link-scripts insecure
   More info:
   	https://pixi.sh/latest/reference/pixi_configuration/#run-post-link-scripts

[2026-05-10 03:08:55.365] [info]     The following environments have been installed: default, comfyui, sam3-nodes.

[2026-05-10 03:08:55.399] [info]   [comfy-env] Note: env `default` is on disk but no node declares it in this run. Leaving as-is. Remove via `pixi clean --environment default` if intended.

[2026-05-10 03:08:55.400] [info]   [comfy-env] Install log: C:\Users\runneradmin\Documents\ComfyUI\.ce\install.log
 
 Installation complete!

[2026-05-10 03:08:55.715] [info]  
[ComfyUI-Manager] Startup script completed.
#######################################################################


[2026-05-10 03:08:57.441] [info]  [ComfyUI-Manager] Skipped fixing the 'comfyui-frontend-package' dependency because the ComfyUI is outdated.

[2026-05-10 03:08:57.442] [info]  [ComfyUI-Manager] Restarting to reapply dependency installation.
Command: ['"C:\\Users\\runneradmin\\Documents\\ComfyUI\\.venv\\Scripts\\python.exe"', '"C:\\Users\\runneradmin\\.comfy-test-cache\\desktop\\ComfyUI\\resources\\ComfyUI\\main.py"', '--user-directory', 'C:\\Users\\runneradmin\\Documents\\ComfyUI\\user', '--input-directory', 'C:\\Users\\runneradmin\\Documents\\ComfyUI\\input', '--output-directory', 'C:\\Users\\runneradmin\\Documents\\ComfyUI\\output', '--front-end-root', 'C:\\Users\\runneradmin\\.comfy-test-cache\\desktop\\ComfyUI\\resources\\ComfyUI\\web_custom_versions\\desktop_app', '--base-directory', 'C:\\Users\\runneradmin\\Documents\\ComfyUI', '--database-url', 'sqlite:///C:/Users/runneradmin/Documents/ComfyUI/user/comfyui.db', '--extra-model-paths-config', 'C:\\Users\\runneradmin\\AppData\\Roaming\\ComfyUI\\extra_models_config.yaml', '--log-stdout', '--listen', '127.0.0.1', '--port', '8000', '--enable-manager', '--cpu']
--------------------------------------------------------------------------


[2026-05-10 03:08:58.123] [info]  setup plugin alembic.autogenerate.schemas
setup plugin alembic.autogenerate.tables

[2026-05-10 03:08:58.125] [info]  setup plugin alembic.autogenerate.types
setup plugin alembic.autogenerate.constraints
setup plugin alembic.autogenerate.defaults
setup plugin alembic.autogenerate.comments

[2026-05-10 03:08:58.564] [info]  Adding extra search path custom_nodes C:\Users\runneradmin\Documents\ComfyUI\custom_nodes
Adding extra search path download_model_base C:\Users\runneradmin\Documents\ComfyUI\models
Adding extra search path custom_nodes C:\Users\runneradmin\.comfy-test-cache\desktop\ComfyUI\resources\ComfyUI\custom_nodes

[2026-05-10 03:08:58.566] [info]  Setting output directory to: C:\Users\runneradmin\Documents\ComfyUI\output
Setting input directory to: C:\Users\runneradmin\Documents\ComfyUI\input
Setting user directory to: C:\Users\runneradmin\Documents\ComfyUI\user

[2026-05-10 03:09:00.069] [info]  [START] Security scan
[DONE] Security scan
** ComfyUI startup time: 2026-05-10 03:09:00.068
[2026-05-10 03:09:00.071] [info]  
** Platform: Windows
** Python version: 3.12.11 (main, Aug 18 2025, 19:17:54) [MSC v.1944 64 bit (AMD64)]
** Python executable: C:\Users\runneradmin\Documents\ComfyUI\.venv\Scripts\python.exe
** ComfyUI Path: C:\Users\runneradmin\.comfy-test-cache\desktop\ComfyUI\resources\ComfyUI
** ComfyUI Base Folder Path: C:\Users\runneradmin\.comfy-test-cache\desktop\ComfyUI\resources\ComfyUI

[2026-05-10 03:09:00.072] [info]  ** User directory: C:\Users\runneradmin\Documents\ComfyUI\user
[2026-05-10 03:09:00.073] [info]  
** ComfyUI-Manager config path: C:\Users\runneradmin\Documents\ComfyUI\user\__manager\config.ini
** Log path: C:\Users\runneradmin\Documents\ComfyUI\user\comfyui.log

[2026-05-10 03:09:01.186] [info]  [ComfyUI-Manager] Skipped fixing the 'comfyui-frontend-package' dependency because the ComfyUI is outdated.

[2026-05-10 03:09:01.187] [info]  [PRE] ComfyUI-Manager

[2026-05-10 03:09:01.555] [error] [comfy-env] comfyui-sam3: 1 isolation env(s):
[2026-05-10 03:09:01.556] [error] 
[comfy-env]   nodes -> C:\Users\runneradmin\Documents\ComfyUI\custom_nodes\comfyui-sam3\nodes
[comfy-env] prestartup complete

[2026-05-10 03:09:05.106] [info]  Found comfy_kitchen backend cuda: {'available': False, 'disabled': True, 'unavailable_reason': 'CUDA not available on this system', 'capabilities': []}
Found comfy_kitchen backend triton: {'available': False, 'disabled': True, 'unavailable_reason': "ImportError: No module named 'triton'", 'capabilities': []}

[2026-05-10 03:09:05.108] [info]  Found comfy_kitchen backend eager: {'available': True, 'disabled': False, 'unavailable_reason': None, 'capabilities': ['apply_rope', 'apply_rope1', 'dequantize_mxfp8', 'dequantize_nvfp4', 'dequantize_per_tensor_fp8', 'quantize_mxfp8', 'quantize_nvfp4', 'quantize_per_tensor_fp8', 'scaled_mm_mxfp8', 'scaled_mm_nvfp4']}

[2026-05-10 03:09:05.117] [info]  Checkpoint files will always be loaded safely.

[2026-05-10 03:09:05.135] [info]  Total VRAM 16379 MB, total RAM 16379 MB

[2026-05-10 03:09:05.136] [info]  pytorch version: 2.10.0+cpu
Set vram state to: DISABLED
Device: cpu

[2026-05-10 03:09:05.610] [info]  Using sub quadratic optimization for attention, if you have memory or speed issues try using: --use-split-cross-attention

[2026-05-10 03:09:12.357] [info]  Python version: 3.12.11 (main, Aug 18 2025, 19:17:54) [MSC v.1944 64 bit (AMD64)]
ComfyUI version: 0.20.1

[2026-05-10 03:09:12.358] [info]  comfy-aimdo version: 0.2.14

[2026-05-10 03:09:12.359] [info]  comfy-kitchen version: 0.2.8

[2026-05-10 03:09:12.362] [info]  [Prompt Server] web root: C:\Users\runneradmin\.comfy-test-cache\desktop\ComfyUI\resources\ComfyUI\web_custom_versions\desktop_app

[2026-05-10 03:09:12.363] [info]  Asset seeder disabled

[2026-05-10 03:09:12.365] [info]  [START] ComfyUI-Manager

[2026-05-10 03:09:12.581] [info]  [ComfyUI-Manager] Using GitPython backend

[2026-05-10 03:09:12.651] [info]  [ComfyUI-Manager] network_mode: public

[2026-05-10 03:09:12.659] [info]  [ComfyUI-Manager] The matrix sharing feature has been disabled because the `matrix-nio` dependency is not installed.
	To use this feature, please run the following command:
	C:\Users\runneradmin\Documents\ComfyUI\.venv\Scripts\python.exe -m pip install matrix-nio


[2026-05-10 03:09:15.777] [info]  ComfyUI-Multiband loaded: 15 nodes registered

[2026-05-10 03:09:15.818] [error] [comfy-env] Version: 0.3.78
[2026-05-10 03:09:15.819] [error] 

[2026-05-10 03:09:17.544] [error] [comfy-env] register_nodes: comfyui-sam3
[2026-05-10 03:09:17.546] [error] 

[2026-05-10 03:09:17.547] [error] [comfy-env] ComfyUI source dir: C:\Users\runneradmin\.comfy-test-cache\desktop\ComfyUI\resources\ComfyUI
[2026-05-10 03:09:17.548] [error] 

[2026-05-10 03:09:17.550] [error] [comfy-env] Scanning nodes metadata (isolation root)...
[2026-05-10 03:09:17.551] [error] 

[2026-05-10 03:09:31.212] [error] [comfy-env] Scanned nodes: 15 nodes (13.7s)
[2026-05-10 03:09:31.213] [error] 

[2026-05-10 03:09:31.214] [error] [comfy-env] Scanned nodes root: 15 nodes (13.7s)

[2026-05-10 03:09:31.215] [error] [comfy-env] Registered proxy route: POST /sam3/interactive_segment_one -> nodes.sam3_interactive._api_segment_one

[2026-05-10 03:09:31.216] [error] [comfy-env] Imported nodes root: 15 nodes (isolation)

[2026-05-10 03:09:31.217] [error] [comfy-env] Registered 15 total nodes

[2026-05-10 03:09:31.441] [info]  
Import times for custom nodes:

[2026-05-10 03:09:31.443] [info]     0.0 seconds: C:\Users\runneradmin\.comfy-test-cache\desktop\ComfyUI\resources\ComfyUI\custom_nodes\websocket_image_save.py
   0.2 seconds: C:\Users\runneradmin\Documents\ComfyUI\custom_nodes\ComfyUI-VideoHelperSuite
   1.0 seconds: C:\Users\runneradmin\Documents\ComfyUI\custom_nodes\ComfyUI-Multiband
  15.4 seconds: C:\Users\runneradmin\Documents\ComfyUI\custom_nodes\comfyui-sam3


[2026-05-10 03:09:31.458] [info]  Context impl SQLiteImpl.

[2026-05-10 03:09:31.460] [info]  Will assume non-transactional DDL.

[2026-05-10 03:09:31.588] [info]  Starting server


[2026-05-10 03:09:31.590] [info]  To see the GUI go to: http://127.0.0.1:8000

[2026-05-10 03:09:38.551] [info]  [ComfyUI-Manager] The ComfyRegistry cache update is still in progress, so an outdated cache is being used.

[2026-05-10 03:09:38.656] [info]  FETCH DATA from: C:\Users\runneradmin\Documents\ComfyUI\.venv\Lib\site-packages\comfyui_manager\custom-node-list.json
[2026-05-10 03:09:38.692] [info]   [DONE]

[2026-05-10 03:09:39.105] [info]  [DEPRECATION WARNING] Detected import of deprecated legacy API: /extensions/core/widgetInputs.js. This is likely caused by a custom node extension using outdated APIs. Please update your extensions or contact the extension author for an updated version.

[2026-05-10 03:09:43.960] [info]  [ComfyUI-Manager] The ComfyRegistry cache update is still in progress, so an outdated cache is being used.

[2026-05-10 03:09:44.068] [info]  FETCH DATA from: C:\Users\runneradmin\Documents\ComfyUI\.venv\Lib\site-packages\comfyui_manager\custom-node-list.json
[2026-05-10 03:09:44.091] [info]   [DONE]

[2026-05-10 03:10:01.910] [info]  got prompt

[2026-05-10 03:10:02.048] [info]  [comfyui-sam3] python: C:\Users\runneradmin\Documents\ComfyUI\.ce\.pixi\envs\sam3-nodes\python.exe

[2026-05-10 03:10:02.050] [info]  [comfyui-sam3] sys_path sent to worker: ['C:\\Users\\runneradmin\\.comfy-test-cache\\desktop\\ComfyUI\\resources\\ComfyUI', 'C:\\Users\\runneradmin\\Documents\\ComfyUI\\custom_nodes\\comfyui-sam3', 'C:\\Users\\runneradmin\\Documents\\ComfyUI\\.ce\\.pixi\\envs\\sam3-nodes\\Lib\\site-packages', 'C:\\Users\\runneradmin\\Documents\\ComfyUI\\custom_nodes\\comfyui-sam3']

[2026-05-10 03:10:06.669] [error] [comfyui-sam3] Health check: ping (timeout=5.0s)...
[2026-05-10 03:10:06.670] [error] 

[2026-05-10 03:10:06.674] [error] [comfyui-sam3] Health check: ok

[2026-05-10 03:10:06.748] [error] [worker:comfyui-sam3] [SAM3] Model not found at C:\Users\runneradmin\Documents\ComfyUI\models\sam3\sam3.safetensors, downloading from HuggingFace...

[2026-05-10 03:10:07.130] [error] [worker:comfyui-sam3] [SAM3] Downloading sam3.safetensors from apozz/sam3-safetensors...

[2026-05-10 03:10:08.725] [error] [worker:comfyui-sam3] [SAM3] Download progress: 10%

[2026-05-10 03:10:10.172] [error] [worker:comfyui-sam3] [SAM3] Download progress: 20%

[2026-05-10 03:10:11.255] [error] [worker:comfyui-sam3] [SAM3] Download progress: 30%

[2026-05-10 03:10:15.096] [error] [worker:comfyui-sam3] [SAM3] Download progress: 40%
[2026-05-10 03:10:15.099] [error] 

[2026-05-10 03:10:16.887] [error] [worker:comfyui-sam3] [SAM3] Download progress: 50%
[2026-05-10 03:10:16.888] [error] 

[2026-05-10 03:10:18.627] [error] [worker:comfyui-sam3] [SAM3] Download progress: 60%

[2026-05-10 03:10:20.124] [error] [worker:comfyui-sam3] [SAM3] Download progress: 70%
[2026-05-10 03:10:20.129] [error] 

[2026-05-10 03:10:21.432] [error] [worker:comfyui-sam3] [SAM3] Download progress: 80%

[2026-05-10 03:10:22.772] [error] [worker:comfyui-sam3] [SAM3] Download progress: 90%
[2026-05-10 03:10:22.833] [error] 

[2026-05-10 03:10:24.801] [error] [worker:comfyui-sam3] [SAM3] Download progress: 100%
[2026-05-10 03:10:24.804] [error] 

[2026-05-10 03:10:26.207] [error] [worker:comfyui-sam3] [SAM3] Downloaded sam3.safetensors

[2026-05-10 03:10:33.037] [error] [worker:comfyui-sam3] [SAM3] Model downloaded successfully

[2026-05-10 03:10:34.387] [error] [comfyui-sam3] Health check: ping (timeout=5.0s)...
[comfyui-sam3] Health check: ok

[2026-05-10 03:10:41.306] [info]  FETCH ComfyRegistry Data [DONE]

[2026-05-10 03:10:41.667] [info]  [ComfyUI-Manager] default cache updated: https://api.comfy.org/nodes

[2026-05-10 03:10:41.721] [info]  FETCH DATA from: C:\Users\runneradmin\Documents\ComfyUI\user\__manager\cache\1514988643_custom-node-list.json
[2026-05-10 03:10:41.750] [info]   [DONE]

[2026-05-10 03:10:41.841] [info]  [ComfyUI-Manager] All startup tasks have been completed.

[2026-05-10 03:12:01.531] [info]  Prompt executed in 119.62 seconds

