[2026-05-11 09:30:59.962] [info]  setup plugin alembic.autogenerate.schemas

[2026-05-11 09:30:59.965] [info]  setup plugin alembic.autogenerate.tables
setup plugin alembic.autogenerate.types
setup plugin alembic.autogenerate.constraints
setup plugin alembic.autogenerate.defaults
setup plugin alembic.autogenerate.comments

[2026-05-11 09:31:00.502] [info]  Adding extra search path custom_nodes C:\Users\runneradmin\Documents\ComfyUI\custom_nodes
Adding extra search path download_model_base C:\Users\runneradmin\Documents\ComfyUI\models

[2026-05-11 09:31:00.505] [info]  Adding extra search path custom_nodes C:\Users\runneradmin\.comfy-test-cache\desktop\ComfyUI\resources\ComfyUI\custom_nodes
Setting output directory to: C:\Users\runneradmin\Documents\ComfyUI\output
Setting input directory to: C:\Users\runneradmin\Documents\ComfyUI\input
Setting user directory to: C:\Users\runneradmin\Documents\ComfyUI\user

[2026-05-11 09:31:02.296] [info]  [START] Security scan
[DONE] Security scan
** ComfyUI startup time: 2026-05-11 09:31:02.295
[2026-05-11 09:31:02.298] [info]  
** Platform: Windows
** Python version: 3.12.11 (main, Aug 18 2025, 19:17:54) [MSC v.1944 64 bit (AMD64)]
** Python executable: C:\Users\runneradmin\Documents\ComfyUI\.venv\Scripts\python.exe
** ComfyUI Path: C:\Users\runneradmin\.comfy-test-cache\desktop\ComfyUI\resources\ComfyUI
** ComfyUI Base Folder Path: C:\Users\runneradmin\.comfy-test-cache\desktop\ComfyUI\resources\ComfyUI

[2026-05-11 09:31:02.299] [info]  ** User directory: C:\Users\runneradmin\Documents\ComfyUI\user
** ComfyUI-Manager config path: C:\Users\runneradmin\Documents\ComfyUI\user\__manager\config.ini
** Log path: 
[2026-05-11 09:31:02.301] [info]  C:\Users\runneradmin\Documents\ComfyUI\user\comfyui.log

[2026-05-11 09:31:03.430] [info]  [ComfyUI-Manager] Skipped fixing the 'comfyui-frontend-package' dependency because the ComfyUI is outdated.

[2026-05-11 09:31:03.431] [info]  [PRE] ComfyUI-Manager

[2026-05-11 09:31:03.951] [error] [comfy-env] comfyui-sam3: 1 isolation env(s):
[comfy-env]   nodes -> C:\Users\runneradmin\Documents\ComfyUI\custom_nodes\comfyui-sam3\nodes
[comfy-env] prestartup complete

[2026-05-11 09:31:07.756] [info]  Found comfy_kitchen backend triton: {'available': False, 'disabled': True, 'unavailable_reason': "ImportError: No module named 'triton'", 'capabilities': []}

[2026-05-11 09:31:07.758] [info]  Found comfy_kitchen backend eager: {'available': True, 'disabled': False, 'unavailable_reason': None, 'capabilities': ['apply_rope', 'apply_rope1', 'dequantize_mxfp8', 'dequantize_nvfp4', 'dequantize_per_tensor_fp8', 'quantize_mxfp8', 'quantize_nvfp4', 'quantize_per_tensor_fp8', 'scaled_mm_mxfp8', 'scaled_mm_nvfp4']}
Found comfy_kitchen backend cuda: {'available': False, 'disabled': True, 'unavailable_reason': 'CUDA not available on this system', 'capabilities': []}

[2026-05-11 09:31:07.768] [info]  Checkpoint files will always be loaded safely.

[2026-05-11 09:31:07.787] [info]  Total VRAM 16379 MB, total RAM 16379 MB

[2026-05-11 09:31:07.789] [info]  pytorch version: 2.10.0+cpu
Set vram state to: DISABLED
Device: cpu

[2026-05-11 09:31:08.213] [info]  Using sub quadratic optimization for attention, if you have memory or speed issues try using: --use-split-cross-attention

[2026-05-11 09:31:12.290] [info]  Python version: 3.12.11 (main, Aug 18 2025, 19:17:54) [MSC v.1944 64 bit (AMD64)]

[2026-05-11 09:31:12.291] [info]  ComfyUI version: 0.20.1
comfy-aimdo version: 0.2.14

[2026-05-11 09:31:12.293] [info]  comfy-kitchen version: 0.2.8

[2026-05-11 09:31:12.297] [info]  [Prompt Server] web root: C:\Users\runneradmin\.comfy-test-cache\desktop\ComfyUI\resources\ComfyUI\web_custom_versions\desktop_app

[2026-05-11 09:31:12.299] [info]  Asset seeder disabled

[2026-05-11 09:31:12.300] [info]  [START] ComfyUI-Manager

[2026-05-11 09:31:12.452] [info]  [ComfyUI-Manager] Using GitPython backend

[2026-05-11 09:31:12.536] [info]  [ComfyUI-Manager] network_mode: public

[2026-05-11 09:31:12.542] [info]  [ComfyUI-Manager] The matrix sharing feature has been disabled because the `matrix-nio` dependency is not installed.
	To use this feature, please run the following command:
	C:\Users\runneradmin\Documents\ComfyUI\.venv\Scripts\python.exe -m pip install matrix-nio


[2026-05-11 09:31:14.672] [info]  ComfyUI-Multiband loaded: 15 nodes registered

[2026-05-11 09:31:14.689] [error] [comfy-env] Version: 0.3.83
[2026-05-11 09:31:14.691] [error] 

[2026-05-11 09:31:17.063] [info]  [comfy-env] Removed stale temp dir: C:\Users\RUNNER~1\AppData\Local\Temp\comfyui_pvenv_yc98wl6x

[2026-05-11 09:31:17.509] [error] [comfy-env] register_nodes: comfyui-sam3
[2026-05-11 09:31:17.510] [error] 

[2026-05-11 09:31:17.513] [error] [comfy-env] ComfyUI source dir: C:\Users\runneradmin\.comfy-test-cache\desktop\ComfyUI\resources\ComfyUI
[2026-05-11 09:31:17.514] [error] 

[2026-05-11 09:31:17.516] [error] [comfy-env] Scanning nodes metadata (isolation root)...
[2026-05-11 09:31:17.517] [error] 

[2026-05-11 09:31:17.526] [error] [comfy-env] Cache hit for nodes: 15 nodes
[2026-05-11 09:31:17.528] [error] 

[2026-05-11 09:31:17.529] [error] [comfy-env] Scanned nodes root: 15 nodes (0.0s)

[2026-05-11 09:31:17.531] [error] [comfy-env] Registered proxy route: POST /sam3/interactive_segment_one -> nodes.sam3_interactive._api_segment_one
[2026-05-11 09:31:17.533] [error] 

[2026-05-11 09:31:17.534] [error] [comfy-env] Imported nodes root: 15 nodes (isolation)

[2026-05-11 09:31:17.535] [error] [comfy-env] Registered 15 total nodes

[2026-05-11 09:31:17.682] [info]  
Import times for custom nodes:

[2026-05-11 09:31:17.684] [info]     0.0 seconds: C:\Users\runneradmin\.comfy-test-cache\desktop\ComfyUI\resources\ComfyUI\custom_nodes\websocket_image_save.py
   0.0 seconds: C:\Users\runneradmin\Documents\ComfyUI\custom_nodes\ComfyUI-Multiband
   0.1 seconds: C:\Users\runneradmin\Documents\ComfyUI\custom_nodes\ComfyUI-VideoHelperSuite
   2.9 seconds: C:\Users\runneradmin\Documents\ComfyUI\custom_nodes\comfyui-sam3


[2026-05-11 09:31:17.687] [info]  Context impl SQLiteImpl.

[2026-05-11 09:31:17.689] [info]  Will assume non-transactional DDL.

[2026-05-11 09:31:17.696] [error] Failed to initialize database. Please ensure you have installed the latest requirements. If the error persists, please report this as in future the database will be required: Could not acquire lock on database 'C:/Users/runneradmin/Documents/ComfyUI/user/comfyui.db'. Another ComfyUI process may already be using it. Use --database-url to specify a separate database file.

[2026-05-11 09:31:17.820] [info]  Starting server


[2026-05-11 09:31:17.821] [info]  To see the GUI go to: http://127.0.0.1:8001

[2026-05-11 09:31:19.589] [info]  [DEPRECATION WARNING] Detected import of deprecated legacy API: /extensions/core/widgetInputs.js. This is likely caused by a custom node extension using outdated APIs. Please update your extensions or contact the extension author for an updated version.

[2026-05-11 09:31:20.156] [info]  [ComfyUI-Manager] The ComfyRegistry cache update is still in progress, so an outdated cache is being used.

[2026-05-11 09:31:20.302] [info]  FETCH DATA from: C:\Users\runneradmin\Documents\ComfyUI\.venv\Lib\site-packages\comfyui_manager\custom-node-list.json
[2026-05-11 09:31:20.337] [info]   [DONE]

[2026-05-11 09:31:21.946] [error] Exception in callback _ProactorBasePipeTransport._call_connection_lost(None)
handle: <Handle _ProactorBasePipeTransport._call_connection_lost(None)>
Traceback (most recent call last):
  File "C:\Users\runneradmin\AppData\Roaming\uv\python\cpython-3.12.11-windows-x86_64-none\Lib\asyncio\events.py", line 88, in _run
    self._context.run(self._callback, *self._args)
  File "C:\Users\runneradmin\AppData\Roaming\uv\python\cpython-3.12.11-windows-x86_64-none\Lib\asyncio\proactor_events.py", line 165, in _call_connection_lost
    self._sock.shutdown(socket.SHUT_RDWR)
ConnectionResetError: [WinError 10054] An existing connection was forcibly closed by the remote host

[2026-05-11 09:31:23.637] [info]  [ComfyUI-Manager] The ComfyRegistry cache update is still in progress, so an outdated cache is being used.

[2026-05-11 09:31:23.777] [info]  FETCH DATA from: C:\Users\runneradmin\Documents\ComfyUI\.venv\Lib\site-packages\comfyui_manager\custom-node-list.json
[2026-05-11 09:31:23.807] [info]   [DONE]

[2026-05-11 09:31:43.678] [info]  got prompt

[2026-05-11 09:31:44.514] [info]  [comfyui-sam3] python: C:\ce\.pixi\envs\sam3-nodes\python.exe
[comfyui-sam3] sys_path sent to worker: ['C:\\Users\\runneradmin\\.comfy-test-cache\\desktop\\ComfyUI\\resources\\ComfyUI', 'C:\\Users\\runneradmin\\Documents\\ComfyUI\\custom_nodes\\comfyui-sam3', 'C:\\ce\\.pixi\\envs\\sam3-nodes\\Lib\\site-packages', 'C:\\Users\\runneradmin\\Documents\\ComfyUI\\custom_nodes\\comfyui-sam3']

[2026-05-11 09:31:50.898] [error] [comfyui-sam3] Health check: ping (timeout=5.0s)...
[2026-05-11 09:31:50.899] [error] 
[comfyui-sam3] Health check: ok

[2026-05-11 09:31:50.977] [error] [comfyui-sam3] Health check: ping (timeout=5.0s)...

[2026-05-11 09:31:50.981] [error] [comfyui-sam3] Health check: ok

[2026-05-11 09:32:49.531] [info]  FETCH ComfyRegistry Data [DONE]

[2026-05-11 09:32:50.001] [info]  [ComfyUI-Manager] default cache updated: https://api.comfy.org/nodes

[2026-05-11 09:32:50.060] [info]  FETCH DATA from: C:\Users\runneradmin\Documents\ComfyUI\user\__manager\cache\1514988643_custom-node-list.json
[2026-05-11 09:32:50.085] [info]   [DONE]

[2026-05-11 09:32:50.167] [info]  [ComfyUI-Manager] All startup tasks have been completed.

[2026-05-11 09:33:18.154] [info]  BatchToMultiband: Processed 1 images with 3 channels each -> 3 channels
[2026-05-11 09:33:18.156] [info]  
BatchToMultiband: Processed 7 masks -> 7 channels

[2026-05-11 09:33:18.543] [info]  BatchToMultiband: Output shape torch.Size([1, 10, 4480, 6720]), channels: ['img_01_r', 'img_01_g', 'img_01_b', 'mask_01', 'mask_02', 'mask_03', 'mask_04', 'mask_05', 'mask_06', 'mask_07']
[2026-05-11 09:33:18.544] [info]  

[2026-05-11 09:33:18.588] [info]  ResizeMultiband: 4480x6720 -> 600x900
[2026-05-11 09:33:18.590] [info]  

[2026-05-11 09:33:19.402] [info]  SaveMultibandImage: Saved to output/multiband.npz
  Shape: (1, 10, 600, 900)

[2026-05-11 09:33:19.404] [info]    Format: npz
PreviewMultibandImage: Batch=1, Channels=10, Names=['img_01_r', 'img_01_g', 'img_01_b', 'mask_01', 'mask_02', 'mask_03', 'mask_04', 'mask_05', 'mask_06', 'mask_07']

[2026-05-11 09:33:19.689] [info]  Prompt executed in 96.01 seconds

