[2026-05-08 04:26:33.739] [info]  ⠹ Preparing packages... (38/39)
comfyui-embedded-docs                  ------------------------------ 9.09 MiB/10.77 MiB                                                                        
[2026-05-08 04:26:33.747] [info]  ⠹ Preparing packages... (38/39)
comfyui-embedded-docs                  ------------------------------ 9.10 MiB/10.77 MiB                                                                        
[2026-05-08 04:26:33.757] [info]  ⠹ Preparing packages... (38/39)
comfyui-embedded-docs                  ------------------------------ 9.11 MiB/10.77 MiB                                                                        
[2026-05-08 04:26:33.767] [info]  ⠸ Preparing packages... (38/39)
comfyui-embedded-docs                  ------------------------------ 9.13 MiB/10.77 MiB                                                                        
[2026-05-08 04:26:33.776] [info]  
[2026-05-08 04:26:33.821] [info]  ⠸ Preparing packages... (38/39)
comfyui-embedded-docs                  ------------------------------ 9.20 MiB/10.77 MiB                                                                        
[2026-05-08 04:26:33.830] [info]  
[2026-05-08 04:26:33.867] [info]  ⠸ Preparing packages... (38/39)
comfyui-embedded-docs                  ------------------------------ 9.26 MiB/10.77 MiB                                                                        
[2026-05-08 04:26:33.875] [info]  
[2026-05-08 04:26:33.919] [info]  ⠸ Preparing packages... (38/39)
comfyui-embedded-docs                  ------------------------------ 9.32 MiB/10.77 MiB                                                                        
[2026-05-08 04:26:33.927] [info]  
[2026-05-08 04:26:33.966] [info]  ⠼ Preparing packages... (38/39)
comfyui-embedded-docs                  ------------------------------ 9.40 MiB/10.77 MiB                                                                        
[2026-05-08 04:26:33.974] [info]  
[2026-05-08 04:26:34.018] [info]  ⠼ Preparing packages... (38/39)
comfyui-embedded-docs                  ------------------------------ 9.47 MiB/10.77 MiB                                                                        
[2026-05-08 04:26:34.027] [info]  
[2026-05-08 04:26:34.066] [info]  ⠼ Preparing packages... (38/39)
comfyui-embedded-docs                  ------------------------------ 9.54 MiB/10.77 MiB                                                                        
[2026-05-08 04:26:34.075] [info]  
[2026-05-08 04:26:34.120] [info]  ⠼ Preparing packages... (38/39)
comfyui-embedded-docs                  ------------------------------ 9.62 MiB/10.77 MiB                                                                        
[2026-05-08 04:26:34.128] [info]  
[2026-05-08 04:26:34.168] [info]  ⠴ Preparing packages... (38/39)
comfyui-embedded-docs                  ------------------------------ 9.69 MiB/10.77 MiB                                                                        
[2026-05-08 04:26:34.177] [info]  
[2026-05-08 04:26:34.205] [info]  ⠴ Preparing packages... (38/39)                                                                                                                                                                                                                 
[2026-05-08 04:26:34.214] [info]  Prepared 39 packages in 24.59s
░░░░░░░░░░░░░░░░░░░░ [0/68] Installing wheels...                                
[2026-05-08 04:26:34.226] [info]  ░░░░░░░░░░░░░░░░░░░░ [0/68] simpleeval==1.0.7                                   
[2026-05-08 04:26:34.234] [info]  ░░░░░░░░░░░░░░░░░░░░ [1/68] simpleeval==1.0.7                                   
[2026-05-08 04:26:34.244] [info]  ░░░░░░░░░░░░░░░░░░░░ [1/68] annotated-doc==0.0.4                                
[2026-05-08 04:26:34.253] [info]  ░░░░░░░░░░░░░░░░░░░░ [3/68] requests==2.33.1                                    
[2026-05-08 04:26:34.277] [info]  ░░░░░░░░░░░░░░░░░░░░ [3/68] idna==3.13                                          
[2026-05-08 04:26:34.286] [info]  █░░░░░░░░░░░░░░░░░░░ [4/68] idna==3.13                                          
[2026-05-08 04:26:34.294] [info]  █░░░░░░░░░░░░░░░░░░░ [5/68] packaging==26.2                                     
[2026-05-08 04:26:34.308] [info]  █░░░░░░░░░░░░░░░░░░░ [5/68] python-dotenv==1.2.2                                
[2026-05-08 04:26:34.316] [info]  █░░░░░░░░░░░░░░░░░░░ [6/68] python-dotenv==1.2.2                                
[2026-05-08 04:26:34.327] [info]  █░░░░░░░░░░░░░░░░░░░ [6/68] certifi==2026.4.22                                  
[2026-05-08 04:26:34.337] [info]  ██░░░░░░░░░░░░░░░░░░ [7/68] certifi==2026.4.22                                  
[2026-05-08 04:26:34.346] [info]  ██░░░░░░░░░░░░░░░░░░ [8/68] attrs==26.1.0                                       
[2026-05-08 04:26:34.360] [info]  ██░░░░░░░░░░░░░░░░░░ [8/68] pydantic==2.13.4                                    
[2026-05-08 04:26:34.369] [info]  ██░░░░░░░░░░░░░░░░░░ [10/68] yarl==1.23.0                                       
[2026-05-08 04:26:34.384] [info]  ██░░░░░░░░░░░░░░░░░░ [10/68] pydantic-settings==2.14.0                          
[2026-05-08 04:26:34.393] [info]  
[2026-05-08 04:26:34.434] [info]  ███░░░░░░░░░░░░░░░░░ [12/68] tqdm==4.67.3                                       
[2026-05-08 04:26:34.443] [info]  
[2026-05-08 04:26:34.495] [info]  ████░░░░░░░░░░░░░░░░ [14/68] einops==0.8.2                                      
[2026-05-08 04:26:34.504] [info]  
[2026-05-08 04:26:34.514] [info]  ████░░░░░░░░░░░░░░░░ [15/68] mako==1.3.12                                       
[2026-05-08 04:26:34.523] [info]  
[2026-05-08 04:26:35.105] [info]  █████░░░░░░░░░░░░░░░ [17/68] safetensors==0.7.0                                 
[2026-05-08 04:26:35.113] [info]  █████░░░░░░░░░░░░░░░ [18/68] safetensors==0.7.0                                 
[2026-05-08 04:26:35.122] [info]  ██████░░░░░░░░░░░░░░ [21/68] trampoline==0.1.2                                  
[2026-05-08 04:26:35.130] [info]  ██████░░░░░░░░░░░░░░ [22/68] hf-xet==1.5.0                                      
[2026-05-08 04:26:35.180] [info]  ██████░░░░░░░░░░░░░░ [22/68] httpcore==1.0.9                                    
[2026-05-08 04:26:35.189] [info]  ██████░░░░░░░░░░░░░░ [23/68] httpcore==1.0.9                                    
[2026-05-08 04:26:35.208] [info]  ██████░░░░░░░░░░░░░░ [23/68] psutil==7.2.2                                      
[2026-05-08 04:26:35.216] [info]  
[2026-05-08 04:26:35.225] [info]  ███████░░░░░░░░░░░░░ [24/68] markdown-it-py==4.2.0                              
[2026-05-08 04:26:35.265] [info]  ███████░░░░░░░░░░░░░ [27/68] torchsde==0.2.6                                    
[2026-05-08 04:26:35.274] [info]  
[2026-05-08 04:26:35.453] [info]  ████████░░░░░░░░░░░░ [29/68] comfyui-workflow-templates-media-image==0.3.132    
[2026-05-08 04:26:35.461] [info]  ████████░░░░░░░░░░░░ [30/68] comfyui-workflow-templates-media-image==0.3.132    
[2026-05-08 04:26:35.560] [info]  ████████░░░░░░░░░░░░ [30/68] aiohttp==3.13.5                                    
[2026-05-08 04:26:35.569] [info]  █████████░░░░░░░░░░░ [31/68] aiohttp==3.13.5                                    
[2026-05-08 04:26:35.580] [info]  █████████░░░░░░░░░░░ [31/68] sqlalchemy==2.0.49                                 
[2026-05-08 04:26:35.589] [info]  █████████░░░░░░░░░░░ [32/68] sqlalchemy==2.0.49                                 
[2026-05-08 04:26:35.660] [info]  █████████░░░░░░░░░░░ [32/68] urllib3==2.7.0                                     
[2026-05-08 04:26:35.669] [info]  █████████░░░░░░░░░░░ [33/68] urllib3==2.7.0                                     
[2026-05-08 04:26:35.798] [info]  ██████████░░░░░░░░░░ [34/68] huggingface-hub==1.14.0                            
[2026-05-08 04:26:35.807] [info]  ██████████░░░░░░░░░░ [35/68] huggingface-hub==1.14.0                            
[2026-05-08 04:26:37.818] [info]  ██████████░░░░░░░░░░ [35/68] av==17.0.1                                         ██████████░░░░░░░░░░ [36/68] av==17.0.1                                         ██████████░░░░░░░░░░ [36/68] regex==2026.4.4                                    
[2026-05-08 04:26:37.823] [info]  ██████████░░░░░░░░░░ [37/68] regex==2026.4.4                                    
[2026-05-08 04:26:37.887] [info]  ██████████░░░░░░░░░░ [37/68] pygments==2.20.0                                   
[2026-05-08 04:26:37.895] [info]  ███████████░░░░░░░░░ [38/68] pygments==2.20.0                                   
[2026-05-08 04:26:37.943] [info]  ███████████░░░░░░░░░ [38/68] greenlet==3.5.0                                    
[2026-05-08 04:26:37.951] [info]  ███████████░░░░░░░░░ [39/68] greenlet==3.5.0                                    
[2026-05-08 04:26:38.017] [info]  ███████████░░░░░░░░░ [39/68] rich==15.0.0                                       
[2026-05-08 04:26:38.026] [info]  ███████████░░░░░░░░░ [40/68] rich==15.0.0                                       
[2026-05-08 04:26:38.061] [info]  ███████████░░░░░░░░░ [40/68] comfy-kitchen==0.2.8                               
[2026-05-08 04:26:38.069] [info]  ████████████░░░░░░░░ [41/68] comfy-kitchen==0.2.8                               
[2026-05-08 04:26:38.078] [info]  ████████████░░░░░░░░ [42/68] comfyui-workflow-templates-media-other==0.3.182    
[2026-05-08 04:26:38.111] [info]  ████████████░░░░░░░░ [42/68] pyyaml==6.0.3                                      
[2026-05-08 04:26:38.120] [info]  ████████████░░░░░░░░ [43/68] pyyaml==6.0.3                                      
[2026-05-08 04:26:38.138] [info]  ████████████░░░░░░░░ [43/68] mdurl==0.1.2                                       
[2026-05-08 04:26:38.148] [info]  ████████████░░░░░░░░ [44/68] mdurl==0.1.2                                       
[2026-05-08 04:26:38.157] [info]  ████████████░░░░░░░░ [44/68] multidict==6.7.1                                   
[2026-05-08 04:26:38.166] [info]  █████████████░░░░░░░ [45/68] multidict==6.7.1                                   
[2026-05-08 04:26:38.182] [info]  █████████████░░░░░░░ [45/68] propcache==0.4.1                                   
[2026-05-08 04:26:38.191] [info]  █████████████░░░░░░░ [46/68] propcache==0.4.1                                   
[2026-05-08 04:26:38.202] [info]  █████████████░░░░░░░ [46/68] sentencepiece==0.2.1                               
[2026-05-08 04:26:38.211] [info]  █████████████░░░░░░░ [47/68] sentencepiece==0.2.1                               
[2026-05-08 04:26:38.228] [info]  █████████████░░░░░░░ [47/68] frozenlist==1.8.0                                  
[2026-05-08 04:26:38.237] [info]  ██████████████░░░░░░ [48/68] frozenlist==1.8.0                                  
[2026-05-08 04:26:38.246] [info]  ██████████████░░░░░░ [49/68] comfyui-workflow-templates-media-api==0.3.70       
[2026-05-08 04:26:38.254] [info]  ██████████████░░░░░░ [50/68] glfw==2.10.0                                       
[2026-05-08 04:26:38.266] [info]  ██████████████░░░░░░ [50/68] annotated-types==0.7.0                             
[2026-05-08 04:26:38.275] [info]  
[2026-05-08 04:26:38.421] [info]  ███████████████░░░░░ [51/68] comfyui-workflow-templates-media-video==0.3.81     
[2026-05-08 04:26:38.430] [info]  ███████████████░░░░░ [52/68] comfyui-workflow-templates-media-video==0.3.81     
[2026-05-08 04:26:38.568] [info]  ███████████████░░░░░ [52/68] scipy==1.17.1                                      
[2026-05-08 04:26:38.577] [info]  ███████████████░░░░░ [53/68] scipy==1.17.1                                      
[2026-05-08 04:26:38.586] [info]  ███████████████░░░░░ [54/68] kornia-rs==0.1.11                                  
[2026-05-08 04:26:42.582] [info]  ████████████████░░░░ [55/68] kornia==0.8.2                                      
[2026-05-08 04:26:42.590] [info]  ████████████████░░░░ [56/68] kornia==0.8.2                                      
[2026-05-08 04:26:42.612] [info]  ████████████████░░░░ [56/68] h11==0.16.0                                        
[2026-05-08 04:26:42.620] [info]  ████████████████░░░░ [57/68] h11==0.16.0                                        
[2026-05-08 04:26:42.633] [info]  ████████████████░░░░ [57/68] shellingham==1.5.4                                 
[2026-05-08 04:26:42.641] [info]  █████████████████░░░ [58/68] shellingham==1.5.4                                 
[2026-05-08 04:26:42.651] [info]  █████████████████░░░ [58/68] comfyui-workflow-templates==0.9.63                 
[2026-05-08 04:26:42.660] [info]  █████████████████░░░ [59/68] comfyui-workflow-templates==0.9.63                 
[2026-05-08 04:26:42.669] [info]  █████████████████░░░ [59/68] blake3==1.0.8                                      
[2026-05-08 04:26:42.678] [info]  █████████████████░░░ [60/68] blake3==1.0.8                                      
[2026-05-08 04:26:42.690] [info]  █████████████████░░░ [60/68] comfy-aimdo==0.2.14                                
[2026-05-08 04:26:42.699] [info]  █████████████████░░░ [61/68] comfy-aimdo==0.2.14                                
[2026-05-08 04:26:42.721] [info]  █████████████████░░░ [61/68] colorama==0.4.6                                    
[2026-05-08 04:26:42.730] [info]  ██████████████████░░ [62/68] colorama==0.4.6                                    
[2026-05-08 04:26:42.739] [info]  ██████████████████░░ [63/68] aiosignal==1.4.0                                   
[2026-05-08 04:26:42.774] [info]  ██████████████████░░ [63/68] tokenizers==0.22.2                                 
[2026-05-08 04:26:42.782] [info]  ██████████████████░░ [64/68] tokenizers==0.22.2                                 
[2026-05-08 04:26:42.808] [info]  ██████████████████░░ [64/68] comfyui-workflow-templates-core==0.3.216           
[2026-05-08 04:26:42.816] [info]  ███████████████████░ [65/68] comfyui-workflow-templates-core==0.3.216           
[2026-05-08 04:26:45.413] [info]  ███████████████████░ [65/68] transformers==5.8.0                                
[2026-05-08 04:26:45.421] [info]  ███████████████████░ [66/68] transformers==5.8.0                                
[2026-05-08 04:26:47.046] [info]  ███████████████████░ [66/68] pyopengl==3.1.10                                   
[2026-05-08 04:26:47.054] [info]  ███████████████████░ [67/68] pyopengl==3.1.10                                   
[2026-05-08 04:26:48.869] [info]  ███████████████████░ [67/68] comfyui-embedded-docs==0.4.4                       
[2026-05-08 04:26:48.878] [info]  Installed 68 packages in 14.65s
 + aiohappyeyeballs==2.6.1
 
[2026-05-08 04:26:48.888] [info]  + aiohttp==3.13.5
 + aiosignal
[2026-05-08 04:26:48.896] [info]  ==1.4.0
 + alembic==1.18.4

[2026-05-08 04:26:48.905] [info]   + annotated-doc==0.0.4
 + annotated-types
[2026-05-08 04:26:48.913] [info]  ==0.7.0
 + anyio==4.13.0
[2026-05-08 04:26:48.922] [info]  
 + attrs==26.1.0
 + av
[2026-05-08 04:26:48.931] [info]  ==17.0.1
 + blake3==1.0.8
[2026-05-08 04:26:48.939] [info]  
 + certifi==2026.4.22
 + charset-normalizer
[2026-05-08 04:26:48.947] [info]  ==3.4.7
 + click==
[2026-05-08 04:26:48.955] [info]  8.3.3
 + colorama==0.4.6

[2026-05-08 04:26:48.964] [info]   + comfy-aimdo==0.2.14
 + 
[2026-05-08 04:26:48.972] [info]  comfy-kitchen==0.2.8
 + comfyui-embedded-docs==0.4.4
[2026-05-08 04:26:48.984] [info]  
 + comfyui-workflow-templates
[2026-05-08 04:26:48.993] [info]  ==0.9.63
 + 
[2026-05-08 04:26:49.001] [info]  comfyui-workflow-templates-core==0.3.216
 + comfyui-workflow-templates-media-api==0.3.
[2026-05-08 04:26:49.009] [info]  70
 + comfyui-workflow-templates-media-image==0.3.132
[2026-05-08 04:26:49.010] [info]  

[2026-05-08 04:26:49.015] [info]  + comfyui-workflow-templates-media-other==0.3.182
[2026-05-08 04:26:49.018] [info]  
 + comfyui-workflow-templates-media-video
[2026-05-08 04:26:49.022] [info]  ==0.3.81
[2026-05-08 04:26:49.027] [info]  
 + einops==0.8
[2026-05-08 04:26:49.028] [info]  .2
[2026-05-08 04:26:49.034] [info]  
 + frozenlist==1.8.0
[2026-05-08 04:26:49.036] [info]  

[2026-05-08 04:26:49.041] [info]  + glfw==2.10.0
[2026-05-08 04:26:49.044] [info]  
 + greenlet
[2026-05-08 04:26:49.047] [info]  ==3.5.0
[2026-05-08 04:26:49.053] [info]  
 + h11==0.16.0
[2026-05-08 04:26:49.054] [info]  

[2026-05-08 04:26:49.059] [info]   + hf-xet==1.5.0
[2026-05-08 04:26:49.061] [info]  
 +
[2026-05-08 04:26:49.065] [info]  httpcore==1.0.9
[2026-05-08 04:26:49.070] [info]  
 + httpx
[2026-05-08 04:26:49.072] [info]  ==0.28.1
[2026-05-08 04:26:49.078] [info]  
 + huggingface-hub==1.14.0
[2026-05-08 04:26:49.079] [info]  

[2026-05-08 04:26:49.084] [info]  + idna==3.13
[2026-05-08 04:26:49.088] [info]  
 + kornia==
[2026-05-08 04:26:49.090] [info]  0.8.2
[2026-05-08 04:26:49.096] [info]  
 + kornia-rs==0.1.11
[2026-05-08 04:26:49.096] [info]  

[2026-05-08 04:26:49.103] [info]   + mako==1.3.12
[2026-05-08 04:26:49.105] [info]  
 +
[2026-05-08 04:26:49.109] [info]  markdown-it-py==4.2.0
[2026-05-08 04:26:49.114] [info]  
 + mdurl==0.1.
[2026-05-08 04:26:49.115] [info]  2
[2026-05-08 04:26:49.122] [info]  
 + multidict==6.7.1
[2026-05-08 04:26:49.129] [info]  
 + packaging==26.2
[2026-05-08 04:26:49.132] [info]  

[2026-05-08 04:26:49.140] [info]   + propcache==0.4.1
[2026-05-08 04:26:49.141] [info]  
[2026-05-08 04:26:49.149] [info]  
 + psutil==7.2.2
[2026-05-08 04:26:49.157] [info]  
 + pydantic==2.13.4
[2026-05-08 04:26:49.158] [info]  

[2026-05-08 04:26:49.166] [info]   + pydantic-core==2.46.4

[2026-05-08 04:26:49.173] [info]   + pydantic-settings==2.14.0
[2026-05-08 04:26:49.175] [info]  
 +
[2026-05-08 04:26:49.182] [info]   pygments==2.20.0
[2026-05-08 04:26:49.184] [info]  
 +
[2026-05-08 04:26:49.189] [info]  pyopengl==3.1.10
[2026-05-08 04:26:49.196] [info]  
 + python-dotenv==1.2.
[2026-05-08 04:26:49.197] [info]  2
[2026-05-08 04:26:49.211] [info]  
 + pyyaml==6.0.3
[2026-05-08 04:26:49.227] [info]  

[2026-05-08 04:26:49.230] [info]   +
[2026-05-08 04:26:49.236] [info]   regex==2026.4.4
[2026-05-08 04:26:49.239] [info]  
 + requests
[2026-05-08 04:26:49.244] [info]  ==2.33.1
[2026-05-08 04:26:49.248] [info]  
 + rich
[2026-05-08 04:26:49.252] [info]  ==15.0.0
[2026-05-08 04:26:49.258] [info]  
 + safetensors==0.7.0
[2026-05-08 04:26:49.266] [info]  
 + scipy==1.17.1
[2026-05-08 04:26:49.266] [info]  

[2026-05-08 04:26:49.275] [info]  + sentencepiece==0.2.1
[2026-05-08 04:26:49.275] [info]  

[2026-05-08 04:26:49.283] [info]  + shellingham==1.5.4
[2026-05-08 04:26:49.284] [info]  

[2026-05-08 04:26:49.291] [info]  + simpleeval==1.0.7
[2026-05-08 04:26:49.292] [info]  
 +
[2026-05-08 04:26:49.299] [info]   spandrel==0.4.2
[2026-05-08 04:26:49.302] [info]  
 + sqlalchemy
[2026-05-08 04:26:49.306] [info]  ==2.0.49
[2026-05-08 04:26:49.311] [info]  
 + tokenizers
[2026-05-08 04:26:49.320] [info]  ==0.22.2
[2026-05-08 04:26:49.331] [info]  
[2026-05-08 04:26:49.335] [info]  

[2026-05-08 04:26:49.343] [info]   + torchsde==0.2.6
[2026-05-08 04:26:49.344] [info]  

[2026-05-08 04:26:49.349] [info]  + tqdm==4.67.3
[2026-05-08 04:26:49.352] [info]  
 + trampoline
[2026-05-08 04:26:49.357] [info]  ==0.1.2
[2026-05-08 04:26:49.361] [info]  
 + transformers
[2026-05-08 04:26:49.365] [info]  ==5.8.0
[2026-05-08 04:26:49.370] [info]  
 + typer==0.
[2026-05-08 04:26:49.372] [info]  25.1
[2026-05-08 04:26:49.379] [info]  
 + typing-inspection==0.4.
[2026-05-08 04:26:49.380] [info]  2
[2026-05-08 04:26:49.388] [info]  
 + urllib3==2.7.0
[2026-05-08 04:26:49.389] [info]  

[2026-05-08 04:26:49.396] [info]   + yarl==1.23.0
[2026-05-08 04:26:49.397] [info]  

[2026-05-08 04:26:49.423] [info]  PS C:\Users\runneradmin\Documents\ComfyUI> echo "_-end-17782143682
[2026-05-08 04:26:49.429] [info]  > echo "_-end-1778214368215:$?"
[2026-05-08 04:26:49.431] [info]  

[2026-05-08 04:26:49.432] [info]  _-end-1778214368215:True
[2026-05-08 04:26:49.433] [info]  Installing ComfyUIManager requirements from C:\Users\runneradmin\AppData\Local\Programs\ComfyUI\resources\ComfyUI\manager_requirements.txt
[2026-05-08 04:26:49.433] [info]  Running uv command: & "C:\Users\runneradmin\AppData\Local\Programs\ComfyUI\resources\uv\win\uv.exe" "pip" "install" "-r" "C:\Users\runneradmin\AppData\Local\Programs\ComfyUI\resources\ComfyUI\manager_requirements.txt" "--index-url" "https://pypi.org/simple/" "--extra-index-url" "https://mirrors.aliyun.com/pypi/simple/" "--extra-index-url" "https://mirrors.cloud.tencent.com/pypi/simple/"
[2026-05-08 04:26:49.451] [info]  
PS C:\Users\runneradmin\Documents\ComfyUI>
[2026-05-08 04:26:49.460] [info]  > &
[2026-05-08 04:26:49.506] [info]  
[2026-05-08 04:26:49.515] [info]  & "C:\Users\runne
[2026-05-08 04:26:49.551] [info]  
[2026-05-08 04:26:49.551] [info]  > & "C:\Users\runneradmin\AppData\Local
l\Programs\ComfyUI\resources\uv\win\uv.exe" "pip" "install" "-r" "C:\Users\runner
[2026-05-08 04:26:49.552] [info]  
radmin\AppData\Local\Programs\ComfyUI\resources\ComfyUI\manager_requirements.txt"
" "--index-url" "https://pypi.org/simple/" "--extra-index-url" "https://mirrors.a
aliyun.com/pypi/simple/" "--extra-index-url" "https://mirrors.cloud.tencent.com/p
[2026-05-08 04:26:49.553] [info]  
pypi/simple/"
[2026-05-08 04:26:49.560] [info]  

[2026-05-08 04:26:49.580] [info]  ⠋ Resolving dependencies...                                                     
[2026-05-08 04:26:49.589] [info]  ⠙ gitpython==3.1.50                                                             
[2026-05-08 04:26:49.629] [info]  ⠙ pygithub==2.9.1                                                               
[2026-05-08 04:26:49.637] [info]  
[2026-05-08 04:26:49.648] [info]  ⠙ uv==0.11.11                                                                   
[2026-05-08 04:26:49.659] [info]  ⠙ chardet==7.4.3                                                                
[2026-05-08 04:26:49.668] [info]  ⠙ pyjwt==2.12.1                                                                 
[2026-05-08 04:26:49.678] [info]  ⠙ pyjwt==2.12.1                                                                 
[2026-05-08 04:26:49.687] [info]  ⠙ httpx==0.28.1                                                                 
[2026-05-08 04:26:49.721] [info]                                                                                  
[2026-05-08 04:26:49.722] [info]  Resolved 44 packages in 141ms
[2026-05-08 04:26:49.729] [info]  
⠙ Preparing packages... (0/7)                                                   
[2026-05-08 04:26:49.741] [info]  ⠙ Preparing packages... (0/7)
[2026-05-08 04:26:49.742] [info]  
chardet              ------------------------------     0 B/921.85 KiB          
[2026-05-08 04:26:49.746] [info]  ⠙ Preparing packages... (0/7)
chardet              ------------------------------ 8.00 KiB/921.85 KiB
[2026-05-08 04:26:49.750] [info]  
⠙ Preparing packages... (0/7)                                                   
smmap                ------------------------------     0 B/23.82 KiB           
chardet ------------------------------ 8.00 KiB/921.85 KiB
[2026-05-08 04:26:49.750] [info]  
cryptography         ------------------------------ 8.00 KiB/3.64 MiB           
[2026-05-08 04:26:49.753] [info]  ⠙ Preparing packages... (0/7)
smmap                ------------------------------ 8.00 KiB/23.82 KiB
pygithub             ------------------------------     0 B/439.17 KiB
chardet              ------------------------------ 8.00 KiB/921.85 KiB
[2026-05-08 04:26:49.759] [info]  
⠙ Preparing packages... (0/7)                                                   
smmap                ------------------------------ 8.00 KiB/23.82 KiB          
pygithub             ------------------------------ 8.00 KiB/439.17 KiB         
chardet              ------------------------------ 8.00 KiB/921.85 KiB         
cryptography         ------------------------------ 8.00 KiB/3.64 MiB           
[2026-05-08 04:26:49.778] [info]  ⠙ Preparing packages... (0/7)
smmap                ------------------------------ 16.00 KiB/23.82 KiB
pyjwt                ------------------------------ 24.00 KiB/29.03 KiB
gitpython            ------------------------------ 39.27 KiB/207.53 KiB        
pygithub             ------------------------------ 8.00 KiB/439.17 KiB
chardet ------------------------------ 31.27 KiB/921.85 KiB        
cryptography         ------------------------------ 8.00 KiB/3.64 MiB
[2026-05-08 04:26:49.778] [info]  
uv                   ------------------------------ 31.25 KiB/24.00 MiB         
[2026-05-08 04:26:49.788] [info]  
[2026-05-08 04:26:49.814] [info]  ⠙ Preparing packages... (0/7)
pyjwt                ------------------------------ 29.03 KiB/29.03 KiB
gitpython            ------------------------------ 119.27 KiB/207.53 KiB       
pygithub             ------------------------------ 47.27 KiB/439.17 KiB        
chardet              ------------------------------ 599.27 KiB/921.85 KiB       
cryptography         ------------------------------ 24.00 KiB/3.64 MiB
uv                   ------------------------------ 31.25 KiB/24.00 MiB                                                                                         
[2026-05-08 04:26:49.831] [info]  ⠙ Preparing packages... (0/7)
pyjwt                ------------------------------ 29.03 KiB/29.03 KiB
gitpython            ------------------------------ 151.27 KiB/207.53 KiB       
pygithub             ------------------------------ 63.27 KiB/439.17 KiB        
chardet              ------------------------------ 719.27 KiB/921.85 KiB       
cryptography         ------------------------------ 24.00 KiB/3.64 MiB
uv                   ------------------------------ 31.25 KiB/24.00 MiB         
[2026-05-08 04:26:49.878] [info]  ⠙ Preparing packages... (0/7)
pyjwt                ------------------------------ 29.03 KiB/29.03 KiB
gitpython            ------------------------------ 207.27 KiB/207.53 KiB       
pygithub             ------------------------------ 103.27 KiB/439.17 KiB       
chardet              ------------------------------ 919.27 KiB/921.85 KiB       
cryptography         ------------------------------ 2.35 MiB/3.64 MiB
uv                   ------------------------------ 31.25 KiB/24.00 MiB         
[2026-05-08 04:26:49.887] [info]  
[2026-05-08 04:26:49.896] [info]  ⠙ Preparing packages... (0/7)
pyjwt                ------------------------------ 29.03 KiB/29.03 KiB
pygithub             ------------------------------ 103.27 KiB/439.17 KiB       
chardet              ------------------------------ 919.27 KiB/921.85 KiB       
cryptography         ------------------------------ 3.53 MiB/3.64 MiB
uv                   ------------------------------ 31.25 KiB/24.00 MiB                                                                                         
[2026-05-08 04:26:49.904] [info]  ⠙ Preparing packages... (0/7)
pyjwt                ------------------------------ 29.03 KiB/29.03 KiB
pygithub             ------------------------------ 119.27 KiB/439.17 KiB       
cryptography         ------------------------------ 3.53 MiB/3.64 MiB
uv                   ------------------------------ 31.25 KiB/24.00 MiB                                                                                         
[2026-05-08 04:26:49.928] [info]  ⠙ Preparing packages... (0/7)
pyjwt                ------------------------------ 29.03 KiB/29.03 KiB
pygithub             ------------------------------ 159.27 KiB/439.17 KiB       
cryptography         ------------------------------ 3.56 MiB/3.64 MiB
uv                   ------------------------------ 31.25 KiB/24.00 MiB         
[2026-05-08 04:26:49.936] [info]  
[2026-05-08 04:26:49.945] [info]  ⠹ Preparing packages... (3/7)
pygithub             ------------------------------ 183.27 KiB/439.17 KiB       
cryptography         ------------------------------ 3.57 MiB/3.64 MiB
uv                   ------------------------------ 31.25 KiB/24.00 MiB                                                                                         
[2026-05-08 04:26:49.978] [info]  ⠹ Preparing packages... (3/7)
pygithub             ------------------------------ 223.27 KiB/439.17 KiB       
cryptography         ------------------------------ 3.61 MiB/3.64 MiB
uv                   ------------------------------ 1.51 MiB/24.00 MiB          
[2026-05-08 04:26:49.987] [info]  
[2026-05-08 04:26:50.029] [info]  ⠹ Preparing packages... (3/7)
pygithub             ------------------------------ 271.27 KiB/439.17 KiB       
cryptography         ------------------------------ 3.61 MiB/3.64 MiB
uv                   ------------------------------ 5.18 MiB/24.00 MiB          
[2026-05-08 04:26:50.037] [info]  
[2026-05-08 04:26:50.078] [info]  ⠹ Preparing packages... (3/7)
pygithub             ------------------------------ 271.27 KiB/439.17 KiB       
cryptography         ------------------------------ 3.61 MiB/3.64 MiB
uv                   ------------------------------ 9.42 MiB/24.00 MiB          
[2026-05-08 04:26:50.087] [info]  
[2026-05-08 04:26:50.128] [info]  ⠹ Preparing packages... (3/7)
pygithub             ------------------------------ 279.27 KiB/439.17 KiB       
cryptography         ------------------------------ 3.62 MiB/3.64 MiB
uv                   ------------------------------ 13.92 MiB/24.00 MiB         
[2026-05-08 04:26:50.137] [info]  
[2026-05-08 04:26:50.178] [info]  ⠸ Preparing packages... (4/7)
pygithub             ------------------------------ 287.27 KiB/439.17 KiB       
cryptography         ------------------------------ 3.62 MiB/3.64 MiB
uv                   ------------------------------ 18.83 MiB/24.00 MiB         
[2026-05-08 04:26:50.187] [info]  
[2026-05-08 04:26:50.228] [info]  ⠸ Preparing packages... (4/7)
pygithub             ------------------------------ 327.27 KiB/439.17 KiB       
cryptography         ------------------------------ 3.63 MiB/3.64 MiB
uv                   ------------------------------ 23.81 MiB/24.00 MiB         
[2026-05-08 04:26:50.237] [info]  ⠸ Preparing packages... (4/7)
pygithub             ------------------------------ 335.27 KiB/439.17 KiB       
uv                   ------------------------------ 23.93 MiB/24.00 MiB                                                                                         
[2026-05-08 04:26:50.246] [info]  ⠸ Preparing packages... (4/7)
pygithub             ------------------------------ 351.27 KiB/439.17 KiB                                                                                       
[2026-05-08 04:26:50.275] [info]  ⠸ Preparing packages... (4/7)                                                                                                                                   
[2026-05-08 04:26:50.284] [info]  Prepared 7 packages in 551ms
░░░░░░░░░░░░░░░░░░░░ [0/13] Installing wheels...                                
[2026-05-08 04:26:50.336] [info]  ░░░░░░░░░░░░░░░░░░░░ [0/13] smmap==5.0.3                                        ███░░░░░░░░░░░░░░░░░ [2/13] pyjwt==2.12.1                                       
[2026-05-08 04:26:50.340] [info]  ███░░░░░░░░░░░░░░░░░ [2/13] toml==0.10.2                                        
[2026-05-08 04:26:50.349] [info]  ████░░░░░░░░░░░░░░░░ [3/13] toml==0.10.2                                        
[2026-05-08 04:26:50.358] [info]  ██████░░░░░░░░░░░░░░ [4/13] gitpython==3.1.50                                   
[2026-05-08 04:26:50.367] [info]  ███████░░░░░░░░░░░░░ [5/13] pycparser==3.0                                      
[2026-05-08 04:26:50.403] [info]  ███████░░░░░░░░░░░░░ [5/13] gitdb==4.0.12                                       
[2026-05-08 04:26:50.412] [info]  █████████░░░░░░░░░░░ [6/13] gitdb==4.0.12                                       
[2026-05-08 04:26:50.445] [info]  █████████░░░░░░░░░░░ [6/13] cffi==2.0.0                                         
[2026-05-08 04:26:50.454] [info]  ████████████░░░░░░░░ [8/13] chardet==7.4.3                                      
[2026-05-08 04:26:50.491] [info]  ████████████░░░░░░░░ [8/13] pynacl==1.6.2                                       
[2026-05-08 04:26:50.499] [info]  █████████████░░░░░░░ [9/13] pynacl==1.6.2                                       
[2026-05-08 04:26:50.509] [info]  ███████████████░░░░░ [10/13] pygithub==2.9.1                                    
[2026-05-08 04:26:50.518] [info]  ████████████████░░░░ [11/13] cryptography==48.0.0                               
[2026-05-08 04:26:50.529] [info]                                                                                  
[2026-05-08 04:26:50.538] [info]  Installed 13 packages in 248ms
 + cffi==2.0.0
 + 
[2026-05-08 04:26:50.547] [info]  chardet==7.4.3
 + comfyui-manager==4.2.1

[2026-05-08 04:26:50.556] [info]   + cryptography==48.0.0
 + gitdb
[2026-05-08 04:26:50.564] [info]  ==4.0.12
 + gitpython==3.1.50
[2026-05-08 04:26:50.565] [info]  

[2026-05-08 04:26:50.570] [info]  + pycparser==3.0
[2026-05-08 04:26:50.573] [info]  
 + pygithub
[2026-05-08 04:26:50.576] [info]  ==2.9.1
[2026-05-08 04:26:50.581] [info]  
 + pyjwt==2.12.1
[2026-05-08 04:26:50.582] [info]  

[2026-05-08 04:26:50.588] [info]   + pynacl==1.6.2
[2026-05-08 04:26:50.590] [info]  
 +
[2026-05-08 04:26:50.594] [info]   smmap==5.0.3
[2026-05-08 04:26:50.599] [info]  
 + toml==0.10.
[2026-05-08 04:26:50.600] [info]  2
[2026-05-08 04:26:50.606] [info]  
 + uv==0.11.11
[2026-05-08 04:26:50.607] [info]  

[2026-05-08 04:26:50.629] [info]  PS C:\Users\runneradmin\Documents\ComfyUI> echo "_-end-1778214409433
[2026-05-08 04:26:50.633] [info]  > echo "_-end-1778214409433:$?"
[2026-05-08 04:26:50.635] [info]  
_-end-1778214409433:True
[2026-05-08 04:26:50.637] [info]  Successfully created virtual environment at C:\Users\runneradmin\Documents\ComfyUI\.venv
[2026-05-08 04:26:52.213] [info]  Server start
[2026-05-08 04:26:52.225] [info]  Adding custom node extra_path to config C:\Users\runneradmin\AppData\Local\Programs\ComfyUI\resources\ComfyUI\custom_nodes
[2026-05-08 04:26:52.227] [info]  Created extra_model_paths.yaml at C:\Users\runneradmin\AppData\Roaming\ComfyUI\extra_models_config.yaml
[2026-05-08 04:26:52.227] [error] Log rotation: cannot access log dir C:\Users\runneradmin\AppData\Roaming\ComfyUI\logs\comfyui.log
[2026-05-08 04:26:52.228] [info]  Running command: C:\Users\runneradmin\Documents\ComfyUI\.venv\Scripts\python.exe C:\Users\runneradmin\AppData\Local\Programs\ComfyUI\resources\ComfyUI\main.py --user-directory C:\Users\runneradmin\Documents\ComfyUI\user --input-directory C:\Users\runneradmin\Documents\ComfyUI\input --output-directory C:\Users\runneradmin\Documents\ComfyUI\output --front-end-root C:\Users\runneradmin\AppData\Local\Programs\ComfyUI\resources\ComfyUI\web_custom_versions\desktop_app --base-directory C:\Users\runneradmin\Documents\ComfyUI --database-url sqlite:///C:/Users/runneradmin/Documents/ComfyUI/user/comfyui.db --extra-model-paths-config C:\Users\runneradmin\AppData\Roaming\ComfyUI\extra_models_config.yaml --log-stdout --listen 127.0.0.1 --port 8000 --enable-manager --cpu in C:\Users\runneradmin\Documents\ComfyUI
[2026-05-08 04:27:22.210] [error] @todesktop/runtime: alwaysResolve: Promise timed out after 30000ms
[2026-05-08 04:27:22.321] [info]  @todesktop/runtime: Checking for update
[2026-05-08 04:27:22.322] [info]  @todesktop/runtime: AutoUpdater: checking-for-update
[2026-05-08 04:27:22.326] [info]  @todesktop/runtime: Generated new staging user ID: 1b9b067d-014f-5c01-b55e-d6c29daf71c0
[2026-05-08 04:27:22.825] [info]  @todesktop/runtime: Update for version 0.8.36 is not available (latest version: 0.8.36, downgrade is allowed).
[2026-05-08 04:27:22.826] [info]  @todesktop/runtime: AutoUpdater: update-not-available {"version":"0.8.36","files":[{"url":"ComfyUI Setup 0.8.36 - Build 260427msvfsz37n-x64.exe","sha512":"RVR9kwG+VrRVIsHCPJB7N8l3FRBSMKfIbFU/9fSfPEGV1uHB7wnRu9ydbvK6ZzjqJwkFauXsyks/FN4MwDsXjA==","size":139212624}],"path":"ComfyUI Setup 0.8.36 - Build 260427msvfsz37n-x64.exe","sha512":"RVR9kwG+VrRVIsHCPJB7N8l3FRBSMKfIbFU/9fSfPEGV1uHB7wnRu9ydbvK6ZzjqJwkFauXsyks/FN4MwDsXjA==","releaseDate":"2026-04-27T21:14:15.783Z"}
[2026-05-08 04:27:36.265] [info]  Python server is ready
[2026-05-08 04:28:33.007] [info]  Python process exited successfully
[2026-05-08 04:28:43.928] [info]  Starting app v0.8.36
