[2026-05-18 18:30:38.622] [info]  
[2026-05-18 18:30:38.653] [info]  ⠋ Preparing packages... (91/95)
scipy                                  ------------------------------ 19.87 MiB/34.65 MiB
comfyui-workflow-templates-media-api   ------------------------------ 68.90 MiB/71.33 MiB
comfyui-workflow-templates-media-video ------------------------------ 79.06 MiB/90.13 MiB
torch                                  ------------------------------ 54.17 MiB/108.49 MiB                                                                      
[2026-05-18 18:30:38.662] [info]  
[2026-05-18 18:30:38.698] [info]  ⠙ Preparing packages... (91/95)
scipy                                  ------------------------------ 19.97 MiB/34.65 MiB
comfyui-workflow-templates-media-api   ------------------------------ 68.91 MiB/71.33 MiB
comfyui-workflow-templates-media-video ------------------------------ 79.16 MiB/90.13 MiB
torch                                  ------------------------------ 54.49 MiB/108.49 MiB                                                                      
[2026-05-18 18:30:38.706] [info]  
[2026-05-18 18:30:38.747] [info]  ⠙ Preparing packages... (91/95)
scipy                                  ------------------------------ 20.39 MiB/34.65 MiB
comfyui-workflow-templates-media-api   ------------------------------ 68.93 MiB/71.33 MiB
comfyui-workflow-templates-media-video ------------------------------ 79.25 MiB/90.13 MiB
torch                                  ------------------------------ 54.56 MiB/108.49 MiB                                                                      
[2026-05-18 18:30:38.756] [info]  
[2026-05-18 18:30:38.820] [info]  ⠙ Preparing packages... (91/95)
scipy                                  ------------------------------ 20.44 MiB/34.65 MiB
comfyui-workflow-templates-media-api   ------------------------------ 68.94 MiB/71.33 MiB
comfyui-workflow-templates-media-video ------------------------------ 79.68 MiB/90.13 MiB
torch                                  ------------------------------ 54.64 MiB/108.49 MiB                                                                      
[2026-05-18 18:30:38.829] [info]  
[2026-05-18 18:30:38.860] [info]  ⠙ Preparing packages... (91/95)
scipy                                  ------------------------------ 20.50 MiB/34.65 MiB
comfyui-workflow-templates-media-api   ------------------------------ 68.95 MiB/71.33 MiB
comfyui-workflow-templates-media-video ------------------------------ 79.72 MiB/90.13 MiB
torch                                  ------------------------------ 54.92 MiB/108.49 MiB                                                                      
[2026-05-18 18:30:38.869] [info]  
[2026-05-18 18:30:38.902] [info]  ⠹ Preparing packages... (91/95)
scipy                                  ------------------------------ 20.70 MiB/34.65 MiB
comfyui-workflow-templates-media-api   ------------------------------ 68.95 MiB/71.33 MiB
comfyui-workflow-templates-media-video ------------------------------ 79.78 MiB/90.13 MiB
torch                                  ------------------------------ 55.06 MiB/108.49 MiB                                                                      
[2026-05-18 18:30:38.911] [info]  
[2026-05-18 18:30:38.947] [info]  ⠹ Preparing packages... (91/95)
scipy                                  ------------------------------ 20.97 MiB/34.65 MiB
comfyui-workflow-templates-media-api   ------------------------------ 68.97 MiB/71.33 MiB
comfyui-workflow-templates-media-video ------------------------------ 79.97 MiB/90.13 MiB
torch                                  ------------------------------ 55.16 MiB/108.49 MiB                                                                      
[2026-05-18 18:30:38.956] [info]  
[2026-05-18 18:30:38.997] [info]  ⠹ Preparing packages... (91/95)
scipy                                  ------------------------------ 21.06 MiB/34.65 MiB
comfyui-workflow-templates-media-api   ------------------------------ 68.98 MiB/71.33 MiB
comfyui-workflow-templates-media-video ------------------------------ 80.28 MiB/90.13 MiB
torch                                  ------------------------------ 55.33 MiB/108.49 MiB                                                                      
[2026-05-18 18:30:39.006] [info]  
[2026-05-18 18:30:39.068] [info]  ⠹ Preparing packages... (91/95)
scipy                                  ------------------------------ 21.23 MiB/34.65 MiB
comfyui-workflow-templates-media-api   ------------------------------ 68.99 MiB/71.33 MiB
comfyui-workflow-templates-media-video ------------------------------ 80.34 MiB/90.13 MiB
torch                                  ------------------------------ 55.64 MiB/108.49 MiB                                                                      
[2026-05-18 18:30:39.109] [info]  
[2026-05-18 18:30:39.110] [info]  ⠸ Preparing packages... (91/95)
scipy                                  ------------------------------ 21.51 MiB/34.65 MiB
comfyui-workflow-templates-media-api   ------------------------------ 68.99 MiB/71.33 MiB
comfyui-workflow-templates-media-video ------------------------------ 80.41 MiB/90.13 MiB
torch                                  ------------------------------ 55.69 MiB/108.49 MiB                                                                      
[2026-05-18 18:30:39.118] [info]  
[2026-05-18 18:30:39.150] [info]  ⠸ Preparing packages... (91/95)
scipy                                  ------------------------------ 21.56 MiB/34.65 MiB
comfyui-workflow-templates-media-api   ------------------------------ 69.00 MiB/71.33 MiB
comfyui-workflow-templates-media-video ------------------------------ 80.67 MiB/90.13 MiB
torch                                  ------------------------------ 55.75 MiB/108.49 MiB                                                                      
[2026-05-18 18:30:39.160] [info]  
[2026-05-18 18:30:39.197] [info]  ⠸ Preparing packages... (91/95)
scipy                                  ------------------------------ 21.66 MiB/34.65 MiB
comfyui-workflow-templates-media-api   ------------------------------ 69.01 MiB/71.33 MiB
comfyui-workflow-templates-media-video ------------------------------ 80.87 MiB/90.13 MiB
torch                                  ------------------------------ 56.04 MiB/108.49 MiB                                                                      
[2026-05-18 18:30:39.206] [info]  
[2026-05-18 18:30:39.274] [info]  ⠸ Preparing packages... (91/95)
scipy                                  ------------------------------ 21.95 MiB/34.65 MiB
comfyui-workflow-templates-media-api   ------------------------------ 69.02 MiB/71.33 MiB
comfyui-workflow-templates-media-video ------------------------------ 80.97 MiB/90.13 MiB
torch                                  ------------------------------ 56.25 MiB/108.49 MiB                                                                      
[2026-05-18 18:30:39.283] [info]  
[2026-05-18 18:30:39.314] [info]  ⠼ Preparing packages... (91/95)
scipy                                  ------------------------------ 22.13 MiB/34.65 MiB
comfyui-workflow-templates-media-api   ------------------------------ 69.03 MiB/71.33 MiB
comfyui-workflow-templates-media-video ------------------------------ 81.11 MiB/90.13 MiB
torch                                  ------------------------------ 56.31 MiB/108.49 MiB                                                                      
[2026-05-18 18:30:39.323] [info]  
[2026-05-18 18:30:39.356] [info]  ⠼ Preparing packages... (91/95)
scipy                                  ------------------------------ 22.19 MiB/34.65 MiB
comfyui-workflow-templates-media-api   ------------------------------ 69.04 MiB/71.33 MiB
comfyui-workflow-templates-media-video ------------------------------ 81.41 MiB/90.13 MiB
torch                                  ------------------------------ 56.37 MiB/108.49 MiB                                                                      
[2026-05-18 18:30:39.365] [info]  
[2026-05-18 18:30:39.397] [info]  ⠼ Preparing packages... (91/95)
scipy                                  ------------------------------ 22.25 MiB/34.65 MiB
comfyui-workflow-templates-media-api   ------------------------------ 69.04 MiB/71.33 MiB
comfyui-workflow-templates-media-video ------------------------------ 81.47 MiB/90.13 MiB
torch                                  ------------------------------ 56.66 MiB/108.49 MiB                                                                      
[2026-05-18 18:30:39.406] [info]  
[2026-05-18 18:30:39.447] [info]  ⠼ Preparing packages... (91/95)
scipy                                  ------------------------------ 22.56 MiB/34.65 MiB
comfyui-workflow-templates-media-api   ------------------------------ 69.05 MiB/71.33 MiB
comfyui-workflow-templates-media-video ------------------------------ 81.56 MiB/90.13 MiB
torch                                  ------------------------------ 56.87 MiB/108.49 MiB                                                                      
[2026-05-18 18:30:39.456] [info]  
[2026-05-18 18:30:39.505] [info]  ⠴ Preparing packages... (91/95)
scipy                                  ------------------------------ 22.69 MiB/34.65 MiB
comfyui-workflow-templates-media-api   ------------------------------ 69.07 MiB/71.33 MiB
comfyui-workflow-templates-media-video ------------------------------ 81.78 MiB/90.13 MiB
torch                                  ------------------------------ 56.97 MiB/108.49 MiB                                                                      
[2026-05-18 18:30:39.507] [info]  
[2026-05-18 18:30:39.560] [info]  ⠴ Preparing packages... (91/95)
scipy                                  ------------------------------ 22.81 MiB/34.65 MiB
comfyui-workflow-templates-media-api   ------------------------------ 69.07 MiB/71.33 MiB
comfyui-workflow-templates-media-video ------------------------------ 82.01 MiB/90.13 MiB
torch                                  ------------------------------ 57.07 MiB/108.49 MiB                                                                      
[2026-05-18 18:30:39.569] [info]  
[2026-05-18 18:30:39.602] [info]  ⠴ Preparing packages... (91/95)
scipy                                  ------------------------------ 22.87 MiB/34.65 MiB
comfyui-workflow-templates-media-api   ------------------------------ 69.08 MiB/71.33 MiB
comfyui-workflow-templates-media-video ------------------------------ 82.09 MiB/90.13 MiB
torch                                  ------------------------------ 57.36 MiB/108.49 MiB                                                                      
[2026-05-18 18:30:39.611] [info]  
[2026-05-18 18:30:39.647] [info]  ⠴ Preparing packages... (91/95)
scipy                                  ------------------------------ 23.17 MiB/34.65 MiB
comfyui-workflow-templates-media-api   ------------------------------ 69.09 MiB/71.33 MiB
comfyui-workflow-templates-media-video ------------------------------ 82.19 MiB/90.13 MiB
torch                                  ------------------------------ 57.50 MiB/108.49 MiB                                                                      
[2026-05-18 18:30:39.655] [info]  
[2026-05-18 18:30:39.698] [info]  ⠦ Preparing packages... (91/95)
scipy                                  ------------------------------ 23.33 MiB/34.65 MiB
comfyui-workflow-templates-media-api   ------------------------------ 69.09 MiB/71.33 MiB
comfyui-workflow-templates-media-video ------------------------------ 82.57 MiB/90.13 MiB
torch                                  ------------------------------ 57.60 MiB/108.49 MiB                                                                      
[2026-05-18 18:30:39.706] [info]  
[2026-05-18 18:30:39.768] [info]  ⠦ Preparing packages... (91/95)
scipy                                  ------------------------------ 23.34 MiB/34.65 MiB
comfyui-workflow-templates-media-api   ------------------------------ 69.09 MiB/71.33 MiB
comfyui-workflow-templates-media-video ------------------------------ 82.67 MiB/90.13 MiB
torch                                  ------------------------------ 57.96 MiB/108.49 MiB                                                                      
[2026-05-18 18:30:39.777] [info]  
[2026-05-18 18:30:39.810] [info]  ⠦ Preparing packages... (91/95)
scipy                                  ------------------------------ 23.37 MiB/34.65 MiB
comfyui-workflow-templates-media-api   ------------------------------ 69.16 MiB/71.33 MiB
comfyui-workflow-templates-media-video ------------------------------ 82.95 MiB/90.13 MiB
torch                                  ------------------------------ 58.03 MiB/108.49 MiB                                                                      
[2026-05-18 18:30:39.819] [info]  
[2026-05-18 18:30:39.851] [info]  ⠦ Preparing packages... (91/95)
scipy                                  ------------------------------ 23.44 MiB/34.65 MiB
comfyui-workflow-templates-media-api   ------------------------------ 69.22 MiB/71.33 MiB
comfyui-workflow-templates-media-video ------------------------------ 83.03 MiB/90.13 MiB
torch                                  ------------------------------ 58.26 MiB/108.49 MiB                                                                      
[2026-05-18 18:30:39.860] [info]  
[2026-05-18 18:30:39.897] [info]  ⠧ Preparing packages... (91/95)
scipy                                  ------------------------------ 23.55 MiB/34.65 MiB
comfyui-workflow-templates-media-api   ------------------------------ 69.31 MiB/71.33 MiB
comfyui-workflow-templates-media-video ------------------------------ 83.12 MiB/90.13 MiB
torch                                  ------------------------------ 58.54 MiB/108.49 MiB                                                                      
[2026-05-18 18:30:39.905] [info]  
[2026-05-18 18:30:39.947] [info]  ⠧ Preparing packages... (91/95)
scipy                                  ------------------------------ 23.86 MiB/34.65 MiB
comfyui-workflow-templates-media-api   ------------------------------ 69.41 MiB/71.33 MiB
comfyui-workflow-templates-media-video ------------------------------ 83.22 MiB/90.13 MiB
torch                                  ------------------------------ 58.62 MiB/108.49 MiB                                                                      
[2026-05-18 18:30:39.956] [info]  
[2026-05-18 18:30:40.017] [info]  ⠧ Preparing packages... (91/95)
scipy                                  ------------------------------ 24.00 MiB/34.65 MiB
comfyui-workflow-templates-media-api   ------------------------------ 69.66 MiB/71.33 MiB
comfyui-workflow-templates-media-video ------------------------------ 83.28 MiB/90.13 MiB
torch                                  ------------------------------ 58.69 MiB/108.49 MiB                                                                      
[2026-05-18 18:30:40.026] [info]  
[2026-05-18 18:30:40.061] [info]  ⠧ Preparing packages... (91/95)
scipy                                  ------------------------------ 24.06 MiB/34.65 MiB
comfyui-workflow-templates-media-api   ------------------------------ 69.87 MiB/71.33 MiB
comfyui-workflow-templates-media-video ------------------------------ 83.41 MiB/90.13 MiB
torch                                  ------------------------------ 58.75 MiB/108.49 MiB                                                                      
[2026-05-18 18:30:40.070] [info]  
[2026-05-18 18:30:40.102] [info]  ⠇ Preparing packages... (91/95)
scipy                                  ------------------------------ 24.12 MiB/34.65 MiB
comfyui-workflow-templates-media-api   ------------------------------ 69.94 MiB/71.33 MiB
comfyui-workflow-templates-media-video ------------------------------ 83.66 MiB/90.13 MiB
torch                                  ------------------------------ 58.81 MiB/108.49 MiB                                                                      
[2026-05-18 18:30:40.111] [info]  
[2026-05-18 18:30:40.147] [info]  ⠇ Preparing packages... (91/95)
scipy                                  ------------------------------ 24.22 MiB/34.65 MiB
comfyui-workflow-templates-media-api   ------------------------------ 70.03 MiB/71.33 MiB
comfyui-workflow-templates-media-video ------------------------------ 83.81 MiB/90.13 MiB
torch                                  ------------------------------ 59.04 MiB/108.49 MiB                                                                      
[2026-05-18 18:30:40.155] [info]  
[2026-05-18 18:30:40.197] [info]  ⠇ Preparing packages... (91/95)
scipy                                  ------------------------------ 24.40 MiB/34.65 MiB
comfyui-workflow-templates-media-api   ------------------------------ 70.12 MiB/71.33 MiB
comfyui-workflow-templates-media-video ------------------------------ 83.91 MiB/90.13 MiB
torch                                  ------------------------------ 59.28 MiB/108.49 MiB                                                                      
[2026-05-18 18:30:40.206] [info]  
[2026-05-18 18:30:40.266] [info]  ⠇ Preparing packages... (91/95)
scipy                                  ------------------------------ 24.66 MiB/34.65 MiB
comfyui-workflow-templates-media-api   ------------------------------ 70.19 MiB/71.33 MiB
comfyui-workflow-templates-media-video ------------------------------ 83.97 MiB/90.13 MiB
torch                                  ------------------------------ 59.34 MiB/108.49 MiB                                                                      
[2026-05-18 18:30:40.275] [info]  
[2026-05-18 18:30:40.307] [info]  ⠋ Preparing packages... (91/95)
scipy                                  ------------------------------ 24.78 MiB/34.65 MiB
comfyui-workflow-templates-media-api   ------------------------------ 70.36 MiB/71.33 MiB
comfyui-workflow-templates-media-video ------------------------------ 84.03 MiB/90.13 MiB
torch                                  ------------------------------ 59.41 MiB/108.49 MiB                                                                      
[2026-05-18 18:30:40.315] [info]  
[2026-05-18 18:30:40.351] [info]  ⠋ Preparing packages... (91/95)
scipy                                  ------------------------------ 24.84 MiB/34.65 MiB
comfyui-workflow-templates-media-api   ------------------------------ 70.63 MiB/71.33 MiB
comfyui-workflow-templates-media-video ------------------------------ 84.11 MiB/90.13 MiB
torch                                  ------------------------------ 59.47 MiB/108.49 MiB                                                                      
[2026-05-18 18:30:40.361] [info]  
[2026-05-18 18:30:40.414] [info]  ⠋ Preparing packages... (91/95)
scipy                                  ------------------------------ 24.87 MiB/34.65 MiB
comfyui-workflow-templates-media-api   ------------------------------ 70.69 MiB/71.33 MiB
comfyui-workflow-templates-media-video ------------------------------ 84.34 MiB/90.13 MiB
torch                                  ------------------------------ 59.56 MiB/108.49 MiB                                                                      
[2026-05-18 18:30:40.422] [info]  
[2026-05-18 18:30:40.474] [info]  ⠋ Preparing packages... (91/95)
scipy                                  ------------------------------ 24.87 MiB/34.65 MiB
comfyui-workflow-templates-media-api   ------------------------------ 70.81 MiB/71.33 MiB
comfyui-workflow-templates-media-video ------------------------------ 84.51 MiB/90.13 MiB
torch                                  ------------------------------ 59.94 MiB/108.49 MiB                                                                      
[2026-05-18 18:30:40.483] [info]  
[2026-05-18 18:30:40.497] [info]  ⠙ Preparing packages... (91/95)
scipy                                  ------------------------------ 25.14 MiB/34.65 MiB
comfyui-workflow-templates-media-api   ------------------------------ 70.87 MiB/71.33 MiB
comfyui-workflow-templates-media-video ------------------------------ 84.52 MiB/90.13 MiB
torch                                  ------------------------------ 60.06 MiB/108.49 MiB                                                                      
[2026-05-18 18:30:40.506] [info]  
[2026-05-18 18:30:40.555] [info]  ⠙ Preparing packages... (91/95)
scipy                                  ------------------------------ 25.45 MiB/34.65 MiB
comfyui-workflow-templates-media-api   ------------------------------ 70.95 MiB/71.33 MiB
comfyui-workflow-templates-media-video ------------------------------ 84.53 MiB/90.13 MiB
torch                                  ------------------------------ 60.12 MiB/108.49 MiB                                                                      
[2026-05-18 18:30:40.564] [info]  
[2026-05-18 18:30:40.598] [info]  ⠙ Preparing packages... (91/95)
scipy                                  ------------------------------ 25.50 MiB/34.65 MiB
comfyui-workflow-templates-media-api   ------------------------------ 71.27 MiB/71.33 MiB
comfyui-workflow-templates-media-video ------------------------------ 84.54 MiB/90.13 MiB
torch                                  ------------------------------ 60.19 MiB/108.49 MiB                                                                      
[2026-05-18 18:30:40.607] [info]  
[2026-05-18 18:30:40.616] [info]  ⠙ Preparing packages... (91/95)
scipy                                  ------------------------------ 25.56 MiB/34.65 MiB
comfyui-workflow-templates-media-video ------------------------------ 84.55 MiB/90.13 MiB
torch                                  ------------------------------ 60.43 MiB/108.49 MiB                                                                                                                                                                                                                                      
[2026-05-18 18:30:40.647] [info]  ⠙ Preparing packages... (91/95)
scipy                                  ------------------------------ 25.66 MiB/34.65 MiB
comfyui-workflow-templates-media-video ------------------------------ 84.56 MiB/90.13 MiB
torch                                  ------------------------------ 60.62 MiB/108.49 MiB                                                                      
[2026-05-18 18:30:40.655] [info]  
[2026-05-18 18:30:40.720] [info]  ⠹ Preparing packages... (92/95)
scipy                                  ------------------------------ 26.03 MiB/34.65 MiB
comfyui-workflow-templates-media-video ------------------------------ 84.56 MiB/90.13 MiB
torch                                  ------------------------------ 60.79 MiB/108.49 MiB                                                                      
[2026-05-18 18:30:40.728] [info]  
[2026-05-18 18:30:40.761] [info]  ⠹ Preparing packages... (92/95)
scipy                                  ------------------------------ 26.11 MiB/34.65 MiB
comfyui-workflow-templates-media-video ------------------------------ 84.57 MiB/90.13 MiB
torch                                  ------------------------------ 61.08 MiB/108.49 MiB                                                                      
[2026-05-18 18:30:40.770] [info]  
[2026-05-18 18:30:40.801] [info]  ⠹ Preparing packages... (92/95)
scipy                                  ------------------------------ 26.48 MiB/34.65 MiB
comfyui-workflow-templates-media-video ------------------------------ 84.59 MiB/90.13 MiB
torch                                  ------------------------------ 61.11 MiB/108.49 MiB                                                                      
[2026-05-18 18:30:40.809] [info]  
[2026-05-18 18:30:40.847] [info]  ⠹ Preparing packages... (92/95)
scipy                                  ------------------------------ 26.87 MiB/34.65 MiB
comfyui-workflow-templates-media-video ------------------------------ 84.67 MiB/90.13 MiB
torch                                  ------------------------------ 61.19 MiB/108.49 MiB                                                                      
[2026-05-18 18:30:40.855] [info]  
[2026-05-18 18:30:40.897] [info]  ⠸ Preparing packages... (92/95)
scipy                                  ------------------------------ 26.88 MiB/34.65 MiB
comfyui-workflow-templates-media-video ------------------------------ 85.06 MiB/90.13 MiB
torch                                  ------------------------------ 61.45 MiB/108.49 MiB                                                                      
[2026-05-18 18:30:40.907] [info]  
[2026-05-18 18:30:40.966] [info]  ⠸ Preparing packages... (92/95)
scipy                                  ------------------------------ 26.89 MiB/34.65 MiB
comfyui-workflow-templates-media-video ------------------------------ 85.23 MiB/90.13 MiB
torch                                  ------------------------------ 61.70 MiB/108.49 MiB                                                                      
[2026-05-18 18:30:40.975] [info]  
[2026-05-18 18:30:41.013] [info]  ⠸ Preparing packages... (92/95)
scipy                                  ------------------------------ 26.94 MiB/34.65 MiB
comfyui-workflow-templates-media-video ------------------------------ 85.51 MiB/90.13 MiB
torch                                  ------------------------------ 61.85 MiB/108.49 MiB                                                                      
[2026-05-18 18:30:41.021] [info]  
[2026-05-18 18:30:41.055] [info]  ⠸ Preparing packages... (92/95)
scipy                                  ------------------------------ 27.04 MiB/34.65 MiB
comfyui-workflow-templates-media-video ------------------------------ 85.56 MiB/90.13 MiB
torch                                  ------------------------------ 62.16 MiB/108.49 MiB                                                                      
[2026-05-18 18:30:41.063] [info]  
[2026-05-18 18:30:41.097] [info]  ⠼ Preparing packages... (92/95)
scipy                                  ------------------------------ 27.37 MiB/34.65 MiB
comfyui-workflow-templates-media-video ------------------------------ 85.62 MiB/90.13 MiB
torch                                  ------------------------------ 62.22 MiB/108.49 MiB                                                                      
[2026-05-18 18:30:41.106] [info]  
[2026-05-18 18:30:41.147] [info]  ⠼ Preparing packages... (92/95)
scipy                                  ------------------------------ 27.50 MiB/34.65 MiB
comfyui-workflow-templates-media-video ------------------------------ 86.04 MiB/90.13 MiB
torch                                  ------------------------------ 62.34 MiB/108.49 MiB                                                                      
[2026-05-18 18:30:41.156] [info]  
[2026-05-18 18:30:41.222] [info]  ⠼ Preparing packages... (92/95)
scipy                                  ------------------------------ 27.61 MiB/34.65 MiB
comfyui-workflow-templates-media-video ------------------------------ 86.12 MiB/90.13 MiB
torch                                  ------------------------------ 62.76 MiB/108.49 MiB                                                                      
[2026-05-18 18:30:41.231] [info]  
[2026-05-18 18:30:41.252] [info]  ⠼ Preparing packages... (92/95)
scipy                                  ------------------------------ 27.78 MiB/34.65 MiB
comfyui-workflow-templates-media-video ------------------------------ 86.19 MiB/90.13 MiB
torch                                  ------------------------------ 62.81 MiB/108.49 MiB                                                                      
[2026-05-18 18:30:41.261] [info]  
[2026-05-18 18:30:41.297] [info]  ⠴ Preparing packages... (92/95)
scipy                                  ------------------------------ 27.94 MiB/34.65 MiB
comfyui-workflow-templates-media-video ------------------------------ 86.41 MiB/90.13 MiB
torch                                  ------------------------------ 62.87 MiB/108.49 MiB                                                                      
[2026-05-18 18:30:41.305] [info]  
[2026-05-18 18:30:41.347] [info]  ⠴ Preparing packages... (92/95)
scipy                                  ------------------------------ 28.09 MiB/34.65 MiB
comfyui-workflow-templates-media-video ------------------------------ 86.69 MiB/90.13 MiB
torch                                  ------------------------------ 63.02 MiB/108.49 MiB                                                                      
[2026-05-18 18:30:41.355] [info]  
[2026-05-18 18:30:41.398] [info]  ⠴ Preparing packages... (92/95)
scipy                                  ------------------------------ 28.36 MiB/34.65 MiB
comfyui-workflow-templates-media-video ------------------------------ 86.78 MiB/90.13 MiB
torch                                  ------------------------------ 63.34 MiB/108.49 MiB                                                                      
[2026-05-18 18:30:41.406] [info]  
[2026-05-18 18:30:41.467] [info]  ⠴ Preparing packages... (92/95)
scipy                                  ------------------------------ 28.55 MiB/34.65 MiB
comfyui-workflow-templates-media-video ------------------------------ 86.97 MiB/90.13 MiB
torch                                  ------------------------------ 63.41 MiB/108.49 MiB                                                                      
[2026-05-18 18:30:41.476] [info]  
[2026-05-18 18:30:41.508] [info]  ⠦ Preparing packages... (92/95)
scipy                                  ------------------------------ 28.59 MiB/34.65 MiB
comfyui-workflow-templates-media-video ------------------------------ 87.26 MiB/90.13 MiB
torch                                  ------------------------------ 63.47 MiB/108.49 MiB                                                                      
[2026-05-18 18:30:41.517] [info]  
[2026-05-18 18:30:41.550] [info]  ⠦ Preparing packages... (92/95)
scipy                                  ------------------------------ 28.66 MiB/34.65 MiB
comfyui-workflow-templates-media-video ------------------------------ 87.31 MiB/90.13 MiB
torch                                  ------------------------------ 63.78 MiB/108.49 MiB                                                                      
[2026-05-18 18:30:41.558] [info]  
[2026-05-18 18:30:41.598] [info]  ⠦ Preparing packages... (92/95)
scipy                                  ------------------------------ 29.01 MiB/34.65 MiB
comfyui-workflow-templates-media-video ------------------------------ 87.41 MiB/90.13 MiB
torch                                  ------------------------------ 63.97 MiB/108.49 MiB                                                                      
[2026-05-18 18:30:41.607] [info]  
[2026-05-18 18:30:41.673] [info]  ⠦ Preparing packages... (92/95)
scipy                                  ------------------------------ 29.13 MiB/34.65 MiB
comfyui-workflow-templates-media-video ------------------------------ 87.80 MiB/90.13 MiB
torch                                  ------------------------------ 64.06 MiB/108.49 MiB                                                                      
[2026-05-18 18:30:41.682] [info]  
[2026-05-18 18:30:41.698] [info]  ⠧ Preparing packages... (92/95)
scipy                                  ------------------------------ 29.14 MiB/34.65 MiB
comfyui-workflow-templates-media-video ------------------------------ 87.84 MiB/90.13 MiB
torch                                  ------------------------------ 64.41 MiB/108.49 MiB                                                                      
[2026-05-18 18:30:41.706] [info]  
[2026-05-18 18:30:41.755] [info]  ⠧ Preparing packages... (92/95)
scipy                                  ------------------------------ 29.16 MiB/34.65 MiB
comfyui-workflow-templates-media-video ------------------------------ 88.14 MiB/90.13 MiB
torch                                  ------------------------------ 64.50 MiB/108.49 MiB                                                                      
[2026-05-18 18:30:41.764] [info]  
[2026-05-18 18:30:41.797] [info]  ⠧ Preparing packages... (92/95)
scipy                                  ------------------------------ 29.22 MiB/34.65 MiB
comfyui-workflow-templates-media-video ------------------------------ 88.28 MiB/90.13 MiB
torch                                  ------------------------------ 64.74 MiB/108.49 MiB                                                                      
[2026-05-18 18:30:41.806] [info]  
[2026-05-18 18:30:41.847] [info]  ⠧ Preparing packages... (92/95)
scipy                                  ------------------------------ 29.48 MiB/34.65 MiB
comfyui-workflow-templates-media-video ------------------------------ 88.41 MiB/90.13 MiB
torch                                  ------------------------------ 65.03 MiB/108.49 MiB                                                                      
[2026-05-18 18:30:41.856] [info]  
[2026-05-18 18:30:41.898] [info]  ⠇ Preparing packages... (92/95)
scipy                                  ------------------------------ 29.72 MiB/34.65 MiB
comfyui-workflow-templates-media-video ------------------------------ 88.70 MiB/90.13 MiB
torch                                  ------------------------------ 65.09 MiB/108.49 MiB                                                                      
[2026-05-18 18:30:41.908] [info]  
[2026-05-18 18:30:41.964] [info]  ⠇ Preparing packages... (92/95)
scipy                                  ------------------------------ 29.78 MiB/34.65 MiB
comfyui-workflow-templates-media-video ------------------------------ 88.87 MiB/90.13 MiB
torch                                  ------------------------------ 65.29 MiB/108.49 MiB                                                                      
[2026-05-18 18:30:41.974] [info]  
[2026-05-18 18:30:42.008] [info]  ⠇ Preparing packages... (92/95)
scipy                                  ------------------------------ 29.95 MiB/34.65 MiB
comfyui-workflow-templates-media-video ------------------------------ 88.88 MiB/90.13 MiB
torch                                  ------------------------------ 65.58 MiB/108.49 MiB                                                                      
[2026-05-18 18:30:42.016] [info]  
[2026-05-18 18:30:42.049] [info]  ⠇ Preparing packages... (92/95)
scipy                                  ------------------------------ 30.23 MiB/34.65 MiB
comfyui-workflow-templates-media-video ------------------------------ 88.89 MiB/90.13 MiB
torch                                  ------------------------------ 65.69 MiB/108.49 MiB                                                                      
[2026-05-18 18:30:42.059] [info]  
[2026-05-18 18:30:42.097] [info]  ⠇ Preparing packages... (92/95)
scipy                                  ------------------------------ 30.44 MiB/34.65 MiB
comfyui-workflow-templates-media-video ------------------------------ 88.97 MiB/90.13 MiB
torch                                  ------------------------------ 66.06 MiB/108.49 MiB                                                                      
[2026-05-18 18:30:42.106] [info]  
[2026-05-18 18:30:42.173] [info]  ⠋ Preparing packages... (92/95)
scipy                                  ------------------------------ 30.73 MiB/34.65 MiB
comfyui-workflow-templates-media-video ------------------------------ 89.13 MiB/90.13 MiB
torch                                  ------------------------------ 66.12 MiB/108.49 MiB                                                                      
[2026-05-18 18:30:42.182] [info]  
[2026-05-18 18:30:42.216] [info]  ⠋ Preparing packages... (92/95)
scipy                                  ------------------------------ 30.81 MiB/34.65 MiB
comfyui-workflow-templates-media-video ------------------------------ 89.48 MiB/90.13 MiB
torch                                  ------------------------------ 66.23 MiB/108.49 MiB                                                                      
[2026-05-18 18:30:42.224] [info]  
[2026-05-18 18:30:42.256] [info]  ⠋ Preparing packages... (92/95)
scipy                                  ------------------------------ 30.87 MiB/34.65 MiB
comfyui-workflow-templates-media-video ------------------------------ 89.53 MiB/90.13 MiB
torch                                  ------------------------------ 66.51 MiB/108.49 MiB                                                                      
[2026-05-18 18:30:42.265] [info]  
[2026-05-18 18:30:42.297] [info]  ⠋ Preparing packages... (92/95)
scipy                                  ------------------------------ 31.07 MiB/34.65 MiB
comfyui-workflow-templates-media-video ------------------------------ 89.59 MiB/90.13 MiB
torch                                  ------------------------------ 66.65 MiB/108.49 MiB                                                                      
[2026-05-18 18:30:42.306] [info]  
[2026-05-18 18:30:42.347] [info]  ⠙ Preparing packages... (92/95)
scipy                                  ------------------------------ 31.37 MiB/34.65 MiB
comfyui-workflow-templates-media-video ------------------------------ 89.84 MiB/90.13 MiB
torch                                  ------------------------------ 66.78 MiB/108.49 MiB                                                                      
[2026-05-18 18:30:42.356] [info]  
[2026-05-18 18:30:42.420] [info]  ⠙ Preparing packages... (92/95)
scipy                                  ------------------------------ 31.44 MiB/34.65 MiB
comfyui-workflow-templates-media-video ------------------------------ 90.06 MiB/90.13 MiB
torch                                  ------------------------------ 67.01 MiB/108.49 MiB                                                                      
[2026-05-18 18:30:42.429] [info]  
[2026-05-18 18:30:42.438] [info]  ⠙ Preparing packages... (92/95)
scipy                                  ------------------------------ 31.56 MiB/34.65 MiB
torch                                  ------------------------------ 67.21 MiB/108.49 MiB                                                                                                                                                                                                                                      
[2026-05-18 18:30:42.461] [info]  ⠙ Preparing packages... (92/95)
scipy                                  ------------------------------ 31.57 MiB/34.65 MiB
torch                                  ------------------------------ 67.21 MiB/108.49 MiB                                                                      
[2026-05-18 18:30:42.470] [info]  
[2026-05-18 18:30:42.500] [info]  ⠹ Preparing packages... (93/95)
scipy                                  ------------------------------ 31.91 MiB/34.65 MiB
torch                                  ------------------------------ 67.35 MiB/108.49 MiB                                                                      
[2026-05-18 18:30:42.508] [info]  
[2026-05-18 18:30:42.547] [info]  ⠹ Preparing packages... (93/95)
scipy                                  ------------------------------ 32.06 MiB/34.65 MiB
torch                                  ------------------------------ 67.68 MiB/108.49 MiB                                                                      
[2026-05-18 18:30:42.556] [info]  
[2026-05-18 18:30:42.597] [info]  ⠹ Preparing packages... (93/95)
scipy                                  ------------------------------ 32.41 MiB/34.65 MiB
torch                                  ------------------------------ 68.01 MiB/108.49 MiB                                                                      
[2026-05-18 18:30:42.606] [info]  
[2026-05-18 18:30:42.671] [info]  ⠹ Preparing packages... (93/95)
scipy                                  ------------------------------ 32.78 MiB/34.65 MiB
torch                                  ------------------------------ 68.19 MiB/108.49 MiB                                                                      
[2026-05-18 18:30:42.680] [info]  
[2026-05-18 18:30:42.701] [info]  ⠸ Preparing packages... (93/95)
scipy                                  ------------------------------ 32.84 MiB/34.65 MiB
torch                                  ------------------------------ 68.51 MiB/108.49 MiB                                                                      
[2026-05-18 18:30:42.716] [info]  
[2026-05-18 18:30:42.752] [info]  ⠸ Preparing packages... (93/95)
scipy                                  ------------------------------ 33.13 MiB/34.65 MiB
torch                                  ------------------------------ 68.66 MiB/108.49 MiB                                                                      
[2026-05-18 18:30:42.761] [info]  
[2026-05-18 18:30:42.797] [info]  ⠸ Preparing packages... (93/95)
scipy                                  ------------------------------ 33.29 MiB/34.65 MiB
torch                                  ------------------------------ 69.04 MiB/108.49 MiB                                                                      
[2026-05-18 18:30:42.806] [info]  
[2026-05-18 18:30:42.847] [info]  ⠸ Preparing packages... (93/95)
scipy                                  ------------------------------ 33.48 MiB/34.65 MiB
torch                                  ------------------------------ 69.50 MiB/108.49 MiB                                                                      
[2026-05-18 18:30:42.856] [info]  
[2026-05-18 18:30:42.903] [info]  ⠼ Preparing packages... (93/95)
scipy                                  ------------------------------ 33.72 MiB/34.65 MiB
torch                                  ------------------------------ 69.63 MiB/108.49 MiB                                                                      
[2026-05-18 18:30:42.912] [info]  
[2026-05-18 18:30:42.957] [info]  ⠼ Preparing packages... (93/95)
scipy                                  ------------------------------ 33.85 MiB/34.65 MiB
torch                                  ------------------------------ 69.92 MiB/108.49 MiB                                                                      
[2026-05-18 18:30:42.965] [info]  
[2026-05-18 18:30:42.997] [info]  ⠼ Preparing packages... (93/95)
scipy                                  ------------------------------ 34.19 MiB/34.65 MiB
torch                                  ------------------------------ 70.00 MiB/108.49 MiB                                                                      
[2026-05-18 18:30:43.006] [info]  
[2026-05-18 18:30:43.048] [info]  ⠼ Preparing packages... (93/95)
scipy                                  ------------------------------ 34.39 MiB/34.65 MiB
torch                                  ------------------------------ 70.44 MiB/108.49 MiB                                                                      
[2026-05-18 18:30:43.057] [info]  
[2026-05-18 18:30:43.159] [info]  ⠴ Preparing packages... (93/95)
scipy                                  ------------------------------ 34.65 MiB/34.65 MiB
torch                                  ------------------------------ 70.47 MiB/108.49 MiB                                                                      
[2026-05-18 18:30:43.231] [info]  ⠴ Preparing packages... (93/95)
torch                                  ------------------------------ 70.47 MiB/108.49 MiB                                                                                                                                                                                                                                      
[2026-05-18 18:30:43.240] [info]  ⠴ Preparing packages... (93/95)
torch                                  ------------------------------ 70.48 MiB/108.49 MiB                                                                      
[2026-05-18 18:30:43.248] [info]  ⠴ Preparing packages... (93/95)
torch                                  ------------------------------ 71.59 MiB/108.49 MiB                                                                      
[2026-05-18 18:30:43.297] [info]  ⠴ Preparing packages... (93/95)
torch                                  ------------------------------ 72.41 MiB/108.49 MiB                                                                      
[2026-05-18 18:30:43.306] [info]  
[2026-05-18 18:30:43.347] [info]  ⠦ Preparing packages... (94/95)
torch                                  ------------------------------ 73.09 MiB/108.49 MiB                                                                      
[2026-05-18 18:30:43.356] [info]  
[2026-05-18 18:30:43.422] [info]  ⠦ Preparing packages... (94/95)
torch                                  ------------------------------ 73.67 MiB/108.49 MiB                                                                      
[2026-05-18 18:30:43.430] [info]  
[2026-05-18 18:30:43.463] [info]  ⠦ Preparing packages... (94/95)
torch                                  ------------------------------ 74.08 MiB/108.49 MiB                                                                      
[2026-05-18 18:30:43.471] [info]  
[2026-05-18 18:30:43.503] [info]  ⠦ Preparing packages... (94/95)
torch                                  ------------------------------ 74.48 MiB/108.49 MiB                                                                      
[2026-05-18 18:30:43.512] [info]  
[2026-05-18 18:30:43.547] [info]  ⠧ Preparing packages... (94/95)
torch                                  ------------------------------ 74.98 MiB/108.49 MiB                                                                      
[2026-05-18 18:30:43.556] [info]  
[2026-05-18 18:30:43.597] [info]  ⠧ Preparing packages... (94/95)
torch                                  ------------------------------ 75.66 MiB/108.49 MiB                                                                      
[2026-05-18 18:30:43.606] [info]  
[2026-05-18 18:30:43.684] [info]  ⠧ Preparing packages... (94/95)
torch                                  ------------------------------ 76.26 MiB/108.49 MiB                                                                      
[2026-05-18 18:30:43.718] [info]  ⠧ Preparing packages... (94/95)
torch                                  ------------------------------ 76.80 MiB/108.49 MiB                                                                      
[2026-05-18 18:30:43.727] [info]  
[2026-05-18 18:30:43.762] [info]  ⠇ Preparing packages... (94/95)
torch                                  ------------------------------ 77.23 MiB/108.49 MiB                                                                      
[2026-05-18 18:30:43.771] [info]  
[2026-05-18 18:30:43.805] [info]  ⠇ Preparing packages... (94/95)
torch                                  ------------------------------ 77.73 MiB/108.49 MiB                                                                      
[2026-05-18 18:30:43.813] [info]  
[2026-05-18 18:30:43.847] [info]  ⠇ Preparing packages... (94/95)
torch                                  ------------------------------ 78.16 MiB/108.49 MiB                                                                      
[2026-05-18 18:30:43.856] [info]  
[2026-05-18 18:30:43.897] [info]  ⠇ Preparing packages... (94/95)
torch                                  ------------------------------ 78.86 MiB/108.49 MiB                                                                      
[2026-05-18 18:30:43.906] [info]  
[2026-05-18 18:30:43.969] [info]  ⠋ Preparing packages... (94/95)
torch                                  ------------------------------ 79.36 MiB/108.49 MiB                                                                      
[2026-05-18 18:30:43.978] [info]  
[2026-05-18 18:30:44.016] [info]  ⠋ Preparing packages... (94/95)
torch                                  ------------------------------ 79.83 MiB/108.49 MiB                                                                      
[2026-05-18 18:30:44.025] [info]  
[2026-05-18 18:30:44.058] [info]  ⠋ Preparing packages... (94/95)
torch                                  ------------------------------ 80.20 MiB/108.49 MiB                                                                      
[2026-05-18 18:30:44.066] [info]  
[2026-05-18 18:30:44.099] [info]  ⠋ Preparing packages... (94/95)
torch                                  ------------------------------ 80.63 MiB/108.49 MiB                                                                      
[2026-05-18 18:30:44.107] [info]  
[2026-05-18 18:30:44.147] [info]  ⠙ Preparing packages... (94/95)
torch                                  ------------------------------ 81.30 MiB/108.49 MiB                                                                      
[2026-05-18 18:30:44.156] [info]  
[2026-05-18 18:30:44.197] [info]  ⠙ Preparing packages... (94/95)
torch                                  ------------------------------ 81.96 MiB/108.49 MiB                                                                      
[2026-05-18 18:30:44.206] [info]  
[2026-05-18 18:30:44.269] [info]  ⠙ Preparing packages... (94/95)
torch                                  ------------------------------ 82.42 MiB/108.49 MiB                                                                      
[2026-05-18 18:30:44.278] [info]  
[2026-05-18 18:30:44.309] [info]  ⠙ Preparing packages... (94/95)
torch                                  ------------------------------ 82.82 MiB/108.49 MiB                                                                      
[2026-05-18 18:30:44.318] [info]  
[2026-05-18 18:30:44.351] [info]  ⠹ Preparing packages... (94/95)
torch                                  ------------------------------ 83.26 MiB/108.49 MiB                                                                      
[2026-05-18 18:30:44.360] [info]  
[2026-05-18 18:30:44.399] [info]  ⠹ Preparing packages... (94/95)
torch                                  ------------------------------ 83.86 MiB/108.49 MiB                                                                      
[2026-05-18 18:30:44.408] [info]  
[2026-05-18 18:30:44.447] [info]  ⠹ Preparing packages... (94/95)
torch                                  ------------------------------ 84.51 MiB/108.49 MiB                                                                      
[2026-05-18 18:30:44.456] [info]  
[2026-05-18 18:30:44.519] [info]  ⠹ Preparing packages... (94/95)
torch                                  ------------------------------ 85.04 MiB/108.49 MiB                                                                      
[2026-05-18 18:30:44.528] [info]  
[2026-05-18 18:30:44.562] [info]  ⠸ Preparing packages... (94/95)
torch                                  ------------------------------ 85.48 MiB/108.49 MiB                                                                      
[2026-05-18 18:30:44.571] [info]  
[2026-05-18 18:30:44.619] [info]  ⠸ Preparing packages... (94/95)
torch                                  ------------------------------ 85.95 MiB/108.49 MiB                                                                      
[2026-05-18 18:30:44.628] [info]  
[2026-05-18 18:30:44.663] [info]  ⠸ Preparing packages... (94/95)
torch                                  ------------------------------ 86.48 MiB/108.49 MiB                                                                      
[2026-05-18 18:30:44.671] [info]  
[2026-05-18 18:30:44.703] [info]  ⠸ Preparing packages... (94/95)
torch                                  ------------------------------ 86.86 MiB/108.49 MiB                                                                      
[2026-05-18 18:30:44.712] [info]  
[2026-05-18 18:30:44.747] [info]  ⠼ Preparing packages... (94/95)
torch                                  ------------------------------ 87.34 MiB/108.49 MiB                                                                      
[2026-05-18 18:30:44.755] [info]  
[2026-05-18 18:30:44.797] [info]  ⠼ Preparing packages... (94/95)
torch                                  ------------------------------ 88.04 MiB/108.49 MiB                                                                      
[2026-05-18 18:30:44.806] [info]  
[2026-05-18 18:30:44.874] [info]  ⠼ Preparing packages... (94/95)
torch                                  ------------------------------ 88.69 MiB/108.49 MiB                                                                      
[2026-05-18 18:30:44.882] [info]  
[2026-05-18 18:30:44.914] [info]  ⠼ Preparing packages... (94/95)
torch                                  ------------------------------ 89.08 MiB/108.49 MiB                                                                      
[2026-05-18 18:30:44.922] [info]  
[2026-05-18 18:30:44.957] [info]  ⠴ Preparing packages... (94/95)
torch                                  ------------------------------ 89.55 MiB/108.49 MiB                                                                      
[2026-05-18 18:30:44.965] [info]  
[2026-05-18 18:30:44.999] [info]  ⠴ Preparing packages... (94/95)
torch                                  ------------------------------ 90.01 MiB/108.49 MiB                                                                      
[2026-05-18 18:30:45.007] [info]  
[2026-05-18 18:30:45.049] [info]  ⠴ Preparing packages... (94/95)
torch                                  ------------------------------ 90.61 MiB/108.49 MiB                                                                      
[2026-05-18 18:30:45.057] [info]  
[2026-05-18 18:30:45.097] [info]  ⠴ Preparing packages... (94/95)
torch                                  ------------------------------ 91.26 MiB/108.49 MiB                                                                      
[2026-05-18 18:30:45.106] [info]  
[2026-05-18 18:30:45.164] [info]  ⠦ Preparing packages... (94/95)
torch                                  ------------------------------ 91.64 MiB/108.49 MiB                                                                      
[2026-05-18 18:30:45.172] [info]  
[2026-05-18 18:30:45.207] [info]  ⠦ Preparing packages... (94/95)
torch                                  ------------------------------ 92.11 MiB/108.49 MiB                                                                      
[2026-05-18 18:30:45.215] [info]  
[2026-05-18 18:30:45.250] [info]  ⠦ Preparing packages... (94/95)
torch                                  ------------------------------ 92.61 MiB/108.49 MiB                                                                      
[2026-05-18 18:30:45.259] [info]  
[2026-05-18 18:30:45.297] [info]  ⠦ Preparing packages... (94/95)
torch                                  ------------------------------ 93.21 MiB/108.49 MiB                                                                      
[2026-05-18 18:30:45.305] [info]  
[2026-05-18 18:30:45.347] [info]  ⠧ Preparing packages... (94/95)
torch                                  ------------------------------ 93.91 MiB/108.49 MiB                                                                      
[2026-05-18 18:30:45.418] [info]  ⠧ Preparing packages... (94/95)
torch                                  ------------------------------ 94.35 MiB/108.49 MiB                                                                      
[2026-05-18 18:30:45.427] [info]  
[2026-05-18 18:30:45.460] [info]  ⠧ Preparing packages... (94/95)
torch                                  ------------------------------ 94.79 MiB/108.49 MiB                                                                      
[2026-05-18 18:30:45.469] [info]  
[2026-05-18 18:30:45.502] [info]  ⠧ Preparing packages... (94/95)
torch                                  ------------------------------ 95.20 MiB/108.49 MiB                                                                      
[2026-05-18 18:30:45.512] [info]  
[2026-05-18 18:30:45.547] [info]  ⠇ Preparing packages... (94/95)
torch                                  ------------------------------ 95.79 MiB/108.49 MiB                                                                      
[2026-05-18 18:30:45.556] [info]  
[2026-05-18 18:30:45.626] [info]  ⠇ Preparing packages... (94/95)
torch                                  ------------------------------ 96.42 MiB/108.49 MiB                                                                      
[2026-05-18 18:30:45.635] [info]  
[2026-05-18 18:30:45.669] [info]  ⠇ Preparing packages... (94/95)
torch                                  ------------------------------ 96.88 MiB/108.49 MiB                                                                      
[2026-05-18 18:30:45.677] [info]  
[2026-05-18 18:30:45.712] [info]  ⠇ Preparing packages... (94/95)
torch                                  ------------------------------ 97.39 MiB/108.49 MiB                                                                      
[2026-05-18 18:30:45.721] [info]  
[2026-05-18 18:30:45.753] [info]  ⠋ Preparing packages... (94/95)
torch                                  ------------------------------ 97.79 MiB/108.49 MiB                                                                      
[2026-05-18 18:30:45.762] [info]  
[2026-05-18 18:30:45.797] [info]  ⠋ Preparing packages... (94/95)
torch                                  ------------------------------ 98.32 MiB/108.49 MiB                                                                      
[2026-05-18 18:30:45.805] [info]  
[2026-05-18 18:30:45.917] [info]  ⠋ Preparing packages... (94/95)
torch                                  ------------------------------ 98.56 MiB/108.49 MiB                                                                      
[2026-05-18 18:30:45.926] [info]  ⠋ Preparing packages... (94/95)
torch                                  ------------------------------ 98.57 MiB/108.49 MiB                                                                      
[2026-05-18 18:30:45.962] [info]  ⠙ Preparing packages... (94/95)
torch                                  ------------------------------ 99.98 MiB/108.49 MiB                                                                      
[2026-05-18 18:30:45.971] [info]  
[2026-05-18 18:30:46.004] [info]  ⠙ Preparing packages... (94/95)
torch                                  ------------------------------ 100.42 MiB/108.49 MiB                                                                     
[2026-05-18 18:30:46.013] [info]  
[2026-05-18 18:30:46.047] [info]  ⠙ Preparing packages... (94/95)
torch                                  ------------------------------ 100.90 MiB/108.49 MiB                                                                     
[2026-05-18 18:30:46.056] [info]  
[2026-05-18 18:30:46.097] [info]  ⠙ Preparing packages... (94/95)
torch                                  ------------------------------ 101.50 MiB/108.49 MiB                                                                     
[2026-05-18 18:30:46.106] [info]  
[2026-05-18 18:30:46.171] [info]  ⠹ Preparing packages... (94/95)
torch                                  ------------------------------ 102.16 MiB/108.49 MiB                                                                     
[2026-05-18 18:30:46.179] [info]  
[2026-05-18 18:30:46.213] [info]  ⠹ Preparing packages... (94/95)
torch                                  ------------------------------ 102.58 MiB/108.49 MiB                                                                     
[2026-05-18 18:30:46.221] [info]  
[2026-05-18 18:30:46.254] [info]  ⠹ Preparing packages... (94/95)
torch                                  ------------------------------ 102.98 MiB/108.49 MiB                                                                     
[2026-05-18 18:30:46.263] [info]  
[2026-05-18 18:30:46.297] [info]  ⠹ Preparing packages... (94/95)
torch                                  ------------------------------ 103.45 MiB/108.49 MiB                                                                     
[2026-05-18 18:30:46.306] [info]  
[2026-05-18 18:30:46.348] [info]  ⠸ Preparing packages... (94/95)
torch                                  ------------------------------ 104.05 MiB/108.49 MiB                                                                     
[2026-05-18 18:30:46.356] [info]  
[2026-05-18 18:30:46.408] [info]  ⠸ Preparing packages... (94/95)
torch                                  ------------------------------ 104.26 MiB/108.49 MiB                                                                     
[2026-05-18 18:30:46.417] [info]  
[2026-05-18 18:30:46.453] [info]  ⠸ Preparing packages... (94/95)
torch                                  ------------------------------ 104.46 MiB/108.49 MiB                                                                     
[2026-05-18 18:30:46.462] [info]  
[2026-05-18 18:30:46.497] [info]  ⠸ Preparing packages... (94/95)
torch                                  ------------------------------ 104.55 MiB/108.49 MiB                                                                     
[2026-05-18 18:30:46.505] [info]  
[2026-05-18 18:30:46.548] [info]  ⠼ Preparing packages... (94/95)
torch                                  ------------------------------ 104.80 MiB/108.49 MiB                                                                     
[2026-05-18 18:30:46.556] [info]  
[2026-05-18 18:30:46.600] [info]  ⠼ Preparing packages... (94/95)
torch                                  ------------------------------ 104.98 MiB/108.49 MiB                                                                     
[2026-05-18 18:30:46.609] [info]  
[2026-05-18 18:30:46.647] [info]  ⠼ Preparing packages... (94/95)
torch                                  ------------------------------ 105.08 MiB/108.49 MiB                                                                     
[2026-05-18 18:30:46.656] [info]  
[2026-05-18 18:30:46.699] [info]  ⠼ Preparing packages... (94/95)
torch                                  ------------------------------ 105.58 MiB/108.49 MiB                                                                     
[2026-05-18 18:30:46.708] [info]  
[2026-05-18 18:30:46.748] [info]  ⠴ Preparing packages... (94/95)
torch                                  ------------------------------ 105.86 MiB/108.49 MiB                                                                     
[2026-05-18 18:30:46.757] [info]  
[2026-05-18 18:30:46.798] [info]  ⠴ Preparing packages... (94/95)
torch                                  ------------------------------ 106.09 MiB/108.49 MiB                                                                     
[2026-05-18 18:30:46.806] [info]  
[2026-05-18 18:30:46.850] [info]  ⠴ Preparing packages... (94/95)
torch                                  ------------------------------ 106.27 MiB/108.49 MiB                                                                     
[2026-05-18 18:30:46.859] [info]  
[2026-05-18 18:30:46.898] [info]  ⠴ Preparing packages... (94/95)
torch                                  ------------------------------ 106.51 MiB/108.49 MiB                                                                     
[2026-05-18 18:30:46.906] [info]  
[2026-05-18 18:30:46.955] [info]  ⠦ Preparing packages... (94/95)
torch                                  ------------------------------ 106.69 MiB/108.49 MiB                                                                     
[2026-05-18 18:30:46.964] [info]  
[2026-05-18 18:30:46.999] [info]  ⠦ Preparing packages... (94/95)
torch                                  ------------------------------ 106.90 MiB/108.49 MiB                                                                     
[2026-05-18 18:30:47.007] [info]  
[2026-05-18 18:30:47.028] [info]  ⠦ Preparing packages... (94/95)                                                                                                                                                                                                                 
[2026-05-18 18:30:47.037] [info]  Prepared 95 packages in 1m 00s
░░░░░░░░░░░░░░░░░░░░ [0/95] Installing wheels...                                
[2026-05-18 18:30:47.063] [info]  ░░░░░░░░░░░░░░░░░░░░ [0/95] packaging==26.0                                     
[2026-05-18 18:30:47.072] [info]  ░░░░░░░░░░░░░░░░░░░░ [3/95] filelock==3.20.3                                    
[2026-05-18 18:30:47.084] [info]  ░░░░░░░░░░░░░░░░░░░░ [3/95] shellingham==1.5.4                                  
[2026-05-18 18:30:47.094] [info]  █░░░░░░░░░░░░░░░░░░░ [6/95] attrs==25.4.0                                       
[2026-05-18 18:30:47.102] [info]  █░░░░░░░░░░░░░░░░░░░ [7/95] pycparser==3.0                                      
[2026-05-18 18:30:47.118] [info]  █░░░░░░░░░░░░░░░░░░░ [7/95] mdurl==0.1.2                                        
[2026-05-18 18:30:47.127] [info]  █░░░░░░░░░░░░░░░░░░░ [8/95] comfy-aimdo==0.3.0                                  
[2026-05-18 18:30:47.136] [info]  █░░░░░░░░░░░░░░░░░░░ [9/95] gitdb==4.0.12                                       
[2026-05-18 18:30:47.158] [info]  ██░░░░░░░░░░░░░░░░░░ [12/95] typer==0.21.1                                      
[2026-05-18 18:30:47.167] [info]  
[2026-05-18 18:30:47.338] [info]  ██░░░░░░░░░░░░░░░░░░ [13/95] colorama==0.4.6                                    
[2026-05-18 18:30:47.346] [info]  ██░░░░░░░░░░░░░░░░░░ [14/95] colorama==0.4.6                                    
[2026-05-18 18:30:47.663] [info]  ██░░░░░░░░░░░░░░░░░░ [14/95] comfy-kitchen==0.2.8                               
[2026-05-18 18:30:47.673] [info]  ███░░░░░░░░░░░░░░░░░ [16/95] typer-slim==0.21.1                                 
[2026-05-18 18:30:47.682] [info]  ███░░░░░░░░░░░░░░░░░ [17/95] multidict==6.7.1                                   
[2026-05-18 18:30:47.691] [info]  ███░░░░░░░░░░░░░░░░░ [18/95] trampoline==0.1.2                                  
[2026-05-18 18:30:47.701] [info]  ███░░░░░░░░░░░░░░░░░ [18/95] chardet==5.2.0                                     
[2026-05-18 18:30:47.736] [info]  ████░░░░░░░░░░░░░░░░ [23/95] anyio==4.12.1                                      
[2026-05-18 18:30:47.745] [info]  
[2026-05-18 18:30:47.790] [info]  █████░░░░░░░░░░░░░░░ [27/95] jinja2==3.1.6                                      
[2026-05-18 18:30:47.798] [info]  
[2026-05-18 18:30:47.870] [info]  ██████░░░░░░░░░░░░░░ [32/95] einops==0.8.2                                      
[2026-05-18 18:30:47.901] [info]  ███████░░░░░░░░░░░░░ [36/95] simpleeval==1.0.3                                  
[2026-05-18 18:30:47.914] [info]  
[2026-05-18 18:30:47.939] [info]  ███████░░░░░░░░░░░░░ [37/95] comfyui-manager==4.2.1                             
[2026-05-18 18:30:47.948] [info]  
[2026-05-18 18:30:47.984] [info]  █████████░░░░░░░░░░░ [43/95] pydantic-settings==2.12.0                          
[2026-05-18 18:30:47.993] [info]  
[2026-05-18 18:30:48.034] [info]  █████████░░░░░░░░░░░ [47/95] charset-normalizer==3.4.4                          
[2026-05-18 18:30:48.042] [info]  
[2026-05-18 18:30:48.087] [info]  ██████████░░░░░░░░░░ [51/95] aiohttp==3.13.3                                    
[2026-05-18 18:30:48.096] [info]  
[2026-05-18 18:30:48.156] [info]  ███████████░░░░░░░░░ [55/95] h11==0.16.0                                        
[2026-05-18 18:30:48.164] [info]  
[2026-05-18 18:30:48.208] [info]  ███████████░░░░░░░░░ [56/95] alembic==1.18.3                                    
[2026-05-18 18:30:48.217] [info]  
[2026-05-18 18:30:48.240] [info]  ████████████░░░░░░░░ [58/95] yarl==1.22.0                                       
[2026-05-18 18:30:48.250] [info]  
[2026-05-18 18:30:48.291] [info]  ████████████░░░░░░░░ [60/95] fsspec==2026.1.0                                   
[2026-05-18 18:30:48.300] [info]  
[2026-05-18 18:30:48.334] [info]  █████████████░░░░░░░ [62/95] certifi==2026.1.4                                  
[2026-05-18 18:30:48.343] [info]  
[2026-05-18 18:30:49.138] [info]  █████████████░░░░░░░ [66/95] greenlet==3.3.1                                    
[2026-05-18 18:30:49.147] [info]  ██████████████░░░░░░ [67/95] greenlet==3.3.1                                    
[2026-05-18 18:30:49.333] [info]  ██████████████░░░░░░ [67/95] pygithub==2.8.1                                    
[2026-05-18 18:30:49.341] [info]  ██████████████░░░░░░ [68/95] pygithub==2.8.1                                    
[2026-05-18 18:30:49.464] [info]  ██████████████░░░░░░ [68/95] pydantic==2.12.5                                   
[2026-05-18 18:30:49.472] [info]  ██████████████░░░░░░ [69/95] pydantic==2.12.5                                   
[2026-05-18 18:30:49.566] [info]  ██████████████░░░░░░ [69/95] setuptools==80.10.2                                
[2026-05-18 18:30:49.575] [info]  ██████████████░░░░░░ [71/95] kornia==0.8.2                                      
[2026-05-18 18:30:49.670] [info]  ██████████████░░░░░░ [71/95] huggingface-hub==1.3.5                             
[2026-05-18 18:30:49.679] [info]  ███████████████░░░░░ [72/95] huggingface-hub==1.3.5                             
[2026-05-18 18:30:49.836] [info]  ███████████████░░░░░ [72/95] pygments==2.19.2                                   
[2026-05-18 18:30:49.845] [info]  ███████████████░░░░░ [73/95] pygments==2.19.2                                   
[2026-05-18 18:30:50.842] [info]  ███████████████░░░░░ [73/95] comfyui-workflow-templates-media-image==0.3.138    
[2026-05-18 18:30:50.851] [info]  ███████████████░░░░░ [74/95] comfyui-workflow-templates-media-image==0.3.138    
[2026-05-18 18:30:50.959] [info]  ███████████████░░░░░ [74/95] comfyui-workflow-templates-media-other==0.3.197    
[2026-05-18 18:30:50.968] [info]  ███████████████░░░░░ [75/95] comfyui-workflow-templates-media-other==0.3.197    
[2026-05-18 18:30:51.157] [info]  ███████████████░░░░░ [75/95] networkx==3.6.1                                    
[2026-05-18 18:30:51.166] [info]  ████████████████░░░░ [76/95] networkx==3.6.1                                    
[2026-05-18 18:30:51.213] [info]  ████████████████░░░░ [76/95] comfyui-workflow-templates-media-api==0.3.76       
[2026-05-18 18:30:51.222] [info]  ████████████████░░░░ [77/95] comfyui-workflow-templates-media-api==0.3.76       
[2026-05-18 18:30:52.189] [info]  ████████████████░░░░ [77/95] mpmath==1.3.0                                      
[2026-05-18 18:30:52.197] [info]  ████████████████░░░░ [78/95] mpmath==1.3.0                                      
[2026-05-18 18:30:52.210] [info]  ████████████████░░░░ [78/95] pydantic-core==2.41.5                              
[2026-05-18 18:30:52.219] [info]  ████████████████░░░░ [79/95] pydantic-core==2.41.5                              
[2026-05-18 18:30:52.228] [info]  █████████████████░░░ [81/95] hf-xet==1.2.0                                      
[2026-05-18 18:30:52.327] [info]  █████████████████░░░ [81/95] cryptography==46.0.4                               
[2026-05-18 18:30:52.336] [info]  █████████████████░░░ [82/95] cryptography==46.0.4                               
[2026-05-18 18:30:52.344] [info]  █████████████████░░░ [83/95] kornia-rs==0.1.10                                  
[2026-05-18 18:30:53.711] [info]  █████████████████░░░ [83/95] transformers==5.0.0                                
[2026-05-18 18:30:53.719] [info]  █████████████████░░░ [84/95] transformers==5.0.0                                
[2026-05-18 18:30:56.010] [info]  █████████████████░░░ [84/95] numpy==2.4.1                                       
[2026-05-18 18:30:56.019] [info]  █████████████████░░░ [85/95] numpy==2.4.1                                       
[2026-05-18 18:30:56.150] [info]  █████████████████░░░ [85/95] pillow==12.1.0                                     
[2026-05-18 18:30:56.158] [info]  ██████████████████░░ [86/95] pillow==12.1.0                                     
[2026-05-18 18:30:56.169] [info]  ██████████████████░░ [87/95] scipy==1.17.0                                      
[2026-05-18 18:30:56.183] [info]  ██████████████████░░ [87/95] sympy==1.14.0                                      
[2026-05-18 18:30:56.191] [info]  ██████████████████░░ [88/95] sympy==1.14.0                                      
[2026-05-18 18:30:56.209] [info]  ██████████████████░░ [88/95] uv==0.9.28                                         
[2026-05-18 18:30:56.217] [info]  ██████████████████░░ [89/95] uv==0.9.28                                         
[2026-05-18 18:30:56.243] [info]  ██████████████████░░ [89/95] tokenizers==0.22.2                                 
[2026-05-18 18:30:56.252] [info]  ██████████████████░░ [90/95] tokenizers==0.22.2                                 
[2026-05-18 18:30:56.452] [info]  ██████████████████░░ [90/95] torchvision==0.25.0                                
[2026-05-18 18:30:56.461] [info]  ███████████████████░ [91/95] torchvision==0.25.0                                
[2026-05-18 18:30:56.706] [info]  ███████████████████░ [91/95] av==16.1.0                                         
[2026-05-18 18:30:56.715] [info]  ███████████████████░ [92/95] av==16.1.0                                         
[2026-05-18 18:30:58.369] [info]  ███████████████████░ [92/95] pyopengl==3.1.10                                   
[2026-05-18 18:30:58.378] [info]  ███████████████████░ [93/95] pyopengl==3.1.10                                   
[2026-05-18 18:31:04.842] [info]  ███████████████████░ [93/95] comfyui-embedded-docs==0.5.0                       
[2026-05-18 18:31:04.852] [info]  ███████████████████░ [94/95] comfyui-embedded-docs==0.5.0                       
[2026-05-18 18:31:06.975] [info]  ███████████████████░ [94/95] torch==2.10.0                                      
[2026-05-18 18:31:06.984] [info]  Installed 95 packages in 19.94s
 + aiohappyeyeballs==2.6.1
 
[2026-05-18 18:31:06.993] [info]  + aiohttp==3.13.3
 + aiosignal==1.4
[2026-05-18 18:31:07.001] [info]  .0
 + alembic==1.18.3
[2026-05-18 18:31:07.012] [info]  
 + annotated-types==0.7.0
 + anyio==
[2026-05-18 18:31:07.021] [info]  4.12.1
 + attrs==25.4.0
 +
[2026-05-18 18:31:07.029] [info]   av==16.1.0
 + blake3
[2026-05-18 18:31:07.038] [info]  ==1.0.8
 + certifi==2026.1.4

[2026-05-18 18:31:07.047] [info]   + cffi==2.0.0
 + 
[2026-05-18 18:31:07.056] [info]  chardet==5.2.0
 + charset-normalizer==3.4.4
[2026-05-18 18:31:07.065] [info]  
 + click==8.3.1
 +
[2026-05-18 18:31:07.073] [info]   colorama==0.4.6
 + comfy-aimdo==0.3.
[2026-05-18 18:31:07.082] [info]  0
 + comfy-kitchen==0.2.8

[2026-05-18 18:31:07.091] [info]   + comfyui-embedded-docs==0.5.0
 + comfyui-manager==
[2026-05-18 18:31:07.100] [info]  4.2.1
 + comfyui-workflow-templates==0.9.75

[2026-05-18 18:31:07.105] [info]   + comfyui-workflow-templates-core==0.3.231
[2026-05-18 18:31:07.108] [info]  
 +
[2026-05-18 18:31:07.113] [info]  comfyui-workflow-templates-media-api==0.3.76
[2026-05-18 18:31:07.117] [info]  
 + comfyui-workflow-templates-media-image==0
[2026-05-18 18:31:07.119] [info]  .3.138
[2026-05-18 18:31:07.126] [info]  
 + comfyui-workflow-templates-media-other==0.3.197
[2026-05-18 18:31:07.127] [info]  

[2026-05-18 18:31:07.132] [info]  + comfyui-workflow-templates-media-video==0.3.85
[2026-05-18 18:31:07.136] [info]  
 + cryptography==46
[2026-05-18 18:31:07.139] [info]  .0.4
[2026-05-18 18:31:07.145] [info]  
 + einops==0.8.2
[2026-05-18 18:31:07.145] [info]  

[2026-05-18 18:31:07.150] [info]  + filelock==3.20.3
[2026-05-18 18:31:07.154] [info]  
 + frozenlist
[2026-05-18 18:31:07.157] [info]  ==1.8.0
[2026-05-18 18:31:07.162] [info]  
 + fsspec==2026.1.0
[2026-05-18 18:31:07.168] [info]  
 + gitdb==4.0.12
[2026-05-18 18:31:07.171] [info]  
 + gitpython
[2026-05-18 18:31:07.174] [info]  ==3.1.46
[2026-05-18 18:31:07.179] [info]  
 + glfw==2.10.0
[2026-05-18 18:31:07.186] [info]  
 + greenlet==3.3.1
[2026-05-18 18:31:07.188] [info]  
 +
[2026-05-18 18:31:07.193] [info]   h11==0.16.0
[2026-05-18 18:31:07.196] [info]  
 + hf-xet==
[2026-05-18 18:31:07.199] [info]  1.2.0
[2026-05-18 18:31:07.205] [info]  
 + httpcore==1.0
[2026-05-18 18:31:07.207] [info]  .9
[2026-05-18 18:31:07.212] [info]  
 + httpx==0.28.1
[2026-05-18 18:31:07.213] [info]  

[2026-05-18 18:31:07.219] [info]  + huggingface-hub==1.3.5
[2026-05-18 18:31:07.222] [info]  
 + idna
[2026-05-18 18:31:07.225] [info]  ==3.11
[2026-05-18 18:31:07.231] [info]  
 + jinja2==
[2026-05-18 18:31:07.234] [info]  3.1.6
[2026-05-18 18:31:07.241] [info]  
 + kornia==0.8
[2026-05-18 18:31:07.242] [info]  .2
[2026-05-18 18:31:07.250] [info]  
 + kornia-rs==0.1.10
[2026-05-18 18:31:07.259] [info]  
 + mako==1.3.
[2026-05-18 18:31:07.261] [info]  10
[2026-05-18 18:31:07.271] [info]  
 + markdown-it-py==4.
[2026-05-18 18:31:07.273] [info]  0.0
[2026-05-18 18:31:07.280] [info]  
 + markupsafe==3.0.3
[2026-05-18 18:31:07.280] [info]  

[2026-05-18 18:31:07.301] [info]   +
[2026-05-18 18:31:07.309] [info]   mdurl==0
[2026-05-18 18:31:07.312] [info]  .1.2
[2026-05-18 18:31:07.320] [info]  
 + mpmath==1
[2026-05-18 18:31:07.323] [info]  .3.0
[2026-05-18 18:31:07.330] [info]  
 + multidict==6.7.1
[2026-05-18 18:31:07.337] [info]  
 + networkx==3.6.1
[2026-05-18 18:31:07.339] [info]  

[2026-05-18 18:31:07.347] [info]  + numpy==2.4.1
[2026-05-18 18:31:07.348] [info]  

[2026-05-18 18:31:07.354] [info]  + packaging==26.0
[2026-05-18 18:31:07.357] [info]  
 + pillow
[2026-05-18 18:31:07.360] [info]  ==12.1.0
[2026-05-18 18:31:07.365] [info]  
 + propcache==
[2026-05-18 18:31:07.370] [info]  0.4.1
[2026-05-18 18:31:07.374] [info]  
 + psutil
[2026-05-18 18:31:07.377] [info]  ==7.2.2
[2026-05-18 18:31:07.384] [info]  
 + pycparser==3.
[2026-05-18 18:31:07.385] [info]  0
[2026-05-18 18:31:07.392] [info]  
 + pydantic==2.12.5
[2026-05-18 18:31:07.401] [info]  
 + pydantic-core==2.41.5
[2026-05-18 18:31:07.402] [info]  

[2026-05-18 18:31:07.410] [info]   + pydantic-settings==2.12.0
[2026-05-18 18:31:07.411] [info]  

[2026-05-18 18:31:07.435] [info]   + 
[2026-05-18 18:31:07.440] [info]  pygithub==2.8.1
[2026-05-18 18:31:07.444] [info]  
 + pygments
[2026-05-18 18:31:07.447] [info]  ==2.19.2
[2026-05-18 18:31:07.452] [info]  
 + pyjwt==
[2026-05-18 18:31:07.454] [info]  2.10.1
[2026-05-18 18:31:07.461] [info]  
 + pynacl==1.6.2
[2026-05-18 18:31:07.462] [info]  

[2026-05-18 18:31:07.468] [info]   + pyopengl==3.1.10
[2026-05-18 18:31:07.470] [info]  
 +
[2026-05-18 18:31:07.476] [info]   python-dotenv==1.2.1
[2026-05-18 18:31:07.479] [info]  
 + pyyaml
[2026-05-18 18:31:07.483] [info]  ==6.0.3
[2026-05-18 18:31:07.488] [info]  
 + regex==2026.
[2026-05-18 18:31:07.490] [info]  1.15
[2026-05-18 18:31:07.498] [info]  
 + requests==2.32.5
[2026-05-18 18:31:07.505] [info]  
 + rich==14.3.1
[2026-05-18 18:31:07.507] [info]  

[2026-05-18 18:31:07.513] [info]  + safetensors==0.7.0
[2026-05-18 18:31:07.515] [info]  
 +
[2026-05-18 18:31:07.520] [info]  scipy==1.17.0
[2026-05-18 18:31:07.525] [info]  
 + sentencepiece
[2026-05-18 18:31:07.530] [info]  ==0.2.1
[2026-05-18 18:31:07.534] [info]  
 + setuptools==
[2026-05-18 18:31:07.548] [info]  80.10
[2026-05-18 18:31:07.550] [info]  .2
[2026-05-18 18:31:07.558] [info]  
 + shellingham==1.5.4
[2026-05-18 18:31:07.567] [info]  
 + simpleeval==
[2026-05-18 18:31:07.569] [info]  1.0.3
[2026-05-18 18:31:07.575] [info]  
 + smmap==5.0.2
[2026-05-18 18:31:07.576] [info]  

[2026-05-18 18:31:07.582] [info]   + spandrel==0.4.1
[2026-05-18 18:31:07.584] [info]  
 +
[2026-05-18 18:31:07.589] [info]  sqlalchemy==2.0.46
[2026-05-18 18:31:07.593] [info]  
 + sympy
[2026-05-18 18:31:07.598] [info]  ==1.14.0
[2026-05-18 18:31:07.601] [info]  
 + tokenizers
[2026-05-18 18:31:07.604] [info]  ==0.22.2
[2026-05-18 18:31:07.610] [info]  
 + toml==0.
[2026-05-18 18:31:07.612] [info]  10.2
[2026-05-18 18:31:07.619] [info]  
 + torch==2.10.
[2026-05-18 18:31:07.620] [info]  0
[2026-05-18 18:31:07.628] [info]  
 + torchaudio==2.10.0
[2026-05-18 18:31:07.634] [info]  
 + torchsde==0.2.6
[2026-05-18 18:31:07.638] [info]  
 + torchvision
[2026-05-18 18:31:07.642] [info]  ==0.25.0
[2026-05-18 18:31:07.646] [info]  
 + tqdm
[2026-05-18 18:31:07.649] [info]  ==4.67.1
[2026-05-18 18:31:07.655] [info]  
 + trampoline==0.1.
[2026-05-18 18:31:07.656] [info]  2
[2026-05-18 18:31:07.670] [info]  
 + transformers
[2026-05-18 18:31:07.674] [info]  ==5.0.0
[2026-05-18 18:31:07.679] [info]  
 + typer
[2026-05-18 18:31:07.685] [info]  ==0.21.1
[2026-05-18 18:31:07.688] [info]  
 +
[2026-05-18 18:31:07.693] [info]  typer-slim==0.21.1
[2026-05-18 18:31:07.697] [info]  
 + typing-extensions==4
[2026-05-18 18:31:07.699] [info]  .15.0
[2026-05-18 18:31:07.706] [info]  
 + typing-inspection==0.4.
[2026-05-18 18:31:07.707] [info]  2
[2026-05-18 18:31:07.713] [info]  
 + urllib3==2.6.3
[2026-05-18 18:31:07.714] [info]  

[2026-05-18 18:31:07.721] [info]  + uv==0.9.28
[2026-05-18 18:31:07.723] [info]  
 +
[2026-05-18 18:31:07.729] [info]  yarl==1.22.0
[2026-05-18 18:31:07.731] [info]  

[2026-05-18 18:31:07.769] [info]  PS C:\Users\stduser\Documents\ComfyUI> echo "_-end-177912898
[2026-05-18 18:31:07.777] [info]  > echo "_-end-1779128980971:$?"
[2026-05-18 18:31:07.778] [info]  

[2026-05-18 18:31:08.080] [info]  _-end-1779128980971:True
[2026-05-18 18:31:08.081] [info]  Installing ComfyUIManager requirements from C:\Users\stduser\.comfy-test-cache\desktop\ComfyUI\resources\ComfyUI\manager_requirements.txt
[2026-05-18 18:31:08.082] [info]  Running uv command: & "C:\Users\stduser\.comfy-test-cache\desktop\ComfyUI\resources\uv\win\uv.exe" "pip" "install" "-r" "C:\Users\stduser\.comfy-test-cache\desktop\ComfyUI\resources\ComfyUI\manager_requirements.txt" "--index-url" "https://pypi.org/simple/" "--extra-index-url" "https://mirrors.aliyun.com/pypi/simple/" "--extra-index-url" "https://mirrors.cloud.tencent.com/pypi/simple/"
[2026-05-18 18:31:08.088] [info]  
PS C:\Users\stduser\Documents\ComfyUI> &
[2026-05-18 18:31:08.137] [info]  
[2026-05-18 18:31:08.145] [info]  & "C:\Users\stdus
[2026-05-18 18:31:08.185] [info]  
[2026-05-18 18:31:08.185] [info]  > & "C:\Users\stduser\.comfy-test-cache\des
sktop\ComfyUI\resources\uv\win\uv.exe" "pip" "install" "-r" "C:\Users\stduser\.co
omfy-test-cache\desktop\ComfyUI\resources\ComfyUI\manager_requirements.txt" "--in
ndex-url" "https://pypi.org/simple/" "--extra-index-url" "https://mirrors.aliyun.
.com/pypi/simple/" "--extra-index-url" "https://mirrors.cloud.tencent.com/pypi/si
[2026-05-18 18:31:08.186] [info]  
imple/"
[2026-05-18 18:31:08.193] [info]  

[2026-05-18 18:31:08.222] [info]  Audited 1 package in 11ms
[2026-05-18 18:31:08.223] [info]  
[2026-05-18 18:31:08.230] [info]  
PS C:\Users\stduser\Documents\ComfyUI>
[2026-05-18 18:31:08.239] [info]  > echo "_-end-1779129068082
[2026-05-18 18:31:08.243] [info]  > echo "_-end-1779129068082:$?"
[2026-05-18 18:31:08.246] [info]  
_-end-1779129068082:True
[2026-05-18 18:31:08.247] [info]  Successfully created virtual environment at C:\Users\stduser\Documents\ComfyUI\.venv
[2026-05-18 18:31:10.090] [info]  Server start
[2026-05-18 18:31:10.106] [info]  Adding custom node extra_path to config C:\Users\stduser\.comfy-test-cache\desktop\ComfyUI\resources\ComfyUI\custom_nodes
[2026-05-18 18:31:10.109] [info]  Created extra_model_paths.yaml at C:\Users\stduser\AppData\Roaming\ComfyUI\extra_models_config.yaml
[2026-05-18 18:31:10.110] [error] Log rotation: cannot access log dir C:\Users\stduser\AppData\Roaming\ComfyUI\logs\comfyui.log
[2026-05-18 18:31:10.111] [info]  Running command: C:\Users\stduser\Documents\ComfyUI\.venv\Scripts\python.exe C:\Users\stduser\.comfy-test-cache\desktop\ComfyUI\resources\ComfyUI\main.py --user-directory C:\Users\stduser\Documents\ComfyUI\user --input-directory C:\Users\stduser\Documents\ComfyUI\input --output-directory C:\Users\stduser\Documents\ComfyUI\output --front-end-root C:\Users\stduser\.comfy-test-cache\desktop\ComfyUI\resources\ComfyUI\web_custom_versions\desktop_app --base-directory C:\Users\stduser\Documents\ComfyUI --database-url sqlite:///C:/Users/stduser/Documents/ComfyUI/user/comfyui.db --extra-model-paths-config C:\Users\stduser\AppData\Roaming\ComfyUI\extra_models_config.yaml --log-stdout --listen 127.0.0.1 --port 8000 --enable-manager --cpu in C:\Users\stduser\Documents\ComfyUI
[2026-05-18 18:31:40.087] [error] @todesktop/runtime: alwaysResolve: Promise timed out after 30000ms
[2026-05-18 18:31:40.189] [info]  @todesktop/runtime: Checking for update
[2026-05-18 18:31:40.189] [info]  @todesktop/runtime: AutoUpdater: checking-for-update
[2026-05-18 18:31:40.194] [info]  @todesktop/runtime: Generated new staging user ID: e4ac1037-e3e8-57fa-8b73-ddd3e69defa9
[2026-05-18 18:31:40.539] [info]  @todesktop/runtime: Update for version 0.9.1 is not available (latest version: 0.9.1, downgrade is allowed).
[2026-05-18 18:31:40.539] [info]  @todesktop/runtime: AutoUpdater: update-not-available {"version":"0.9.1","files":[{"url":"ComfyUI Setup 0.9.1 - Build 260514248i6bhdm-x64.exe","sha512":"gVe0kSd+kRtUTGBZuLPjSdepKKPoW2seuHskltNq6ksKo525zf/Nl61P25mGb8elnX2N/DsXEpw8qcofY8rZEw==","size":139597872}],"path":"ComfyUI Setup 0.9.1 - Build 260514248i6bhdm-x64.exe","sha512":"gVe0kSd+kRtUTGBZuLPjSdepKKPoW2seuHskltNq6ksKo525zf/Nl61P25mGb8elnX2N/DsXEpw8qcofY8rZEw==","releaseDate":"2026-05-14T00:40:07.713Z"}
[2026-05-18 18:31:45.149] [info]  Python server is ready
[2026-05-18 18:33:44.917] [info]  Python process exited successfully
[2026-05-18 18:33:55.940] [info]  Starting app v0.9.1
[2026-05-18 18:33:56.030] [info]  Received second instance message! null
[2026-05-18 18:33:56.031] [info]  App already running. Exiting...
[2026-05-18 18:36:54.882] [info]  Starting app v0.9.1
