[2026-05-11 09:30:55.766] [info]  Using uv at C:\Users\runneradmin\.comfy-test-cache\desktop\ComfyUI\resources\uv\win\uv.exe
[2026-05-11 09:30:55.766] [info]  Install state: installed
[2026-05-11 09:30:55.768] [info]  Validating installation. Recorded state: [installed]
[2026-05-11 09:30:55.772] [info]  Running uv command directly: pip install --dry-run -r C:\Users\runneradmin\.comfy-test-cache\desktop\ComfyUI\resources\ComfyUI\requirements.txt
[2026-05-11 09:30:55.772] [info]  Running uv child process: uv pip install --dry-run -r C:\Users\runneradmin\.comfy-test-cache\desktop\ComfyUI\resources\ComfyUI\requirements.txt
[2026-05-11 09:30:55.773] [info]  Running command: C:\Users\runneradmin\.comfy-test-cache\desktop\ComfyUI\resources\uv\win\uv.exe pip install --dry-run -r C:\Users\runneradmin\.comfy-test-cache\desktop\ComfyUI\resources\ComfyUI\requirements.txt in C:\Users\runneradmin\Documents\ComfyUI
[2026-05-11 09:30:56.557] [info]  Running uv command directly: pip install --dry-run -r C:\Users\runneradmin\.comfy-test-cache\desktop\ComfyUI\resources\ComfyUI\manager_requirements.txt
[2026-05-11 09:30:56.557] [info]  Running uv child process: uv pip install --dry-run -r C:\Users\runneradmin\.comfy-test-cache\desktop\ComfyUI\resources\ComfyUI\manager_requirements.txt
[2026-05-11 09:30:56.558] [info]  Running command: C:\Users\runneradmin\.comfy-test-cache\desktop\ComfyUI\resources\uv\win\uv.exe pip install --dry-run -r C:\Users\runneradmin\.comfy-test-cache\desktop\ComfyUI\resources\ComfyUI\manager_requirements.txt in C:\Users\runneradmin\Documents\ComfyUI
[2026-05-11 09:30:57.188] [info]  Validation result: isValid:true, state:installed {"inProgress":false,"installState":"installed","basePath":"OK","venvDirectory":"OK","pythonInterpreter":"OK","uv":"OK","pythonPackages":"OK","git":"OK","vcRedist":"OK"}
[2026-05-11 09:30:59.011] [info]  Server start
[2026-05-11 09:30:59.034] [info]  Running command: C:\Users\runneradmin\Documents\ComfyUI\.venv\Scripts\python.exe C:\Users\runneradmin\.comfy-test-cache\desktop\ComfyUI\resources\ComfyUI\main.py --user-directory C:\Users\runneradmin\Documents\ComfyUI\user --input-directory C:\Users\runneradmin\Documents\ComfyUI\input --output-directory C:\Users\runneradmin\Documents\ComfyUI\output --front-end-root C:\Users\runneradmin\.comfy-test-cache\desktop\ComfyUI\resources\ComfyUI\web_custom_versions\desktop_app --base-directory C:\Users\runneradmin\Documents\ComfyUI --database-url sqlite:///C:/Users/runneradmin/Documents/ComfyUI/user/comfyui.db --extra-model-paths-config C:\Users\runneradmin\AppData\Roaming\ComfyUI\extra_models_config.yaml --log-stdout --listen 127.0.0.1 --port 8001 --enable-manager --cpu in C:\Users\runneradmin\Documents\ComfyUI
[2026-05-11 09:30:59.139] [info]  Received renderer-ready message!
[2026-05-11 09:30:59.139] [info]  Sending queued message {"channel":"validation-update","data":{"inProgress":false,"installState":"installed","basePath":"OK","venvDirectory":"OK","pythonInterpreter":"OK","uv":"OK","pythonPackages":"OK","git":"OK","vcRedist":"OK"}}
[2026-05-11 09:30:59.140] [info]  Sending queued message {"channel":"validation-update","data":{"inProgress":false,"installState":"installed","basePath":"OK","venvDirectory":"OK","pythonInterpreter":"OK","uv":"OK","pythonPackages":"OK","git":"OK","vcRedist":"OK"}}
[2026-05-11 09:30:59.140] [info]  Sending queued message {"channel":"validation-update","data":{"inProgress":false,"installState":"installed","basePath":"OK","venvDirectory":"OK","pythonInterpreter":"OK","uv":"OK","pythonPackages":"OK","git":"OK","vcRedist":"OK"}}
[2026-05-11 09:30:59.141] [info]  Sending queued message {"channel":"validation-update","data":{"inProgress":false,"installState":"installed","basePath":"OK","venvDirectory":"OK","pythonInterpreter":"OK","uv":"OK","pythonPackages":"OK","git":"OK","vcRedist":"OK"}}
[2026-05-11 09:30:59.142] [info]  Sending queued message {"channel":"validation-update","data":{"inProgress":false,"installState":"installed","basePath":"OK","venvDirectory":"OK","pythonInterpreter":"OK","uv":"OK","pythonPackages":"OK","git":"OK","vcRedist":"OK"}}
[2026-05-11 09:30:59.142] [info]  Sending queued message {"channel":"validation-update","data":{"inProgress":false,"installState":"installed","basePath":"OK","venvDirectory":"OK","pythonInterpreter":"OK","uv":"OK","pythonPackages":"OK","git":"OK","vcRedist":"OK"}}
[2026-05-11 09:30:59.144] [info]  Sending queued message {"channel":"validation-update","data":{"inProgress":false,"installState":"installed","basePath":"OK","venvDirectory":"OK","pythonInterpreter":"OK","uv":"OK","pythonPackages":"OK","git":"OK","vcRedist":"OK"}}
[2026-05-11 09:30:59.144] [info]  Sending queued message {"channel":"validation-update","data":{"inProgress":false,"installState":"installed","basePath":"OK","venvDirectory":"OK","pythonInterpreter":"OK","uv":"OK","pythonPackages":"OK","git":"OK","vcRedist":"OK"}}
[2026-05-11 09:30:59.145] [info]  Sending queued message {"channel":"validation-update","data":{"inProgress":false,"installState":"installed","basePath":"OK","venvDirectory":"OK","pythonInterpreter":"OK","uv":"OK","pythonPackages":"OK","git":"OK","vcRedist":"OK"}}
[2026-05-11 09:30:59.145] [info]  Sending queued message {"channel":"validation-update","data":{"inProgress":false,"installState":"installed","basePath":"OK","venvDirectory":"OK","pythonInterpreter":"OK","uv":"OK","pythonPackages":"OK","git":"OK","vcRedist":"OK"}}
[2026-05-11 09:30:59.146] [info]  Sending queued message {"channel":"loading-progress","data":{"status":"starting-server"}}
[2026-05-11 09:31:18.066] [info]  Python server is ready
[2026-05-11 09:31:29.008] [error] @todesktop/runtime: alwaysResolve: Promise timed out after 30000ms
[2026-05-11 09:31:29.089] [info]  @todesktop/runtime: Checking for update
[2026-05-11 09:31:29.089] [info]  @todesktop/runtime: AutoUpdater: checking-for-update
[2026-05-11 09:31:29.491] [info]  @todesktop/runtime: Update for version 0.8.36 is not available (latest version: 0.8.36, downgrade is allowed).
[2026-05-11 09:31:29.492] [info]  @todesktop/runtime: AutoUpdater: update-not-available {"version":"0.8.36","files":[{"url":"ComfyUI Setup 0.8.36 - Build 260427msvfsz37n-x64.exe","sha512":"RVR9kwG+VrRVIsHCPJB7N8l3FRBSMKfIbFU/9fSfPEGV1uHB7wnRu9ydbvK6ZzjqJwkFauXsyks/FN4MwDsXjA==","size":139212624}],"path":"ComfyUI Setup 0.8.36 - Build 260427msvfsz37n-x64.exe","sha512":"RVR9kwG+VrRVIsHCPJB7N8l3FRBSMKfIbFU/9fSfPEGV1uHB7wnRu9ydbvK6ZzjqJwkFauXsyks/FN4MwDsXjA==","releaseDate":"2026-04-27T21:14:15.783Z"}
[2026-05-11 09:33:31.212] [info]  Starting app v0.8.36
