[2026-05-10 22:22:18.738] [info]  Using uv at C:\Users\runneradmin\.comfy-test-cache\desktop\ComfyUI\resources\uv\win\uv.exe
[2026-05-10 22:22:18.857] [info]  Install state: installed
[2026-05-10 22:22:18.857] [info]  Validating installation. Recorded state: [installed]
[2026-05-10 22:22:18.866] [info]  Running uv command directly: pip install --dry-run -r C:\Users\runneradmin\.comfy-test-cache\desktop\ComfyUI\resources\ComfyUI\requirements.txt
[2026-05-10 22:22:18.866] [info]  Running uv child process: uv pip install --dry-run -r C:\Users\runneradmin\.comfy-test-cache\desktop\ComfyUI\resources\ComfyUI\requirements.txt
[2026-05-10 22:22:18.867] [info]  Running command: C:\Users\runneradmin\.comfy-test-cache\desktop\ComfyUI\resources\uv\win\uv.exe pip install --dry-run -r C:\Users\runneradmin\.comfy-test-cache\desktop\ComfyUI\resources\ComfyUI\requirements.txt in C:\Users\runneradmin\Documents\ComfyUI
[2026-05-10 22:22:20.297] [info]  Running uv command directly: pip install --dry-run -r C:\Users\runneradmin\.comfy-test-cache\desktop\ComfyUI\resources\ComfyUI\manager_requirements.txt
[2026-05-10 22:22:20.298] [info]  Running uv child process: uv pip install --dry-run -r C:\Users\runneradmin\.comfy-test-cache\desktop\ComfyUI\resources\ComfyUI\manager_requirements.txt
[2026-05-10 22:22:20.298] [info]  Running command: C:\Users\runneradmin\.comfy-test-cache\desktop\ComfyUI\resources\uv\win\uv.exe pip install --dry-run -r C:\Users\runneradmin\.comfy-test-cache\desktop\ComfyUI\resources\ComfyUI\manager_requirements.txt in C:\Users\runneradmin\Documents\ComfyUI
[2026-05-10 22:22:20.376] [info]  Validation result: isValid:true, state:installed {"inProgress":false,"installState":"installed","basePath":"OK","venvDirectory":"OK","pythonInterpreter":"OK","uv":"OK","pythonPackages":"OK","git":"OK","vcRedist":"OK"}
[2026-05-10 22:22:22.107] [info]  Server start
[2026-05-10 22:22:22.120] [info]  Running command: C:\Users\runneradmin\Documents\ComfyUI\.venv\Scripts\python.exe C:\Users\runneradmin\.comfy-test-cache\desktop\ComfyUI\resources\ComfyUI\main.py --user-directory C:\Users\runneradmin\Documents\ComfyUI\user --input-directory C:\Users\runneradmin\Documents\ComfyUI\input --output-directory C:\Users\runneradmin\Documents\ComfyUI\output --front-end-root C:\Users\runneradmin\.comfy-test-cache\desktop\ComfyUI\resources\ComfyUI\web_custom_versions\desktop_app --base-directory C:\Users\runneradmin\Documents\ComfyUI --database-url sqlite:///C:/Users/runneradmin/Documents/ComfyUI/user/comfyui.db --extra-model-paths-config C:\Users\runneradmin\AppData\Roaming\ComfyUI\extra_models_config.yaml --log-stdout --listen 127.0.0.1 --port 8001 --enable-manager --cpu in C:\Users\runneradmin\Documents\ComfyUI
[2026-05-10 22:22:23.095] [info]  Received renderer-ready message!
[2026-05-10 22:22:23.095] [info]  Sending queued message {"channel":"validation-update","data":{"inProgress":false,"installState":"installed","basePath":"OK","venvDirectory":"OK","pythonInterpreter":"OK","uv":"OK","pythonPackages":"OK","git":"OK","vcRedist":"OK"}}
[2026-05-10 22:22:23.096] [info]  Sending queued message {"channel":"validation-update","data":{"inProgress":false,"installState":"installed","basePath":"OK","venvDirectory":"OK","pythonInterpreter":"OK","uv":"OK","pythonPackages":"OK","git":"OK","vcRedist":"OK"}}
[2026-05-10 22:22:23.096] [info]  Sending queued message {"channel":"validation-update","data":{"inProgress":false,"installState":"installed","basePath":"OK","venvDirectory":"OK","pythonInterpreter":"OK","uv":"OK","pythonPackages":"OK","git":"OK","vcRedist":"OK"}}
[2026-05-10 22:22:23.097] [info]  Sending queued message {"channel":"validation-update","data":{"inProgress":false,"installState":"installed","basePath":"OK","venvDirectory":"OK","pythonInterpreter":"OK","uv":"OK","pythonPackages":"OK","git":"OK","vcRedist":"OK"}}
[2026-05-10 22:22:23.097] [info]  Sending queued message {"channel":"validation-update","data":{"inProgress":false,"installState":"installed","basePath":"OK","venvDirectory":"OK","pythonInterpreter":"OK","uv":"OK","pythonPackages":"OK","git":"OK","vcRedist":"OK"}}
[2026-05-10 22:22:23.098] [info]  Sending queued message {"channel":"validation-update","data":{"inProgress":false,"installState":"installed","basePath":"OK","venvDirectory":"OK","pythonInterpreter":"OK","uv":"OK","pythonPackages":"OK","git":"OK","vcRedist":"OK"}}
[2026-05-10 22:22:23.099] [info]  Sending queued message {"channel":"validation-update","data":{"inProgress":false,"installState":"installed","basePath":"OK","venvDirectory":"OK","pythonInterpreter":"OK","uv":"OK","pythonPackages":"OK","git":"OK","vcRedist":"OK"}}
[2026-05-10 22:22:23.099] [info]  Sending queued message {"channel":"validation-update","data":{"inProgress":false,"installState":"installed","basePath":"OK","venvDirectory":"OK","pythonInterpreter":"OK","uv":"OK","pythonPackages":"OK","git":"OK","vcRedist":"OK"}}
[2026-05-10 22:22:23.099] [info]  Sending queued message {"channel":"validation-update","data":{"inProgress":false,"installState":"installed","basePath":"OK","venvDirectory":"OK","pythonInterpreter":"OK","uv":"OK","pythonPackages":"OK","git":"OK","vcRedist":"OK"}}
[2026-05-10 22:22:23.100] [info]  Sending queued message {"channel":"validation-update","data":{"inProgress":false,"installState":"installed","basePath":"OK","venvDirectory":"OK","pythonInterpreter":"OK","uv":"OK","pythonPackages":"OK","git":"OK","vcRedist":"OK"}}
[2026-05-10 22:22:23.100] [info]  Sending queued message {"channel":"loading-progress","data":{"status":"starting-server"}}
[2026-05-10 22:22:23.101] [info]  Sending queued message {"channel":"log-message","data":"setup plugin alembic.autogenerate.schemas\r\n"}
[2026-05-10 22:22:23.101] [info]  Sending queued message {"channel":"log-message","data":"setup plugin alembic.autogenerate.tables\r\nsetup plugin alembic.autogenerate.types\r\nsetup plugin alembic.autogenerate.constraints\r\nsetup plugin alembic.autogenerate.defaults\r\nsetup plugin alembic.autogenerate.comments\r\n"}
[2026-05-10 22:22:23.101] [info]  Sending queued message {"channel":"log-message","data":"Adding extra search path custom_nodes C:\\Users\\runneradmin\\Documents\\ComfyUI\\custom_nodes\r\nAdding extra search path download_model_base C:\\Users\\runneradmin\\Documents\\ComfyUI\\models\r\n"}
[2026-05-10 22:22:23.102] [info]  Sending queued message {"channel":"log-message","data":"Adding extra search path custom_nodes C:\\Users\\runneradmin\\.comfy-test-cache\\desktop\\ComfyUI\\resources\\ComfyUI\\custom_nodes\r\nSetting output directory to: C:\\Users\\runneradmin\\Documents\\ComfyUI\\output\r\nSetting input directory to: C:\\Users\\runneradmin\\Documents\\ComfyUI\\input\r\nSetting user directory to: C:\\Users\\runneradmin\\Documents\\ComfyUI\\user\r\n"}
[2026-05-10 22:22:41.145] [info]  Python server is ready
[2026-05-10 22:22:52.164] [error] @todesktop/runtime: alwaysResolve: Promise timed out after 30000ms
[2026-05-10 22:22:52.256] [info]  @todesktop/runtime: Checking for update
[2026-05-10 22:22:52.256] [info]  @todesktop/runtime: AutoUpdater: checking-for-update
[2026-05-10 22:22:52.528] [info]  @todesktop/runtime: Update for version 0.8.36 is not available (latest version: 0.8.36, downgrade is allowed).
[2026-05-10 22:22:52.529] [info]  @todesktop/runtime: AutoUpdater: update-not-available {"version":"0.8.36","files":[{"url":"ComfyUI Setup 0.8.36 - Build 260427msvfsz37n-x64.exe","sha512":"RVR9kwG+VrRVIsHCPJB7N8l3FRBSMKfIbFU/9fSfPEGV1uHB7wnRu9ydbvK6ZzjqJwkFauXsyks/FN4MwDsXjA==","size":139212624}],"path":"ComfyUI Setup 0.8.36 - Build 260427msvfsz37n-x64.exe","sha512":"RVR9kwG+VrRVIsHCPJB7N8l3FRBSMKfIbFU/9fSfPEGV1uHB7wnRu9ydbvK6ZzjqJwkFauXsyks/FN4MwDsXjA==","releaseDate":"2026-04-27T21:14:15.783Z"}
[2026-05-10 22:24:14.381] [info]  Starting app v0.8.36
