Capturing execution frames: image_seg_point.json
  [ComfyUI] [DEPRECATION WARNING] Detected import of deprecated legacy API: /extensions/core/widgetInputs.js. This is likely caused by a custom node extension using outdated APIs. Please update your extensions or contact the extension author for an updated version.
  Frame 1 saved (frame_000.jpg, t=0.0s)
  Validating workflow...
  [ComfyUI] === /validate endpoint called ===
  [ComfyUI] Received JSON with keys: ['prompt']
  [ComfyUI] Prompt has 6 nodes
  [ComfyUI]   Node 1: LoadImage
  [ComfyUI]     Inputs: {"image": "example_image.jpg"}
  [ComfyUI]   Node 15: SAM3PointCollector
  [ComfyUI]     Inputs: {"points_store": "{\"positive\":[{\"x\":426.27735719657574,\"y\":321.42611685978835},{\"x\":417.13743597288953,\"y\":407.3413796907987},{\"x\":431.76130993078743,\"y\":549.9241563039649}],\"negative\"
  [ComfyUI]   Node 28: PreviewImage
  [ComfyUI]     Inputs: {"images": ["31", 2]}
  [ComfyUI]   Node 29: MaskPreview
  [ComfyUI]     Inputs: {"mask": ["31", 0]}
  [ComfyUI]   Node 30: LoadSAM3Model
  [ComfyUI]     Inputs: {"precision": "auto", "compile": false}
  [ComfyUI]   Node 31: SAM3Segmentation
  [ComfyUI]     Inputs: {"refinement_iterations": 0, "use_multimask": true, "output_best_mask": true, "sam3_model_config": ["30", 0], "image": ["1", 0], "positive_points": ["15", 0], "negative_points": ["15", 1]}
  [ComfyUI] Generated prompt_id: 9b8c292d-ecd1-4358-8194-af57f8905f4d
  [ComfyUI] Calling execution.validate_prompt()...
  [ComfyUI] Validation result: valid=True
  [ComfyUI] === Validation PASSED ===
  Queuing workflow for execution...
  [ComfyUI] got prompt
  [ComfyUI] [comfy-env] SubprocessWorker: /Users/runner/.ce/.pixi/envs/sam3-nodes/bin/python
  [ComfyUI] [comfy-env] env_vars: {'PYTORCH_ENABLE_MPS_FALLBACK': '1', 'COMFYUI_BASE': '/Users/runner/work/comfy-gpu-ci/comfy-gpu-ci/test_workspaces/SAM3-1942/ComfyUI'}
  [ComfyUI] [comfy-env] Running SAM3PointCollector: points_store: '{"positive":[{"x":426.27735719657574,"y":321.42611685978..., coordinates: '[{"x":426.27735719657574,"y":321.42611685978835},{"x":41..., neg_coordinates: '[]', image: torch.float32 [1,720,1280,3] cpu
  [ComfyUI] [ComfyUI-SAM3] python: /Users/runner/.ce/.pixi/envs/sam3-nodes/bin/python
  [ComfyUI] [ComfyUI-SAM3] sys_path sent to worker: ['/Users/runner/work/comfy-gpu-ci/comfy-gpu-ci/test_workspaces/SAM3-1942/ComfyUI', '/Users/runner/work/comfy-gpu-ci/comfy-gpu-ci/test_workspaces/SAM3-1942/ComfyUI/custom_nodes/ComfyUI-SAM3', '/Users/runner/.ce/.pixi/envs/sam3-nodes/lib/python3.1/site-packages', '/Users/runner/work/comfy-gpu-ci/comfy-gpu-ci/test_workspaces/SAM3-1942/ComfyUI/custom_nodes/ComfyUI-SAM3']
  [ComfyUI] [SubprocessWorker] is_pixi=True, python=/Users/runner/.ce/.pixi/envs/sam3-nodes/bin/python
  [ComfyUI] [SubprocessWorker] launching cmd=['/Users/runner/.pixi/bin/pixi', 'run', '--as-is', '--manifest-path', '/Users/runner/.ce/pixi.toml', '-e', 'sam3-nodes', 'python', '/var/folders/tb/y368xp_x10s3ty1b_mtl5mxr0000gn/T/comfyui_pvenv_bwl1cu8r/persistent_worker.py', 'unix:///var/folders/tb/y368xp_x10s3ty1b_mtl5mxr0000gn/T/comfy_worker_255698b686df.sock']...
  [ComfyUI] [SubprocessWorker] socket_addr=unix:///var/folders/tb/y368xp_x10s3ty1b_mtl5mxr0000gn/T/comfy_worker_255698b686df.sock exists=True
  [ComfyUI] [SubprocessWorker] call_method: nodes.sam3_interactive.SAM3PointCollector.EXECUTE_NORMALIZED
  [ComfyUI] [SubprocessWorker] acquired lock, ensuring started...
  Frame 2 saved (frame_001.jpg, t=2.2s)
  [capture-periodic] freeze=1ms shot=149ms unfreeze=3ms saved=True
  [ComfyUI] [SubprocessWorker] worker started/confirmed
  [ComfyUI] [comfy-env] PRE-SERIALIZE 'image' shape: torch.Size([1, 720, 1280, 3])
  [ComfyUI] [SubprocessWorker] serializing kwargs to shm...
  [ComfyUI] [SubprocessWorker] created 0 shm blocks
  [ComfyUI] [SubprocessWorker] sending request via socket...
  [ComfyUI] [SubprocessWorker] call_id=1 sending call_method
  [ComfyUI] [worker:ComfyUI-SAM3] [comfy-env] _from_shm got dict with keys: ['__type__', 'strategy', 'manager_path', 'storage_key', 'storage_size']
  [ComfyUI] [worker:ComfyUI-SAM3] [comfy-env] DESERIALIZE TensorRef: tensor_size=[1, 720, 1280, 3]
  [ComfyUI] [worker:ComfyUI-SAM3] [comfy-env] DESERIALIZED tensor shape: torch.Size([1, 720, 1280, 3])
  [ComfyUI] [SubprocessWorker] got response: ok
  [ComfyUI] [comfy-env] SAM3PointCollector done (3.70s): result: NodeOutput
  [ComfyUI] [comfy-env] Running LoadSAM3Model: precision: 'auto', compile: False
  [ComfyUI] [SubprocessWorker] call_method: nodes.load_model.LoadSAM3Model.EXECUTE_NORMALIZED
  [ComfyUI] [SubprocessWorker] acquired lock, ensuring started...
  [ComfyUI] [ComfyUI-SAM3] Health check: ping (timeout=5.0s)...
  [ComfyUI] [ComfyUI-SAM3] Health check: ok
  [ComfyUI] [SubprocessWorker] worker started/confirmed
  [ComfyUI] [SubprocessWorker] serializing kwargs to shm...
  [ComfyUI] [SubprocessWorker] created 0 shm blocks
  [ComfyUI] [SubprocessWorker] sending request via socket...
  [ComfyUI] [SubprocessWorker] call_id=2 sending call_method
  [ComfyUI] [worker:ComfyUI-SAM3] [SAM3] Model not found at /Users/runner/work/comfy-gpu-ci/comfy-gpu-ci/test_workspaces/SAM3-1942/ComfyUI/models/sam3/sam3.safetensors, downloading from HuggingFace...
  Node executed (1 total), capturing...
  Frame 3 saved (frame_002.jpg, t=4.1s)
  [capture-node] freeze=2ms shot=100ms unfreeze=4ms saved=True
  [ComfyUI] [worker:ComfyUI-SAM3] [SAM3] Downloading sam3.safetensors from apozz/sam3-safetensors...
  [ComfyUI] [SubprocessWorker] callback 'report_progress' from call_id=2
  [ComfyUI] [SubprocessWorker] callback 'report_progress' from call_id=2
  [ComfyUI] [SubprocessWorker] callback 'report_progress' from call_id=2
  [ComfyUI] [SubprocessWorker] callback 'report_progress' from call_id=2
  [ComfyUI] [SubprocessWorker] callback 'report_progress' from call_id=2
  [ComfyUI] [SubprocessWorker] callback 'report_progress' from call_id=2
  [capture-loop] iter=50 t=5.9s state={'complete': False, 'error': None, 'executedCount': 1, 'wsState': 1} eval_ms=5 ram=3.8/7.0GB (60%) swap=0.0/0.0GB (0%) cpu=63% browser_rss=0.54GB
  [ComfyUI] [SubprocessWorker] callback 'report_progress' from call_id=2
  [ComfyUI] [SubprocessWorker] callback 'report_progress' from call_id=2
  [ComfyUI] [SubprocessWorker] callback 'report_progress' from call_id=2
  [ComfyUI] [SubprocessWorker] callback 'report_progress' from call_id=2
  [ComfyUI] [worker:ComfyUI-SAM3] [SAM3] Download progress: 10%
  Frame 4 saved (frame_003.jpg, t=6.3s)
  [capture-periodic] freeze=2ms shot=180ms unfreeze=6ms saved=True
  [ComfyUI] [SubprocessWorker] callback 'report_progress' from call_id=2
  [ComfyUI] [SubprocessWorker] callback 'report_progress' from call_id=2
  [ComfyUI] [SubprocessWorker] callback 'report_progress' from call_id=2
  [ComfyUI] [SubprocessWorker] callback 'report_progress' from call_id=2
  [ComfyUI] [SubprocessWorker] callback 'report_progress' from call_id=2
  [ComfyUI] [SubprocessWorker] callback 'report_progress' from call_id=2
  [ComfyUI] [SubprocessWorker] callback 'report_progress' from call_id=2
  [ComfyUI] [SubprocessWorker] callback 'report_progress' from call_id=2
  [ComfyUI] [SubprocessWorker] callback 'report_progress' from call_id=2
  [ComfyUI] [SubprocessWorker] callback 'report_progress' from call_id=2
  [ComfyUI] [worker:ComfyUI-SAM3] [SAM3] Download progress: 20%
  [ComfyUI] [SubprocessWorker] callback 'report_progress' from call_id=2
  [ComfyUI] [SubprocessWorker] callback 'report_progress' from call_id=2
  [ComfyUI] [SubprocessWorker] callback 'report_progress' from call_id=2
  [ComfyUI] [SubprocessWorker] callback 'report_progress' from call_id=2
  [ComfyUI] [SubprocessWorker] callback 'report_progress' from call_id=2
  [ComfyUI] [SubprocessWorker] callback 'report_progress' from call_id=2
  Frame 5 saved (frame_004.jpg, t=8.6s)
  [capture-periodic] freeze=29ms shot=203ms unfreeze=3ms saved=True
  [ComfyUI] [SubprocessWorker] callback 'report_progress' from call_id=2
  [ComfyUI] [SubprocessWorker] callback 'report_progress' from call_id=2
  [ComfyUI] [SubprocessWorker] callback 'report_progress' from call_id=2
  [ComfyUI] [SubprocessWorker] callback 'report_progress' from call_id=2
  [ComfyUI] [worker:ComfyUI-SAM3] [SAM3] Download progress: 30%
  [ComfyUI] [SubprocessWorker] callback 'report_progress' from call_id=2
  [ComfyUI] [SubprocessWorker] callback 'report_progress' from call_id=2
  [ComfyUI] [SubprocessWorker] callback 'report_progress' from call_id=2
  [ComfyUI] [SubprocessWorker] callback 'report_progress' from call_id=2
  [ComfyUI] [SubprocessWorker] callback 'report_progress' from call_id=2
  [ComfyUI] [SubprocessWorker] callback 'report_progress' from call_id=2
  [ComfyUI] [SubprocessWorker] callback 'report_progress' from call_id=2
  [ComfyUI] [SubprocessWorker] callback 'report_progress' from call_id=2
  [ComfyUI] [SubprocessWorker] callback 'report_progress' from call_id=2
  [ComfyUI] [SubprocessWorker] callback 'report_progress' from call_id=2
  [ComfyUI] [worker:ComfyUI-SAM3] [SAM3] Download progress: 40%
  [ComfyUI] [SubprocessWorker] callback 'report_progress' from call_id=2
  Frame 6 saved (frame_005.jpg, t=11.0s)
  [ComfyUI] [SubprocessWorker] callback 'report_progress' from call_id=2
  [capture-periodic] freeze=9ms shot=177ms unfreeze=5ms saved=True
  [ComfyUI] [SubprocessWorker] callback 'report_progress' from call_id=2
  [ComfyUI] [SubprocessWorker] callback 'report_progress' from call_id=2
  [ComfyUI] [SubprocessWorker] callback 'report_progress' from call_id=2
  [ComfyUI] [SubprocessWorker] callback 'report_progress' from call_id=2
  [ComfyUI] [SubprocessWorker] callback 'report_progress' from call_id=2
  [ComfyUI] [SubprocessWorker] callback 'report_progress' from call_id=2
  [ComfyUI] [SubprocessWorker] callback 'report_progress' from call_id=2
  [ComfyUI] [SubprocessWorker] callback 'report_progress' from call_id=2
  [ComfyUI] [worker:ComfyUI-SAM3] [SAM3] Download progress: 50%
  [capture-loop] iter=100 t=12.4s state={'complete': False, 'error': None, 'executedCount': 1, 'wsState': 1} eval_ms=5 ram=3.8/7.0GB (60%) swap=0.0/0.0GB (0%) cpu=85% browser_rss=0.57GB
  [ComfyUI] [SubprocessWorker] callback 'report_progress' from call_id=2
  [ComfyUI] [SubprocessWorker] callback 'report_progress' from call_id=2
  [ComfyUI] [SubprocessWorker] callback 'report_progress' from call_id=2
  [ComfyUI] [SubprocessWorker] callback 'report_progress' from call_id=2
  [ComfyUI] [SubprocessWorker] callback 'report_progress' from call_id=2
  [ComfyUI] [SubprocessWorker] callback 'report_progress' from call_id=2
  [ComfyUI] [SubprocessWorker] callback 'report_progress' from call_id=2
  Frame 7 saved (frame_006.jpg, t=13.2s)
  [ComfyUI] [SubprocessWorker] callback 'report_progress' from call_id=2
  [capture-periodic] freeze=9ms shot=168ms unfreeze=5ms saved=True
  [ComfyUI] [SubprocessWorker] callback 'report_progress' from call_id=2
  [ComfyUI] [SubprocessWorker] callback 'report_progress' from call_id=2
  [ComfyUI] [worker:ComfyUI-SAM3] [SAM3] Download progress: 60%
  [ComfyUI] [SubprocessWorker] callback 'report_progress' from call_id=2
  [ComfyUI] [SubprocessWorker] callback 'report_progress' from call_id=2
  [ComfyUI] [SubprocessWorker] callback 'report_progress' from call_id=2
  [ComfyUI] [SubprocessWorker] callback 'report_progress' from call_id=2
  [ComfyUI] [SubprocessWorker] callback 'report_progress' from call_id=2
  [ComfyUI] [SubprocessWorker] callback 'report_progress' from call_id=2
  [ComfyUI] [SubprocessWorker] callback 'report_progress' from call_id=2
  [ComfyUI] [SubprocessWorker] callback 'report_progress' from call_id=2
  [ComfyUI] [SubprocessWorker] callback 'report_progress' from call_id=2
  [ComfyUI] [SubprocessWorker] callback 'report_progress' from call_id=2
  [ComfyUI] [worker:ComfyUI-SAM3] [SAM3] Download progress: 70%
  [ComfyUI] [SubprocessWorker] callback 'report_progress' from call_id=2
  [ComfyUI] [SubprocessWorker] callback 'report_progress' from call_id=2
  [ComfyUI] [SubprocessWorker] callback 'report_progress' from call_id=2
  [ComfyUI] [SubprocessWorker] callback 'report_progress' from call_id=2
  Frame 8 saved (frame_007.jpg, t=15.5s)
  [capture-periodic] freeze=7ms shot=157ms unfreeze=5ms saved=True
  [ComfyUI] [SubprocessWorker] callback 'report_progress' from call_id=2
  [ComfyUI] [SubprocessWorker] callback 'report_progress' from call_id=2
  [ComfyUI] [SubprocessWorker] callback 'report_progress' from call_id=2
  [ComfyUI] [SubprocessWorker] callback 'report_progress' from call_id=2
  [ComfyUI] [SubprocessWorker] callback 'report_progress' from call_id=2
  [ComfyUI] [SubprocessWorker] callback 'report_progress' from call_id=2
  [ComfyUI] [worker:ComfyUI-SAM3] [SAM3] Download progress: 80%
  [ComfyUI] [SubprocessWorker] callback 'report_progress' from call_id=2
  [ComfyUI] [SubprocessWorker] callback 'report_progress' from call_id=2
  [ComfyUI] [SubprocessWorker] callback 'report_progress' from call_id=2
  [ComfyUI] [SubprocessWorker] callback 'report_progress' from call_id=2
  [ComfyUI] [SubprocessWorker] callback 'report_progress' from call_id=2
  [ComfyUI] [SubprocessWorker] callback 'report_progress' from call_id=2
  [ComfyUI] [SubprocessWorker] callback 'report_progress' from call_id=2
  [ComfyUI] [SubprocessWorker] callback 'report_progress' from call_id=2
  [ComfyUI] [SubprocessWorker] callback 'report_progress' from call_id=2
  [ComfyUI] [SubprocessWorker] callback 'report_progress' from call_id=2
  [ComfyUI] [worker:ComfyUI-SAM3] [SAM3] Download progress: 90%
  [ComfyUI] [SubprocessWorker] callback 'report_progress' from call_id=2
  Frame 9 saved (frame_008.jpg, t=17.9s)
  [capture-periodic] freeze=11ms shot=186ms unfreeze=12ms saved=True
  [ComfyUI] [SubprocessWorker] callback 'report_progress' from call_id=2
  [ComfyUI] [SubprocessWorker] callback 'report_progress' from call_id=2
  [ComfyUI] [SubprocessWorker] callback 'report_progress' from call_id=2
  [ComfyUI] [SubprocessWorker] callback 'report_progress' from call_id=2
  [ComfyUI] [SubprocessWorker] callback 'report_progress' from call_id=2
  [capture-loop] iter=150 t=18.9s state={'complete': False, 'error': None, 'executedCount': 1, 'wsState': 1} eval_ms=11 ram=3.8/7.0GB (60%) swap=0.0/0.0GB (0%) cpu=84% browser_rss=0.58GB
  [ComfyUI] [SubprocessWorker] callback 'report_progress' from call_id=2
  [ComfyUI] [SubprocessWorker] callback 'report_progress' from call_id=2
  [ComfyUI] [SubprocessWorker] callback 'report_progress' from call_id=2
  [ComfyUI] [SubprocessWorker] callback 'report_progress' from call_id=2
  [ComfyUI] [worker:ComfyUI-SAM3] [SAM3] Download progress: 100%
  [ComfyUI] [SubprocessWorker] callback 'report_progress' from call_id=2
  [ComfyUI] [worker:ComfyUI-SAM3] [SAM3] Downloaded sam3.safetensors
  [ComfyUI] [worker:ComfyUI-SAM3] [SAM3] Model downloaded successfully
  [ComfyUI] [SubprocessWorker] got response: ok
  [ComfyUI] [comfy-env] LoadSAM3Model done (15.56s): result: NodeOutput
  [ComfyUI] [comfy-env] Running SAM3Segmentation: refinement_iterations: 0, use_multimask: True, output_best_mask: True, sam3_model_config: dict, image: torch.float32 [1,720,1280,3] cpu, positive_points: dict, negative_points: dict
  [ComfyUI] [SubprocessWorker] call_method: nodes.segmentation.SAM3Segmentation.EXECUTE_NORMALIZED
  [ComfyUI] [SubprocessWorker] acquired lock, ensuring started...
  [ComfyUI] [ComfyUI-SAM3] Health check: ping (timeout=5.0s)...
  [ComfyUI] [ComfyUI-SAM3] Health check: ok
  [ComfyUI] [SubprocessWorker] worker started/confirmed
  [ComfyUI] [comfy-env] PRE-SERIALIZE 'image' shape: torch.Size([1, 720, 1280, 3])
  [ComfyUI] [SubprocessWorker] serializing kwargs to shm...
  [ComfyUI] [SubprocessWorker] created 0 shm blocks
  [ComfyUI] [SubprocessWorker] sending request via socket...
  [ComfyUI] [SubprocessWorker] call_id=3 sending call_method
  [ComfyUI] [worker:ComfyUI-SAM3] [comfy-env] _from_shm got dict with keys: ['__type__', 'strategy', 'manager_path', 'storage_key', 'storage_size']
  [ComfyUI] [worker:ComfyUI-SAM3] [comfy-env] DESERIALIZE TensorRef: tensor_size=[1, 720, 1280, 3]
  [ComfyUI] [worker:ComfyUI-SAM3] [comfy-env] DESERIALIZED tensor shape: torch.Size([1, 720, 1280, 3])
  Frame 10 saved (frame_009.jpg, t=20.2s)
  [capture-periodic] freeze=1ms shot=87ms unfreeze=2ms saved=True
  [ComfyUI] objc[4061]: Class AVFFrameReceiver is implemented in both /Users/runner/.ce/.pixi/envs/sam3-nodes/lib/libavdevice.62.3.101.dylib (0x1239c47a8) and /Users/runner/.ce/.pixi/envs/sam3-nodes/lib/python3.10/site-packages/cv2/.dylibs/libavdevice.61.3.100.dylib (0x144df83a8). This may cause spurious casting failures and mysterious crashes. One of the duplicates must be removed or renamed.
  [ComfyUI] objc[4061]: Class AVFAudioReceiver is implemented in both /Users/runner/.ce/.pixi/envs/sam3-nodes/lib/libavdevice.62.3.101.dylib (0x1239c47f8) and /Users/runner/.ce/.pixi/envs/sam3-nodes/lib/python3.10/site-packages/cv2/.dylibs/libavdevice.61.3.100.dylib (0x144df83f8). This may cause spurious casting failures and mysterious crashes. One of the duplicates must be removed or renamed.
  [capture-loop] iter=200 t=24.4s state={'complete': False, 'error': None, 'executedCount': 1, 'wsState': 1} eval_ms=2 ram=3.8/7.0GB (60%) swap=0.0/0.0GB (0%) cpu=52% browser_rss=0.57GB
  [capture-loop] iter=250 t=30.1s state={'complete': False, 'error': None, 'executedCount': 1, 'wsState': 1} eval_ms=2 ram=3.5/7.0GB (64%) swap=0.0/0.0GB (0%) cpu=44% browser_rss=0.55GB
  [capture-loop] iter=300 t=36.0s state={'complete': False, 'error': None, 'executedCount': 1, 'wsState': 1} eval_ms=4 ram=2.9/7.0GB (72%) swap=0.0/0.0GB (0%) cpu=46% browser_rss=0.34GB
  [capture-loop] iter=350 t=41.5s state={'complete': False, 'error': None, 'executedCount': 1, 'wsState': 1} eval_ms=2 ram=2.7/7.0GB (75%) swap=0.0/0.0GB (0%) cpu=39% browser_rss=0.27GB
  [ComfyUI] [SubprocessWorker] callback 'request_vram_budget' from call_id=3
  [ComfyUI] [comfy-env] VRAM request: 1.84GB, free before eviction: 1.74GB
  [ComfyUI] [comfy-env] VRAM after eviction: 1.74GB
  [capture-loop] iter=400 t=47.4s state={'complete': False, 'error': None, 'executedCount': 1, 'wsState': 1} eval_ms=4 ram=3.3/7.0GB (77%) swap=0.0/0.0GB (0%) cpu=57% browser_rss=0.26GB
  [capture-loop] iter=450 t=55.3s state={'complete': False, 'error': None, 'executedCount': 1, 'wsState': 1} eval_ms=1 ram=3.0/7.0GB (85%) swap=0.0/0.0GB (0%) cpu=65% browser_rss=0.19GB
  [ComfyUI] [worker:ComfyUI-SAM3]
  [ComfyUI] === WATCHDOG TICK 1 ===
  [ComfyUI] [worker:ComfyUI-SAM3] Current thread 0x000000016c207000 (most recent call first):
  [ComfyUI]   File "/var/folders/tb/y368xp_x10s3ty1b_mtl5mxr0000gn/T/comfyui_pvenv_bwl1cu8r/persistent_worker.py", line 52 in _watchdog
  [ComfyUI]   File "/Users/runner/.ce/.pixi/envs/sam3-nodes/lib/python3.10/threading.py", line 953 in run
  [ComfyUI]   File "/Users/runner/.ce/.pixi/envs/sam3-nodes/lib/python3.10/threading.py", line 1016 in _bootstrap_inner
  [ComfyUI]   File "/Users/runner/.ce/.pixi/envs/sam3-nodes/lib/python3.10/threading.py", line 973 in _bootstrap
  [ComfyUI] 
  [ComfyUI] Thread 0x00000001f97a6240 (most recent call first):
  [ComfyUI]   File "/Users/runner/work/comfy-gpu-ci/comfy-gpu-ci/test_workspaces/SAM3-1942/ComfyUI/comfy/ldm/modules/sub_quadratic_attention.py", line 181 in _get_attention_scores_no_kv_chunking
  [ComfyUI]   File "/Users/runner/work/comfy-gpu-ci/comfy-gpu-ci/test_workspaces/SAM3-1942/ComfyUI/comfy/ldm/modules/sub_quadratic_attention.py", line 259 in efficient_dot_product_attention
  [ComfyUI]   File "/Users/runner/work/comfy-gpu-ci/comfy-gpu-ci/test_workspaces/SAM3-1942/ComfyUI/comfy/ldm/modules/attention.py", line 275 in attention_sub_quad
  [ComfyUI]   File "/Users/runner/work/comfy-gpu-ci/comfy-gpu-ci/test_workspaces/SAM3-1942/ComfyUI/comfy/ldm/modules/attention.py", line 139 in wrapper
  [ComfyUI]   File "/Users/runner/work/comfy-gpu-ci/comfy-gpu-ci/test_workspaces/SAM3-1942/ComfyUI/custom_nodes/ComfyUI-SAM3/nodes/sam3/attention.py", line 126 in sam3_attention
  [ComfyUI]   File "/Users/runner/work/comfy-gpu-ci/comfy-gpu-ci/test_workspaces/SAM3-1942/ComfyUI/custom_nodes/ComfyUI-SAM3/nodes/sam3/model.py", line 729 in forward
  [ComfyUI]   File "/Users/runner/.ce/.pixi/envs/sam3-nodes/lib/python3.10/site-packages/torch/nn/modules/module.py", line 1787 in _call_impl
  [ComfyUI]   File "/Users/runner/.ce/.pixi/envs/sam3-nodes/lib/python3.10/site-packages/torch/nn/modules/module.py", line 1776 in _wrapped_call_impl
  [ComfyUI]   File "/Users/runner/work/comfy-gpu-ci/comfy-gpu-ci/test_workspaces/SAM3-1942/ComfyUI/custom_nodes/ComfyUI-SAM3/nodes/sam3/model.py", line 819 in forward
  [ComfyUI]   File "/Users/runner/.ce/.pixi/envs/sam3-nodes/lib/python3.10/site-packages/torch/nn/modules/module.py", line 1787 in _call_impl
  [ComfyUI]   File "/Users/runner/.ce/.pixi/envs/sam3-nodes/lib/python3.10/site-packages/torch/nn/modules/module.py", line 1776 in _wrapped_call_impl
  [ComfyUI]   File "/Users/runner/work/comfy-gpu-ci/comfy-gpu-ci/test_workspaces/SAM3-1942/ComfyUI/custom_nodes/ComfyUI-SAM3/nodes/sam3/model.py", line 983 in forward
  [ComfyUI]   File "/Users/runner/.ce/.pixi/envs/sam3-nodes/lib/python3.10/site-packages/torch/nn/modules/module.py", line 1787 in _call_impl
  [ComfyUI]   File "/Users/runner/.ce/.pixi/envs/sam3-nodes/lib/python3.10/site-packages/torch/nn/modules/module.py", line 1776 in _wrapped_call_impl
  [ComfyUI]   File "/Users/runner/work/comfy-gpu-ci/comfy-gpu-ci/test_workspaces/SAM3-1942/ComfyUI/custom_nodes/ComfyUI-SAM3/nodes/sam3/model.py", line 2041 in forward
  [ComfyUI]   File "/Users/runner/work/comfy-gpu-ci/comfy-gpu-ci/test_workspaces/SAM3-1942/ComfyUI/custom_nodes/ComfyUI-SAM3/nodes/sam3/model.py", line 3321 in _forward_image_no_act_ckpt
  [ComfyUI]   File "/Users/runner/work/comfy-gpu-ci/comfy-gpu-ci/test_workspaces/SAM3-1942/ComfyUI/custom_nodes/ComfyUI-SAM3/nodes/sam3/model.py", line 3314 in forward_image
  [ComfyUI]   File "/Users/runner/work/comfy-gpu-ci/comfy-gpu-ci/test_workspaces/SAM3-1942/ComfyUI/custom_nodes/ComfyUI-SAM3/nodes/sam3/utils.py", line 1324 in set_image
  [ComfyUI]   File "/Users/runner/.ce/.pixi/envs/sam3-nodes/lib/python3.10/site-packages/torch/utils/_contextlib.py", line 124 in decorate_context
  [ComfyUI]   File "/Users/runner/work/comfy-gpu-ci/comfy-gpu-ci/test_workspaces/SAM3-1942/ComfyUI/custom_nodes/ComfyUI-SAM3/nodes/segmentation.py", line 496 in execute
  [ComfyUI]   File "/Users/runner/work/comfy-gpu-ci/comfy-gpu-ci/test_workspaces/SAM3-1942/ComfyUI/comfy_api/latest/_io.py", line 1833 in EXECUTE_NORMALIZED
  [ComfyUI]   File "/var/folders/tb/y368xp_x10s3ty1b_mtl5mxr0000gn/T/comfyui_pvenv_bwl1cu8r/persistent_worker.py", line 1762 in main
  [ComfyUI]   File "/var/folders/tb/y368xp_x10s3ty1b_mtl5mxr0000gn/T/comfyui_pvenv_bwl1cu8r/persistent_worker.py", line 1807 in <module>
  [ComfyUI] 
  [ComfyUI] [worker:ComfyUI-SAM3] === END ===
  [ComfyUI] 
  [capture-loop] iter=500 t=61.5s state={'complete': False, 'error': None, 'executedCount': 1, 'wsState': 1} eval_ms=2 ram=4.4/7.0GB (85%) swap=0.0/0.0GB (0%) cpu=44% browser_rss=0.20GB
  [capture-loop] iter=550 t=72.0s state={'complete': False, 'error': None, 'executedCount': 1, 'wsState': 1} eval_ms=1 ram=2.5/7.0GB (77%) swap=0.0/0.0GB (0%) cpu=57% browser_rss=0.21GB
  [ComfyUI] [SubprocessWorker] got response: ok
  [ComfyUI] [comfy-env] SAM3Segmentation done (57.19s): result: NodeOutput
  [ComfyUI] Prompt executed in 76.65 seconds
  Node executed (2 total), capturing...
  Frame 11 saved (frame_010.jpg, t=77.1s)
  [capture-node] freeze=2ms shot=106ms unfreeze=3ms saved=True
  Node executed (3 total), capturing...
  Frame 12 saved (frame_011.jpg, t=77.5s)
  [capture-node] freeze=6ms shot=665ms unfreeze=0ms saved=True
  Execution complete (t=77.5s)
  Captured 12 unique frames over 78.19s
  [debug] iframes: 0
  [timing] trigger_3d_previews: 0.0s
  Saved high-quality screenshot: image_seg_point_executed.png
  [timing] final_screenshot: 0.2s
    Captured 13 video frames