Loading workflow from /Users/runner/work/comfy-gpu-ci/comfy-gpu-ci/ComfyUI/custom_nodes/ComfyUI-SAM3/workflows/image_seg_text.json...
Converting litegraph workflow to prompt format...
Queuing workflow: /Users/runner/work/comfy-gpu-ci/comfy-gpu-ci/ComfyUI/custom_nodes/ComfyUI-SAM3/workflows/image_seg_text.json...
[DEBUG] Connecting WebSocket to ws://127.0.0.1:8188/ws?clientId=d9d37b86-3c7b-4168-8e7e-6ee0dbbe3221
[DEBUG] WebSocket connected successfully
Queued with ID: 3e71d00b-07f0-45b3-8ff5-1fc67fe031f0
[DEBUG] WS msg: type=status prompt_id=None (waiting for 3e71d00b-07f0-45b3-8ff5-1fc67fe031f0)
[DEBUG] WS msg: type=status prompt_id=None (waiting for 3e71d00b-07f0-45b3-8ff5-1fc67fe031f0)
[DEBUG] WS msg: type=status prompt_id=None (waiting for 3e71d00b-07f0-45b3-8ff5-1fc67fe031f0)
[DEBUG] WS msg: type=progress_state prompt_id=3e71d00b-07f0-45b3-8ff5-1fc67fe031f0 (waiting for 3e71d00b-07f0-45b3-8ff5-1fc67fe031f0)
[DEBUG] Unhandled msg_type: progress_state
[DEBUG] WS msg: type=progress_state prompt_id=3e71d00b-07f0-45b3-8ff5-1fc67fe031f0 (waiting for 3e71d00b-07f0-45b3-8ff5-1fc67fe031f0)
[DEBUG] Unhandled msg_type: progress_state
[DEBUG] WS msg: type=progress_state prompt_id=3e71d00b-07f0-45b3-8ff5-1fc67fe031f0 (waiting for 3e71d00b-07f0-45b3-8ff5-1fc67fe031f0)
[DEBUG] Unhandled msg_type: progress_state
[DEBUG] WS msg: type=progress_state prompt_id=3e71d00b-07f0-45b3-8ff5-1fc67fe031f0 (waiting for 3e71d00b-07f0-45b3-8ff5-1fc67fe031f0)
[DEBUG] Unhandled msg_type: progress_state
[DEBUG] WS msg: type=progress_state prompt_id=3e71d00b-07f0-45b3-8ff5-1fc67fe031f0 (waiting for 3e71d00b-07f0-45b3-8ff5-1fc67fe031f0)
[DEBUG] Unhandled msg_type: progress_state
[DEBUG] WS recv timeout at 0.1s, checking history fallback...
[DEBUG] WS msg: type=status prompt_id=None (waiting for 3e71d00b-07f0-45b3-8ff5-1fc67fe031f0)
Execution complete (queue empty)
Workflow completed successfully!
    Saved screenshot: image_seg_text_executed.png