Capturing execution frames: image_seg_text.json
  Frame 1 saved (frame_000.jpg, t=0.0s)
  Validating workflow...
  Queuing workflow for execution...
  Frame 2 saved (frame_001.jpg, t=2.2s)
  [capture-periodic] freeze=3ms shot=113ms unfreeze=4ms saved=True
  Frame 3 saved (frame_002.jpg, t=4.4s)
  [capture-periodic] freeze=3ms shot=111ms unfreeze=3ms saved=True
  [capture-loop] iter=50 t=5.7s state={'complete': False, 'error': None, 'executedCount': 0, 'wsState': 1} eval_ms=5 ram=7.3/16.0GB (45%) swap=0.1/2.9GB (5%) cpu=49% browser_rss=0.64GB
  [capture-loop] iter=100 t=11.6s state={'complete': False, 'error': None, 'executedCount': 0, 'wsState': 1} eval_ms=8 ram=7.2/16.0GB (45%) swap=0.1/2.9GB (5%) cpu=79% browser_rss=0.64GB
  [capture-loop] iter=150 t=17.5s state={'complete': False, 'error': None, 'executedCount': 0, 'wsState': 1} eval_ms=5 ram=8.6/16.0GB (54%) swap=0.3/2.9GB (10%) cpu=79% browser_rss=0.61GB
  [capture-loop] iter=200 t=23.3s state={'complete': False, 'error': None, 'executedCount': 0, 'wsState': 1} eval_ms=4 ram=7.0/16.0GB (44%) swap=0.3/2.9GB (10%) cpu=69% browser_rss=0.61GB
  [capture-loop] iter=250 t=29.1s state={'complete': False, 'error': None, 'executedCount': 0, 'wsState': 1} eval_ms=4 ram=7.0/16.0GB (44%) swap=0.3/2.9GB (10%) cpu=73% browser_rss=0.54GB
  [capture-loop] iter=300 t=34.8s state={'complete': False, 'error': None, 'executedCount': 0, 'wsState': 1} eval_ms=5 ram=7.2/16.0GB (45%) swap=0.3/2.9GB (10%) cpu=65% browser_rss=0.54GB
  [capture-loop] iter=350 t=40.6s state={'complete': False, 'error': None, 'executedCount': 0, 'wsState': 1} eval_ms=4 ram=7.0/16.0GB (44%) swap=0.3/2.9GB (10%) cpu=67% browser_rss=0.54GB
  [capture-loop] iter=400 t=46.4s state={'complete': False, 'error': None, 'executedCount': 0, 'wsState': 1} eval_ms=5 ram=6.8/16.0GB (42%) swap=0.4/2.9GB (14%) cpu=65% browser_rss=0.53GB
  [capture-loop] iter=450 t=52.1s state={'complete': False, 'error': None, 'executedCount': 0, 'wsState': 1} eval_ms=4 ram=6.8/16.0GB (43%) swap=0.4/2.9GB (14%) cpu=69% browser_rss=0.53GB
  [capture-loop] iter=500 t=57.9s state={'complete': False, 'error': None, 'executedCount': 0, 'wsState': 1} eval_ms=5 ram=8.1/16.0GB (51%) swap=0.4/2.9GB (14%) cpu=65% browser_rss=0.53GB
  [capture-loop] iter=550 t=63.6s state={'complete': False, 'error': None, 'executedCount': 0, 'wsState': 1} eval_ms=4 ram=7.4/16.0GB (46%) swap=0.4/2.9GB (14%) cpu=66% browser_rss=0.53GB
  [capture-loop] iter=600 t=69.4s state={'complete': False, 'error': None, 'executedCount': 0, 'wsState': 1} eval_ms=3 ram=8.7/16.0GB (54%) swap=0.6/2.9GB (20%) cpu=70% browser_rss=0.52GB
  Node executed (2 total), capturing...
  Frame 4 saved (frame_003.jpg, t=74.1s)
  [capture-node] freeze=2ms shot=130ms unfreeze=0ms saved=True
  Execution complete (t=74.1s)
  Captured 4 unique frames over 74.29s
  [debug] iframes: 0
  [timing] trigger_3d_previews: 0.0s
  Saved high-quality screenshot: image_seg_text_executed.png
  [timing] final_screenshot: 0.3s
    Captured 5 video frames