Capturing execution frames: image_seg_point.json
  Frame 1 saved (frame_000.jpg, t=0.0s)
  Validating workflow...
  Queuing workflow for execution...
  Frame 2 saved (frame_001.jpg, t=2.3s)
  [capture-periodic] freeze=4ms shot=120ms unfreeze=7ms saved=True
  Frame 3 saved (frame_002.jpg, t=4.5s)
  [capture-periodic] freeze=3ms shot=134ms unfreeze=7ms saved=True
  Node executed (1 total), capturing...
  Frame 4 saved (frame_003.jpg, t=5.2s)
  [capture-node] freeze=3ms shot=157ms unfreeze=4ms saved=True
  [capture-loop] iter=50 t=6.2s state={'complete': False, 'error': None, 'executedCount': 1, 'wsState': 1} eval_ms=4 ram=5.3/16.0GB (33%) swap=0.2/2.9GB (5%) cpu=40% browser_rss=0.73GB
  Frame 5 saved (frame_004.jpg, t=7.4s)
  [capture-periodic] freeze=7ms shot=139ms unfreeze=4ms saved=True
  Frame 6 saved (frame_005.jpg, t=9.7s)
  [capture-periodic] freeze=3ms shot=156ms unfreeze=5ms saved=True
  Frame 7 saved (frame_006.jpg, t=11.9s)
  [capture-periodic] freeze=6ms shot=154ms unfreeze=3ms saved=True
  [capture-loop] iter=100 t=12.6s state={'complete': False, 'error': None, 'executedCount': 1, 'wsState': 1} eval_ms=3 ram=6.5/16.0GB (41%) swap=0.2/2.9GB (5%) cpu=51% browser_rss=0.74GB
  Frame 8 saved (frame_007.jpg, t=14.2s)
  [capture-periodic] freeze=3ms shot=125ms unfreeze=7ms saved=True
  Frame 9 saved (frame_008.jpg, t=16.4s)
  [capture-periodic] freeze=7ms shot=146ms unfreeze=3ms saved=True
  [capture-loop] iter=150 t=18.3s state={'complete': False, 'error': None, 'executedCount': 1, 'wsState': 1} eval_ms=3 ram=7.4/16.0GB (46%) swap=0.2/2.9GB (5%) cpu=48% browser_rss=0.74GB
  Frame 10 saved (frame_009.jpg, t=18.6s)
  [capture-periodic] freeze=4ms shot=144ms unfreeze=4ms saved=True
  Frame 11 saved (frame_010.jpg, t=21.5s)
  [capture-periodic] freeze=3ms shot=149ms unfreeze=3ms saved=True
  Frame 12 saved (frame_011.jpg, t=24.3s)
  [capture-periodic] freeze=2ms shot=117ms unfreeze=6ms saved=True
  [capture-loop] iter=200 t=25.5s state={'complete': False, 'error': None, 'executedCount': 1, 'wsState': 1} eval_ms=4 ram=5.8/16.0GB (36%) swap=0.2/2.9GB (5%) cpu=38% browser_rss=0.75GB
  Frame 13 saved (frame_012.jpg, t=26.6s)
  [capture-periodic] freeze=3ms shot=115ms unfreeze=3ms saved=True
  [capture-loop] iter=250 t=31.4s state={'complete': False, 'error': None, 'executedCount': 1, 'wsState': 1} eval_ms=3 ram=6.0/16.0GB (38%) swap=0.2/2.9GB (5%) cpu=52% browser_rss=0.65GB
  [capture-loop] iter=300 t=37.1s state={'complete': False, 'error': None, 'executedCount': 1, 'wsState': 1} eval_ms=4 ram=6.0/16.0GB (38%) swap=0.2/2.9GB (5%) cpu=78% browser_rss=0.65GB
  [capture-loop] iter=350 t=43.0s state={'complete': False, 'error': None, 'executedCount': 1, 'wsState': 1} eval_ms=3 ram=6.0/16.0GB (37%) swap=0.2/2.9GB (5%) cpu=74% browser_rss=0.64GB
  [capture-loop] iter=400 t=48.8s state={'complete': False, 'error': None, 'executedCount': 1, 'wsState': 1} eval_ms=4 ram=6.0/16.0GB (38%) swap=0.2/2.9GB (5%) cpu=70% browser_rss=0.65GB
  [capture-loop] iter=450 t=54.7s state={'complete': False, 'error': None, 'executedCount': 1, 'wsState': 1} eval_ms=4 ram=7.2/16.0GB (45%) swap=0.2/2.9GB (5%) cpu=71% browser_rss=0.62GB
  [capture-loop] iter=500 t=60.5s state={'complete': False, 'error': None, 'executedCount': 1, 'wsState': 1} eval_ms=4 ram=6.1/16.0GB (38%) swap=0.2/2.9GB (5%) cpu=72% browser_rss=0.62GB
  [capture-loop] iter=550 t=66.2s state={'complete': False, 'error': None, 'executedCount': 1, 'wsState': 1} eval_ms=4 ram=6.3/16.0GB (40%) swap=0.2/2.9GB (5%) cpu=67% browser_rss=0.62GB
  [capture-loop] iter=600 t=72.1s state={'complete': False, 'error': None, 'executedCount': 1, 'wsState': 1} eval_ms=4 ram=6.5/16.0GB (40%) swap=0.2/2.9GB (5%) cpu=69% browser_rss=0.61GB
  [capture-loop] iter=650 t=77.9s state={'complete': False, 'error': None, 'executedCount': 1, 'wsState': 1} eval_ms=3 ram=6.7/16.0GB (42%) swap=0.2/2.9GB (5%) cpu=69% browser_rss=0.61GB
  [capture-loop] iter=700 t=83.6s state={'complete': False, 'error': None, 'executedCount': 1, 'wsState': 1} eval_ms=5 ram=6.9/16.0GB (43%) swap=0.2/2.9GB (5%) cpu=69% browser_rss=0.61GB
  Node executed (3 total), capturing...
  Frame 14 saved (frame_013.jpg, t=89.4s)
  [capture-node] freeze=3ms shot=133ms unfreeze=0ms saved=True
  Execution complete (t=89.4s)
  Captured 14 unique frames over 89.53s
  [debug] iframes: 0
  [timing] trigger_3d_previews: 0.0s
  Saved high-quality screenshot: image_seg_point_executed.png
  [timing] final_screenshot: 0.3s
    Captured 15 video frames