Capturing execution frames: scene_seg.json
  Frame 1 saved (frame_000.jpg, t=0.0s)
  Validating workflow...
  Queuing workflow for execution...
  Frame 2 saved (frame_001.jpg, t=2.3s)
  [capture-periodic] freeze=3ms shot=134ms unfreeze=2ms saved=True
  Frame 3 saved (frame_002.jpg, t=4.5s)
  [capture-periodic] freeze=2ms shot=124ms unfreeze=4ms saved=True
  [capture-loop] iter=50 t=5.8s state={'complete': False, 'error': None, 'executedCount': 0, 'wsState': 1} eval_ms=3 ram=5.5/16.0GB (34%) swap=0.5/2.9GB (19%) cpu=42% browser_rss=0.93GB
  Node executed (1 total), capturing...
  Frame 4 saved (frame_003.jpg, t=6.9s)
  [capture-node] freeze=28ms shot=235ms unfreeze=10ms saved=True
  [capture-loop] iter=100 t=12.2s state={'complete': False, 'error': None, 'executedCount': 1, 'wsState': 1} eval_ms=3 ram=6.2/16.0GB (38%) swap=0.5/2.9GB (19%) cpu=55% browser_rss=1.41GB
  [capture-loop] iter=150 t=17.9s state={'complete': False, 'error': None, 'executedCount': 1, 'wsState': 1} eval_ms=4 ram=6.3/16.0GB (40%) swap=0.5/2.9GB (19%) cpu=65% browser_rss=1.40GB
  [capture-loop] iter=200 t=23.9s state={'complete': False, 'error': None, 'executedCount': 1, 'wsState': 1} eval_ms=3 ram=6.6/16.0GB (41%) swap=0.5/2.9GB (17%) cpu=71% browser_rss=1.52GB
  [capture-loop] iter=250 t=29.9s state={'complete': False, 'error': None, 'executedCount': 1, 'wsState': 1} eval_ms=3 ram=6.7/16.0GB (42%) swap=0.5/2.9GB (17%) cpu=68% browser_rss=1.42GB
  [capture-loop] iter=300 t=35.7s state={'complete': False, 'error': None, 'executedCount': 1, 'wsState': 1} eval_ms=4 ram=8.4/16.0GB (52%) swap=0.5/2.9GB (17%) cpu=67% browser_rss=1.40GB
  [capture-loop] iter=350 t=41.6s state={'complete': False, 'error': None, 'executedCount': 1, 'wsState': 1} eval_ms=4 ram=7.2/16.0GB (45%) swap=0.5/2.9GB (17%) cpu=72% browser_rss=1.40GB
  [capture-loop] iter=400 t=47.6s state={'complete': False, 'error': None, 'executedCount': 1, 'wsState': 1} eval_ms=4 ram=7.2/16.0GB (45%) swap=0.5/2.9GB (17%) cpu=69% browser_rss=1.40GB
  [capture-loop] iter=450 t=53.3s state={'complete': False, 'error': None, 'executedCount': 1, 'wsState': 1} eval_ms=4 ram=7.2/16.0GB (45%) swap=0.5/2.9GB (17%) cpu=70% browser_rss=1.33GB
  [capture-loop] iter=500 t=59.3s state={'complete': False, 'error': None, 'executedCount': 1, 'wsState': 1} eval_ms=3 ram=7.4/16.0GB (46%) swap=0.5/2.9GB (17%) cpu=69% browser_rss=1.32GB
  [capture-loop] iter=550 t=65.1s state={'complete': False, 'error': None, 'executedCount': 1, 'wsState': 1} eval_ms=4 ram=7.7/16.0GB (48%) swap=0.5/2.9GB (17%) cpu=72% browser_rss=1.32GB
  [capture-loop] iter=600 t=71.1s state={'complete': False, 'error': None, 'executedCount': 1, 'wsState': 1} eval_ms=7 ram=8.1/16.0GB (50%) swap=0.5/2.9GB (17%) cpu=71% browser_rss=1.32GB
  Frame 5 saved (frame_004.jpg, t=71.8s)
  [capture-periodic] freeze=4ms shot=186ms unfreeze=8ms saved=True
  Frame 6 saved (frame_005.jpg, t=74.2s)
  [capture-periodic] freeze=3ms shot=195ms unfreeze=13ms saved=True
  [capture-loop] iter=650 t=77.2s state={'complete': False, 'error': None, 'executedCount': 1, 'wsState': 1} eval_ms=4 ram=10.6/16.0GB (66%) swap=0.5/2.9GB (17%) cpu=81% browser_rss=1.32GB
  [capture-loop] iter=700 t=83.0s state={'complete': False, 'error': None, 'executedCount': 1, 'wsState': 1} eval_ms=5 ram=9.2/16.0GB (58%) swap=0.5/2.9GB (17%) cpu=72% browser_rss=1.32GB
  Frame 7 saved (frame_006.jpg, t=85.4s)
  [capture-periodic] freeze=3ms shot=183ms unfreeze=5ms saved=True
  [capture-loop] iter=750 t=88.9s state={'complete': False, 'error': None, 'executedCount': 1, 'wsState': 1} eval_ms=4 ram=9.0/16.0GB (56%) swap=0.5/2.9GB (17%) cpu=50% browser_rss=1.32GB
  Node executed (2 total), capturing...
  Frame 8 saved (frame_007.jpg, t=92.2s)
  [capture-node] freeze=486ms shot=868ms unfreeze=2ms saved=True
  Node executed (3 total), capturing...
  Frame 9 saved (frame_008.jpg, t=94.9s)
  [capture-node] freeze=192ms shot=854ms unfreeze=19ms saved=True
  Node executed (4 total), capturing...
  Frame 10 saved (frame_009.jpg, t=96.2s)
  [capture-node] freeze=4ms shot=234ms unfreeze=0ms saved=True
  Execution complete (t=96.2s)
  Captured 10 unique frames over 96.64s
  [debug] iframes: 0
  [timing] trigger_3d_previews: 0.0s
  Saved high-quality screenshot: scene_seg_executed.png
  [timing] final_screenshot: 0.3s
    Captured 11 video frames