[00:00] Crash dump logging enabled: D:\a\comfy-gpu-ci\comfy-gpu-ci\comfy-test-logs\SAM3-1942\dev\windows-cpu\crash_dump.log
[00:00] 
[00:00] [1/5] SYNTAX
[00:00] ----------------------------------------
[00:00] 
[DEBUG] server=None, api=None
[00:00] Found pyproject.toml (modern format)
[00:00] Found requirements.txt (legacy format)
[00:00] Unicode check: OK (all characters cp1252-safe)
[00:00] Forbidden patterns check: OK
[00:00] [SYNTAX] PASSED
[00:00] 
[00:00] [2/5] INSTALL
[00:00] ----------------------------------------
[00:00] 
[DEBUG] server=None, api=None
[00:00] 
Setting up ComfyUI...
[00:00] Creating virtual environment at D:\a\comfy-gpu-ci\comfy-gpu-ci\test_workspaces\SAM3-1942\.venv...
[00:00] Running: uv venv D:\a\comfy-gpu-ci\comfy-gpu-ci\test_workspaces\SAM3-1942\.venv --python 3.12
[00:02] torch_version='2.10.0' -> pinning torch==2.10.0 torchvision==0.25.0 torchaudio==2.10.0
[00:02] Cloning ComfyUI (latest) to D:\a\comfy-gpu-ci\comfy-gpu-ci\test_workspaces\SAM3-1942\ComfyUI...
[00:02] Running: git clone --depth 1 https://github.com/comfyanonymous/ComfyUI.git D:\a\comfy-gpu-ci\comfy-gpu-ci\test_workspaces\SAM3-1942\ComfyUI
[00:03] Pinning torch family from https://download.pytorch.org/whl/cpu: torch==2.10.0 torchvision==0.25.0 torchaudio==2.10.0
[00:03] Running: uv pip install --python D:\a\comfy-gpu-ci\comfy-gpu-ci\test_workspaces\SAM3-1942\.venv\Scripts\python.exe --index-url https://download.pytorch.org/whl/cpu --extra-index-url https://pypi.org/simple --index-strategy unsafe-best-match torch==2.10.0 torchvision==0.25.0 torchaudio==2.10.0
[00:27] Installing ComfyUI requirements into D:\a\comfy-gpu-ci\comfy-gpu-ci\test_workspaces\SAM3-1942\.venv...
[00:27]     comfyui-frontend-package==1.43.18
[00:27]     comfyui-workflow-templates==0.9.77
[00:27]     comfyui-embedded-docs==0.5.0
[00:27]     torch
[00:27]     torchsde
[00:27]     torchvision
[00:27]     torchaudio
[00:27]     numpy>=1.25.0
[00:27]     einops
[00:27]     transformers>=4.50.3
[00:27]     tokenizers>=0.13.3
[00:27]     sentencepiece
[00:27]     safetensors>=0.4.2
[00:27]     aiohttp>=3.11.8
[00:27]     yarl>=1.18.0
[00:27]     pyyaml
[00:27]     Pillow
[00:27]     scipy
[00:27]     tqdm
[00:27]     psutil
[00:27]     alembic
[00:27]     SQLAlchemy>=2.0.0
[00:27]     filelock
[00:27]     av>=14.2.0
[00:27]     comfy-kitchen>=0.2.8
[00:27]     comfy-aimdo==0.3.0
[00:27]     requests
[00:27]     simpleeval>=1.0.0
[00:27]     blake3
[00:27]     
[00:27]     #non essential dependencies:
[00:27]     kornia>=0.7.1
[00:27]     spandrel
[00:27]     pydantic~=2.0
[00:27]     pydantic-settings~=2.0
[00:27]     PyOpenGL
[00:27]     glfw
[00:27] Running: uv pip install --python D:\a\comfy-gpu-ci\comfy-gpu-ci\test_workspaces\SAM3-1942\.venv\Scripts\python.exe --index-url https://download.pytorch.org/whl/cpu --extra-index-url https://pypi.org/simple --index-strategy unsafe-best-match -r D:\a\comfy-gpu-ci\comfy-gpu-ci\test_workspaces\SAM3-1942\ComfyUI\requirements.txt
[01:06] 
Installing custom node...
[01:06] Copying ComfyUI-SAM3 to D:\a\comfy-gpu-ci\comfy-gpu-ci\test_workspaces\SAM3-1942\ComfyUI\custom_nodes\ComfyUI-SAM3...
[01:06] Installing node requirements...
[01:06]     comfy-env==0.3.89
[01:06]     comfy-3d-viewers==0.2.44
[01:06] Running: uv pip install --python D:\a\comfy-gpu-ci\comfy-gpu-ci\test_workspaces\SAM3-1942\.venv\Scripts\python.exe --index-url https://download.pytorch.org/whl/cpu --extra-index-url https://pypi.org/simple --index-strategy unsafe-best-match -r D:\a\comfy-gpu-ci\comfy-gpu-ci\test_workspaces\SAM3-1942\ComfyUI\custom_nodes\ComfyUI-SAM3\requirements.txt
[01:09] 
Running install.py...
[01:09] Running: D:\a\comfy-gpu-ci\comfy-gpu-ci\test_workspaces\SAM3-1942\.venv\Scripts\python.exe D:\a\comfy-gpu-ci\comfy-gpu-ci\test_workspaces\SAM3-1942\ComfyUI\custom_nodes\ComfyUI-SAM3\install.py
[01:10]   
[01:10]   Installing 2 node dependencies...
[01:10]     Cloning ComfyUI-VideoHelperSuite...
[01:10]     Installing requirements for ComfyUI-VideoHelperSuite...
[01:11]     Cloning ComfyUI-Multiband...
[01:12]     Installing requirements for ComfyUI-Multiband...
[01:12]   
[01:12]   [requirements] Re-installing main package requirements...
[01:12]     Installing requirements for ComfyUI-SAM3...
[01:14]   [comfy-env] _discover: scanning D:\a\comfy-gpu-ci\comfy-gpu-ci\test_workspaces\SAM3-1942\ComfyUI\custom_nodes
[01:14]   [comfy-env] _discover: ComfyUI-Multiband: no comfy-env.toml found
[01:14]   [comfy-env] _discover: ComfyUI-SAM3 -> sam3-nodes (custom_nodes\ComfyUI-SAM3\nodes\comfy-env.toml)
[01:14]   [comfy-env] _discover: ComfyUI-VideoHelperSuite: no comfy-env.toml found
[01:14]   [comfy-env] Workspace: C:\Users\stduser\AppData\Local\Programs\comfy-env
[01:14]   [comfy-env] ComfyUI: D:\a\comfy-gpu-ci\comfy-gpu-ci\test_workspaces\SAM3-1942\ComfyUI
[01:14]   [comfy-env] Found 1 node config(s):
[01:14]     - sam3-nodes <- custom_nodes\ComfyUI-SAM3\nodes\comfy-env.toml (python=host)
[01:14]   [comfy-env] Bootstrap interpreter has python 3.12 + torch 2.10.0 (cpu). Looking for cuda-only wheels matching cpu/torch2.10/cp312.
[01:18]   [comfy-env] GPU: No GPU detected
[01:18]   [comfy-env] No CUDA detected -- pinning comfyui torch to CPU index
[01:18]   Generated C:\Users\stduser\AppData\Local\Programs\comfy-env\pixi.toml
[01:18]   [comfy-env] Installing 1 environment(s):
[01:18]     - sam3-nodes (python=host, 20 pypi deps, 3 cuda wheels)
[01:18]   [comfy-env] Running `pixi install -e sam3-nodes`...
[01:45]      WARN Skipped running the post-link scripts because `run-post-link-scripts` = `false`
[01:45]     	- Scripts/.librsvg-pre-unlink.bat
[01:45]     To enable them, run:
[01:45]     	pixi config set --local run-post-link-scripts insecure
[01:45]     More info:
[01:45]     	https://pixi.sh/latest/reference/pixi_configuration/#run-post-link-scripts
[02:48]     The sam3-nodes environment has been installed.
[02:48]   [comfy-env] Recorded install hash 69506e1e018e -> C:\Users\stduser\AppData\Local\Programs\comfy-env\install.hash
[02:48]   [comfy-env] Install log: C:\Users\stduser\AppData\Local\Programs\comfy-env\install.log
[02:48]   
[02:48]   Installation complete!
[02:48] Installing 2 node dependency(ies)...
[02:48]   ComfyUI-VideoHelperSuite from Kosinkadink/ComfyUI-VideoHelperSuite
[02:48]   ComfyUI-VideoHelperSuite already exists, skipping...
[02:48]   ComfyUI-Multiband from PozzettiAndrea/ComfyUI-Multiband
[02:48]   ComfyUI-Multiband already exists, skipping...
[02:48] Installing validation endpoint...
[02:48]   Cloning PozzettiAndrea/ComfyUI-validate-endpoint...
[02:48] Running: git clone --depth 1 https://x-access-token:***@github.com/PozzettiAndrea/ComfyUI-validate-endpoint.git D:\a\comfy-gpu-ci\comfy-gpu-ci\test_workspaces\SAM3-1942\ComfyUI\custom_nodes\ComfyUI-validate-endpoint
[02:49] CUDA packages absent (will mock): cc_torch, torch_generic_nms, flash_attn
[02:49] [INSTALL] PASSED
[02:49] 
[02:49] [3/5] REGISTRATION
[02:49] ----------------------------------------
[02:49] 
[DEBUG] server=None, api=None
[02:49] 
Starting ComfyUI server...
[02:49] Starting ComfyUI server on port 41892...
[02:49] CUDA mock packages: cc_torch, torch_generic_nms, flash_attn
[02:49] Starting ComfyUI server on port 41892...
[02:49] Waiting for server to be ready (timeout: 600s)...
[02:51]   [ComfyUI] setup plugin alembic.autogenerate.schemas
[02:51]   [ComfyUI] setup plugin alembic.autogenerate.tables
[02:51]   [ComfyUI] setup plugin alembic.autogenerate.types
[02:51]   [ComfyUI] setup plugin alembic.autogenerate.constraints
[02:51]   [ComfyUI] setup plugin alembic.autogenerate.defaults
[02:51]   [ComfyUI] setup plugin alembic.autogenerate.comments
[02:52]   [ComfyUI] [comfy-env] ComfyUI-SAM3: 1 isolation env(s):
[02:52]   [ComfyUI] [comfy-env]   nodes -> D:\a\comfy-gpu-ci\comfy-gpu-ci\test_workspaces\SAM3-1942\ComfyUI\custom_nodes\ComfyUI-SAM3\nodes
[02:52]   [ComfyUI] [comfy-env] Workspace: C:\Users\stduser\AppData\Local\Programs\comfy-env
[02:52]   [ComfyUI] [comfy-env]     env: C:\Users\stduser\AppData\Local\Programs\comfy-env\.pixi\envs\sam3-nodes  [OK]
[02:52]   [ComfyUI] [comfy-env] prestartup complete
[02:52]   [ComfyUI] 
[02:52]   [ComfyUI] Prestartup times for custom nodes:
[02:52]   [ComfyUI]    0.3 seconds: D:\a\comfy-gpu-ci\comfy-gpu-ci\test_workspaces\SAM3-1942\ComfyUI\custom_nodes\ComfyUI-SAM3
[02:52]   [ComfyUI] 
[03:05]   [ComfyUI] Found comfy_kitchen backend eager: {'available': True, 'disabled': False, 'unavailable_reason': None, 'capabilities': ['apply_rope', 'apply_rope1', 'dequantize_mxfp8', 'dequantize_nvfp4', 'dequantize_per_tensor_fp8', 'quantize_mxfp8', 'quantize_nvfp4', 'quantize_per_tensor_fp8', 'scaled_mm_mxfp8', 'scaled_mm_nvfp4']}
[03:05]   [ComfyUI] Found comfy_kitchen backend triton: {'available': False, 'disabled': True, 'unavailable_reason': "ImportError: No module named 'triton'", 'capabilities': []}
[03:05]   [ComfyUI] Found comfy_kitchen backend cuda: {'available': False, 'disabled': True, 'unavailable_reason': 'CUDA not available on this system', 'capabilities': []}
[03:05]   [ComfyUI] Checkpoint files will always be loaded safely.
[03:06]   [ComfyUI] Total VRAM 16379 MB, total RAM 16379 MB
[03:06]   [ComfyUI] pytorch version: 2.10.0+cpu
[03:06]   [ComfyUI] Set vram state to: DISABLED
[03:06]   [ComfyUI] Device: cpu
[03:07]   [ComfyUI] Using sub quadratic optimization for attention, if you have memory or speed issues try using: --use-split-cross-attention
[03:15]   [ComfyUI] Python version: 3.12.10 (tags/v3.12.10:0cc8128, Apr  8 2025, 12:21:36) [MSC v.1943 64 bit (AMD64)]
[03:15]   [ComfyUI] ComfyUI version: 0.21.1
[03:15]   [ComfyUI] comfy-aimdo version: 0.3.0
[03:15]   [ComfyUI] comfy-kitchen version: 0.2.8
[03:15]   [ComfyUI] ****** User settings have been changed to be stored on the server instead of browser storage. ******
[03:15]   [ComfyUI] ****** For multi-user setups add the --multi-user CLI argument to enable multiple user profiles. ******
[03:15]   [ComfyUI] comfyui-frontend-package version: 1.43.18
[03:15]   [ComfyUI] comfyui-workflow-templates version: 0.9.77
[03:15]   [ComfyUI] comfyui-embedded-docs version: 0.5.0
[03:15]   [ComfyUI] comfy-kitchen version: 0.2.8
[03:15]   [ComfyUI] comfy-aimdo version: 0.3.0
[03:15]   [ComfyUI] [Prompt Server] web root: D:\a\comfy-gpu-ci\comfy-gpu-ci\test_workspaces\SAM3-1942\.venv\Lib\site-packages\comfyui_frontend_package\static
[03:15]   [ComfyUI] Asset seeder disabled
[03:19]   [ComfyUI] ComfyUI-Multiband loaded: 15 nodes registered
[03:19]   [ComfyUI] [comfy-env] Version: 0.3.89
[03:20]   [ComfyUI] [comfy-env] register_nodes: ComfyUI-SAM3
[03:20]   [ComfyUI] [comfy-env] ComfyUI source dir: D:\a\comfy-gpu-ci\comfy-gpu-ci\test_workspaces\SAM3-1942\ComfyUI
[03:20]   [ComfyUI] [comfy-env] Found 1 isolation env(s)
[03:20]   [ComfyUI] [comfy-env] Scanning nodes metadata (isolation root)...
[03:20]   [ComfyUI] [comfy-env] sam3-nodes: Library/bin has 236 DLLs
[03:20]   [ComfyUI] [comfy-env] Metadata scan: C:\Users\stduser\.pixi\bin\pixi.exe run --as-is --manifest-path C:\Users\stduser\AppData\Local\Programs\comfy-env\pixi.toml -e sam3-nodes python C:\Users\stduser\AppData\Local\Temp\comfy_meta_xru2ytjd.py D:\a\comfy-gpu-ci\comfy-gpu-ci\test_workspaces\SAM3-1942\ComfyUI\custom_nodes\ComfyUI-SAM3 nodes C:\Users\stduser\AppData\Local\Temp\comfy_meta_out_t9qowtfl.pkl
[03:20]   [ComfyUI] [comfy-env] Scan env PATH for nodes:
[03:20]   [ComfyUI] [comfy-env]   [0] C:\Users\stduser\AppData\Local\Programs\comfy-env\.pixi\envs\sam3-nodes
[03:20]   [ComfyUI] [comfy-env]   [1] C:\Users\stduser\AppData\Local\Programs\comfy-env\.pixi\envs\sam3-nodes\Library\bin
[03:20]   [ComfyUI] [comfy-env]   [2] C:\Users\stduser\AppData\Local\Programs\comfy-env\.pixi\envs\sam3-nodes\Scripts
[03:20]   [ComfyUI] [comfy-env]   [3] C:\Users\stduser\AppData\Local\Programs\comfy-env\.pixi\envs\sam3-nodes\Lib\site-packages\bpy
[03:20]   [ComfyUI] [comfy-env]   [4] C:\Windows\System32
[03:20]   [ComfyUI] [comfy-env]   [5] C:\Windows
[03:20]   [ComfyUI] [comfy-env]   [6] C:\Windows\System32\Wbem
[03:33]   [ComfyUI] [comfy-env] Metadata scan stderr for nodes:
[03:33]   [ComfyUI] [comfy-env]   [meta-scan] importing nodes from D:\a\comfy-gpu-ci\comfy-gpu-ci\test_workspaces\SAM3-1942\ComfyUI\custom_nodes\ComfyUI-SAM3
[03:33]   [ComfyUI] [comfy-env]   [meta-scan] import OK
[03:33]   [ComfyUI] [comfy-env] Scanned nodes: 15 nodes (12.7s)
[03:33]   [ComfyUI] [comfy-env] Scanned nodes root: 15 nodes (12.7s)
[03:33]   [ComfyUI] [comfy-env] Registered proxy route: POST /sam3/interactive_segment_one -> nodes.sam3_interactive._api_segment_one
[03:33]   [ComfyUI] [comfy-env] Imported nodes root: 15 nodes (isolation)
[03:33]   [ComfyUI] [comfy-env] Registered 15 total nodes
[03:33]   [ComfyUI] 
[03:33]   [ComfyUI] Import times for custom nodes:
[03:33]   [ComfyUI]    0.0 seconds: D:\a\comfy-gpu-ci\comfy-gpu-ci\test_workspaces\SAM3-1942\ComfyUI\custom_nodes\websocket_image_save.py
[03:33]   [ComfyUI]    0.0 seconds: D:\a\comfy-gpu-ci\comfy-gpu-ci\test_workspaces\SAM3-1942\ComfyUI\custom_nodes\ComfyUI-validate-endpoint
[03:33]   [ComfyUI]    0.1 seconds: D:\a\comfy-gpu-ci\comfy-gpu-ci\test_workspaces\SAM3-1942\ComfyUI\custom_nodes\ComfyUI-VideoHelperSuite
[03:33]   [ComfyUI]    1.2 seconds: D:\a\comfy-gpu-ci\comfy-gpu-ci\test_workspaces\SAM3-1942\ComfyUI\custom_nodes\ComfyUI-Multiband
[03:33]   [ComfyUI]   13.5 seconds: D:\a\comfy-gpu-ci\comfy-gpu-ci\test_workspaces\SAM3-1942\ComfyUI\custom_nodes\ComfyUI-SAM3
[03:33]   [ComfyUI] 
[03:33]   [ComfyUI] Context impl SQLiteImpl.
[03:33]   [ComfyUI] Will assume non-transactional DDL.
[03:33]   [ComfyUI] Context impl SQLiteImpl.
[03:33]   [ComfyUI] Will assume non-transactional DDL.
[03:33]   [ComfyUI] Running upgrade  -> 0001_assets, Initial assets schema
[03:33]   [ComfyUI] Revision ID: 0001_assets
[03:33]   [ComfyUI] Revises: None
[03:33]   [ComfyUI] Create Date: 2025-12-10 00:00:00
[03:33]   [ComfyUI] Running upgrade 0001_assets -> 0002_merge_to_asset_references, Merge AssetInfo and AssetCacheState into unified asset_references table.
[03:33]   [ComfyUI] Running upgrade 0002_merge_to_asset_references -> 0003_add_metadata_job_id, Add system_metadata and job_id columns to asset_references.
[03:33]   [ComfyUI] Change preview_id FK from assets.id to asset_references.id.
[03:33]   [ComfyUI] Database upgraded from None to 0003_add_metadata_job_id
[03:33]   [ComfyUI] Starting server
[03:33]   [ComfyUI] 
[03:33]   [ComfyUI] To see the GUI go to: http://127.0.0.1:41892
[03:33] Server responding, waiting for nodes to load...
[03:53] Server is ready!
[03:53] Checking for import errors in server logs...
[03:53] No import errors detected
[03:53] Found 791 registered nodes
[03:53] [REGISTRATION] PASSED
[03:53] 
[03:53] [4/5] INSTANTIATION
[03:53] ----------------------------------------
[03:53] 
[DEBUG] server=<comfy_test.comfyui.server.ComfyUIServer object at 0x0000018ABA641630>, api=<comfy_test.comfyui.api.ComfyUIAPI object at 0x0000018ABA66CEE0>
[03:53] Testing node constructors...
[03:57] All 15 node(s) instantiated successfully!
[03:57] [INSTANTIATION] PASSED
[03:57] 
[03:57] [5/5] EXECUTION
[03:57] ----------------------------------------
[03:57] 
[DEBUG] server=<comfy_test.comfyui.server.ComfyUIServer object at 0x0000018ABA641630>, api=<comfy_test.comfyui.api.ComfyUIAPI object at 0x0000018ABA66CEE0>
[03:57] CPU runner - will execute 4 workflow(s)
[03:57] Running 5 workflow(s) (all with videos)...
[03:57] Installing screenshot dependencies (playwright, pillow)...
[03:59]   Packages installed, downloading chromium browser...
[04:12]   Screenshot dependencies installed successfully
[04:12] Starting headless browser...
[04:13]   Downloading Mesa llvmpipe for Windows...
[04:17]   Copied opengl32.dll to Chromium dir
[04:17]   Copied libgallium_wgl.dll to Chromium dir
[04:17]   Using Mesa llvmpipe (desktop GL) -- multithreaded CPU rendering
[04:17] Capturing execution frames: image_seg_point.json
[04:19]   [ComfyUI] [DEPRECATION WARNING] Detected import of deprecated legacy API: /extensions/core/widgetInputs.js. This is likely caused by a custom node extension using outdated APIs. Please update your extensions or contact the extension author for an updated version.
[04:26]   Frame 1 saved (frame_000.jpg, t=0.0s)
[04:26]   Validating workflow...
[04:26]   [ComfyUI] === /validate endpoint called ===
[04:26]   [ComfyUI] Received JSON with keys: ['prompt']
[04:26]   [ComfyUI] Prompt has 6 nodes
[04:27]   [ComfyUI]   Node 1: LoadImage
[04:27]   [ComfyUI]     Inputs: {"image": "example_image.jpg"}
[04:27]   [ComfyUI]   Node 15: SAM3PointCollector
[04:27]   [ComfyUI]     Inputs: {"points_store": "{\"positive\":[{\"x\":426.27735719657574,\"y\":321.42611685978835},{\"x\":417.13743597288953,\"y\":407.3413796907987},{\"x\":431.76130993078743,\"y\":549.9241563039649}],\"negative\"
[04:27]   Queuing workflow for execution...
[04:27]   [ComfyUI]   Node 28: PreviewImage
[04:27]   [ComfyUI]     Inputs: {"images": ["31", 2]}
[04:27]   [ComfyUI]   Node 29: MaskPreview
[04:27]   [ComfyUI]     Inputs: {"mask": ["31", 0]}
[04:27]   [ComfyUI]   Node 30: LoadSAM3Model
[04:27]   [ComfyUI]     Inputs: {"precision": "auto", "compile": false}
[04:27]   [ComfyUI]   Node 31: SAM3Segmentation
[04:27]   [ComfyUI]     Inputs: {"refinement_iterations": 0, "use_multimask": true, "output_best_mask": true, "sam3_model_config": ["30", 0], "image": ["1", 0], "positive_points": ["15", 0], "negative_points": ["15", 1]}
[04:27]   [ComfyUI] Generated prompt_id: d84e2849-1ebe-43c9-aa99-d240bfcf2529
[04:27]   [ComfyUI] Calling execution.validate_prompt()...
[04:27]   [ComfyUI] Validation result: valid=True
[04:27]   [ComfyUI] === Validation PASSED ===
[04:27]   [ComfyUI] got prompt
[04:27]   [ComfyUI] [comfy-env] Running SAM3PointCollector: points_store: '{"positive":[{"x":426.27735719657574,"y":321.42611685978..., coordinates: '[{"x":426.27735719657574,"y":321.42611685978835},{"x":41..., neg_coordinates: '[]', image: torch.float32 [1,720,1280,3] cpu
[04:27]   [ComfyUI] [comfy-env] SubprocessWorker: C:\Users\stduser\AppData\Local\Programs\comfy-env\.pixi\envs\sam3-nodes\python.exe
[04:27]   [ComfyUI] [comfy-env] env_vars: {'PYTORCH_ENABLE_MPS_FALLBACK': '1', 'COMFYUI_BASE': 'D:\\a\\comfy-gpu-ci\\comfy-gpu-ci\\test_workspaces\\SAM3-1942\\ComfyUI'}
[04:27]   [ComfyUI] [SubprocessWorker] call_method: nodes.sam3_interactive.SAM3PointCollector.EXECUTE_NORMALIZED
[04:27]   [ComfyUI] [SubprocessWorker] acquired lock, ensuring started...
[04:27]   [ComfyUI] [comfy-env] sam3-nodes: Library/bin has 236 DLLs
[04:27]   [ComfyUI] [ComfyUI-SAM3] python: C:\Users\stduser\AppData\Local\Programs\comfy-env\.pixi\envs\sam3-nodes\python.exe
[04:27]   [ComfyUI] [ComfyUI-SAM3] sys_path sent to worker: ['D:\\a\\comfy-gpu-ci\\comfy-gpu-ci\\test_workspaces\\SAM3-1942\\ComfyUI', 'D:\\a\\comfy-gpu-ci\\comfy-gpu-ci\\test_workspaces\\SAM3-1942\\ComfyUI\\custom_nodes\\ComfyUI-SAM3', 'C:\\Users\\stduser\\AppData\\Local\\Programs\\comfy-env\\.pixi\\envs\\sam3-nodes\\Lib\\site-packages', 'D:\\a\\comfy-gpu-ci\\comfy-gpu-ci\\test_workspaces\\SAM3-1942\\ComfyUI\\custom_nodes\\ComfyUI-SAM3']
[04:27]   [ComfyUI] [SubprocessWorker] is_pixi=True, python=C:\Users\stduser\AppData\Local\Programs\comfy-env\.pixi\envs\sam3-nodes\python.exe
[04:27]   [ComfyUI] [SubprocessWorker] launching cmd=['C:\\Users\\stduser\\.pixi\\bin\\pixi.exe', 'run', '--as-is', '--manifest-path', 'C:\\Users\\stduser\\AppData\\Local\\Programs\\comfy-env\\pixi.toml', '-e', 'sam3-nodes', 'python', 'C:\\Users\\stduser\\AppData\\Local\\Temp\\comfyui_pvenv_q3dk45j5\\persistent_worker.py', 'tcp://127.0.0.1:52841']...
[04:29]   Frame 2 saved (frame_001.jpg, t=2.8s)
[04:29]   [capture-periodic] freeze=3ms shot=110ms unfreeze=3ms saved=True
[04:31]   Frame 3 saved (frame_002.jpg, t=4.9s)
[04:31]   [capture-periodic] freeze=3ms shot=106ms unfreeze=3ms saved=True
[04:33]   [capture-loop] iter=50 t=6.2s state={'complete': False, 'error': None, 'executedCount': 0, 'wsState': 1} eval_ms=4 ram=5.1/16.0GB (32%) swap=0.0/2.9GB (0%) cpu=39% browser_rss=0.67GB
[04:33]   [ComfyUI] [SubprocessWorker] worker started/confirmed
[04:33]   [ComfyUI] [comfy-env] PRE-SERIALIZE 'image' shape: torch.Size([1, 720, 1280, 3])
[04:33]   [ComfyUI] [SubprocessWorker] serializing kwargs to shm...
[04:33]   [ComfyUI] [SubprocessWorker] created 0 shm blocks
[04:33]   [ComfyUI] [SubprocessWorker] sending request via socket...
[04:33]   [ComfyUI] [SubprocessWorker] call_id=1 sending call_method
[04:33]   [ComfyUI] [worker:ComfyUI-SAM3] [comfy-env] _from_shm got dict with keys: ['__type__', 'strategy', 'manager_path', 'storage_key', 'storage_size']
[04:33]   [ComfyUI] [worker:ComfyUI-SAM3] [comfy-env] DESERIALIZE TensorRef: tensor_size=[1, 720, 1280, 3]
[04:34]   [ComfyUI] [worker:ComfyUI-SAM3] [comfy-env] DESERIALIZED tensor shape: torch.Size([1, 720, 1280, 3])
[04:34]   [ComfyUI] [SubprocessWorker] got response: ok
[04:34]   [ComfyUI] [comfy-env] SAM3PointCollector done (7.62s): result: NodeOutput
[04:34]   [ComfyUI] [comfy-env] Running LoadSAM3Model: precision: 'auto', compile: False
[04:34]   [ComfyUI] [SubprocessWorker] call_method: nodes.load_model.LoadSAM3Model.EXECUTE_NORMALIZED
[04:34]   [ComfyUI] [SubprocessWorker] acquired lock, ensuring started...
[04:34]   [ComfyUI] [ComfyUI-SAM3] Health check: ping (timeout=5.0s)...
[04:34]   [ComfyUI] [ComfyUI-SAM3] Health check: ok
[04:34]   [ComfyUI] [SubprocessWorker] worker started/confirmed
[04:34]   [ComfyUI] [SubprocessWorker] serializing kwargs to shm...
[04:34]   [ComfyUI] [SubprocessWorker] created 0 shm blocks
[04:34]   [ComfyUI] [SubprocessWorker] sending request via socket...
[04:34]   [ComfyUI] [SubprocessWorker] call_id=2 sending call_method
[04:34]   Node executed (1 total), capturing...
[04:34]   [ComfyUI] [worker:ComfyUI-SAM3] [SAM3] Model not found at D:\a\comfy-gpu-ci\comfy-gpu-ci\test_workspaces\SAM3-1942\ComfyUI\models\sam3\sam3.safetensors, downloading from HuggingFace...
[04:35]   Frame 4 saved (frame_003.jpg, t=8.6s)
[04:35]   [capture-node] freeze=6ms shot=147ms unfreeze=6ms saved=True
[04:35]   [ComfyUI] [worker:ComfyUI-SAM3] [SAM3] Downloading sam3.safetensors from apozz/sam3-safetensors...
[04:35]   [ComfyUI] [SubprocessWorker] callback 'report_progress' from call_id=2
[04:35]   [ComfyUI] [SubprocessWorker] callback 'report_progress' from call_id=2
[04:35]   [ComfyUI] [SubprocessWorker] callback 'report_progress' from call_id=2
[04:35]   [ComfyUI] [SubprocessWorker] callback 'report_progress' from call_id=2
[04:36]   [ComfyUI] [SubprocessWorker] callback 'report_progress' from call_id=2
[04:36]   [ComfyUI] [SubprocessWorker] callback 'report_progress' from call_id=2
[04:36]   [ComfyUI] [SubprocessWorker] callback 'report_progress' from call_id=2
[04:36]   [ComfyUI] [SubprocessWorker] callback 'report_progress' from call_id=2
[04:36]   [ComfyUI] [SubprocessWorker] callback 'report_progress' from call_id=2
[04:36]   [ComfyUI] [SubprocessWorker] callback 'report_progress' from call_id=2
[04:36]   [ComfyUI] [worker:ComfyUI-SAM3] [SAM3] Download progress: 10%
[04:36]   [ComfyUI] [SubprocessWorker] callback 'report_progress' from call_id=2
[04:36]   [ComfyUI] [SubprocessWorker] callback 'report_progress' from call_id=2
[04:36]   [ComfyUI] [SubprocessWorker] callback 'report_progress' from call_id=2
[04:37]   [ComfyUI] [SubprocessWorker] callback 'report_progress' from call_id=2
[04:37]   [ComfyUI] [SubprocessWorker] callback 'report_progress' from call_id=2
[04:37]   [ComfyUI] [SubprocessWorker] callback 'report_progress' from call_id=2
[04:37]   Frame 5 saved (frame_004.jpg, t=10.8s)
[04:37]   [capture-periodic] freeze=3ms shot=140ms unfreeze=4ms saved=True
[04:37]   [ComfyUI] [SubprocessWorker] callback 'report_progress' from call_id=2
[04:37]   [ComfyUI] [SubprocessWorker] callback 'report_progress' from call_id=2
[04:37]   [ComfyUI] [SubprocessWorker] callback 'report_progress' from call_id=2
[04:37]   [ComfyUI] [SubprocessWorker] callback 'report_progress' from call_id=2
[04:37]   [ComfyUI] [worker:ComfyUI-SAM3] [SAM3] Download progress: 20%
[04:37]   [ComfyUI] [SubprocessWorker] callback 'report_progress' from call_id=2
[04:37]   [ComfyUI] [SubprocessWorker] callback 'report_progress' from call_id=2
[04:38]   [ComfyUI] [SubprocessWorker] callback 'report_progress' from call_id=2
[04:38]   [ComfyUI] [SubprocessWorker] callback 'report_progress' from call_id=2
[04:38]   [ComfyUI] [SubprocessWorker] callback 'report_progress' from call_id=2
[04:38]   [ComfyUI] [SubprocessWorker] callback 'report_progress' from call_id=2
[04:38]   [ComfyUI] [SubprocessWorker] callback 'report_progress' from call_id=2
[04:38]   [ComfyUI] [SubprocessWorker] callback 'report_progress' from call_id=2
[04:38]   [ComfyUI] [SubprocessWorker] callback 'report_progress' from call_id=2
[04:38]   [ComfyUI] [worker:ComfyUI-SAM3] [SAM3] Download progress: 30%
[04:38]   [ComfyUI] [SubprocessWorker] callback 'report_progress' from call_id=2
[04:39]   [ComfyUI] [SubprocessWorker] callback 'report_progress' from call_id=2
[04:39]   [ComfyUI] [SubprocessWorker] callback 'report_progress' from call_id=2
[04:39]   [ComfyUI] [SubprocessWorker] callback 'report_progress' from call_id=2
[04:39]   [capture-loop] iter=100 t=13.0s state={'complete': False, 'error': None, 'executedCount': 1, 'wsState': 1} eval_ms=3 ram=6.0/16.0GB (38%) swap=0.2/2.9GB (6%) cpu=54% browser_rss=0.71GB
[04:39]   [ComfyUI] [SubprocessWorker] callback 'report_progress' from call_id=2
[04:39]   [ComfyUI] [SubprocessWorker] callback 'report_progress' from call_id=2
[04:39]   [ComfyUI] [SubprocessWorker] callback 'report_progress' from call_id=2
[04:39]   Frame 6 saved (frame_005.jpg, t=13.1s)
[04:39]   [capture-periodic] freeze=2ms shot=122ms unfreeze=6ms saved=True
[04:39]   [ComfyUI] [SubprocessWorker] callback 'report_progress' from call_id=2
[04:39]   [ComfyUI] [SubprocessWorker] callback 'report_progress' from call_id=2
[04:39]   [ComfyUI] [SubprocessWorker] callback 'report_progress' from call_id=2
[04:39]   [ComfyUI] [worker:ComfyUI-SAM3] [SAM3] Download progress: 40%
[04:40]   [ComfyUI] [SubprocessWorker] callback 'report_progress' from call_id=2
[04:40]   [ComfyUI] [SubprocessWorker] callback 'report_progress' from call_id=2
[04:40]   [ComfyUI] [SubprocessWorker] callback 'report_progress' from call_id=2
[04:40]   [ComfyUI] [SubprocessWorker] callback 'report_progress' from call_id=2
[04:40]   [ComfyUI] [SubprocessWorker] callback 'report_progress' from call_id=2
[04:40]   [ComfyUI] [SubprocessWorker] callback 'report_progress' from call_id=2
[04:40]   [ComfyUI] [SubprocessWorker] callback 'report_progress' from call_id=2
[04:40]   [ComfyUI] [SubprocessWorker] callback 'report_progress' from call_id=2
[04:40]   [ComfyUI] [SubprocessWorker] callback 'report_progress' from call_id=2
[04:41]   [ComfyUI] [SubprocessWorker] callback 'report_progress' from call_id=2
[04:41]   [ComfyUI] [worker:ComfyUI-SAM3] [SAM3] Download progress: 50%
[04:41]   [ComfyUI] [SubprocessWorker] callback 'report_progress' from call_id=2
[04:41]   [ComfyUI] [SubprocessWorker] callback 'report_progress' from call_id=2
[04:41]   [ComfyUI] [SubprocessWorker] callback 'report_progress' from call_id=2
[04:41]   [ComfyUI] [SubprocessWorker] callback 'report_progress' from call_id=2
[04:41]   [ComfyUI] [SubprocessWorker] callback 'report_progress' from call_id=2
[04:41]   [ComfyUI] [SubprocessWorker] callback 'report_progress' from call_id=2
[04:41]   [ComfyUI] [SubprocessWorker] callback 'report_progress' from call_id=2
[04:41]   Frame 7 saved (frame_006.jpg, t=15.3s)
[04:41]   [capture-periodic] freeze=3ms shot=161ms unfreeze=4ms saved=True
[04:41]   [ComfyUI] [SubprocessWorker] callback 'report_progress' from call_id=2
[04:42]   [ComfyUI] [SubprocessWorker] callback 'report_progress' from call_id=2
[04:42]   [ComfyUI] [SubprocessWorker] callback 'report_progress' from call_id=2
[04:42]   [ComfyUI] [worker:ComfyUI-SAM3] [SAM3] Download progress: 60%
[04:42]   [ComfyUI] [SubprocessWorker] callback 'report_progress' from call_id=2
[04:42]   [ComfyUI] [SubprocessWorker] callback 'report_progress' from call_id=2
[04:42]   [ComfyUI] [SubprocessWorker] callback 'report_progress' from call_id=2
[04:42]   [ComfyUI] [SubprocessWorker] callback 'report_progress' from call_id=2
[04:42]   [ComfyUI] [SubprocessWorker] callback 'report_progress' from call_id=2
[04:42]   [ComfyUI] [SubprocessWorker] callback 'report_progress' from call_id=2
[04:42]   [ComfyUI] [SubprocessWorker] callback 'report_progress' from call_id=2
[04:43]   [ComfyUI] [SubprocessWorker] callback 'report_progress' from call_id=2
[04:43]   [ComfyUI] [SubprocessWorker] callback 'report_progress' from call_id=2
[04:43]   [ComfyUI] [SubprocessWorker] callback 'report_progress' from call_id=2
[04:43]   [ComfyUI] [worker:ComfyUI-SAM3] [SAM3] Download progress: 70%
[04:43]   [ComfyUI] [SubprocessWorker] callback 'report_progress' from call_id=2
[04:43]   [ComfyUI] [SubprocessWorker] callback 'report_progress' from call_id=2
[04:43]   [ComfyUI] [SubprocessWorker] callback 'report_progress' from call_id=2
[04:43]   [ComfyUI] [SubprocessWorker] callback 'report_progress' from call_id=2
[04:43]   [ComfyUI] [SubprocessWorker] callback 'report_progress' from call_id=2
[04:43]   [ComfyUI] [SubprocessWorker] callback 'report_progress' from call_id=2
[04:44]   [ComfyUI] [SubprocessWorker] callback 'report_progress' from call_id=2
[04:44]   Frame 8 saved (frame_007.jpg, t=17.6s)
[04:44]   [capture-periodic] freeze=5ms shot=176ms unfreeze=10ms saved=True
[04:44]   [ComfyUI] [SubprocessWorker] callback 'report_progress' from call_id=2
[04:44]   [ComfyUI] [SubprocessWorker] callback 'report_progress' from call_id=2
[04:44]   [ComfyUI] [SubprocessWorker] callback 'report_progress' from call_id=2
[04:44]   [ComfyUI] [worker:ComfyUI-SAM3] [SAM3] Download progress: 80%
[04:44]   [ComfyUI] [SubprocessWorker] callback 'report_progress' from call_id=2
[04:44]   [ComfyUI] [SubprocessWorker] callback 'report_progress' from call_id=2
[04:44]   [ComfyUI] [SubprocessWorker] callback 'report_progress' from call_id=2
[04:44]   [ComfyUI] [SubprocessWorker] callback 'report_progress' from call_id=2
[04:45]   [ComfyUI] [SubprocessWorker] callback 'report_progress' from call_id=2
[04:45]   [ComfyUI] [SubprocessWorker] callback 'report_progress' from call_id=2
[04:45]   [ComfyUI] [SubprocessWorker] callback 'report_progress' from call_id=2
[04:45]   [capture-loop] iter=150 t=19.0s state={'complete': False, 'error': None, 'executedCount': 1, 'wsState': 1} eval_ms=4 ram=7.2/16.0GB (45%) swap=0.1/2.9GB (5%) cpu=59% browser_rss=0.73GB
[04:45]   [ComfyUI] [SubprocessWorker] callback 'report_progress' from call_id=2
[04:45]   [ComfyUI] [SubprocessWorker] callback 'report_progress' from call_id=2
[04:45]   [ComfyUI] [SubprocessWorker] callback 'report_progress' from call_id=2
[04:45]   [ComfyUI] [worker:ComfyUI-SAM3] [SAM3] Download progress: 90%
[04:45]   [ComfyUI] [SubprocessWorker] callback 'report_progress' from call_id=2
[04:46]   [ComfyUI] [SubprocessWorker] callback 'report_progress' from call_id=2
[04:46]   [ComfyUI] [SubprocessWorker] callback 'report_progress' from call_id=2
[04:46]   [ComfyUI] [SubprocessWorker] callback 'report_progress' from call_id=2
[04:46]   [ComfyUI] [SubprocessWorker] callback 'report_progress' from call_id=2
[04:46]   Frame 9 saved (frame_008.jpg, t=19.9s)
[04:46]   [capture-periodic] freeze=7ms shot=129ms unfreeze=4ms saved=True
[04:46]   [ComfyUI] [SubprocessWorker] callback 'report_progress' from call_id=2
[04:46]   [ComfyUI] [SubprocessWorker] callback 'report_progress' from call_id=2
[04:46]   [ComfyUI] [SubprocessWorker] callback 'report_progress' from call_id=2
[04:46]   [ComfyUI] [SubprocessWorker] callback 'report_progress' from call_id=2
[04:47]   [ComfyUI] [SubprocessWorker] callback 'report_progress' from call_id=2
[04:47]   [ComfyUI] [worker:ComfyUI-SAM3] [SAM3] Download progress: 100%
[04:47]   [ComfyUI] [SubprocessWorker] callback 'report_progress' from call_id=2
[04:47]   [ComfyUI] [worker:ComfyUI-SAM3] [SAM3] Downloaded sam3.safetensors
[04:47]   [ComfyUI] [worker:ComfyUI-SAM3] [SAM3] Model downloaded successfully
[04:47]   [ComfyUI] [SubprocessWorker] got response: ok
[04:48]   [ComfyUI] [comfy-env] LoadSAM3Model done (12.62s): result: NodeOutput
[04:48]   Frame 10 saved (frame_009.jpg, t=22.1s)
[04:49]   [ComfyUI] [comfy-env] Running SAM3Segmentation: refinement_iterations: 0, use_multimask: True, output_best_mask: True, sam3_model_config: dict, image: torch.float32 [1,720,1280,3] cpu, positive_points: dict, negative_points: dict
[04:49]   [capture-periodic] freeze=4ms shot=126ms unfreeze=4ms saved=True
[04:49]   [ComfyUI] [SubprocessWorker] call_method: nodes.segmentation.SAM3Segmentation.EXECUTE_NORMALIZED
[04:49]   [ComfyUI] [SubprocessWorker] acquired lock, ensuring started...
[04:49]   [ComfyUI] [ComfyUI-SAM3] Health check: ping (timeout=5.0s)...
[04:50]   [ComfyUI] [ComfyUI-SAM3] Health check: ok
[04:50]   [ComfyUI] [SubprocessWorker] worker started/confirmed
[04:50]   [ComfyUI] [comfy-env] PRE-SERIALIZE 'image' shape: torch.Size([1, 720, 1280, 3])
[04:50]   [ComfyUI] [SubprocessWorker] serializing kwargs to shm...
[04:50]   [ComfyUI] [SubprocessWorker] created 0 shm blocks
[04:50]   [ComfyUI] [SubprocessWorker] sending request via socket...
[04:50]   [ComfyUI] [SubprocessWorker] call_id=3 sending call_method
[04:50]   [ComfyUI] [worker:ComfyUI-SAM3] [comfy-env] _from_shm got dict with keys: ['__type__', 'strategy', 'manager_path', 'storage_key', 'storage_size']
[04:50]   [ComfyUI] [worker:ComfyUI-SAM3] [comfy-env] DESERIALIZE TensorRef: tensor_size=[1, 720, 1280, 3]
[04:50]   [ComfyUI] [worker:ComfyUI-SAM3] [comfy-env] DESERIALIZED tensor shape: torch.Size([1, 720, 1280, 3])
[04:52]   [capture-loop] iter=200 t=26.2s state={'complete': False, 'error': None, 'executedCount': 1, 'wsState': 1} eval_ms=4 ram=5.8/16.0GB (36%) swap=0.1/2.9GB (4%) cpu=37% browser_rss=0.73GB
[04:55]   [ComfyUI] [SubprocessWorker] callback 'request_vram_budget' from call_id=3
[04:55]   [ComfyUI] [comfy-env] VRAM request: 3.50GB, free before eviction: 10.99GB
[04:55]   [ComfyUI] [comfy-env] VRAM after eviction: 10.99GB
[04:58]   [capture-loop] iter=250 t=31.9s state={'complete': False, 'error': None, 'executedCount': 1, 'wsState': 1} eval_ms=4 ram=5.9/16.0GB (37%) swap=0.1/2.9GB (4%) cpu=52% browser_rss=0.64GB
[05:03]   [capture-loop] iter=300 t=37.6s state={'complete': False, 'error': None, 'executedCount': 1, 'wsState': 1} eval_ms=4 ram=5.8/16.0GB (36%) swap=0.1/2.9GB (4%) cpu=61% browser_rss=0.64GB
[05:09]   [capture-loop] iter=350 t=43.4s state={'complete': False, 'error': None, 'executedCount': 1, 'wsState': 1} eval_ms=3 ram=5.8/16.0GB (36%) swap=0.1/2.9GB (4%) cpu=75% browser_rss=0.63GB
[05:15]   [capture-loop] iter=400 t=49.1s state={'complete': False, 'error': None, 'executedCount': 1, 'wsState': 1} eval_ms=5 ram=6.0/16.0GB (37%) swap=0.1/2.9GB (4%) cpu=64% browser_rss=0.63GB
[05:21]   [capture-loop] iter=450 t=54.8s state={'complete': False, 'error': None, 'executedCount': 1, 'wsState': 1} eval_ms=4 ram=6.1/16.0GB (38%) swap=0.1/2.9GB (4%) cpu=63% browser_rss=0.61GB
[05:26]   [capture-loop] iter=500 t=60.5s state={'complete': False, 'error': None, 'executedCount': 1, 'wsState': 1} eval_ms=4 ram=6.2/16.0GB (39%) swap=0.1/2.9GB (4%) cpu=60% browser_rss=0.60GB
[05:27]   [ComfyUI] [worker:ComfyUI-SAM3]
[05:27]   [ComfyUI] === WATCHDOG TICK 1 ===
[05:27]   [ComfyUI] [worker:ComfyUI-SAM3] Current thread 0x000002cc (most recent call first):
[05:27]   [ComfyUI]   File "C:\Users\stduser\AppData\Local\Temp\comfyui_pvenv_q3dk45j5\persistent_worker.py", line 52 in _watchdog
[05:27]   [ComfyUI]   File "C:\Users\stduser\AppData\Local\Programs\comfy-env\.pixi\envs\sam3-nodes\Lib\threading.py", line 1012 in run
[05:27]   [ComfyUI]   File "C:\Users\stduser\AppData\Local\Programs\comfy-env\.pixi\envs\sam3-nodes\Lib\threading.py", line 1075 in _bootstrap_inner
[05:27]   [ComfyUI]   File "C:\Users\stduser\AppData\Local\Programs\comfy-env\.pixi\envs\sam3-nodes\Lib\threading.py", line 1032 in _bootstrap
[05:27]   [ComfyUI] 
[05:27]   [ComfyUI] Thread 0x000020c0 (most recent call first):
[05:27]   [ComfyUI]   File "D:\a\comfy-gpu-ci\comfy-gpu-ci\test_workspaces\SAM3-1942\ComfyUI\custom_nodes\ComfyUI-SAM3\nodes\sam3\model.py", line 735 in forward
[05:27]   [ComfyUI]   File "C:\Users\stduser\AppData\Local\Programs\comfy-env\.pixi\envs\sam3-nodes\Lib\site-packages\torch\nn\modules\module.py", line 1787 in _call_impl
[05:27]   [ComfyUI]   File "C:\Users\stduser\AppData\Local\Programs\comfy-env\.pixi\envs\sam3-nodes\Lib\site-packages\torch\nn\modules\module.py", line 1776 in _wrapped_call_impl
[05:27]   [ComfyUI]   File "D:\a\comfy-gpu-ci\comfy-gpu-ci\test_workspaces\SAM3-1942\ComfyUI\custom_nodes\ComfyUI-SAM3\nodes\sam3\model.py", line 819 in forward
[05:27]   [ComfyUI]   File "C:\Users\stduser\AppData\Local\Programs\comfy-env\.pixi\envs\sam3-nodes\Lib\site-packages\torch\nn\modules\module.py", line 1787 in _call_impl
[05:27]   [ComfyUI]   File "C:\Users\stduser\AppData\Local\Programs\comfy-env\.pixi\envs\sam3-nodes\Lib\site-packages\torch\nn\modules\module.py", line 1776 in _wrapped_call_impl
[05:27]   [ComfyUI]   File "D:\a\comfy-gpu-ci\comfy-gpu-ci\test_workspaces\SAM3-1942\ComfyUI\custom_nodes\ComfyUI-SAM3\nodes\sam3\model.py", line 983 in forward
[05:27]   [ComfyUI]   File "C:\Users\stduser\AppData\Local\Programs\comfy-env\.pixi\envs\sam3-nodes\Lib\site-packages\torch\nn\modules\module.py", line 1787 in _call_impl
[05:27]   [ComfyUI]   File "C:\Users\stduser\AppData\Local\Programs\comfy-env\.pixi\envs\sam3-nodes\Lib\site-packages\torch\nn\modules\module.py", line 1776 in _wrapped_call_impl
[05:27]   [ComfyUI]   File "D:\a\comfy-gpu-ci\comfy-gpu-ci\test_workspaces\SAM3-1942\ComfyUI\custom_nodes\ComfyUI-SAM3\nodes\sam3\model.py", line 2041 in forward
[05:27]   [ComfyUI]   File "D:\a\comfy-gpu-ci\comfy-gpu-ci\test_workspaces\SAM3-1942\ComfyUI\custom_nodes\ComfyUI-SAM3\nodes\sam3\model.py", line 3321 in _forward_image_no_act_ckpt
[05:27]   [ComfyUI]   File "D:\a\comfy-gpu-ci\comfy-gpu-ci\test_workspaces\SAM3-1942\ComfyUI\custom_nodes\ComfyUI-SAM3\nodes\sam3\model.py", line 3314 in forward_image
[05:27]   [ComfyUI]   File "D:\a\comfy-gpu-ci\comfy-gpu-ci\test_workspaces\SAM3-1942\ComfyUI\custom_nodes\ComfyUI-SAM3\nodes\sam3\utils.py", line 1324 in set_image
[05:27]   [ComfyUI]   File "C:\Users\stduser\AppData\Local\Programs\comfy-env\.pixi\envs\sam3-nodes\Lib\site-packages\torch\utils\_contextlib.py", line 124 in decorate_context
[05:27]   [ComfyUI]   File "D:\a\comfy-gpu-ci\comfy-gpu-ci\test_workspaces\SAM3-1942\ComfyUI\custom_nodes\ComfyUI-SAM3\nodes\segmentation.py", line 496 in execute
[05:27]   [ComfyUI]   File "D:\a\comfy-gpu-ci\comfy-gpu-ci\test_workspaces\SAM3-1942\ComfyUI\comfy_api\latest\_io.py", line 1833 in EXECUTE_NORMALIZED
[05:27]   [ComfyUI]   File "C:\Users\stduser\AppData\Local\Temp\comfyui_pvenv_q3dk45j5\persistent_worker.py", line 1762 in main
[05:27]   [ComfyUI]   File "C:\Users\stduser\AppData\Local\Temp\comfyui_pvenv_q3dk45j5\persistent_worker.py", line 1807 in <module>
[05:27]   [ComfyUI] 
[05:27]   [ComfyUI] [worker:ComfyUI-SAM3] === END ===
[05:27]   [ComfyUI] 
[05:32]   [capture-loop] iter=550 t=66.3s state={'complete': False, 'error': None, 'executedCount': 1, 'wsState': 1} eval_ms=4 ram=7.5/16.0GB (47%) swap=0.1/2.9GB (4%) cpu=64% browser_rss=0.60GB
[05:38]   [capture-loop] iter=600 t=72.0s state={'complete': False, 'error': None, 'executedCount': 1, 'wsState': 1} eval_ms=3 ram=6.4/16.0GB (40%) swap=0.1/2.9GB (4%) cpu=60% browser_rss=0.60GB
[05:43]   [capture-loop] iter=650 t=77.7s state={'complete': False, 'error': None, 'executedCount': 1, 'wsState': 1} eval_ms=4 ram=6.6/16.0GB (41%) swap=0.1/2.9GB (4%) cpu=60% browser_rss=0.59GB
[05:49]   [capture-loop] iter=700 t=83.4s state={'complete': False, 'error': None, 'executedCount': 1, 'wsState': 1} eval_ms=3 ram=6.8/16.0GB (43%) swap=0.3/2.9GB (9%) cpu=64% browser_rss=0.59GB
[05:51]   [ComfyUI] [SubprocessWorker] got response: ok
[05:51]   [ComfyUI] [comfy-env] SAM3Segmentation done (63.73s): result: NodeOutput
[05:51]   Node executed (2 total), capturing...
[05:51]   [ComfyUI] Prompt executed in 84.11 seconds
[05:51]   Frame 11 saved (frame_010.jpg, t=84.9s)
[05:51]   [capture-node] freeze=3ms shot=110ms unfreeze=9ms saved=True
[05:51]   Node executed (3 total), capturing...
[05:51]   Frame 12 saved (frame_011.jpg, t=85.3s)
[05:51]   [capture-node] freeze=4ms shot=125ms unfreeze=0ms saved=True
[05:51]   Execution complete (t=85.3s)
[05:51]   Captured 12 unique frames over 85.48s
[05:51]   [debug] iframes: 0
[05:51]   [timing] trigger_3d_previews: 0.0s
[05:54]   Saved high-quality screenshot: image_seg_point_executed.png
[05:54]   [timing] final_screenshot: 0.2s
[05:54] Capturing execution frames: image_seg_text.json
[05:59]   Frame 1 saved (frame_000.jpg, t=0.0s)
[05:59]   Validating workflow...
[05:59]   [ComfyUI] === /validate endpoint called ===
[05:59]   [ComfyUI] Received JSON with keys: ['prompt']
[05:59]   [ComfyUI] Prompt has 5 nodes
[05:59]   [ComfyUI]   Node 1: LoadImage
[05:59]   [ComfyUI]     Inputs: {"image": "example_image.jpg"}
[05:59]   [ComfyUI]   Node 3: PreviewImage
[05:59]   [ComfyUI]     Inputs: {"images": ["15", 1]}
[05:59]   [ComfyUI]   Node 4: MaskPreview
[05:59]   Queuing workflow for execution...
[05:59]   [ComfyUI]     Inputs: {"mask": ["15", 0]}
[05:59]   [ComfyUI]   Node 12: LoadSAM3Model
[05:59]   [ComfyUI]     Inputs: {"precision": "fp32", "compile": false}
[05:59]   [ComfyUI]   Node 15: SAM3Grounding
[05:59]   [ComfyUI]     Inputs: {"confidence_threshold": 0.2, "text_prompt": "child", "max_detections": -1, "sam3_model_config": ["12", 0], "image": ["1", 0]}
[05:59]   [ComfyUI] Generated prompt_id: 87ed82b9-cc9e-4c48-9f00-181f5ee5b717
[05:59]   [ComfyUI] Calling execution.validate_prompt()...
[05:59]   [ComfyUI] Validation result: valid=True
[05:59]   [ComfyUI] === Validation PASSED ===
[05:59]   [ComfyUI] got prompt
[05:59]   [ComfyUI] [comfy-env] Running LoadSAM3Model: precision: 'fp32', compile: False
[05:59]   [ComfyUI] [SubprocessWorker] call_method: nodes.load_model.LoadSAM3Model.EXECUTE_NORMALIZED
[05:59]   [ComfyUI] [SubprocessWorker] acquired lock, ensuring started...
[05:59]   [ComfyUI] [ComfyUI-SAM3] Health check: ping (timeout=5.0s)...
[05:59]   [ComfyUI] [ComfyUI-SAM3] Health check: ok
[05:59]   [ComfyUI] [SubprocessWorker] worker started/confirmed
[05:59]   [ComfyUI] [SubprocessWorker] serializing kwargs to shm...
[05:59]   [ComfyUI] [SubprocessWorker] created 0 shm blocks
[05:59]   [ComfyUI] [SubprocessWorker] sending request via socket...
[05:59]   [ComfyUI] [SubprocessWorker] call_id=4 sending call_method
[06:01]   [ComfyUI] [SubprocessWorker] got response: ok
[06:01]   [ComfyUI] [comfy-env] LoadSAM3Model done (2.02s): result: NodeOutput
[06:01]   [ComfyUI] [comfy-env] Running SAM3Grounding: confidence_threshold: 0.2, text_prompt: 'child', max_detections: -1, sam3_model_config: dict, image: torch.float32 [1,720,1280,3] cpu
[06:01]   [ComfyUI] [SubprocessWorker] call_method: nodes.segmentation.SAM3Grounding.EXECUTE_NORMALIZED
[06:01]   [ComfyUI] [SubprocessWorker] acquired lock, ensuring started...
[06:01]   [ComfyUI] [ComfyUI-SAM3] Health check: ping (timeout=5.0s)...
[06:02]   Frame 2 saved (frame_001.jpg, t=2.2s)
[06:02]   [capture-periodic] freeze=2ms shot=90ms unfreeze=2ms saved=True
[06:02]   [ComfyUI] [ComfyUI-SAM3] Health check: ok
[06:02]   [ComfyUI] [SubprocessWorker] worker started/confirmed
[06:02]   [ComfyUI] [comfy-env] PRE-SERIALIZE 'image' shape: torch.Size([1, 720, 1280, 3])
[06:02]   [ComfyUI] [SubprocessWorker] serializing kwargs to shm...
[06:02]   [ComfyUI] [SubprocessWorker] created 0 shm blocks
[06:02]   [ComfyUI] [SubprocessWorker] sending request via socket...
[06:02]   [ComfyUI] [SubprocessWorker] call_id=5 sending call_method
[06:03]   [ComfyUI] [worker:ComfyUI-SAM3] [comfy-env] _from_shm got dict with keys: ['__type__', 'strategy', 'manager_path', 'storage_key', 'storage_size']
[06:04]   [ComfyUI] [worker:ComfyUI-SAM3] [comfy-env] DESERIALIZE TensorRef: tensor_size=[1, 720, 1280, 3]
[06:04]   [ComfyUI] [worker:ComfyUI-SAM3] [comfy-env] DESERIALIZED tensor shape: torch.Size([1, 720, 1280, 3])
[06:04]   Frame 3 saved (frame_002.jpg, t=4.3s)
[06:04]   [capture-periodic] freeze=2ms shot=99ms unfreeze=3ms saved=True
[06:05]   [ComfyUI] [SubprocessWorker] callback 'request_vram_budget' from call_id=5
[06:05]   [ComfyUI] [comfy-env] VRAM request: 3.50GB, free before eviction: 11.91GB
[06:05]   [ComfyUI] [comfy-env] VRAM after eviction: 11.91GB
[06:05]   [capture-loop] iter=50 t=5.6s state={'complete': False, 'error': None, 'executedCount': 0, 'wsState': 1} eval_ms=4 ram=4.9/16.0GB (31%) swap=0.3/2.9GB (9%) cpu=29% browser_rss=0.65GB
[06:11]   [capture-loop] iter=100 t=11.4s state={'complete': False, 'error': None, 'executedCount': 0, 'wsState': 1} eval_ms=3 ram=5.4/16.0GB (34%) swap=0.3/2.9GB (9%) cpu=63% browser_rss=0.64GB
[06:16]   [capture-loop] iter=150 t=17.0s state={'complete': False, 'error': None, 'executedCount': 0, 'wsState': 1} eval_ms=4 ram=6.2/16.0GB (38%) swap=0.3/2.9GB (9%) cpu=66% browser_rss=0.63GB
[06:22]   [capture-loop] iter=200 t=22.7s state={'complete': False, 'error': None, 'executedCount': 0, 'wsState': 1} eval_ms=4 ram=5.7/16.0GB (35%) swap=0.3/2.9GB (9%) cpu=67% browser_rss=0.61GB
[06:27]   [ComfyUI] [worker:ComfyUI-SAM3]
[06:27]   [ComfyUI] === WATCHDOG TICK 2 ===
[06:27]   [ComfyUI] [worker:ComfyUI-SAM3] Current thread 0x000002cc (most recent call first):
[06:27]   [ComfyUI]   File "C:\Users\stduser\AppData\Local\Temp\comfyui_pvenv_q3dk45j5\persistent_worker.py", line 52 in _watchdog
[06:27]   [ComfyUI]   File "C:\Users\stduser\AppData\Local\Programs\comfy-env\.pixi\envs\sam3-nodes\Lib\threading.py", line 1012 in run
[06:27]   [ComfyUI]   File "C:\Users\stduser\AppData\Local\Programs\comfy-env\.pixi\envs\sam3-nodes\Lib\threading.py", line 1075 in _bootstrap_inner
[06:27]   [ComfyUI]   File "C:\Users\stduser\AppData\Local\Programs\comfy-env\.pixi\envs\sam3-nodes\Lib\threading.py", line 1032 in _bootstrap
[06:27]   [ComfyUI] 
[06:27]   [ComfyUI] Thread 0x000020c0 (most recent call first):
[06:27]   [ComfyUI]   File "D:\a\comfy-gpu-ci\comfy-gpu-ci\test_workspaces\SAM3-1942\ComfyUI\comfy\ops.py", line 475 in forward_comfy_cast_weights
[06:27]   [ComfyUI]   File "D:\a\comfy-gpu-ci\comfy-gpu-ci\test_workspaces\SAM3-1942\ComfyUI\comfy\ops.py", line 482 in forward
[06:27]   [ComfyUI]   File "C:\Users\stduser\AppData\Local\Programs\comfy-env\.pixi\envs\sam3-nodes\Lib\site-packages\torch\nn\modules\module.py", line 1787 in _call_impl
[06:27]   [ComfyUI]   File "C:\Users\stduser\AppData\Local\Programs\comfy-env\.pixi\envs\sam3-nodes\Lib\site-packages\torch\nn\modules\module.py", line 1776 in _wrapped_call_impl
[06:27]   [ComfyUI]   File "D:\a\comfy-gpu-ci\comfy-gpu-ci\test_workspaces\SAM3-1942\ComfyUI\custom_nodes\ComfyUI-SAM3\nodes\sam3\model.py", line 147 in forward
[06:27]   [ComfyUI]   File "C:\Users\stduser\AppData\Local\Programs\comfy-env\.pixi\envs\sam3-nodes\Lib\site-packages\torch\nn\modules\module.py", line 1787 in _call_impl
[06:27]   [ComfyUI]   File "C:\Users\stduser\AppData\Local\Programs\comfy-env\.pixi\envs\sam3-nodes\Lib\site-packages\torch\nn\modules\module.py", line 1776 in _wrapped_call_impl
[06:27]   [ComfyUI]   File "D:\a\comfy-gpu-ci\comfy-gpu-ci\test_workspaces\SAM3-1942\ComfyUI\custom_nodes\ComfyUI-SAM3\nodes\sam3\model.py", line 823 in forward
[06:27]   [ComfyUI]   File "C:\Users\stduser\AppData\Local\Programs\comfy-env\.pixi\envs\sam3-nodes\Lib\site-packages\torch\nn\modules\module.py", line 1787 in _call_impl
[06:27]   [ComfyUI]   File "C:\Users\stduser\AppData\Local\Programs\comfy-env\.pixi\envs\sam3-nodes\Lib\site-packages\torch\nn\modules\module.py", line 1776 in _wrapped_call_impl
[06:27]   [ComfyUI]   File "D:\a\comfy-gpu-ci\comfy-gpu-ci\test_workspaces\SAM3-1942\ComfyUI\custom_nodes\ComfyUI-SAM3\nodes\sam3\model.py", line 983 in forward
[06:27]   [ComfyUI]   File "C:\Users\stduser\AppData\Local\Programs\comfy-env\.pixi\envs\sam3-nodes\Lib\site-packages\torch\nn\modules\module.py", line 1787 in _call_impl
[06:27]   [ComfyUI]   File "C:\Users\stduser\AppData\Local\Programs\comfy-env\.pixi\envs\sam3-nodes\Lib\site-packages\torch\nn\modules\module.py", line 1776 in _wrapped_call_impl
[06:27]   [ComfyUI]   File "D:\a\comfy-gpu-ci\comfy-gpu-ci\test_workspaces\SAM3-1942\ComfyUI\custom_nodes\ComfyUI-SAM3\nodes\sam3\model.py", line 2041 in forward
[06:27]   [ComfyUI]   File "D:\a\comfy-gpu-ci\comfy-gpu-ci\test_workspaces\SAM3-1942\ComfyUI\custom_nodes\ComfyUI-SAM3\nodes\sam3\model.py", line 3321 in _forward_image_no_act_ckpt
[06:27]   [ComfyUI]   File "D:\a\comfy-gpu-ci\comfy-gpu-ci\test_workspaces\SAM3-1942\ComfyUI\custom_nodes\ComfyUI-SAM3\nodes\sam3\model.py", line 3314 in forward_image
[06:27]   [ComfyUI]   File "D:\a\comfy-gpu-ci\comfy-gpu-ci\test_workspaces\SAM3-1942\ComfyUI\custom_nodes\ComfyUI-SAM3\nodes\sam3\utils.py", line 1324 in set_image
[06:27]   [ComfyUI]   File "C:\Users\stduser\AppData\Local\Programs\comfy-env\.pixi\envs\sam3-nodes\Lib\site-packages\torch\utils\_contextlib.py", line 124 in decorate_context
[06:27]   [ComfyUI]   File "D:\a\comfy-gpu-ci\comfy-gpu-ci\test_workspaces\SAM3-1942\ComfyUI\custom_nodes\ComfyUI-SAM3\nodes\segmentation.py", line 133 in _segment_grounding
[06:27]   [ComfyUI]   File "D:\a\comfy-gpu-ci\comfy-gpu-ci\test_workspaces\SAM3-1942\ComfyUI\custom_nodes\ComfyUI-SAM3\nodes\segmentation.py", line 111 in execute
[06:27]   [ComfyUI]   File "D:\a\comfy-gpu-ci\comfy-gpu-ci\test_workspaces\SAM3-1942\ComfyUI\comfy_api\latest\_io.py", line 1833 in EXECUTE_NORMALIZED
[06:27]   [ComfyUI]   File "C:\Users\stduser\AppData\Local\Temp\comfyui_pvenv_q3dk45j5\persistent_worker.py", line 1762 in main
[06:27]   [ComfyUI]   File "C:\Users\stduser\AppData\Local\Temp\comfyui_pvenv_q3dk45j5\persistent_worker.py", line 1807 in <module>
[06:27]   [ComfyUI] 
[06:27]   [ComfyUI] [worker:ComfyUI-SAM3] === END ===
[06:27]   [ComfyUI] 
[06:28]   [capture-loop] iter=250 t=28.5s state={'complete': False, 'error': None, 'executedCount': 0, 'wsState': 1} eval_ms=4 ram=6.5/16.0GB (41%) swap=0.3/2.9GB (9%) cpu=68% browser_rss=0.54GB
[06:33]   [capture-loop] iter=300 t=34.1s state={'complete': False, 'error': None, 'executedCount': 0, 'wsState': 1} eval_ms=3 ram=6.2/16.0GB (39%) swap=0.3/2.9GB (9%) cpu=63% browser_rss=0.53GB
[06:39]   [capture-loop] iter=350 t=39.9s state={'complete': False, 'error': None, 'executedCount': 0, 'wsState': 1} eval_ms=4 ram=6.1/16.0GB (38%) swap=0.3/2.9GB (9%) cpu=60% browser_rss=0.52GB
[06:45]   [capture-loop] iter=400 t=45.5s state={'complete': False, 'error': None, 'executedCount': 0, 'wsState': 1} eval_ms=4 ram=6.3/16.0GB (40%) swap=0.3/2.9GB (9%) cpu=62% browser_rss=0.52GB
[06:50]   [capture-loop] iter=450 t=51.1s state={'complete': False, 'error': None, 'executedCount': 0, 'wsState': 1} eval_ms=4 ram=6.5/16.0GB (40%) swap=0.3/2.9GB (9%) cpu=62% browser_rss=0.52GB
[06:56]   [capture-loop] iter=500 t=56.9s state={'complete': False, 'error': None, 'executedCount': 0, 'wsState': 1} eval_ms=4 ram=6.4/16.0GB (40%) swap=0.4/2.9GB (15%) cpu=62% browser_rss=0.52GB
[07:02]   [capture-loop] iter=550 t=62.5s state={'complete': False, 'error': None, 'executedCount': 0, 'wsState': 1} eval_ms=3 ram=8.3/16.0GB (52%) swap=0.4/2.9GB (15%) cpu=61% browser_rss=0.51GB
[07:08]   [capture-loop] iter=600 t=68.2s state={'complete': False, 'error': None, 'executedCount': 0, 'wsState': 1} eval_ms=4 ram=8.2/16.0GB (51%) swap=0.4/2.9GB (15%) cpu=74% browser_rss=0.51GB
[07:09]   [ComfyUI] [SubprocessWorker] got response: ok
[07:09]   [ComfyUI] [comfy-env] SAM3Grounding done (67.57s): result: NodeOutput
[07:09]   [ComfyUI] Prompt executed in 69.87 seconds
[07:09]   Node executed (2 total), capturing...
[07:10]   Frame 4 saved (frame_003.jpg, t=70.2s)
[07:10]   [capture-node] freeze=4ms shot=121ms unfreeze=0ms saved=True
[07:10]   Execution complete (t=70.2s)
[07:10]   Captured 4 unique frames over 70.36s
[07:10]   [debug] iframes: 0
[07:10]   [timing] trigger_3d_previews: 0.0s
[07:12]   Saved high-quality screenshot: image_seg_text_executed.png
[07:12]   [timing] final_screenshot: 0.3s
[07:12] Capturing execution frames: scene_seg.json
[07:13]   [ComfyUI] Exception in callback _ProactorBasePipeTransport._call_connection_lost(None)
[07:13]   [ComfyUI] handle: <Handle _ProactorBasePipeTransport._call_connection_lost(None)>
[07:13]   [ComfyUI] Traceback (most recent call last):
[07:13]   [ComfyUI]   File "C:\hostedtoolcache\windows\Python\3.12.10\x64\Lib\asyncio\events.py", line 88, in _run
[07:13]   [ComfyUI]     self._context.run(self._callback, *self._args)
[07:13]   [ComfyUI]   File "C:\hostedtoolcache\windows\Python\3.12.10\x64\Lib\asyncio\proactor_events.py", line 165, in _call_connection_lost
[07:13]   [ComfyUI]     self._sock.shutdown(socket.SHUT_RDWR)
[07:13]   [ComfyUI] ConnectionResetError: [WinError 10054] An existing connection was forcibly closed by the remote host
[07:26]   Frame 1 saved (frame_000.jpg, t=0.0s)
[07:26]   Validating workflow...
[07:27]   [ComfyUI] === /validate endpoint called ===
[07:27]   Queuing workflow for execution...
[07:27]   [ComfyUI] Received JSON with keys: ['prompt']
[07:27]   [ComfyUI] Prompt has 10 nodes
[07:27]   [ComfyUI]   Node 1: LoadImage
[07:27]   [ComfyUI]     Inputs: {"image": "image.png"}
[07:27]   [ComfyUI]   Node 3: PreviewImage
[07:27]   [ComfyUI]     Inputs: {"images": ["27", 1]}
[07:27]   [ComfyUI]   Node 4: MaskPreview
[07:27]   [ComfyUI]     Inputs: {"mask": ["27", 0]}
[07:27]   [ComfyUI]   Node 12: LoadSAM3Model
[07:27]   [ComfyUI]     Inputs: {"precision": "fp32", "compile": false}
[07:27]   [ComfyUI]   Node 20: SAM3MultiRegionCollector
[07:27]   [ComfyUI]     Inputs: {"multi_prompts_store": "[{\"positive_points\":[{\"x\":5052.74953932266,\"y\":2847.0600693869637},{\"x\":4932.510591392486,\"y\":2953.9413227753366},{\"x\":4718.752461738845,\"y\":2967.301479448883},{
[07:27]   [ComfyUI]   Node 22: MultibandFromBatch
[07:27]   [ComfyUI]     Inputs: {"images": ["1", 0], "masks": ["27", 0]}
[07:27]   [ComfyUI]   Node 23: MultibandSave
[07:27]   [ComfyUI]     Inputs: {"file_path": "output/multiband", "format": "npz", "multiband": ["26", 0]}
[07:27]   [ComfyUI]   Node 24: MultibandPreview
[07:27]   [ComfyUI]     Inputs: {"channel_index": 0, "multiband": ["26", 0]}
[07:27]   [ComfyUI]   Node 26: MultibandResize
[07:27]   [ComfyUI]     Inputs: {"upscale_method": "nearest-exact", "width": 900, "height": 600, "crop": "center", "multiband": ["22", 0]}
[07:27]   [ComfyUI]   Node 27: SAM3MultipromptSegmentation
[07:27]   [ComfyUI]     Inputs: {"refinement_iterations": 0, "use_multimask": false, "sam3_model_config": ["12", 0], "image": ["1", 0], "multi_prompts": ["20", 0]}
[07:27]   [ComfyUI] Generated prompt_id: 0485da3a-291d-44d9-8126-3f244125bc87
[07:27]   [ComfyUI] Calling execution.validate_prompt()...
[07:27]   [ComfyUI] Validation result: valid=True
[07:27]   [ComfyUI] === Validation PASSED ===
[07:27]   [ComfyUI] got prompt
[07:27]   [ComfyUI] [comfy-env] Running SAM3MultiRegionCollector: multi_prompts_store: '[{"positive_points":[{"x":5052.74953932266,"y":2847.0600..., image: torch.float32 [1,4480,6720,3] cpu
[07:27]   [ComfyUI] [SubprocessWorker] call_method: nodes.sam3_interactive.SAM3MultiRegionCollector.EXECUTE_NORMALIZED
[07:27]   [ComfyUI] [SubprocessWorker] acquired lock, ensuring started...
[07:27]   [ComfyUI] [ComfyUI-SAM3] Health check: ping (timeout=5.0s)...
[07:27]   [ComfyUI] [ComfyUI-SAM3] Health check: failed
[07:27]   [ComfyUI] [ComfyUI-SAM3] Socket unhealthy, restarting worker...
[07:27]   [ComfyUI] [comfy-env] sam3-nodes: Library/bin has 236 DLLs
[07:27]   [ComfyUI] [ComfyUI-SAM3] python: C:\Users\stduser\AppData\Local\Programs\comfy-env\.pixi\envs\sam3-nodes\python.exe
[07:27]   [ComfyUI] [ComfyUI-SAM3] sys_path sent to worker: ['D:\\a\\comfy-gpu-ci\\comfy-gpu-ci\\test_workspaces\\SAM3-1942\\ComfyUI', 'D:\\a\\comfy-gpu-ci\\comfy-gpu-ci\\test_workspaces\\SAM3-1942\\ComfyUI\\custom_nodes\\ComfyUI-SAM3', 'C:\\Users\\stduser\\AppData\\Local\\Programs\\comfy-env\\.pixi\\envs\\sam3-nodes\\Lib\\site-packages', 'D:\\a\\comfy-gpu-ci\\comfy-gpu-ci\\test_workspaces\\SAM3-1942\\ComfyUI\\custom_nodes\\ComfyUI-SAM3']
[07:27]   [ComfyUI] [SubprocessWorker] is_pixi=True, python=C:\Users\stduser\AppData\Local\Programs\comfy-env\.pixi\envs\sam3-nodes\python.exe
[07:27]   [ComfyUI] [SubprocessWorker] launching cmd=['C:\\Users\\stduser\\.pixi\\bin\\pixi.exe', 'run', '--as-is', '--manifest-path', 'C:\\Users\\stduser\\AppData\\Local\\Programs\\comfy-env\\pixi.toml', '-e', 'sam3-nodes', 'python', 'C:\\Users\\stduser\\AppData\\Local\\Temp\\comfyui_pvenv_q3dk45j5\\persistent_worker.py', 'tcp://127.0.0.1:57842']...
[07:29]   Frame 2 saved (frame_001.jpg, t=2.3s)
[07:29]   [capture-periodic] freeze=3ms shot=116ms unfreeze=4ms saved=True
[07:31]   Frame 3 saved (frame_002.jpg, t=4.5s)
[07:31]   [capture-periodic] freeze=3ms shot=111ms unfreeze=6ms saved=True
[07:31]   [ComfyUI] [SubprocessWorker] worker started/confirmed
[07:31]   [ComfyUI] [comfy-env] PRE-SERIALIZE 'image' shape: torch.Size([1, 4480, 6720, 3])
[07:31]   [ComfyUI] [SubprocessWorker] serializing kwargs to shm...
[07:31]   [ComfyUI] [SubprocessWorker] created 0 shm blocks
[07:31]   [ComfyUI] [SubprocessWorker] sending request via socket...
[07:31]   [ComfyUI] [SubprocessWorker] call_id=6 sending call_method
[07:31]   [ComfyUI] [worker:ComfyUI-SAM3] [comfy-env] _from_shm got dict with keys: ['__type__', 'strategy', 'manager_path', 'storage_key', 'storage_size']
[07:31]   [ComfyUI] [worker:ComfyUI-SAM3] [comfy-env] DESERIALIZE TensorRef: tensor_size=[1, 4480, 6720, 3]
[07:31]   [ComfyUI] [worker:ComfyUI-SAM3] [comfy-env] DESERIALIZED tensor shape: torch.Size([1, 4480, 6720, 3])
[07:32]   [capture-loop] iter=50 t=5.8s state={'complete': False, 'error': None, 'executedCount': 0, 'wsState': 1} eval_ms=4 ram=5.1/16.0GB (32%) swap=0.5/2.9GB (18%) cpu=37% browser_rss=0.93GB
[07:32]   [ComfyUI] [SubprocessWorker] got response: ok
[07:32]   [ComfyUI] [comfy-env] SAM3MultiRegionCollector done (4.99s): result: NodeOutput
[07:32]   [ComfyUI] [comfy-env] Running LoadSAM3Model: precision: 'fp32', compile: False
[07:32]   [ComfyUI] [SubprocessWorker] call_method: nodes.load_model.LoadSAM3Model.EXECUTE_NORMALIZED
[07:32]   [ComfyUI] [SubprocessWorker] acquired lock, ensuring started...
[07:32]   [ComfyUI] [ComfyUI-SAM3] Health check: ping (timeout=5.0s)...
[07:32]   [ComfyUI] [ComfyUI-SAM3] Health check: ok
[07:32]   [ComfyUI] [SubprocessWorker] worker started/confirmed
[07:32]   [ComfyUI] [SubprocessWorker] serializing kwargs to shm...
[07:32]   [ComfyUI] [SubprocessWorker] created 0 shm blocks
[07:32]   [ComfyUI] [SubprocessWorker] sending request via socket...
[07:32]   [ComfyUI] [SubprocessWorker] call_id=7 sending call_method
[07:32]   [ComfyUI] [SubprocessWorker] got response: ok
[07:32]   [ComfyUI] [comfy-env] LoadSAM3Model done (0.08s): result: NodeOutput
[07:32]   [ComfyUI] [comfy-env] Running SAM3MultipromptSegmentation: refinement_iterations: 0, use_multimask: False, sam3_model_config: dict, image: torch.float32 [1,4480,6720,3] cpu, multi_prompts: list[7]
[07:32]   [ComfyUI] [SubprocessWorker] call_method: nodes.segmentation.SAM3MultipromptSegmentation.EXECUTE_NORMALIZED
[07:32]   [ComfyUI] [SubprocessWorker] acquired lock, ensuring started...
[07:32]   [ComfyUI] [ComfyUI-SAM3] Health check: ping (timeout=5.0s)...
[07:32]   [ComfyUI] [ComfyUI-SAM3] Health check: ok
[07:32]   [ComfyUI] [SubprocessWorker] worker started/confirmed
[07:32]   [ComfyUI] [comfy-env] PRE-SERIALIZE 'image' shape: torch.Size([1, 4480, 6720, 3])
[07:32]   [ComfyUI] [SubprocessWorker] serializing kwargs to shm...
[07:32]   [ComfyUI] [SubprocessWorker] created 0 shm blocks
[07:32]   [ComfyUI] [SubprocessWorker] sending request via socket...
[07:32]   [ComfyUI] [SubprocessWorker] call_id=8 sending call_method
[07:32]   [ComfyUI] [worker:ComfyUI-SAM3] [comfy-env] _from_shm got dict with keys: ['__type__', 'strategy', 'manager_path', 'storage_key', 'storage_size']
[07:32]   [ComfyUI] [worker:ComfyUI-SAM3] [comfy-env] DESERIALIZE TensorRef: tensor_size=[1, 4480, 6720, 3]
[07:32]   [ComfyUI] [worker:ComfyUI-SAM3] [comfy-env] DESERIALIZED tensor shape: torch.Size([1, 4480, 6720, 3])
[07:33]   Node executed (1 total), capturing...
[07:33]   Frame 4 saved (frame_003.jpg, t=6.5s)
[07:33]   [capture-node] freeze=30ms shot=312ms unfreeze=4ms saved=True
[07:37]   [ComfyUI] [SubprocessWorker] callback 'request_vram_budget' from call_id=8
[07:37]   [ComfyUI] [comfy-env] VRAM request: 3.50GB, free before eviction: 10.95GB
[07:37]   [ComfyUI] [comfy-env] VRAM after eviction: 10.95GB
[07:39]   [capture-loop] iter=100 t=12.2s state={'complete': False, 'error': None, 'executedCount': 1, 'wsState': 1} eval_ms=3 ram=6.2/16.0GB (38%) swap=0.5/2.9GB (18%) cpu=48% browser_rss=1.49GB
[07:45]   [capture-loop] iter=150 t=18.2s state={'complete': False, 'error': None, 'executedCount': 1, 'wsState': 1} eval_ms=4 ram=6.3/16.0GB (39%) swap=0.5/2.9GB (18%) cpu=72% browser_rss=1.41GB
[07:50]   [capture-loop] iter=200 t=23.9s state={'complete': False, 'error': None, 'executedCount': 1, 'wsState': 1} eval_ms=4 ram=6.5/16.0GB (40%) swap=0.5/2.9GB (17%) cpu=73% browser_rss=1.41GB
[07:56]   [capture-loop] iter=250 t=29.8s state={'complete': False, 'error': None, 'executedCount': 1, 'wsState': 1} eval_ms=3 ram=6.7/16.0GB (42%) swap=0.5/2.9GB (17%) cpu=71% browser_rss=1.42GB
[08:02]   [capture-loop] iter=300 t=35.5s state={'complete': False, 'error': None, 'executedCount': 1, 'wsState': 1} eval_ms=4 ram=8.0/16.0GB (50%) swap=0.5/2.9GB (17%) cpu=61% browser_rss=1.41GB
[08:08]   [capture-loop] iter=350 t=41.3s state={'complete': False, 'error': None, 'executedCount': 1, 'wsState': 1} eval_ms=4 ram=6.9/16.0GB (43%) swap=0.5/2.9GB (17%) cpu=62% browser_rss=1.41GB
[08:14]   [capture-loop] iter=400 t=47.2s state={'complete': False, 'error': None, 'executedCount': 1, 'wsState': 1} eval_ms=4 ram=7.3/16.0GB (45%) swap=0.5/2.9GB (17%) cpu=60% browser_rss=1.40GB
[08:19]   [capture-loop] iter=450 t=53.0s state={'complete': False, 'error': None, 'executedCount': 1, 'wsState': 1} eval_ms=4 ram=7.3/16.0GB (45%) swap=0.5/2.9GB (17%) cpu=68% browser_rss=1.35GB
[08:25]   [capture-loop] iter=500 t=58.9s state={'complete': False, 'error': None, 'executedCount': 1, 'wsState': 1} eval_ms=3 ram=7.5/16.0GB (47%) swap=0.5/2.9GB (17%) cpu=70% browser_rss=1.34GB
[08:28]   [ComfyUI] [worker:ComfyUI-SAM3]
[08:28]   [ComfyUI] === WATCHDOG TICK 1 ===
[08:28]   [ComfyUI] [worker:ComfyUI-SAM3] Current thread 0x000024e0 (most recent call first):
[08:28]   [ComfyUI]   File "C:\Users\stduser\AppData\Local\Temp\comfyui_pvenv_q3dk45j5\persistent_worker.py", line 52 in _watchdog
[08:28]   [ComfyUI]   File "C:\Users\stduser\AppData\Local\Programs\comfy-env\.pixi\envs\sam3-nodes\Lib\threading.py", line 1012 in run
[08:28]   [ComfyUI]   File "C:\Users\stduser\AppData\Local\Programs\comfy-env\.pixi\envs\sam3-nodes\Lib\threading.py", line 1075 in _bootstrap_inner
[08:28]   [ComfyUI]   File "C:\Users\stduser\AppData\Local\Programs\comfy-env\.pixi\envs\sam3-nodes\Lib\threading.py", line 1032 in _bootstrap
[08:28]   [ComfyUI] 
[08:28]   [ComfyUI] Thread 0x0000105c (most recent call first):
[08:28]   [ComfyUI]   File "D:\a\comfy-gpu-ci\comfy-gpu-ci\test_workspaces\SAM3-1942\ComfyUI\comfy\ldm\modules\sub_quadratic_attention.py", line 170 in _get_attention_scores_no_kv_chunking
[08:28]   [ComfyUI]   File "D:\a\comfy-gpu-ci\comfy-gpu-ci\test_workspaces\SAM3-1942\ComfyUI\comfy\ldm\modules\sub_quadratic_attention.py", line 269 in efficient_dot_product_attention
[08:28]   [ComfyUI]   File "D:\a\comfy-gpu-ci\comfy-gpu-ci\test_workspaces\SAM3-1942\ComfyUI\comfy\ldm\modules\attention.py", line 275 in attention_sub_quad
[08:28]   [ComfyUI]   File "D:\a\comfy-gpu-ci\comfy-gpu-ci\test_workspaces\SAM3-1942\ComfyUI\comfy\ldm\modules\attention.py", line 139 in wrapper
[08:28]   [ComfyUI]   File "D:\a\comfy-gpu-ci\comfy-gpu-ci\test_workspaces\SAM3-1942\ComfyUI\custom_nodes\ComfyUI-SAM3\nodes\sam3\attention.py", line 120 in sam3_attention
[08:28]   [ComfyUI]   File "D:\a\comfy-gpu-ci\comfy-gpu-ci\test_workspaces\SAM3-1942\ComfyUI\custom_nodes\ComfyUI-SAM3\nodes\sam3\model.py", line 729 in forward
[08:28]   [ComfyUI]   File "C:\Users\stduser\AppData\Local\Programs\comfy-env\.pixi\envs\sam3-nodes\Lib\site-packages\torch\nn\modules\module.py", line 1787 in _call_impl
[08:28]   [ComfyUI]   File "C:\Users\stduser\AppData\Local\Programs\comfy-env\.pixi\envs\sam3-nodes\Lib\site-packages\torch\nn\modules\module.py", line 1776 in _wrapped_call_impl
[08:28]   [ComfyUI]   File "D:\a\comfy-gpu-ci\comfy-gpu-ci\test_workspaces\SAM3-1942\ComfyUI\custom_nodes\ComfyUI-SAM3\nodes\sam3\model.py", line 819 in forward
[08:28]   [ComfyUI]   File "C:\Users\stduser\AppData\Local\Programs\comfy-env\.pixi\envs\sam3-nodes\Lib\site-packages\torch\nn\modules\module.py", line 1787 in _call_impl
[08:28]   [ComfyUI]   File "C:\Users\stduser\AppData\Local\Programs\comfy-env\.pixi\envs\sam3-nodes\Lib\site-packages\torch\nn\modules\module.py", line 1776 in _wrapped_call_impl
[08:28]   [ComfyUI]   File "D:\a\comfy-gpu-ci\comfy-gpu-ci\test_workspaces\SAM3-1942\ComfyUI\custom_nodes\ComfyUI-SAM3\nodes\sam3\model.py", line 983 in forward
[08:28]   [ComfyUI]   File "C:\Users\stduser\AppData\Local\Programs\comfy-env\.pixi\envs\sam3-nodes\Lib\site-packages\torch\nn\modules\module.py", line 1787 in _call_impl
[08:28]   [ComfyUI]   File "C:\Users\stduser\AppData\Local\Programs\comfy-env\.pixi\envs\sam3-nodes\Lib\site-packages\torch\nn\modules\module.py", line 1776 in _wrapped_call_impl
[08:28]   [ComfyUI]   File "D:\a\comfy-gpu-ci\comfy-gpu-ci\test_workspaces\SAM3-1942\ComfyUI\custom_nodes\ComfyUI-SAM3\nodes\sam3\model.py", line 2041 in forward
[08:28]   [ComfyUI]   File "D:\a\comfy-gpu-ci\comfy-gpu-ci\test_workspaces\SAM3-1942\ComfyUI\custom_nodes\ComfyUI-SAM3\nodes\sam3\model.py", line 3321 in _forward_image_no_act_ckpt
[08:28]   [ComfyUI]   File "D:\a\comfy-gpu-ci\comfy-gpu-ci\test_workspaces\SAM3-1942\ComfyUI\custom_nodes\ComfyUI-SAM3\nodes\sam3\model.py", line 3314 in forward_image
[08:28]   [ComfyUI]   File "D:\a\comfy-gpu-ci\comfy-gpu-ci\test_workspaces\SAM3-1942\ComfyUI\custom_nodes\ComfyUI-SAM3\nodes\sam3\utils.py", line 1324 in set_image
[08:28]   [ComfyUI]   File "C:\Users\stduser\AppData\Local\Programs\comfy-env\.pixi\envs\sam3-nodes\Lib\site-packages\torch\utils\_contextlib.py", line 124 in decorate_context
[08:28]   [ComfyUI]   File "D:\a\comfy-gpu-ci\comfy-gpu-ci\test_workspaces\SAM3-1942\ComfyUI\custom_nodes\ComfyUI-SAM3\nodes\segmentation.py", line 733 in execute
[08:28]   [ComfyUI]   File "D:\a\comfy-gpu-ci\comfy-gpu-ci\test_workspaces\SAM3-1942\ComfyUI\comfy_api\latest\_io.py", line 1833 in EXECUTE_NORMALIZED
[08:28]   [ComfyUI]   File "C:\Users\stduser\AppData\Local\Temp\comfyui_pvenv_q3dk45j5\persistent_worker.py", line 1762 in main
[08:28]   [ComfyUI]   File "C:\Users\stduser\AppData\Local\Temp\comfyui_pvenv_q3dk45j5\persistent_worker.py", line 1807 in <module>
[08:28]   [ComfyUI] 
[08:28]   [ComfyUI] [worker:ComfyUI-SAM3] === END ===
[08:28]   [ComfyUI] 
[08:31]   [capture-loop] iter=550 t=64.8s state={'complete': False, 'error': None, 'executedCount': 1, 'wsState': 1} eval_ms=4 ram=7.6/16.0GB (48%) swap=0.5/2.9GB (17%) cpu=66% browser_rss=1.34GB
[08:34]   [ComfyUI] [SubprocessWorker] callback 'report_progress' from call_id=8
[08:34]   [ComfyUI] [SubprocessWorker] callback 'report_progress' from call_id=8
[08:34]   [ComfyUI] [SubprocessWorker] callback 'report_progress' from call_id=8
[08:35]   [ComfyUI] [SubprocessWorker] callback 'report_progress' from call_id=8
[08:35]   Frame 5 saved (frame_004.jpg, t=68.7s)
[08:35]   [capture-periodic] freeze=3ms shot=194ms unfreeze=4ms saved=True
[08:35]   [ComfyUI] [SubprocessWorker] callback 'report_progress' from call_id=8
[08:36]   [ComfyUI] [SubprocessWorker] callback 'report_progress' from call_id=8
[08:36]   [ComfyUI] [SubprocessWorker] callback 'report_progress' from call_id=8
[08:37]   [capture-loop] iter=600 t=70.7s state={'complete': False, 'error': None, 'executedCount': 1, 'wsState': 1} eval_ms=4 ram=9.5/16.0GB (59%) swap=0.5/2.9GB (17%) cpu=70% browser_rss=1.46GB
[08:38]   Frame 6 saved (frame_005.jpg, t=71.0s)
[08:38]   [capture-periodic] freeze=4ms shot=179ms unfreeze=29ms saved=True
[08:43]   [capture-loop] iter=650 t=76.6s state={'complete': False, 'error': None, 'executedCount': 1, 'wsState': 1} eval_ms=3 ram=10.7/16.0GB (67%) swap=0.6/2.9GB (20%) cpu=76% browser_rss=1.47GB
[08:46]   [ComfyUI] [SubprocessWorker] got response: ok
[08:46]   [ComfyUI] [comfy-env] SAM3MultipromptSegmentation done (73.45s): result: NodeOutput
[08:47]   Frame 7 saved (frame_006.jpg, t=80.0s)
[08:47]   [capture-periodic] freeze=3ms shot=181ms unfreeze=15ms saved=True
[08:49]   [capture-loop] iter=700 t=82.6s state={'complete': False, 'error': None, 'executedCount': 1, 'wsState': 1} eval_ms=3 ram=9.1/16.0GB (57%) swap=0.6/2.9GB (20%) cpu=64% browser_rss=1.47GB
[08:52]   Node executed (2 total), capturing...
[08:53]   Frame 8 saved (frame_007.jpg, t=85.4s)
[08:53]   [capture-node] freeze=532ms shot=763ms unfreeze=12ms saved=True
[08:54]   [ComfyUI] BatchToMultiband: Processed 1 images with 3 channels each -> 3 channels
[08:54]   [ComfyUI] BatchToMultiband: Processed 7 masks -> 7 channels
[08:54]   [ComfyUI] BatchToMultiband: Output shape torch.Size([1, 10, 4480, 6720]), channels: ['img_01_r', 'img_01_g', 'img_01_b', 'mask_01', 'mask_02', 'mask_03', 'mask_04', 'mask_05', 'mask_06', 'mask_07']
[08:54]   Node executed (3 total), capturing...
[08:54]   [ComfyUI] ResizeMultiband: 4480x6720 -> 600x900
[08:54]   [ComfyUI] PreviewMultibandImage: Batch=1, Channels=10, Names=['img_01_r', 'img_01_g', 'img_01_b', 'mask_01', 'mask_02', 'mask_03', 'mask_04', 'mask_05', 'mask_06', 'mask_07']
[08:55]   [ComfyUI] SaveMultibandImage: Saved to output/multiband.npz
[08:55]   [ComfyUI]   Shape: (1, 10, 600, 900)
[08:55]   [ComfyUI]   Format: npz
[08:55]   [ComfyUI] Prompt executed in 88.61 seconds
[08:56]   Frame 9 saved (frame_008.jpg, t=87.9s)
[08:56]   [capture-node] freeze=500ms shot=811ms unfreeze=6ms saved=True
[08:56]   Node executed (4 total), capturing...
[08:56]   Frame 10 saved (frame_009.jpg, t=89.5s)
[08:56]   [capture-node] freeze=3ms shot=154ms unfreeze=0ms saved=True
[08:56]   Execution complete (t=89.5s)
[08:56]   Captured 10 unique frames over 89.71s
[08:56]   [debug] iframes: 0
[08:56]   [timing] trigger_3d_previews: 0.0s
[08:58]   Saved high-quality screenshot: scene_seg_executed.png
[08:58]   [timing] final_screenshot: 0.3s
[08:59] Capturing execution frames: scene_seg_interactive.json
[09:05]   Frame 1 saved (frame_000.jpg, t=0.0s)
[09:05]   Validating workflow...
[09:05]   [ComfyUI] === /validate endpoint called ===
[09:05]   [ComfyUI] Received JSON with keys: ['prompt']
[09:05]   [ComfyUI] Prompt has 4 nodes
[09:05]   [ComfyUI]   Node 1: LoadImage
[09:05]   [ComfyUI]     Inputs: {"image": "image.png"}
[09:05]   [ComfyUI]   Node 4: MaskPreview
[09:05]   [ComfyUI]     Inputs: {"mask": ["26", 0]}
[09:05]   [ComfyUI]   Node 12: LoadSAM3Model
[09:05]   [ComfyUI]     Inputs: {"precision": "auto", "compile": false}
[09:05]   [ComfyUI]   Node 26: SAM3InteractiveCollector
[09:05]   [ComfyUI]     Inputs: {"multi_prompts_store": "[{\"positive_points\":[{\"x\":3348.288109906738,\"y\":2452.2208696844737}],\"negative_points\":[],\"positive_boxes\":[],\"negative_boxes\":[],\"name\":\"Prompt 1\"},{\"positiv
[09:05]   [ComfyUI] Generated prompt_id: f99b936b-d5ad-4694-8b50-88dc26758788
[09:05]   [ComfyUI] Calling execution.validate_prompt()...
[09:05]   [ComfyUI] Validation result: valid=True
[09:05]   [ComfyUI] === Validation PASSED ===
[09:05]   Queuing workflow for execution...
[09:05]   [ComfyUI] got prompt
[09:06]   [ComfyUI] [comfy-env] Running LoadSAM3Model: precision: 'auto', compile: False
[09:06]   [ComfyUI] [SubprocessWorker] call_method: nodes.load_model.LoadSAM3Model.EXECUTE_NORMALIZED
[09:06]   [ComfyUI] [SubprocessWorker] acquired lock, ensuring started...
[09:06]   [ComfyUI] [ComfyUI-SAM3] Health check: ping (timeout=5.0s)...
[09:06]   [ComfyUI] [ComfyUI-SAM3] Health check: ok
[09:06]   [ComfyUI] [SubprocessWorker] worker started/confirmed
[09:06]   [ComfyUI] [SubprocessWorker] serializing kwargs to shm...
[09:06]   [ComfyUI] [SubprocessWorker] created 0 shm blocks
[09:06]   [ComfyUI] [SubprocessWorker] sending request via socket...
[09:06]   [ComfyUI] [SubprocessWorker] call_id=9 sending call_method
[09:06]   [ComfyUI] [SubprocessWorker] got response: ok
[09:06]   [ComfyUI] [comfy-env] LoadSAM3Model done (0.29s): result: NodeOutput
[09:06]   [ComfyUI] [comfy-env] Running SAM3InteractiveCollector: multi_prompts_store: '[{"positive_points":[{"x":3348.288109906738,"y":2452.220..., sam3_model_config: dict, image: torch.float32 [1,4480,6720,3] cpu, unique_id: '26'
[09:06]   [ComfyUI] [SubprocessWorker] call_method: nodes.sam3_interactive.SAM3InteractiveCollector.EXECUTE_NORMALIZED
[09:06]   [ComfyUI] [SubprocessWorker] acquired lock, ensuring started...
[09:06]   [ComfyUI] [ComfyUI-SAM3] Health check: ping (timeout=5.0s)...
[09:06]   [ComfyUI] [ComfyUI-SAM3] Health check: ok
[09:06]   [ComfyUI] [SubprocessWorker] worker started/confirmed
[09:06]   [ComfyUI] [comfy-env] PRE-SERIALIZE 'image' shape: torch.Size([1, 4480, 6720, 3])
[09:06]   [ComfyUI] [SubprocessWorker] serializing kwargs to shm...
[09:07]   [ComfyUI] [SubprocessWorker] created 0 shm blocks
[09:07]   [ComfyUI] [SubprocessWorker] sending request via socket...
[09:07]   [ComfyUI] [SubprocessWorker] call_id=10 sending call_method
[09:07]   [ComfyUI] [worker:ComfyUI-SAM3] [comfy-env] _from_shm got dict with keys: ['__type__', 'strategy', 'manager_path', 'storage_key', 'storage_size']
[09:07]   [ComfyUI] [worker:ComfyUI-SAM3] [comfy-env] DESERIALIZE TensorRef: tensor_size=[1, 4480, 6720, 3]
[09:07]   [ComfyUI] [worker:ComfyUI-SAM3] [comfy-env] DESERIALIZED tensor shape: torch.Size([1, 4480, 6720, 3])
[09:08]   Frame 2 saved (frame_001.jpg, t=2.3s)
[09:08]   [capture-periodic] freeze=2ms shot=113ms unfreeze=3ms saved=True
[09:08]   [ComfyUI] [SubprocessWorker] callback 'request_vram_budget' from call_id=10
[09:08]   [ComfyUI] [comfy-env] VRAM request: 3.50GB, free before eviction: 9.77GB
[09:08]   [ComfyUI] [comfy-env] VRAM after eviction: 9.77GB
[09:10]   Frame 3 saved (frame_002.jpg, t=4.4s)
[09:10]   [capture-periodic] freeze=2ms shot=138ms unfreeze=5ms saved=True
[09:11]   [capture-loop] iter=50 t=5.8s state={'complete': False, 'error': None, 'executedCount': 0, 'wsState': 1} eval_ms=4 ram=7.2/16.0GB (45%) swap=0.6/2.9GB (20%) cpu=47% browser_rss=1.11GB
[09:17]   [capture-loop] iter=100 t=11.5s state={'complete': False, 'error': None, 'executedCount': 0, 'wsState': 1} eval_ms=4 ram=7.3/16.0GB (46%) swap=0.6/2.9GB (20%) cpu=61% browser_rss=1.10GB
[09:22]   [capture-loop] iter=150 t=17.2s state={'complete': False, 'error': None, 'executedCount': 0, 'wsState': 1} eval_ms=3 ram=7.4/16.0GB (46%) swap=0.6/2.9GB (20%) cpu=63% browser_rss=1.02GB
[09:28]   [ComfyUI] [worker:ComfyUI-SAM3]
[09:28]   [ComfyUI] === WATCHDOG TICK 2 ===
[09:28]   [ComfyUI] [worker:ComfyUI-SAM3] Current thread 0x000024e0 (most recent call first):
[09:28]   [ComfyUI]   File "C:\Users\stduser\AppData\Local\Temp\comfyui_pvenv_q3dk45j5\persistent_worker.py", line 52 in _watchdog
[09:28]   [ComfyUI]   File "C:\Users\stduser\AppData\Local\Programs\comfy-env\.pixi\envs\sam3-nodes\Lib\threading.py", line 1012 in run
[09:28]   [ComfyUI]   File "C:\Users\stduser\AppData\Local\Programs\comfy-env\.pixi\envs\sam3-nodes\Lib\threading.py", line 1075 in _bootstrap_inner
[09:28]   [ComfyUI]   File "C:\Users\stduser\AppData\Local\Programs\comfy-env\.pixi\envs\sam3-nodes\Lib\threading.py", line 1032 in _bootstrap
[09:28]   [ComfyUI] 
[09:28]   [ComfyUI] Thread 0x0000105c (most recent call first):
[09:28]   [ComfyUI]   File "D:\a\comfy-gpu-ci\comfy-gpu-ci\test_workspaces\SAM3-1942\ComfyUI\comfy\ops.py", line 475 in forward_comfy_cast_weights
[09:28]   [ComfyUI]   File "D:\a\comfy-gpu-ci\comfy-gpu-ci\test_workspaces\SAM3-1942\ComfyUI\comfy\ops.py", line 482 in forward
[09:28]   [ComfyUI]   File "C:\Users\stduser\AppData\Local\Programs\comfy-env\.pixi\envs\sam3-nodes\Lib\site-packages\torch\nn\modules\module.py", line 1787 in _call_impl
[09:28]   [ComfyUI]   File "C:\Users\stduser\AppData\Local\Programs\comfy-env\.pixi\envs\sam3-nodes\Lib\site-packages\torch\nn\modules\module.py", line 1776 in _wrapped_call_impl
[09:28]   [ComfyUI]   File "D:\a\comfy-gpu-ci\comfy-gpu-ci\test_workspaces\SAM3-1942\ComfyUI\custom_nodes\ComfyUI-SAM3\nodes\sam3\model.py", line 144 in forward
[09:28]   [ComfyUI]   File "C:\Users\stduser\AppData\Local\Programs\comfy-env\.pixi\envs\sam3-nodes\Lib\site-packages\torch\nn\modules\module.py", line 1787 in _call_impl
[09:28]   [ComfyUI]   File "C:\Users\stduser\AppData\Local\Programs\comfy-env\.pixi\envs\sam3-nodes\Lib\site-packages\torch\nn\modules\module.py", line 1776 in _wrapped_call_impl
[09:28]   [ComfyUI]   File "D:\a\comfy-gpu-ci\comfy-gpu-ci\test_workspaces\SAM3-1942\ComfyUI\custom_nodes\ComfyUI-SAM3\nodes\sam3\model.py", line 823 in forward
[09:28]   [ComfyUI]   File "C:\Users\stduser\AppData\Local\Programs\comfy-env\.pixi\envs\sam3-nodes\Lib\site-packages\torch\nn\modules\module.py", line 1787 in _call_impl
[09:28]   [ComfyUI]   File "C:\Users\stduser\AppData\Local\Programs\comfy-env\.pixi\envs\sam3-nodes\Lib\site-packages\torch\nn\modules\module.py", line 1776 in _wrapped_call_impl
[09:28]   [ComfyUI]   File "D:\a\comfy-gpu-ci\comfy-gpu-ci\test_workspaces\SAM3-1942\ComfyUI\custom_nodes\ComfyUI-SAM3\nodes\sam3\model.py", line 983 in forward
[09:28]   [ComfyUI]   File "C:\Users\stduser\AppData\Local\Programs\comfy-env\.pixi\envs\sam3-nodes\Lib\site-packages\torch\nn\modules\module.py", line 1787 in _call_impl
[09:28]   [ComfyUI]   File "C:\Users\stduser\AppData\Local\Programs\comfy-env\.pixi\envs\sam3-nodes\Lib\site-packages\torch\nn\modules\module.py", line 1776 in _wrapped_call_impl
[09:28]   [ComfyUI]   File "D:\a\comfy-gpu-ci\comfy-gpu-ci\test_workspaces\SAM3-1942\ComfyUI\custom_nodes\ComfyUI-SAM3\nodes\sam3\model.py", line 2041 in forward
[09:28]   [ComfyUI]   File "D:\a\comfy-gpu-ci\comfy-gpu-ci\test_workspaces\SAM3-1942\ComfyUI\custom_nodes\ComfyUI-SAM3\nodes\sam3\model.py", line 3321 in _forward_image_no_act_ckpt
[09:28]   [ComfyUI]   File "D:\a\comfy-gpu-ci\comfy-gpu-ci\test_workspaces\SAM3-1942\ComfyUI\custom_nodes\ComfyUI-SAM3\nodes\sam3\model.py", line 3314 in forward_image
[09:28]   [ComfyUI]   File "D:\a\comfy-gpu-ci\comfy-gpu-ci\test_workspaces\SAM3-1942\ComfyUI\custom_nodes\ComfyUI-SAM3\nodes\sam3\utils.py", line 1324 in set_image
[09:28]   [ComfyUI]   File "C:\Users\stduser\AppData\Local\Programs\comfy-env\.pixi\envs\sam3-nodes\Lib\site-packages\torch\utils\_contextlib.py", line 124 in decorate_context
[09:28]   [ComfyUI]   File "D:\a\comfy-gpu-ci\comfy-gpu-ci\test_workspaces\SAM3-1942\ComfyUI\custom_nodes\ComfyUI-SAM3\nodes\sam3_interactive.py", line 687 in execute
[09:28]   [ComfyUI]   File "D:\a\comfy-gpu-ci\comfy-gpu-ci\test_workspaces\SAM3-1942\ComfyUI\comfy_api\latest\_io.py", line 1833 in EXECUTE_NORMALIZED
[09:28]   [ComfyUI]   File "C:\Users\stduser\AppData\Local\Temp\comfyui_pvenv_q3dk45j5\persistent_worker.py", line 1762 in main
[09:28]   [ComfyUI]   File "C:\Users\stduser\AppData\Local\Temp\comfyui_pvenv_q3dk45j5\persistent_worker.py", line 1807 in <module>
[09:28]   [ComfyUI] 
[09:28]   [ComfyUI] [worker:ComfyUI-SAM3] === END ===
[09:28]   [ComfyUI] 
[09:28]   [capture-loop] iter=200 t=22.9s state={'complete': False, 'error': None, 'executedCount': 0, 'wsState': 1} eval_ms=3 ram=7.6/16.0GB (48%) swap=0.6/2.9GB (20%) cpu=63% browser_rss=1.02GB
[09:34]   [capture-loop] iter=250 t=28.7s state={'complete': False, 'error': None, 'executedCount': 0, 'wsState': 1} eval_ms=5 ram=7.8/16.0GB (48%) swap=0.6/2.9GB (20%) cpu=62% browser_rss=1.02GB
[09:40]   [capture-loop] iter=300 t=34.3s state={'complete': False, 'error': None, 'executedCount': 0, 'wsState': 1} eval_ms=3 ram=7.9/16.0GB (49%) swap=0.6/2.9GB (20%) cpu=60% browser_rss=1.02GB
[09:45]   [capture-loop] iter=350 t=40.1s state={'complete': False, 'error': None, 'executedCount': 0, 'wsState': 1} eval_ms=5 ram=8.2/16.0GB (51%) swap=0.8/2.9GB (27%) cpu=64% browser_rss=1.02GB
[09:51]   [capture-loop] iter=400 t=45.7s state={'complete': False, 'error': None, 'executedCount': 0, 'wsState': 1} eval_ms=3 ram=8.1/16.0GB (51%) swap=0.8/2.9GB (27%) cpu=59% browser_rss=1.02GB
[09:57]   [capture-loop] iter=450 t=51.4s state={'complete': False, 'error': None, 'executedCount': 0, 'wsState': 1} eval_ms=4 ram=9.4/16.0GB (59%) swap=0.9/2.9GB (32%) cpu=73% browser_rss=1.01GB
[10:02]   [capture-loop] iter=500 t=57.2s state={'complete': False, 'error': None, 'executedCount': 0, 'wsState': 1} eval_ms=4 ram=8.6/16.0GB (54%) swap=0.9/2.9GB (32%) cpu=80% browser_rss=1.01GB
[10:04]   [ComfyUI] [SubprocessWorker] callback 'report_progress' from call_id=10
[10:04]   Frame 4 saved (frame_003.jpg, t=58.7s)
[10:04]   [capture-periodic] freeze=4ms shot=136ms unfreeze=4ms saved=True
[10:07]   [ComfyUI] [SubprocessWorker] got response: ok
[10:07]   [ComfyUI] [comfy-env] SAM3InteractiveCollector done (60.48s): result: NodeOutput
[10:08]   [ComfyUI] Prompt executed in 62.35 seconds
[10:08]   Node executed (1 total), capturing...
[10:09]   Frame 5 saved (frame_004.jpg, t=63.0s)
[10:09]   [capture-node] freeze=125ms shot=521ms unfreeze=7ms saved=True
[10:09]   Node executed (2 total), capturing...
[10:09]   [capture-node] freeze=3ms shot=137ms unfreeze=0ms saved=False
[10:09]   Execution complete (t=63.9s)
[10:09]   Captured 5 unique frames over 64.09s
[10:09]   [debug] iframes: 0
[10:09]   [timing] trigger_3d_previews: 0.0s
[10:12]   Saved high-quality screenshot: scene_seg_interactive_executed.png
[10:12]   [timing] final_screenshot: 0.2s
[10:12]   [5/5] SKIPPED (not in cpu list) video_point_prompt.json
[10:15] Results saved to D:\a\comfy-gpu-ci\comfy-gpu-ci\comfy-test-logs\SAM3-1942\dev\windows-cpu\results.json
[10:15] Model report: 1 files, 3.2 GB -> D:\a\comfy-gpu-ci\comfy-gpu-ci\comfy-test-logs\SAM3-1942\dev\windows-cpu\models.json
[10:15] Saved: D:\a\comfy-gpu-ci\comfy-gpu-ci\comfy-test-logs\SAM3-1942\dev\windows-cpu\index.html
[10:15] [EXECUTION] PASSED
[10:15] 
windows: PASSED
[10:15] Stopping ComfyUI server...
