  [ComfyUI] [comfy-env] [VRAM] Before offload 'Sam3VideoInferenceWithInstanceInteractivity_1' (1756 MB) -> cpu: 1042 / 12287 MB
Capturing execution frames: image_seg_text.json
  [ComfyUI] [ComfyUI-SAM3] Health check: ping (timeout=5.0s)...
  [ComfyUI] [ComfyUI-SAM3] Health check: ok
  [ComfyUI] [SubprocessWorker] call_id=4 sending model_to_device
  [ComfyUI] [worker:ComfyUI-SAM3] [VRAM] -218MB (now 1837MB) reserved=2112MB peak=2068MB
  [ComfyUI] [comfy-env] [VRAM] After offload 'Sam3VideoInferenceWithInstanceInteractivity_1' (1756 MB): 1042 / 12287 MB
  Frame 1 saved (frame_000.jpg, t=0.0s)
  Validating workflow...
  [ComfyUI] === /validate endpoint called ===
  Queuing workflow for execution...
  [ComfyUI] Received JSON with keys: ['prompt']
  [ComfyUI] Prompt has 5 nodes
  [ComfyUI]   Node 1: LoadImage
  [ComfyUI]     Inputs: {"image": "example_image.jpg"}
  [ComfyUI]   Node 3: PreviewImage
  [ComfyUI]     Inputs: {"images": ["15", 1]}
  [ComfyUI]   Node 4: MaskPreview
  [ComfyUI]     Inputs: {"mask": ["15", 0]}
  [ComfyUI]   Node 12: LoadSAM3Model
  [ComfyUI]     Inputs: {"precision": "fp32", "compile": false}
  [ComfyUI]   Node 15: SAM3Grounding
  [ComfyUI]     Inputs: {"confidence_threshold": 0.2, "text_prompt": "child", "max_detections": -1, "sam3_model_config": ["12", 0], "image": ["1", 0]}
  [ComfyUI] Generated prompt_id: 56a7cda8-426e-4f7f-ae8e-dc48ac16f107
  [ComfyUI] Calling execution.validate_prompt()...
  [ComfyUI] Validation result: valid=True
  [ComfyUI] === Validation PASSED ===
  [ComfyUI] got prompt
  [ComfyUI] [comfy-env] Running LoadSAM3Model: precision: 'fp32', compile: False
  [ComfyUI] [VRAM] Before LoadSAM3Model: 1042 / 12287 MB
  [ComfyUI] [SubprocessWorker] call_method: nodes.load_model.LoadSAM3Model.EXECUTE_NORMALIZED
  [ComfyUI] [ComfyUI-SAM3] python: C:\ce\.pixi\envs\sam3-nodes\python.exe
  [ComfyUI] [SubprocessWorker] acquired lock, ensuring started...
  [ComfyUI] [ComfyUI-SAM3] sys_path sent to worker: ['C:\\workspaces\\SAM3-1118\\ComfyUI', 'C:\\workspaces\\SAM3-1118\\ComfyUI\\custom_nodes\\ComfyUI-SAM3', 'C:\\ce\\.pixi\\envs\\sam3-nodes\\Lib\\site-packages', 'C:\\workspaces\\SAM3-1118\\ComfyUI\\custom_nodes\\ComfyUI-SAM3']
  [ComfyUI] [ComfyUI-SAM3] Health check: ping (timeout=5.0s)...
  [ComfyUI] [SubprocessWorker] is_pixi=True, python=C:\ce\.pixi\envs\sam3-nodes\python.exe
  [ComfyUI] [ComfyUI-SAM3] Health check: failed
  [ComfyUI] [SubprocessWorker] launching cmd=['C:\\Users\\ContainerAdministrator\\.pixi\\bin\\pixi.exe', 'run', '--as-is', '--manifest-path', 'C:\\ce\\pixi.toml', '-e', 'sam3-nodes', 'python', 'C:\\Users\\ContainerAdministrator\\AppData\\Local\\Temp\\comfyui_pvenv_uqh9ja_i\\persistent_worker.py', 'tcp://127.0.0.1:59250']...
  [ComfyUI] [ComfyUI-SAM3] Socket unhealthy, restarting worker...
  [ComfyUI] [comfy-env] Invalidated 1 stale model patchers (will be cleaned up during next unload)
  [ComfyUI] [comfy-env] sam3-nodes: Library/bin has 234 DLLs
  Frame 2 saved (frame_001.jpg, t=2.3s)
  [capture-periodic] freeze=4ms shot=110ms unfreeze=7ms saved=True
  Frame 3 saved (frame_002.jpg, t=4.5s)
  [capture-periodic] freeze=4ms shot=113ms unfreeze=5ms saved=True
  [ComfyUI] [worker:ComfyUI-SAM3] WARNING: WARNING: You need pytorch with cu130 or higher to use optimized CUDA operations.
  [ComfyUI] [SubprocessWorker] worker started/confirmed
  [ComfyUI] [SubprocessWorker] serializing kwargs to shm...
  [ComfyUI] [SubprocessWorker] created 0 shm blocks
  [ComfyUI] [SubprocessWorker] sending request via socket...
  [ComfyUI] [SubprocessWorker] call_id=5 sending call_method
  [capture-loop] iter=50 t=6.0s state={'complete': False, 'error': None, 'executedCount': 0, 'wsState': 1} eval_ms=4 ram=8.2/31.9GB (26%) swap=0.2/5.0GB (3%) cpu=8% browser_rss=0.67GB
  [ComfyUI] [SubprocessWorker] got response: ok
  [ComfyUI] [comfy-env] [VRAM] Before offload 'Sam3VideoInferenceWithInstanceInteractivity_1' (1756 MB) -> cpu: 1042 / 12287 MB
  [ComfyUI] [ComfyUI-SAM3] Health check: ping (timeout=5.0s)...
  [ComfyUI] [ComfyUI-SAM3] Health check: ok
  [ComfyUI] [SubprocessWorker] call_id=6 sending model_to_device
  [ComfyUI] Model 'Sam3VideoInferenceWithInstanceInteractivity_1' gone from worker (restarted?), treating as offloaded
  [ComfyUI] [comfy-env] [VRAM] After offload 'Sam3VideoInferenceWithInstanceInteractivity_1' (1756 MB): 1042 / 12287 MB
  [ComfyUI] [comfy-env] LoadSAM3Model done (6.42s): result: NodeOutput
  [ComfyUI] [VRAM] After LoadSAM3Model: 1042 / 12287 MB
  [ComfyUI] [comfy-env] Running SAM3Grounding: confidence_threshold: 0.2, text_prompt: 'child', max_detections: -1, sam3_model_config: dict, image: torch.float32 [1,720,1280,3] cpu
  [ComfyUI] [VRAM] Before SAM3Grounding: 1042 / 12287 MB
  [ComfyUI] [SubprocessWorker] call_method: nodes.segmentation.SAM3Grounding.EXECUTE_NORMALIZED
  [ComfyUI] [SubprocessWorker] acquired lock, ensuring started...
  [ComfyUI] [ComfyUI-SAM3] Health check: ping (timeout=5.0s)...
  [ComfyUI] [ComfyUI-SAM3] Health check: ok
  [ComfyUI] [SubprocessWorker] worker started/confirmed
  [ComfyUI] [comfy-env] PRE-SERIALIZE 'image' shape: torch.Size([1, 720, 1280, 3])
  [ComfyUI] [SubprocessWorker] serializing kwargs to shm...
  [ComfyUI] [SubprocessWorker] created 0 shm blocks
  [ComfyUI] [SubprocessWorker] sending request via socket...
  [ComfyUI] [SubprocessWorker] call_id=7 sending call_method
  [ComfyUI] [worker:ComfyUI-SAM3] [comfy-env] _from_shm got dict with keys: ['__type__', 'strategy', 'manager_path', 'storage_key', 'storage_size']
  [ComfyUI] [worker:ComfyUI-SAM3] [comfy-env] DESERIALIZE TensorRef: tensor_size=[1, 720, 1280, 3]
  [ComfyUI] [worker:ComfyUI-SAM3] [comfy-env] DESERIALIZED tensor shape: torch.Size([1, 720, 1280, 3])
  Frame 4 saved (frame_003.jpg, t=6.7s)
  [capture-periodic] freeze=6ms shot=149ms unfreeze=4ms saved=True
  Frame 5 saved (frame_004.jpg, t=9.0s)
  [capture-periodic] freeze=4ms shot=106ms unfreeze=5ms saved=True
  [ComfyUI] [SubprocessWorker] callback 'request_vram_budget' from call_id=7
  [ComfyUI] [comfy-env] VRAM request: 3.50GB, free before eviction: 11.79GB
  [ComfyUI] [comfy-env] VRAM after eviction: 11.79GB
  [ComfyUI] [worker:ComfyUI-SAM3] [VRAM] +211MB (now 211MB) reserved=224MB peak=211MB
  [ComfyUI] [worker:ComfyUI-SAM3] [VRAM] +1774MB (now 1986MB) reserved=2016MB peak=1986MB
  [capture-loop] iter=100 t=12.1s state={'complete': False, 'error': None, 'executedCount': 0, 'wsState': 1} eval_ms=4 ram=9.2/31.9GB (29%) swap=0.2/5.0GB (3%) cpu=10% browser_rss=0.67GB
  [ComfyUI] [worker:ComfyUI-SAM3] [VRAM] +1348MB (now 3334MB) reserved=3360MB peak=3334MB
  [ComfyUI] [worker:ComfyUI-SAM3] WARNING: attention_flash cannot run on fp32 Q/K/V. Falling back to attention_pytorch with flash-SDPA disabled.
  [ComfyUI] [worker:ComfyUI-SAM3] [VRAM] +349MB (now 3684MB) reserved=3904MB peak=3684MB
  [ComfyUI] [worker:ComfyUI-SAM3] WARNING: Flash Attention failed, using default SDPA: Mask must not be set for Flash attention
  [ComfyUI] [worker:ComfyUI-SAM3] WARNING: Flash Attention failed, using default SDPA: Mask must not be set for Flash attention
  [ComfyUI] [worker:ComfyUI-SAM3] WARNING: Flash Attention failed, using default SDPA: Mask must not be set for Flash attention
  [ComfyUI] [worker:ComfyUI-SAM3] WARNING: Flash Attention failed, using default SDPA: Mask must not be set for Flash attention
  [ComfyUI] [worker:ComfyUI-SAM3] WARNING: Flash Attention failed, using default SDPA: Mask must not be set for Flash attention
  [ComfyUI] [worker:ComfyUI-SAM3] WARNING: Flash Attention failed, using default SDPA: Mask must not be set for Flash attention
  [ComfyUI] [worker:ComfyUI-SAM3] WARNING: Flash Attention failed, using default SDPA: Mask must not be set for Flash attention
  [ComfyUI] [worker:ComfyUI-SAM3] WARNING: Flash Attention failed, using default SDPA: Mask must not be set for Flash attention
  [ComfyUI] [worker:ComfyUI-SAM3] WARNING: Flash Attention failed, using default SDPA: Mask must not be set for Flash attention
  [ComfyUI] [worker:ComfyUI-SAM3] WARNING: Flash Attention failed, using default SDPA: Mask must not be set for Flash attention
  [ComfyUI] [worker:ComfyUI-SAM3] WARNING: Flash Attention failed, using default SDPA: Mask must not be set for Flash attention
  [ComfyUI] [worker:ComfyUI-SAM3] WARNING: Flash Attention failed, using default SDPA: Mask must not be set for Flash attention
  [ComfyUI] [worker:ComfyUI-SAM3] WARNING: Flash Attention failed, using default SDPA: Mask must not be set for Flash attention
  [ComfyUI] [worker:ComfyUI-SAM3] WARNING: Flash Attention failed, using default SDPA: Mask must not be set for Flash attention
  [ComfyUI] [worker:ComfyUI-SAM3] WARNING: Flash Attention failed, using default SDPA: Mask must not be set for Flash attention
  [ComfyUI] [worker:ComfyUI-SAM3] WARNING: Flash Attention failed, using default SDPA: Mask must not be set for Flash attention
  [ComfyUI] [worker:ComfyUI-SAM3] WARNING: Flash Attention failed, using default SDPA: Mask must not be set for Flash attention
  [ComfyUI] [worker:ComfyUI-SAM3] WARNING: Flash Attention failed, using default SDPA: Mask must not be set for Flash attention
  [ComfyUI] [worker:ComfyUI-SAM3] WARNING: Flash Attention failed, using default SDPA: Mask must not be set for Flash attention
  [ComfyUI] [worker:ComfyUI-SAM3] WARNING: Flash Attention failed, using default SDPA: Mask must not be set for Flash attention
  [ComfyUI] [worker:ComfyUI-SAM3] WARNING: Flash Attention failed, using default SDPA: Mask must not be set for Flash attention
  [ComfyUI] [worker:ComfyUI-SAM3] WARNING: Flash Attention failed, using default SDPA: Mask must not be set for Flash attention
  [ComfyUI] [worker:ComfyUI-SAM3] WARNING: Flash Attention failed, using default SDPA: Mask must not be set for Flash attention
  [ComfyUI] [worker:ComfyUI-SAM3] WARNING: Flash Attention failed, using default SDPA: Mask must not be set for Flash attention
  [ComfyUI] [worker:ComfyUI-SAM3] WARNING: Flash Attention failed, using default SDPA: Mask must not be set for Flash attention
  [ComfyUI] [worker:ComfyUI-SAM3] WARNING: Flash Attention failed, using default SDPA: Mask must not be set for Flash attention
  [ComfyUI] [worker:ComfyUI-SAM3] WARNING: Flash Attention failed, using default SDPA: Mask must not be set for Flash attention
  [ComfyUI] [worker:ComfyUI-SAM3] WARNING: Flash Attention failed, using default SDPA: Mask must not be set for Flash attention
  [ComfyUI] [worker:ComfyUI-SAM3] WARNING: Flash Attention failed, using default SDPA: Mask must not be set for Flash attention
  [ComfyUI] [worker:ComfyUI-SAM3] WARNING: Flash Attention failed, using default SDPA: Mask must not be set for Flash attention
  [ComfyUI] [worker:ComfyUI-SAM3] WARNING: Flash Attention failed, using default SDPA: Mask must not be set for Flash attention
  [ComfyUI] [worker:ComfyUI-SAM3] WARNING: Flash Attention failed, using default SDPA: Mask must not be set for Flash attention
  [ComfyUI] [worker:ComfyUI-SAM3] WARNING: Flash Attention failed, using default SDPA: Mask must not be set for Flash attention
  [ComfyUI] [worker:ComfyUI-SAM3] WARNING: Flash Attention failed, using default SDPA: Mask must not be set for Flash attention
  [ComfyUI] [worker:ComfyUI-SAM3] WARNING: Flash Attention failed, using default SDPA: Mask must not be set for Flash attention
  [ComfyUI] [worker:ComfyUI-SAM3] WARNING: Flash Attention failed, using default SDPA: Mask must not be set for Flash attention
  [ComfyUI] [worker:ComfyUI-SAM3] WARNING: Flash Attention failed, using default SDPA: Mask must not be set for Flash attention
  [ComfyUI] [worker:ComfyUI-SAM3] WARNING: Flash Attention failed, using default SDPA: Mask must not be set for Flash attention
  [ComfyUI] [worker:ComfyUI-SAM3] WARNING: Flash Attention failed, using default SDPA: Mask must not be set for Flash attention
  [ComfyUI] [worker:ComfyUI-SAM3] WARNING: Flash Attention failed, using default SDPA: Mask must not be set for Flash attention
  [ComfyUI] [worker:ComfyUI-SAM3] WARNING: Flash Attention failed, using default SDPA: Mask must not be set for Flash attention
  [ComfyUI] [worker:ComfyUI-SAM3] WARNING: Flash Attention failed, using default SDPA: Mask must not be set for Flash attention
  [ComfyUI] [worker:ComfyUI-SAM3] WARNING: Flash Attention failed, using default SDPA: Mask must not be set for Flash attention
  [ComfyUI] [worker:ComfyUI-SAM3] WARNING: Flash Attention failed, using default SDPA: Mask must not be set for Flash attention
  [ComfyUI] [worker:ComfyUI-SAM3] WARNING: Flash Attention failed, using default SDPA: Mask must not be set for Flash attention
  [ComfyUI] [worker:ComfyUI-SAM3] WARNING: Flash Attention failed, using default SDPA: Mask must not be set for Flash attention
  [ComfyUI] [SubprocessWorker] got response: ok
  [ComfyUI] [comfy-env] Created 1 model patchers: ['Sam3VideoInferenceWithInstanceInteractivity_1']
  [ComfyUI] [comfy-env] SAM3Grounding done (8.19s): result: NodeOutput
  [ComfyUI] [VRAM] After SAM3Grounding: 1042 / 12287 MB
  [ComfyUI] [VRAM] Loaded: SubprocessModel (3334 MB)
  Node executed (1 total), capturing...
  [ComfyUI] Prompt executed in 15.00 seconds
  [ComfyUI] [comfy-env] [VRAM] Before offload 'Sam3VideoInferenceWithInstanceInteractivity_1' (3334 MB) -> cpu: 1042 / 12287 MB
  [ComfyUI] [ComfyUI-SAM3] Health check: ping (timeout=5.0s)...
  [ComfyUI] [ComfyUI-SAM3] Health check: failed
  [ComfyUI] [ComfyUI-SAM3] Socket unhealthy, restarting worker...
  [ComfyUI] [ComfyUI-SAM3] python: C:\ce\.pixi\envs\sam3-nodes\python.exe
  [ComfyUI] [comfy-env] Invalidated 1 stale model patchers (will be cleaned up during next unload)
  [ComfyUI] [ComfyUI-SAM3] sys_path sent to worker: ['C:\\workspaces\\SAM3-1118\\ComfyUI', 'C:\\workspaces\\SAM3-1118\\ComfyUI\\custom_nodes\\ComfyUI-SAM3', 'C:\\ce\\.pixi\\envs\\sam3-nodes\\Lib\\site-packages', 'C:\\workspaces\\SAM3-1118\\ComfyUI\\custom_nodes\\ComfyUI-SAM3']
  [ComfyUI] [comfy-env] sam3-nodes: Library/bin has 234 DLLs
  [ComfyUI] [SubprocessWorker] is_pixi=True, python=C:\ce\.pixi\envs\sam3-nodes\python.exe
  [ComfyUI] [SubprocessWorker] launching cmd=['C:\\Users\\ContainerAdministrator\\.pixi\\bin\\pixi.exe', 'run', '--as-is', '--manifest-path', 'C:\\ce\\pixi.toml', '-e', 'sam3-nodes', 'python', 'C:\\Users\\ContainerAdministrator\\AppData\\Local\\Temp\\comfyui_pvenv_uqh9ja_i\\persistent_worker.py', 'tcp://127.0.0.1:59252']...
  Frame 6 saved (frame_005.jpg, t=15.1s)
  [capture-node] freeze=5ms shot=148ms unfreeze=4ms saved=True
  Node executed (2 total), capturing...
  Frame 7 saved (frame_006.jpg, t=15.6s)
  [capture-node] freeze=5ms shot=130ms unfreeze=0ms saved=True
  Execution complete (t=15.6s)
  Captured 7 unique frames over 15.75s
  [debug] iframes: 0
  [timing] trigger_3d_previews: 0.0s
  Saved high-quality screenshot: image_seg_text_executed.png
  [timing] final_screenshot: 0.3s
    Captured 8 video frames