Capturing execution frames: scene_seg.json
  Frame 1 saved (frame_000.jpg, t=0.0s)
  Validating workflow...
  [ComfyUI] === /validate endpoint called ===
  [ComfyUI] Received JSON with keys: ['prompt']
  [ComfyUI] Prompt has 10 nodes
  Queuing workflow for execution...
  [ComfyUI]   Node 1: LoadImage
  [ComfyUI]     Inputs: {"image": "image.png"}
  [ComfyUI]   Node 3: PreviewImage
  [ComfyUI]     Inputs: {"images": ["27", 1]}
  [ComfyUI]   Node 4: MaskPreview
  [ComfyUI]     Inputs: {"mask": ["27", 0]}
  [ComfyUI]   Node 12: LoadSAM3Model
  [ComfyUI]     Inputs: {"precision": "fp32", "compile": false}
  [ComfyUI]   Node 20: SAM3MultiRegionCollector
  [ComfyUI]     Inputs: {"multi_prompts_store": "[{\"positive_points\":[{\"x\":5052.74953932266,\"y\":2847.0600693869637},{\"x\":4932.510591392486,\"y\":2953.9413227753366},{\"x\":4718.752461738845,\"y\":2967.301479448883},{
  [ComfyUI]   Node 22: MultibandFromBatch
  [ComfyUI]     Inputs: {"images": ["1", 0], "masks": ["27", 0]}
  [ComfyUI]   Node 23: MultibandSave
  [ComfyUI]     Inputs: {"file_path": "output/multiband", "format": "npz", "multiband": ["26", 0]}
  [ComfyUI]   Node 24: MultibandPreview
  [ComfyUI]     Inputs: {"channel_index": 0, "multiband": ["26", 0]}
  [ComfyUI]   Node 26: MultibandResize
  [ComfyUI]     Inputs: {"upscale_method": "nearest-exact", "width": 900, "height": 600, "crop": "center", "multiband": ["22", 0]}
  [ComfyUI]   Node 27: SAM3MultipromptSegmentation
  [ComfyUI]     Inputs: {"refinement_iterations": 0, "use_multimask": false, "sam3_model_config": ["12", 0], "image": ["1", 0], "multi_prompts": ["20", 0]}
  [ComfyUI] Generated prompt_id: 924e044c-0a79-424c-8f9a-f757fdbd9cbc
  [ComfyUI] Calling execution.validate_prompt()...
  [ComfyUI] Validation result: valid=True
  [ComfyUI] === Validation PASSED ===
  [ComfyUI] got prompt
  [ComfyUI] [comfy-env] Running SAM3MultiRegionCollector: multi_prompts_store: '[{"positive_points":[{"x":5052.74953932266,"y":2847.0600..., image: torch.float32 [1,4480,6720,3] cpu
  [ComfyUI] [VRAM] Before SAM3MultiRegionCollector: 1271 / 24575 MB
  [ComfyUI] [SubprocessWorker] call_method: nodes.sam3_interactive.SAM3MultiRegionCollector.EXECUTE_NORMALIZED
  [ComfyUI] [SubprocessWorker] acquired lock, ensuring started...
  [ComfyUI] [ComfyUI-SAM3] Health check: ping (timeout=5.0s)...
  [ComfyUI] [ComfyUI-SAM3] Health check: failed
  [ComfyUI] [ComfyUI-SAM3] Socket unhealthy, restarting worker...
  [ComfyUI] [comfy-env] Invalidated 1 stale model patchers (will be cleaned up during next unload)
  [ComfyUI] [comfy-env] sam3-nodes: Library/bin has 234 DLLs
  [ComfyUI] [ComfyUI-SAM3] python: C:\workspaces\SAM3-1212\ComfyUI\.ce\.pixi\envs\sam3-nodes\python.exe
  [ComfyUI] [ComfyUI-SAM3] sys_path sent to worker: ['C:\\workspaces\\SAM3-1212\\ComfyUI', 'C:\\workspaces\\SAM3-1212\\ComfyUI\\custom_nodes\\ComfyUI-SAM3', 'C:\\workspaces\\SAM3-1212\\ComfyUI\\.ce\\.pixi\\envs\\sam3-nodes\\Lib\\site-packages', 'C:\\workspaces\\SAM3-1212\\ComfyUI\\custom_nodes\\ComfyUI-SAM3']
  [ComfyUI] [SubprocessWorker] is_pixi=True, python=C:\workspaces\SAM3-1212\ComfyUI\.ce\.pixi\envs\sam3-nodes\python.exe
  [ComfyUI] [SubprocessWorker] launching cmd=['C:\\Users\\ContainerAdministrator\\.pixi\\bin\\pixi.exe', 'run', '--as-is', '--manifest-path', 'C:\\workspaces\\SAM3-1212\\ComfyUI\\.ce\\pixi.toml', '-e', 'sam3-nodes', 'python', 'C:\\Users\\ContainerAdministrator\\AppData\\Local\\Temp\\comfyui_pvenv_ptb5hpci\\persistent_worker.py', 'tcp://127.0.0.1:55079']...
  Frame 2 saved (frame_001.jpg, t=2.3s)
  [capture-periodic] freeze=3ms shot=118ms unfreeze=4ms saved=True
  Frame 3 saved (frame_002.jpg, t=4.5s)
  [capture-periodic] freeze=4ms shot=121ms unfreeze=4ms saved=True
  [capture-loop] iter=50 t=6.3s state={'complete': False, 'error': None, 'executedCount': 0, 'wsState': 1} eval_ms=4 ram=10.6/31.9GB (33%) swap=0.7/13.5GB (5%) cpu=12% browser_rss=0.71GB
  [ComfyUI] [worker:ComfyUI-SAM3] WARNING: WARNING: You need pytorch with cu130 or higher to use optimized CUDA operations.
  [ComfyUI] [SubprocessWorker] worker started/confirmed
  [ComfyUI] [comfy-env] PRE-SERIALIZE 'image' shape: torch.Size([1, 4480, 6720, 3])
  [ComfyUI] [SubprocessWorker] serializing kwargs to shm...
  [ComfyUI] [SubprocessWorker] created 0 shm blocks
  [ComfyUI] [SubprocessWorker] sending request via socket...
  [ComfyUI] [SubprocessWorker] call_id=9 sending call_method
  [ComfyUI] [worker:ComfyUI-SAM3] [comfy-env] _from_shm got dict with keys: ['__type__', 'strategy', 'manager_path', 'storage_key', 'storage_size']
  [ComfyUI] [worker:ComfyUI-SAM3] [comfy-env] DESERIALIZE TensorRef: tensor_size=[1, 4480, 6720, 3]
  [ComfyUI] [worker:ComfyUI-SAM3] [comfy-env] DESERIALIZED tensor shape: torch.Size([1, 4480, 6720, 3])
  [ComfyUI] [SubprocessWorker] got response: ok
  [ComfyUI] [comfy-env] [VRAM] Before offload 'Sam3VideoInferenceWithInstanceInteractivity_1' (1756 MB) -> cpu: 1271 / 24575 MB
  [ComfyUI] [ComfyUI-SAM3] Health check: ping (timeout=5.0s)...
  [ComfyUI] [ComfyUI-SAM3] Health check: ok
  [ComfyUI] [SubprocessWorker] call_id=10 sending model_to_device
  [ComfyUI] Model 'Sam3VideoInferenceWithInstanceInteractivity_1' gone from worker (restarted?), treating as offloaded
  [ComfyUI] [comfy-env] [VRAM] After offload 'Sam3VideoInferenceWithInstanceInteractivity_1' (1756 MB): 1271 / 24575 MB
  [ComfyUI] [comfy-env] SAM3MultiRegionCollector done (6.39s): result: NodeOutput
  [ComfyUI] [VRAM] After SAM3MultiRegionCollector: 1271 / 24575 MB
  [ComfyUI] [comfy-env] Running LoadSAM3Model: precision: 'fp32', compile: False
  [ComfyUI] [VRAM] Before LoadSAM3Model: 1271 / 24575 MB
  [ComfyUI] [SubprocessWorker] call_method: nodes.load_model.LoadSAM3Model.EXECUTE_NORMALIZED
  [ComfyUI] [SubprocessWorker] acquired lock, ensuring started...
  [ComfyUI] [ComfyUI-SAM3] Health check: ping (timeout=5.0s)...
  [ComfyUI] [ComfyUI-SAM3] Health check: ok
  [ComfyUI] [SubprocessWorker] worker started/confirmed
  [ComfyUI] [SubprocessWorker] serializing kwargs to shm...
  [ComfyUI] [SubprocessWorker] created 0 shm blocks
  [ComfyUI] [SubprocessWorker] sending request via socket...
  [ComfyUI] [SubprocessWorker] call_id=11 sending call_method
  [ComfyUI] [SubprocessWorker] got response: ok
  [ComfyUI] [comfy-env] LoadSAM3Model done (0.03s): result: NodeOutput
  [ComfyUI] [VRAM] After LoadSAM3Model: 1271 / 24575 MB
  [ComfyUI] [comfy-env] Running SAM3MultipromptSegmentation: refinement_iterations: 0, use_multimask: False, sam3_model_config: dict, image: torch.float32 [1,4480,6720,3] cpu, multi_prompts: list[7]
  [ComfyUI] [VRAM] Before SAM3MultipromptSegmentation: 1271 / 24575 MB
  [ComfyUI] [SubprocessWorker] call_method: nodes.segmentation.SAM3MultipromptSegmentation.EXECUTE_NORMALIZED
  [ComfyUI] [SubprocessWorker] acquired lock, ensuring started...
  [ComfyUI] [ComfyUI-SAM3] Health check: ping (timeout=5.0s)...
  [ComfyUI] [ComfyUI-SAM3] Health check: ok
  [ComfyUI] [SubprocessWorker] worker started/confirmed
  [ComfyUI] [comfy-env] PRE-SERIALIZE 'image' shape: torch.Size([1, 4480, 6720, 3])
  [ComfyUI] [SubprocessWorker] serializing kwargs to shm...
  [ComfyUI] [SubprocessWorker] created 0 shm blocks
  [ComfyUI] [SubprocessWorker] sending request via socket...
  [ComfyUI] [SubprocessWorker] call_id=12 sending call_method
  [ComfyUI] [worker:ComfyUI-SAM3] [comfy-env] _from_shm got dict with keys: ['__type__', 'strategy', 'manager_path', 'storage_key', 'storage_size']
  [ComfyUI] [worker:ComfyUI-SAM3] [comfy-env] DESERIALIZE TensorRef: tensor_size=[1, 4480, 6720, 3]
  [ComfyUI] [worker:ComfyUI-SAM3] [comfy-env] DESERIALIZED tensor shape: torch.Size([1, 4480, 6720, 3])
  Node executed (1 total), capturing...
  Frame 4 saved (frame_003.jpg, t=8.6s)
  [capture-node] freeze=4ms shot=144ms unfreeze=3ms saved=True
  [ComfyUI] [SubprocessWorker] callback 'request_vram_budget' from call_id=12
  [ComfyUI] [comfy-env] VRAM request: 3.50GB, free before eviction: 24.44GB
  [ComfyUI] [comfy-env] VRAM after eviction: 24.44GB
  [ComfyUI] [worker:ComfyUI-SAM3] [VRAM] +230MB (now 230MB) reserved=256MB peak=230MB
  [ComfyUI] [worker:ComfyUI-SAM3] [VRAM] +1708MB (now 1938MB) reserved=1952MB peak=1938MB
  [ComfyUI] [worker:ComfyUI-SAM3] [VRAM] +1396MB (now 3334MB) reserved=3360MB peak=3334MB
  [capture-loop] iter=100 t=13.2s state={'complete': False, 'error': None, 'executedCount': 1, 'wsState': 1} eval_ms=4 ram=13.2/31.9GB (42%) swap=0.7/13.5GB (5%) cpu=14% browser_rss=0.80GB
  [ComfyUI] [worker:ComfyUI-SAM3] WARNING: attention_flash cannot run on fp32 Q/K/V. Falling back to attention_pytorch with flash-SDPA disabled.
  [ComfyUI] [worker:ComfyUI-SAM3] [VRAM] +268MB (now 3603MB) reserved=3680MB peak=3603MB
  [ComfyUI] [SubprocessWorker] callback 'report_progress' from call_id=12
  [ComfyUI] [SubprocessWorker] callback 'report_progress' from call_id=12
  [ComfyUI] [worker:ComfyUI-SAM3] [VRAM] +229MB (now 3833MB) reserved=3936MB peak=3833MB
  [ComfyUI] [SubprocessWorker] callback 'report_progress' from call_id=12
  [ComfyUI] [SubprocessWorker] callback 'report_progress' from call_id=12
  Frame 5 saved (frame_004.jpg, t=17.3s)
  [capture-periodic] freeze=44ms shot=176ms unfreeze=6ms saved=True
  [capture-loop] iter=150 t=19.5s state={'complete': False, 'error': None, 'executedCount': 1, 'wsState': 1} eval_ms=4 ram=14.2/31.9GB (45%) swap=0.7/13.5GB (5%) cpu=41% browser_rss=0.75GB
  [ComfyUI] [worker:ComfyUI-SAM3] [VRAM] -382MB (now 3451MB) reserved=3936MB peak=3833MB
  [ComfyUI] [SubprocessWorker] got response: ok
  [ComfyUI] [comfy-env] Created 1 model patchers: ['Sam3VideoInferenceWithInstanceInteractivity_1']
  [ComfyUI] [comfy-env] SAM3MultipromptSegmentation done (12.78s): result: NodeOutput
  [ComfyUI] [VRAM] After SAM3MultipromptSegmentation: 1271 / 24575 MB
  [ComfyUI] [VRAM] Loaded: SubprocessModel (3334 MB)
  Frame 6 saved (frame_005.jpg, t=21.8s)
  [capture-periodic] freeze=3ms shot=153ms unfreeze=4ms saved=True
  Node executed (2 total), capturing...
  Frame 7 saved (frame_006.jpg, t=23.4s)
  [capture-node] freeze=42ms shot=869ms unfreeze=5ms saved=True
  [capture-loop] iter=200 t=27.1s state={'complete': False, 'error': None, 'executedCount': 2, 'wsState': 1} eval_ms=4 ram=14.0/31.9GB (44%) swap=0.7/13.5GB (5%) cpu=18% browser_rss=0.84GB
  [ComfyUI] BatchToMultiband: Processed 1 images with 3 channels each -> 3 channels
  [ComfyUI] BatchToMultiband: Processed 7 masks -> 7 channels
  Node executed (3 total), capturing...
  [ComfyUI] BatchToMultiband: Output shape torch.Size([1, 10, 4480, 6720]), channels: ['img_01_r', 'img_01_g', 'img_01_b', 'mask_01', 'mask_02', 'mask_03', 'mask_04', 'mask_05', 'mask_06', 'mask_07']
  [ComfyUI] ResizeMultiband: 4480x6720 -> 600x900
  [ComfyUI] SaveMultibandImage: Saved to output/multiband.npz
  [ComfyUI]   Shape: (1, 10, 600, 900)
  [ComfyUI]   Format: npz
  [ComfyUI] PreviewMultibandImage: Batch=1, Channels=10, Names=['img_01_r', 'img_01_g', 'img_01_b', 'mask_01', 'mask_02', 'mask_03', 'mask_04', 'mask_05', 'mask_06', 'mask_07']
  Frame 8 saved (frame_007.jpg, t=32.0s)
  [capture-node] freeze=507ms shot=686ms unfreeze=4ms saved=True
  [ComfyUI] Prompt executed in 33.08 seconds
  Node executed (4 total), capturing...
  Frame 9 saved (frame_008.jpg, t=33.6s)
  [capture-node] freeze=3ms shot=533ms unfreeze=0ms saved=True
  Execution complete (t=33.6s)
  Captured 9 unique frames over 34.14s
  [debug] iframes: 0
  [timing] trigger_3d_previews: 0.0s
  Saved high-quality screenshot: scene_seg_executed.png
  [timing] final_screenshot: 0.4s
    Captured 10 video frames