  [ComfyUI] [comfy-env] [VRAM] Before offload 'Sam3VideoInferenceWithInstanceInteractivity_1' (3334 MB) -> cpu: 1271 / 24575 MB
Capturing execution frames: scene_seg_interactive.json
  [ComfyUI] [ComfyUI-SAM3] Health check: ping (timeout=5.0s)...
  [ComfyUI] [ComfyUI-SAM3] Health check: ok
  [ComfyUI] [SubprocessWorker] call_id=13 sending model_to_device
  [ComfyUI] [worker:ComfyUI-SAM3] [VRAM] -357MB (now 3095MB) reserved=3616MB peak=3833MB
  [ComfyUI] [worker:ComfyUI-SAM3] [VRAM] -2153MB (now 942MB) reserved=3616MB peak=3833MB
  [ComfyUI] [comfy-env] [VRAM] After offload 'Sam3VideoInferenceWithInstanceInteractivity_1' (3334 MB): 1271 / 24575 MB
  Frame 1 saved (frame_000.jpg, t=0.0s)
  Validating workflow...
  [ComfyUI] === /validate endpoint called ===
  [ComfyUI] Received JSON with keys: ['prompt']
  [ComfyUI] Prompt has 4 nodes
  Queuing workflow for execution...
  [ComfyUI]   Node 1: LoadImage
  [ComfyUI]     Inputs: {"image": "image.png"}
  [ComfyUI]   Node 4: MaskPreview
  [ComfyUI]     Inputs: {"mask": ["26", 0]}
  [ComfyUI]   Node 12: LoadSAM3Model
  [ComfyUI]     Inputs: {"precision": "auto", "compile": false}
  [ComfyUI]   Node 26: SAM3InteractiveCollector
  [ComfyUI]     Inputs: {"multi_prompts_store": "[{\"positive_points\":[{\"x\":3348.288109906738,\"y\":2452.2208696844737}],\"negative_points\":[],\"positive_boxes\":[],\"negative_boxes\":[],\"name\":\"Prompt 1\"},{\"positiv
  [ComfyUI] Generated prompt_id: 5e413f8f-0a69-4d29-b010-57ea9e97f295
  [ComfyUI] Calling execution.validate_prompt()...
  [ComfyUI] Validation result: valid=True
  [ComfyUI] === Validation PASSED ===
  [ComfyUI] got prompt
  [ComfyUI] [comfy-env] Running LoadSAM3Model: precision: 'auto', compile: False
  [ComfyUI] [VRAM] Before LoadSAM3Model: 1271 / 24575 MB
  [ComfyUI] [SubprocessWorker] call_method: nodes.load_model.LoadSAM3Model.EXECUTE_NORMALIZED
  [ComfyUI] [SubprocessWorker] acquired lock, ensuring started...
  [ComfyUI] [ComfyUI-SAM3] Health check: ping (timeout=5.0s)...
  [ComfyUI] [ComfyUI-SAM3] Health check: failed
  [ComfyUI] [ComfyUI-SAM3] Socket unhealthy, restarting worker...
  [ComfyUI] [comfy-env] Invalidated 1 stale model patchers (will be cleaned up during next unload)
  [ComfyUI] [comfy-env] sam3-nodes: Library/bin has 234 DLLs
  [ComfyUI] [ComfyUI-SAM3] python: C:\workspaces\SAM3-1212\ComfyUI\.ce\.pixi\envs\sam3-nodes\python.exe
  [ComfyUI] [ComfyUI-SAM3] sys_path sent to worker: ['C:\\workspaces\\SAM3-1212\\ComfyUI', 'C:\\workspaces\\SAM3-1212\\ComfyUI\\custom_nodes\\ComfyUI-SAM3', 'C:\\workspaces\\SAM3-1212\\ComfyUI\\.ce\\.pixi\\envs\\sam3-nodes\\Lib\\site-packages', 'C:\\workspaces\\SAM3-1212\\ComfyUI\\custom_nodes\\ComfyUI-SAM3']
  [ComfyUI] [SubprocessWorker] is_pixi=True, python=C:\workspaces\SAM3-1212\ComfyUI\.ce\.pixi\envs\sam3-nodes\python.exe
  [ComfyUI] [SubprocessWorker] launching cmd=['C:\\Users\\ContainerAdministrator\\.pixi\\bin\\pixi.exe', 'run', '--as-is', '--manifest-path', 'C:\\workspaces\\SAM3-1212\\ComfyUI\\.ce\\pixi.toml', '-e', 'sam3-nodes', 'python', 'C:\\Users\\ContainerAdministrator\\AppData\\Local\\Temp\\comfyui_pvenv_ptb5hpci\\persistent_worker.py', 'tcp://127.0.0.1:51073']...
  Frame 2 saved (frame_001.jpg, t=2.2s)
  [capture-periodic] freeze=3ms shot=123ms unfreeze=4ms saved=True
  Frame 3 saved (frame_002.jpg, t=4.5s)
  [capture-periodic] freeze=3ms shot=113ms unfreeze=3ms saved=True
  [capture-loop] iter=50 t=6.4s state={'complete': False, 'error': None, 'executedCount': 0, 'wsState': 1} eval_ms=4 ram=13.0/31.9GB (41%) swap=1.9/13.5GB (14%) cpu=18% browser_rss=1.07GB
  [ComfyUI] [worker:ComfyUI-SAM3] WARNING: WARNING: You need pytorch with cu130 or higher to use optimized CUDA operations.
  [ComfyUI] [SubprocessWorker] worker started/confirmed
  [ComfyUI] [SubprocessWorker] serializing kwargs to shm...
  [ComfyUI] [SubprocessWorker] created 0 shm blocks
  [ComfyUI] [SubprocessWorker] sending request via socket...
  [ComfyUI] [SubprocessWorker] call_id=14 sending call_method
  [ComfyUI] [SubprocessWorker] got response: ok
  [ComfyUI] [comfy-env] [VRAM] Before offload 'Sam3VideoInferenceWithInstanceInteractivity_1' (3334 MB) -> cpu: 1271 / 24575 MB
  [ComfyUI] [ComfyUI-SAM3] Health check: ping (timeout=5.0s)...
  [ComfyUI] [ComfyUI-SAM3] Health check: ok
  [ComfyUI] [SubprocessWorker] call_id=15 sending model_to_device
  [ComfyUI] Model 'Sam3VideoInferenceWithInstanceInteractivity_1' gone from worker (restarted?), treating as offloaded
  [ComfyUI] [comfy-env] [VRAM] After offload 'Sam3VideoInferenceWithInstanceInteractivity_1' (3334 MB): 1271 / 24575 MB
  [ComfyUI] [comfy-env] LoadSAM3Model done (6.04s): result: NodeOutput
  [ComfyUI] [VRAM] After LoadSAM3Model: 1271 / 24575 MB
  [ComfyUI] [comfy-env] Running SAM3InteractiveCollector: multi_prompts_store: '[{"positive_points":[{"x":3348.288109906738,"y":2452.220..., sam3_model_config: dict, image: torch.float32 [1,4480,6720,3] cpu, unique_id: '26'
  [ComfyUI] [VRAM] Before SAM3InteractiveCollector: 1271 / 24575 MB
  [ComfyUI] [SubprocessWorker] call_method: nodes.sam3_interactive.SAM3InteractiveCollector.EXECUTE_NORMALIZED
  [ComfyUI] [SubprocessWorker] acquired lock, ensuring started...
  [ComfyUI] [ComfyUI-SAM3] Health check: ping (timeout=5.0s)...
  [ComfyUI] [ComfyUI-SAM3] Health check: ok
  [ComfyUI] [SubprocessWorker] worker started/confirmed
  [ComfyUI] [comfy-env] PRE-SERIALIZE 'image' shape: torch.Size([1, 4480, 6720, 3])
  [ComfyUI] [SubprocessWorker] serializing kwargs to shm...
  [ComfyUI] [SubprocessWorker] created 0 shm blocks
  [ComfyUI] [SubprocessWorker] sending request via socket...
  [ComfyUI] [SubprocessWorker] call_id=16 sending call_method
  [ComfyUI] [worker:ComfyUI-SAM3] [comfy-env] _from_shm got dict with keys: ['__type__', 'strategy', 'manager_path', 'storage_key', 'storage_size']
  [ComfyUI] [worker:ComfyUI-SAM3] [comfy-env] DESERIALIZE TensorRef: tensor_size=[1, 4480, 6720, 3]
  [ComfyUI] [worker:ComfyUI-SAM3] [comfy-env] DESERIALIZED tensor shape: torch.Size([1, 4480, 6720, 3])
  Frame 4 saved (frame_003.jpg, t=9.1s)
  [capture-periodic] freeze=4ms shot=107ms unfreeze=5ms saved=True
  [ComfyUI] [SubprocessWorker] callback 'request_vram_budget' from call_id=16
  [ComfyUI] [comfy-env] VRAM request: 1.84GB, free before eviction: 24.44GB
  [ComfyUI] [comfy-env] VRAM after eviction: 24.44GB
  [ComfyUI] [worker:ComfyUI-SAM3] [VRAM] +367MB (now 367MB) reserved=384MB peak=367MB
  [capture-loop] iter=100 t=12.6s state={'complete': False, 'error': None, 'executedCount': 0, 'wsState': 1} eval_ms=4 ram=14.6/31.9GB (46%) swap=1.9/13.5GB (14%) cpu=24% browser_rss=0.99GB
  [ComfyUI] [worker:ComfyUI-SAM3] [VRAM] +1388MB (now 1756MB) reserved=1760MB peak=1756MB
  [ComfyUI] [worker:ComfyUI-SAM3] [VRAM] +288MB (now 2045MB) reserved=2144MB peak=2045MB
  [ComfyUI] [SubprocessWorker] callback 'report_progress' from call_id=16
  Frame 5 saved (frame_004.jpg, t=15.6s)
  [capture-periodic] freeze=4ms shot=175ms unfreeze=5ms saved=True
  [ComfyUI] [SubprocessWorker] got response: ok
  [ComfyUI] [comfy-env] Created 1 model patchers: ['Sam3VideoInferenceWithInstanceInteractivity_1']
  [ComfyUI] [comfy-env] SAM3InteractiveCollector done (10.93s): result: NodeOutput
  [ComfyUI] [VRAM] After SAM3InteractiveCollector: 1271 / 24575 MB
  [ComfyUI] [VRAM] Loaded: SubprocessModel (1756 MB)
  [ComfyUI] Prompt executed in 19.28 seconds
  [ComfyUI] [comfy-env] [VRAM] Before offload 'Sam3VideoInferenceWithInstanceInteractivity_1' (1756 MB) -> cpu: 1271 / 24575 MB
  [ComfyUI] [ComfyUI-SAM3] Health check: ping (timeout=5.0s)...
  [ComfyUI] [ComfyUI-SAM3] Health check: ok
  [ComfyUI] [SubprocessWorker] call_id=17 sending model_to_device
  [ComfyUI] [worker:ComfyUI-SAM3] [VRAM] -307MB (now 1739MB) reserved=2528MB peak=2476MB
  [capture-loop] iter=150 t=19.7s state={'complete': False, 'error': None, 'executedCount': 1, 'wsState': 1} eval_ms=739 ram=14.6/31.9GB (46%) swap=1.9/13.5GB (14%) cpu=31% browser_rss=1.17GB
  Node executed (1 total), capturing...
  Frame 6 saved (frame_005.jpg, t=19.9s)
  [capture-node] freeze=4ms shot=255ms unfreeze=4ms saved=True
  Node executed (2 total), capturing...
  [ComfyUI] [comfy-env] [VRAM] After offload 'Sam3VideoInferenceWithInstanceInteractivity_1' (1756 MB): 1271 / 24575 MB
  [capture-node] freeze=4ms shot=157ms unfreeze=0ms saved=False
  Execution complete (t=20.4s)
  Captured 6 unique frames over 20.61s
  [debug] iframes: 0
  [timing] trigger_3d_previews: 0.0s
  Saved high-quality screenshot: scene_seg_interactive_executed.png
  [timing] final_screenshot: 0.3s
    Captured 7 video frames