Capturing execution frames: video_point_prompt.json
  Frame 1 saved (frame_000.jpg, t=0.0s)
  Validating workflow...
  [ComfyUI] === /validate endpoint called ===
  [ComfyUI] Received JSON with keys: ['prompt']
  [ComfyUI] Prompt has 11 nodes
  Queuing workflow for execution...
  [ComfyUI]   Node 9: VHS_LoadVideo
  [ComfyUI]     Inputs: {"video": "bedroom.mp4", "force_rate": 0, "custom_width": 0, "custom_height": 0, "frame_load_cap": 30, "skip_first_frames": 0, "select_every_nth": 1, "format": "AnimateDiff"}
  [ComfyUI]   Node 13: CreateVideo
  [ComfyUI]     Inputs: {"fps": 30, "images": ["14", 0]}
  [ComfyUI]   Node 14: MaskToImage
  [ComfyUI]     Inputs: {"mask": ["21", 0]}
  [ComfyUI]   Node 15: SaveVideo
  [ComfyUI]     Inputs: {"filename_prefix": "video/ComfyUI", "format": "auto", "codec": "auto", "video": ["13", 0]}
  [ComfyUI]   Node 21: SAM3VideoOutput
  [ComfyUI]     Inputs: {"obj_id": 0, "plot_all_masks": true, "masks": ["35", 0], "video_state": ["35", 2], "scores": ["35", 1]}
  [ComfyUI]   Node 24: CreateVideo
  [ComfyUI]     Inputs: {"fps": 30, "images": ["21", 2]}
  [ComfyUI]   Node 25: SaveVideo
  [ComfyUI]     Inputs: {"filename_prefix": "video/ComfyUI", "format": "auto", "codec": "auto", "video": ["24", 0]}
  [ComfyUI]   Node 27: SAM3VideoSegmentation
  [ComfyUI]     Inputs: {"prompt_mode": "point", "frame_idx": 0.3, "score_threshold": 0.3, "video_frames": ["9", 0], "positive_points": ["28", 0]}
  [ComfyUI]   Node 28: SAM3PointCollector
  [ComfyUI]     Inputs: {"points_store": "{\"positive\":[{\"x\":365.8296849641195,\"y\":82.1138596932428},{\"x\":389.5481601701001,\"y\":179.95494578458334},{\"x\":413.26663537608084,\"y\":52.465045726169905}],\"negative\":[
  [ComfyUI]   Node 30: LoadSAM3Model
  [ComfyUI]     Inputs: {"precision": "auto", "compile": false}
  [ComfyUI]   Node 35: SAM3Propagate
  [ComfyUI]     Inputs: {"start_frame": 0, "end_frame": -1, "direction": "forward", "sam3_model_config": ["30", 0], "video_state": ["27", 0]}
  [ComfyUI] Generated prompt_id: 7b7690a3-4c14-4da4-a994-6253a7a70fea
  [ComfyUI] Calling execution.validate_prompt()...
  [ComfyUI] Validation result: valid=True
  [ComfyUI] === Validation PASSED ===
  [ComfyUI] got prompt
  [ComfyUI] [comfy-env] Running SAM3PointCollector: points_store: '{"positive":[{"x":365.8296849641195,"y":82.1138596932428..., coordinates: '[{"x":365.8296849641195,"y":82.1138596932428},{"x":389.5..., neg_coordinates: '[]', image: torch.float32 [30,544,960,3] cpu
  [ComfyUI] [VRAM] Before SAM3PointCollector: 1156 / 16379 MB
  [ComfyUI] [SubprocessWorker] call_method: nodes.sam3_interactive.SAM3PointCollector.EXECUTE_NORMALIZED
  [ComfyUI] [SubprocessWorker] acquired lock, ensuring started...
  [ComfyUI] [ComfyUI-SAM3] Health check: ping (timeout=5.0s)...
  [ComfyUI] [ComfyUI-SAM3] Health check: failed
  [ComfyUI] [ComfyUI-SAM3] Socket unhealthy, restarting worker...
  [ComfyUI] [comfy-env] Invalidated 1 stale model patchers (will be cleaned up during next unload)
  [ComfyUI] [comfy-env] sam3-nodes: Library/bin has 234 DLLs
  [ComfyUI] [ComfyUI-SAM3] python: C:\workspaces\SAM3-1023\ComfyUI\.ce\.pixi\envs\sam3-nodes\python.exe
  [ComfyUI] [ComfyUI-SAM3] sys_path sent to worker: ['C:\\workspaces\\SAM3-1023\\ComfyUI', 'C:\\workspaces\\SAM3-1023\\ComfyUI\\custom_nodes\\ComfyUI-SAM3', 'C:\\workspaces\\SAM3-1023\\ComfyUI\\.ce\\.pixi\\envs\\sam3-nodes\\Lib\\site-packages', 'C:\\workspaces\\SAM3-1023\\ComfyUI\\custom_nodes\\ComfyUI-SAM3']
  [ComfyUI] [SubprocessWorker] is_pixi=True, python=C:\workspaces\SAM3-1023\ComfyUI\.ce\.pixi\envs\sam3-nodes\python.exe
  [ComfyUI] [SubprocessWorker] launching cmd=['C:\\Users\\ContainerAdministrator\\.local\\bin\\pixi.EXE', 'run', '--as-is', '--manifest-path', 'C:\\workspaces\\SAM3-1023\\ComfyUI\\.ce\\pixi.toml', '-e', 'sam3-nodes', 'python', 'C:\\Users\\ContainerAdministrator\\AppData\\Local\\Temp\\comfyui_pvenv_u5g0kc82\\persistent_worker.py', 'tcp://127.0.0.1:64295']...
  Frame 2 saved (frame_001.jpg, t=2.3s)
  [capture-periodic] freeze=2ms shot=86ms unfreeze=2ms saved=True
  Frame 3 saved (frame_002.jpg, t=4.4s)
  [capture-periodic] freeze=1ms shot=80ms unfreeze=2ms saved=True
  [ComfyUI] [worker:ComfyUI-SAM3] WARNING: WARNING: You need pytorch with cu130 or higher to use optimized CUDA operations.
  [ComfyUI] [SubprocessWorker] worker started/confirmed
  [ComfyUI] [comfy-env] PRE-SERIALIZE 'image' shape: torch.Size([30, 544, 960, 3])
  [ComfyUI] [SubprocessWorker] serializing kwargs to shm...
  [ComfyUI] [SubprocessWorker] created 0 shm blocks
  [ComfyUI] [SubprocessWorker] sending request via socket...
  [ComfyUI] [SubprocessWorker] call_id=18 sending call_method
  [ComfyUI] [worker:ComfyUI-SAM3] [comfy-env] _from_shm got dict with keys: ['__type__', 'strategy', 'manager_path', 'storage_key', 'storage_size']
  [ComfyUI] [worker:ComfyUI-SAM3] [comfy-env] DESERIALIZE TensorRef: tensor_size=[30, 544, 960, 3]
  [ComfyUI] [worker:ComfyUI-SAM3] [comfy-env] DESERIALIZED tensor shape: torch.Size([30, 544, 960, 3])
  [capture-loop] iter=50 t=5.7s state={'complete': False, 'error': None, 'executedCount': 0, 'wsState': 1} eval_ms=2
  [ComfyUI] [SubprocessWorker] got response: ok
  [ComfyUI] [comfy-env] [VRAM] Before offload 'Sam3VideoInferenceWithInstanceInteractivity_1' (1756 MB) -> cpu: 1156 / 16379 MB
  [ComfyUI] [ComfyUI-SAM3] Health check: ping (timeout=5.0s)...
  [ComfyUI] [ComfyUI-SAM3] Health check: ok
  [ComfyUI] [SubprocessWorker] call_id=19 sending model_to_device
  [ComfyUI] Model 'Sam3VideoInferenceWithInstanceInteractivity_1' gone from worker (restarted?), treating as offloaded
  [ComfyUI] [comfy-env] [VRAM] After offload 'Sam3VideoInferenceWithInstanceInteractivity_1' (1756 MB): 1156 / 16379 MB
  [ComfyUI] [comfy-env] SAM3PointCollector done (4.44s): result: NodeOutput
  [ComfyUI] [VRAM] After SAM3PointCollector: 1156 / 16379 MB
  [ComfyUI] [comfy-env] Running SAM3VideoSegmentation: prompt_mode: 'point', frame_idx: 0, score_threshold: 0.3, video_frames: torch.float32 [30,544,960,3] cpu, positive_points: dict
  [ComfyUI] [VRAM] Before SAM3VideoSegmentation: 1156 / 16379 MB
  [ComfyUI] [SubprocessWorker] call_method: nodes.sam3_video_nodes.SAM3VideoSegmentation.EXECUTE_NORMALIZED
  [ComfyUI] [SubprocessWorker] acquired lock, ensuring started...
  [ComfyUI] [ComfyUI-SAM3] Health check: ping (timeout=5.0s)...
  [ComfyUI] [ComfyUI-SAM3] Health check: ok
  [ComfyUI] [SubprocessWorker] worker started/confirmed
  [ComfyUI] [comfy-env] PRE-SERIALIZE 'video_frames' shape: torch.Size([30, 544, 960, 3])
  [ComfyUI] [SubprocessWorker] serializing kwargs to shm...
  [ComfyUI] [SubprocessWorker] created 0 shm blocks
  [ComfyUI] [SubprocessWorker] sending request via socket...
  [ComfyUI] [SubprocessWorker] call_id=20 sending call_method
  [ComfyUI] [worker:ComfyUI-SAM3] [comfy-env] _from_shm got dict with keys: ['__type__', 'strategy', 'manager_path', 'storage_key', 'storage_size']
  [ComfyUI] [worker:ComfyUI-SAM3] [comfy-env] DESERIALIZE TensorRef: tensor_size=[30, 544, 960, 3]
  [ComfyUI] [worker:ComfyUI-SAM3] [comfy-env] DESERIALIZED tensor shape: torch.Size([30, 544, 960, 3])
  [ComfyUI] [SubprocessWorker] callback 'report_progress' from call_id=20
  Node executed (1 total), capturing...
  [ComfyUI] [SubprocessWorker] callback 'report_progress' from call_id=20
  [ComfyUI] [SubprocessWorker] callback 'report_progress' from call_id=20
  [ComfyUI] [SubprocessWorker] got response: ok
  [ComfyUI] [comfy-env] SAM3VideoSegmentation done (0.18s): result: NodeOutput
  [ComfyUI] [VRAM] After SAM3VideoSegmentation: 1156 / 16379 MB
  [ComfyUI] [comfy-env] Running LoadSAM3Model: precision: 'auto', compile: False
  [ComfyUI] [VRAM] Before LoadSAM3Model: 1156 / 16379 MB
  [ComfyUI] [SubprocessWorker] call_method: nodes.load_model.LoadSAM3Model.EXECUTE_NORMALIZED
  [ComfyUI] [SubprocessWorker] acquired lock, ensuring started...
  [ComfyUI] [ComfyUI-SAM3] Health check: ping (timeout=5.0s)...
  [ComfyUI] [ComfyUI-SAM3] Health check: ok
  [ComfyUI] [SubprocessWorker] worker started/confirmed
  [ComfyUI] [SubprocessWorker] serializing kwargs to shm...
  [ComfyUI] [SubprocessWorker] created 0 shm blocks
  [ComfyUI] [SubprocessWorker] sending request via socket...
  [ComfyUI] [SubprocessWorker] call_id=21 sending call_method
  [ComfyUI] [SubprocessWorker] got response: ok
  [ComfyUI] [comfy-env] LoadSAM3Model done (0.02s): result: NodeOutput
  [ComfyUI] [VRAM] After LoadSAM3Model: 1156 / 16379 MB
  [ComfyUI] [comfy-env] Running SAM3Propagate: start_frame: 0, end_frame: -1, direction: 'forward', sam3_model_config: dict, video_state: dict
  [ComfyUI] [VRAM] Before SAM3Propagate: 1156 / 16379 MB
  [ComfyUI] [SubprocessWorker] call_method: nodes.sam3_video_nodes.SAM3Propagate.EXECUTE_NORMALIZED
  [ComfyUI] [SubprocessWorker] acquired lock, ensuring started...
  [ComfyUI] [ComfyUI-SAM3] Health check: ping (timeout=5.0s)...
  [ComfyUI] [ComfyUI-SAM3] Health check: ok
  [ComfyUI] [SubprocessWorker] worker started/confirmed
  [ComfyUI] [SubprocessWorker] serializing kwargs to shm...
  [ComfyUI] [SubprocessWorker] created 0 shm blocks
  [ComfyUI] [SubprocessWorker] sending request via socket...
  [ComfyUI] [SubprocessWorker] call_id=22 sending call_method
  Frame 4 saved (frame_003.jpg, t=6.3s)
  [capture-node] freeze=2ms shot=84ms unfreeze=1ms saved=True
  [ComfyUI] [SubprocessWorker] callback 'request_vram_budget' from call_id=22
  [ComfyUI] [comfy-env] VRAM request: 1.84GB, free before eviction: 15.96GB
  [ComfyUI] [comfy-env] VRAM after eviction: 15.96GB
  Frame 5 saved (frame_004.jpg, t=8.4s)
  [capture-periodic] freeze=3ms shot=83ms unfreeze=2ms saved=True
  [ComfyUI] [worker:ComfyUI-SAM3] [VRAM] +330MB (now 330MB) reserved=352MB peak=330MB
  [ComfyUI] [worker:ComfyUI-SAM3] [VRAM] +1628MB (now 1959MB) reserved=1984MB peak=1959MB
  Frame 6 saved (frame_005.jpg, t=10.5s)
  [capture-periodic] freeze=2ms shot=90ms unfreeze=2ms saved=True
  [ComfyUI] [worker:ComfyUI-SAM3] [VRAM] +244MB (now 2204MB) reserved=2304MB peak=2204MB
  [capture-loop] iter=100 t=11.5s state={'complete': False, 'error': None, 'executedCount': 1, 'wsState': 1} eval_ms=2
  [ComfyUI] [worker:ComfyUI-SAM3] [VRAM] +372MB (now 2576MB) reserved=2848MB peak=2576MB
  [ComfyUI] [SubprocessWorker] callback 'report_progress' from call_id=22
  Frame 7 saved (frame_006.jpg, t=12.7s)
  [capture-periodic] freeze=2ms shot=87ms unfreeze=2ms saved=True
  [ComfyUI] [SubprocessWorker] callback 'report_progress' from call_id=22
  [ComfyUI] [SubprocessWorker] callback 'report_progress' from call_id=22
  [ComfyUI] [SubprocessWorker] callback 'report_progress' from call_id=22
  Frame 8 saved (frame_007.jpg, t=14.8s)
  [capture-periodic] freeze=2ms shot=83ms unfreeze=2ms saved=True
  [ComfyUI] [worker:ComfyUI-SAM3] [VRAM] +367MB (now 2944MB) reserved=3392MB peak=2944MB
  [ComfyUI] [SubprocessWorker] callback 'report_progress' from call_id=22
  [ComfyUI] [SubprocessWorker] callback 'report_progress' from call_id=22
  [ComfyUI] [worker:ComfyUI-SAM3] [VRAM] -243MB (now 2701MB) reserved=3392MB peak=2945MB
  [ComfyUI] [SubprocessWorker] callback 'report_progress' from call_id=22
  Frame 9 saved (frame_008.jpg, t=16.9s)
  [capture-periodic] freeze=1ms shot=80ms unfreeze=2ms saved=True
  [capture-loop] iter=150 t=17.1s state={'complete': False, 'error': None, 'executedCount': 1, 'wsState': 1} eval_ms=2
  [ComfyUI] [SubprocessWorker] callback 'report_progress' from call_id=22
  [ComfyUI] [worker:ComfyUI-SAM3] [VRAM] -241MB (now 2461MB) reserved=3392MB peak=2945MB
  [ComfyUI] [SubprocessWorker] callback 'report_progress' from call_id=22
  [ComfyUI] [worker:ComfyUI-SAM3] [VRAM] +244MB (now 2706MB) reserved=3392MB peak=2945MB
  [ComfyUI] [SubprocessWorker] callback 'report_progress' from call_id=22
  Frame 10 saved (frame_009.jpg, t=19.1s)
  [capture-periodic] freeze=2ms shot=83ms unfreeze=2ms saved=True
  [ComfyUI] [SubprocessWorker] callback 'report_progress' from call_id=22
  [ComfyUI] [worker:ComfyUI-SAM3] [VRAM] -321MB (now 2386MB) reserved=3392MB peak=2945MB
  [ComfyUI] [SubprocessWorker] callback 'report_progress' from call_id=22
  [ComfyUI] [worker:ComfyUI-SAM3] [VRAM] +324MB (now 2710MB) reserved=3392MB peak=2945MB
  [ComfyUI] [SubprocessWorker] callback 'report_progress' from call_id=22
  Frame 11 saved (frame_010.jpg, t=21.2s)
  [capture-periodic] freeze=1ms shot=77ms unfreeze=3ms saved=True
  [ComfyUI] [SubprocessWorker] callback 'report_progress' from call_id=22
  [ComfyUI] [worker:ComfyUI-SAM3] [VRAM] -290MB (now 2420MB) reserved=3392MB peak=2945MB
  [ComfyUI] [SubprocessWorker] callback 'report_progress' from call_id=22
  [capture-loop] iter=200 t=22.7s state={'complete': False, 'error': None, 'executedCount': 1, 'wsState': 1} eval_ms=2
  [ComfyUI] [SubprocessWorker] callback 'report_progress' from call_id=22
  [ComfyUI] [worker:ComfyUI-SAM3] [VRAM] +295MB (now 2716MB) reserved=3392MB peak=2960MB
  [ComfyUI] [SubprocessWorker] callback 'report_progress' from call_id=22
  Frame 12 saved (frame_011.jpg, t=23.3s)
  [capture-periodic] freeze=2ms shot=91ms unfreeze=2ms saved=True
  [ComfyUI] [SubprocessWorker] callback 'report_progress' from call_id=22
  [ComfyUI] [worker:ComfyUI-SAM3] [VRAM] -240MB (now 2476MB) reserved=3392MB peak=2960MB
  [ComfyUI] [SubprocessWorker] callback 'report_progress' from call_id=22
  [ComfyUI] [worker:ComfyUI-SAM3] [VRAM] +244MB (now 2720MB) reserved=3392MB peak=2964MB
  [ComfyUI] [SubprocessWorker] callback 'report_progress' from call_id=22
  Frame 13 saved (frame_012.jpg, t=25.4s)
  [capture-periodic] freeze=3ms shot=88ms unfreeze=3ms saved=True
  [ComfyUI] [SubprocessWorker] callback 'report_progress' from call_id=22
  [ComfyUI] [worker:ComfyUI-SAM3] [VRAM] -321MB (now 2400MB) reserved=3392MB peak=2964MB
  [ComfyUI] [SubprocessWorker] callback 'report_progress' from call_id=22
  [ComfyUI] [worker:ComfyUI-SAM3] [VRAM] +324MB (now 2724MB) reserved=3392MB peak=2964MB
  [ComfyUI] [SubprocessWorker] callback 'report_progress' from call_id=22
  Frame 14 saved (frame_013.jpg, t=27.6s)
  [capture-periodic] freeze=4ms shot=97ms unfreeze=2ms saved=True
  [ComfyUI] [SubprocessWorker] callback 'report_progress' from call_id=22
  [ComfyUI] [worker:ComfyUI-SAM3] [VRAM] -423MB (now 2302MB) reserved=3392MB peak=2971MB
  [capture-loop] iter=250 t=28.3s state={'complete': False, 'error': None, 'executedCount': 1, 'wsState': 1} eval_ms=2
  [ComfyUI] [SubprocessWorker] callback 'report_progress' from call_id=22
  [ComfyUI] [worker:ComfyUI-SAM3] [VRAM] +426MB (now 2729MB) reserved=3392MB peak=2971MB
  [ComfyUI] [SubprocessWorker] callback 'report_progress' from call_id=22
  Frame 15 saved (frame_014.jpg, t=29.7s)
  [capture-periodic] freeze=2ms shot=83ms unfreeze=1ms saved=True
  [ComfyUI] [SubprocessWorker] callback 'report_progress' from call_id=22
  [ComfyUI] [worker:ComfyUI-SAM3] [VRAM] -392MB (now 2337MB) reserved=3392MB peak=2976MB
  [ComfyUI] [SubprocessWorker] callback 'report_progress' from call_id=22
  [ComfyUI] [worker:ComfyUI-SAM3] [VRAM] +396MB (now 2733MB) reserved=3392MB peak=2976MB
  [ComfyUI] [SubprocessWorker] callback 'report_progress' from call_id=22
  [ComfyUI] [SubprocessWorker] callback 'report_progress' from call_id=22
  [ComfyUI] [SubprocessWorker] got response: ok
  [ComfyUI] [comfy-env] Created 1 model patchers: ['Sam3VideoInferenceWithInstanceInteractivity_1']
  [ComfyUI] [comfy-env] SAM3Propagate done (25.73s): result: NodeOutput
  [ComfyUI] [VRAM] After SAM3Propagate: 1156 / 16379 MB
  [ComfyUI] [VRAM] Loaded: SubprocessModel (1756 MB)
  [ComfyUI] [comfy-env] Running SAM3VideoOutput: obj_id: 0, plot_all_masks: True, masks: dict, video_state: dict, scores: dict
  [ComfyUI] [VRAM] Before SAM3VideoOutput: 1156 / 16379 MB
  [ComfyUI] [VRAM] Loaded: SubprocessModel (1756 MB)
  [ComfyUI] [SubprocessWorker] call_method: nodes.sam3_video_nodes.SAM3VideoOutput.EXECUTE_NORMALIZED
  [ComfyUI] [SubprocessWorker] acquired lock, ensuring started...
  [ComfyUI] [ComfyUI-SAM3] Health check: ping (timeout=5.0s)...
  [ComfyUI] [ComfyUI-SAM3] Health check: ok
  [ComfyUI] [SubprocessWorker] worker started/confirmed
  [ComfyUI] [SubprocessWorker] serializing kwargs to shm...
  Frame 16 saved (frame_015.jpg, t=31.9s)
  [capture-periodic] freeze=1ms shot=92ms unfreeze=2ms saved=True
  [ComfyUI] [SubprocessWorker] created 0 shm blocks
  [ComfyUI] [SubprocessWorker] sending request via socket...
  [ComfyUI] [SubprocessWorker] call_id=23 sending call_method
  [ComfyUI] [worker:ComfyUI-SAM3] [comfy-env] _from_shm got dict with keys: ['__type__', 'strategy', 'manager_path', 'storage_key', 'storage_size']
  [ComfyUI] [worker:ComfyUI-SAM3] [comfy-env] DESERIALIZE TensorRef: tensor_size=[1, 544, 960]
  [ComfyUI] [worker:ComfyUI-SAM3] [comfy-env] DESERIALIZED tensor shape: torch.Size([1, 544, 960])
  [ComfyUI] [worker:ComfyUI-SAM3] [comfy-env] _from_shm got dict with keys: ['__type__', 'strategy', 'manager_path', 'storage_key', 'storage_size']
  [ComfyUI] [worker:ComfyUI-SAM3] [comfy-env] DESERIALIZE TensorRef: tensor_size=[1, 544, 960]
  [ComfyUI] [worker:ComfyUI-SAM3] [comfy-env] DESERIALIZED tensor shape: torch.Size([1, 544, 960])
  [ComfyUI] [worker:ComfyUI-SAM3] [comfy-env] _from_shm got dict with keys: ['__type__', 'strategy', 'manager_path', 'storage_key', 'storage_size']
  [ComfyUI] [worker:ComfyUI-SAM3] [comfy-env] DESERIALIZE TensorRef: tensor_size=[1, 544, 960]
  [ComfyUI] [worker:ComfyUI-SAM3] [comfy-env] DESERIALIZED tensor shape: torch.Size([1, 544, 960])
  [ComfyUI] [worker:ComfyUI-SAM3] [comfy-env] _from_shm got dict with keys: ['__type__', 'strategy', 'manager_path', 'storage_key', 'storage_size']
  [ComfyUI] [worker:ComfyUI-SAM3] [comfy-env] DESERIALIZE TensorRef: tensor_size=[1, 544, 960]
  [ComfyUI] [worker:ComfyUI-SAM3] [comfy-env] DESERIALIZED tensor shape: torch.Size([1, 544, 960])
  [ComfyUI] [worker:ComfyUI-SAM3] [comfy-env] _from_shm got dict with keys: ['__type__', 'strategy', 'manager_path', 'storage_key', 'storage_size']
  [ComfyUI] [worker:ComfyUI-SAM3] [comfy-env] DESERIALIZE TensorRef: tensor_size=[1, 544, 960]
  [ComfyUI] [worker:ComfyUI-SAM3] [comfy-env] DESERIALIZED tensor shape: torch.Size([1, 544, 960])
  [ComfyUI] [worker:ComfyUI-SAM3] [comfy-env] _from_shm got dict with keys: ['__type__', 'strategy', 'manager_path', 'storage_key', 'storage_size']
  [ComfyUI] [worker:ComfyUI-SAM3] [comfy-env] DESERIALIZE TensorRef: tensor_size=[1, 544, 960]
  [ComfyUI] [worker:ComfyUI-SAM3] [comfy-env] DESERIALIZED tensor shape: torch.Size([1, 544, 960])
  [ComfyUI] [worker:ComfyUI-SAM3] [comfy-env] _from_shm got dict with keys: ['__type__', 'strategy', 'manager_path', 'storage_key', 'storage_size']
  [ComfyUI] [worker:ComfyUI-SAM3] [comfy-env] DESERIALIZE TensorRef: tensor_size=[1, 544, 960]
  [ComfyUI] [worker:ComfyUI-SAM3] [comfy-env] DESERIALIZED tensor shape: torch.Size([1, 544, 960])
  [ComfyUI] [worker:ComfyUI-SAM3] [comfy-env] _from_shm got dict with keys: ['__type__', 'strategy', 'manager_path', 'storage_key', 'storage_size']
  [ComfyUI] [worker:ComfyUI-SAM3] [comfy-env] DESERIALIZE TensorRef: tensor_size=[1, 544, 960]
  [ComfyUI] [worker:ComfyUI-SAM3] [comfy-env] DESERIALIZED tensor shape: torch.Size([1, 544, 960])
  [ComfyUI] [worker:ComfyUI-SAM3] [comfy-env] _from_shm got dict with keys: ['__type__', 'strategy', 'manager_path', 'storage_key', 'storage_size']
  [ComfyUI] [worker:ComfyUI-SAM3] [comfy-env] DESERIALIZE TensorRef: tensor_size=[1, 544, 960]
  [ComfyUI] [worker:ComfyUI-SAM3] [comfy-env] DESERIALIZED tensor shape: torch.Size([1, 544, 960])
  [ComfyUI] [worker:ComfyUI-SAM3] [comfy-env] _from_shm got dict with keys: ['__type__', 'strategy', 'manager_path', 'storage_key', 'storage_size']
  [ComfyUI] [worker:ComfyUI-SAM3] [comfy-env] DESERIALIZE TensorRef: tensor_size=[1, 544, 960]
  [ComfyUI] [worker:ComfyUI-SAM3] [comfy-env] DESERIALIZED tensor shape: torch.Size([1, 544, 960])
  [ComfyUI] [worker:ComfyUI-SAM3] [comfy-env] _from_shm got dict with keys: ['__type__', 'strategy', 'manager_path', 'storage_key', 'storage_size']
  [ComfyUI] [worker:ComfyUI-SAM3] [comfy-env] DESERIALIZE TensorRef: tensor_size=[1, 544, 960]
  [ComfyUI] [worker:ComfyUI-SAM3] [comfy-env] DESERIALIZED tensor shape: torch.Size([1, 544, 960])
  [ComfyUI] [worker:ComfyUI-SAM3] [comfy-env] _from_shm got dict with keys: ['__type__', 'strategy', 'manager_path', 'storage_key', 'storage_size']
  [ComfyUI] [worker:ComfyUI-SAM3] [comfy-env] DESERIALIZE TensorRef: tensor_size=[1, 544, 960]
  [ComfyUI] [worker:ComfyUI-SAM3] [comfy-env] DESERIALIZED tensor shape: torch.Size([1, 544, 960])
  [ComfyUI] [worker:ComfyUI-SAM3] [comfy-env] _from_shm got dict with keys: ['__type__', 'strategy', 'manager_path', 'storage_key', 'storage_size']
  [ComfyUI] [worker:ComfyUI-SAM3] [comfy-env] DESERIALIZE TensorRef: tensor_size=[1, 544, 960]
  [ComfyUI] [worker:ComfyUI-SAM3] [comfy-env] DESERIALIZED tensor shape: torch.Size([1, 544, 960])
  [ComfyUI] [worker:ComfyUI-SAM3] [comfy-env] _from_shm got dict with keys: ['__type__', 'strategy', 'manager_path', 'storage_key', 'storage_size']
  [ComfyUI] [worker:ComfyUI-SAM3] [comfy-env] DESERIALIZE TensorRef: tensor_size=[1, 544, 960]
  [ComfyUI] [worker:ComfyUI-SAM3] [comfy-env] DESERIALIZED tensor shape: torch.Size([1, 544, 960])
  [ComfyUI] [worker:ComfyUI-SAM3] [comfy-env] _from_shm got dict with keys: ['__type__', 'strategy', 'manager_path', 'storage_key', 'storage_size']
  [ComfyUI] [worker:ComfyUI-SAM3] [comfy-env] DESERIALIZE TensorRef: tensor_size=[1, 544, 960]
  [ComfyUI] [worker:ComfyUI-SAM3] [comfy-env] DESERIALIZED tensor shape: torch.Size([1, 544, 960])
  [ComfyUI] [worker:ComfyUI-SAM3] [comfy-env] _from_shm got dict with keys: ['__type__', 'strategy', 'manager_path', 'storage_key', 'storage_size']
  [ComfyUI] [worker:ComfyUI-SAM3] [comfy-env] DESERIALIZE TensorRef: tensor_size=[1, 544, 960]
  [ComfyUI] [worker:ComfyUI-SAM3] [comfy-env] DESERIALIZED tensor shape: torch.Size([1, 544, 960])
  [ComfyUI] [worker:ComfyUI-SAM3] [comfy-env] _from_shm got dict with keys: ['__type__', 'strategy', 'manager_path', 'storage_key', 'storage_size']
  [ComfyUI] [worker:ComfyUI-SAM3] [comfy-env] DESERIALIZE TensorRef: tensor_size=[1, 544, 960]
  [ComfyUI] [worker:ComfyUI-SAM3] [comfy-env] DESERIALIZED tensor shape: torch.Size([1, 544, 960])
  [ComfyUI] [worker:ComfyUI-SAM3] [comfy-env] _from_shm got dict with keys: ['__type__', 'strategy', 'manager_path', 'storage_key', 'storage_size']
  [ComfyUI] [worker:ComfyUI-SAM3] [comfy-env] DESERIALIZE TensorRef: tensor_size=[1, 544, 960]
  [ComfyUI] [worker:ComfyUI-SAM3] [comfy-env] DESERIALIZED tensor shape: torch.Size([1, 544, 960])
  [ComfyUI] [worker:ComfyUI-SAM3] [comfy-env] _from_shm got dict with keys: ['__type__', 'strategy', 'manager_path', 'storage_key', 'storage_size']
  [ComfyUI] [worker:ComfyUI-SAM3] [comfy-env] DESERIALIZE TensorRef: tensor_size=[1, 544, 960]
  [ComfyUI] [worker:ComfyUI-SAM3] [comfy-env] DESERIALIZED tensor shape: torch.Size([1, 544, 960])
  [ComfyUI] [worker:ComfyUI-SAM3] [comfy-env] _from_shm got dict with keys: ['__type__', 'strategy', 'manager_path', 'storage_key', 'storage_size']
  [ComfyUI] [worker:ComfyUI-SAM3] [comfy-env] DESERIALIZE TensorRef: tensor_size=[1, 544, 960]
  [ComfyUI] [worker:ComfyUI-SAM3] [comfy-env] DESERIALIZED tensor shape: torch.Size([1, 544, 960])
  [ComfyUI] [worker:ComfyUI-SAM3] [comfy-env] _from_shm got dict with keys: ['__type__', 'strategy', 'manager_path', 'storage_key', 'storage_size']
  [ComfyUI] [worker:ComfyUI-SAM3] [comfy-env] DESERIALIZE TensorRef: tensor_size=[1, 544, 960]
  [ComfyUI] [worker:ComfyUI-SAM3] [comfy-env] DESERIALIZED tensor shape: torch.Size([1, 544, 960])
  [ComfyUI] [worker:ComfyUI-SAM3] [comfy-env] _from_shm got dict with keys: ['__type__', 'strategy', 'manager_path', 'storage_key', 'storage_size']
  [ComfyUI] [worker:ComfyUI-SAM3] [comfy-env] DESERIALIZE TensorRef: tensor_size=[1, 544, 960]
  [ComfyUI] [worker:ComfyUI-SAM3] [comfy-env] DESERIALIZED tensor shape: torch.Size([1, 544, 960])
  [ComfyUI] [worker:ComfyUI-SAM3] [comfy-env] _from_shm got dict with keys: ['__type__', 'strategy', 'manager_path', 'storage_key', 'storage_size']
  [ComfyUI] [worker:ComfyUI-SAM3] [comfy-env] DESERIALIZE TensorRef: tensor_size=[1, 544, 960]
  [ComfyUI] [worker:ComfyUI-SAM3] [comfy-env] DESERIALIZED tensor shape: torch.Size([1, 544, 960])
  [ComfyUI] [worker:ComfyUI-SAM3] [comfy-env] _from_shm got dict with keys: ['__type__', 'strategy', 'manager_path', 'storage_key', 'storage_size']
  [ComfyUI] [worker:ComfyUI-SAM3] [comfy-env] DESERIALIZE TensorRef: tensor_size=[1, 544, 960]
  [ComfyUI] [worker:ComfyUI-SAM3] [comfy-env] DESERIALIZED tensor shape: torch.Size([1, 544, 960])
  [ComfyUI] [worker:ComfyUI-SAM3] [comfy-env] _from_shm got dict with keys: ['__type__', 'strategy', 'manager_path', 'storage_key', 'storage_size']
  [ComfyUI] [worker:ComfyUI-SAM3] [comfy-env] DESERIALIZE TensorRef: tensor_size=[1, 544, 960]
  [ComfyUI] [worker:ComfyUI-SAM3] [comfy-env] DESERIALIZED tensor shape: torch.Size([1, 544, 960])
  [ComfyUI] [worker:ComfyUI-SAM3] [comfy-env] _from_shm got dict with keys: ['__type__', 'strategy', 'manager_path', 'storage_key', 'storage_size']
  [ComfyUI] [worker:ComfyUI-SAM3] [comfy-env] DESERIALIZE TensorRef: tensor_size=[1, 544, 960]
  [ComfyUI] [worker:ComfyUI-SAM3] [comfy-env] DESERIALIZED tensor shape: torch.Size([1, 544, 960])
  [ComfyUI] [worker:ComfyUI-SAM3] [comfy-env] _from_shm got dict with keys: ['__type__', 'strategy', 'manager_path', 'storage_key', 'storage_size']
  [ComfyUI] [worker:ComfyUI-SAM3] [comfy-env] DESERIALIZE TensorRef: tensor_size=[1, 544, 960]
  [ComfyUI] [worker:ComfyUI-SAM3] [comfy-env] DESERIALIZED tensor shape: torch.Size([1, 544, 960])
  [ComfyUI] [worker:ComfyUI-SAM3] [comfy-env] _from_shm got dict with keys: ['__type__', 'strategy', 'manager_path', 'storage_key', 'storage_size']
  [ComfyUI] [worker:ComfyUI-SAM3] [comfy-env] DESERIALIZE TensorRef: tensor_size=[1, 544, 960]
  [ComfyUI] [worker:ComfyUI-SAM3] [comfy-env] DESERIALIZED tensor shape: torch.Size([1, 544, 960])
  [ComfyUI] [worker:ComfyUI-SAM3] [comfy-env] _from_shm got dict with keys: ['__type__', 'strategy', 'manager_path', 'storage_key', 'storage_size']
  [ComfyUI] [worker:ComfyUI-SAM3] [comfy-env] DESERIALIZE TensorRef: tensor_size=[1, 544, 960]
  [ComfyUI] [worker:ComfyUI-SAM3] [comfy-env] DESERIALIZED tensor shape: torch.Size([1, 544, 960])
  [ComfyUI] [worker:ComfyUI-SAM3] [comfy-env] _from_shm got dict with keys: ['__type__', 'strategy', 'manager_path', 'storage_key', 'storage_size']
  [ComfyUI] [worker:ComfyUI-SAM3] [comfy-env] DESERIALIZE TensorRef: tensor_size=[1, 544, 960]
  [ComfyUI] [worker:ComfyUI-SAM3] [comfy-env] DESERIALIZED tensor shape: torch.Size([1, 544, 960])
  [ComfyUI] [worker:ComfyUI-SAM3] [comfy-env] _from_shm got dict with keys: ['__type__', 'strategy', 'manager_path', 'storage_key', 'storage_size']
  [ComfyUI] [worker:ComfyUI-SAM3] [comfy-env] DESERIALIZE TensorRef: tensor_size=[1]
  [ComfyUI] [worker:ComfyUI-SAM3] [comfy-env] DESERIALIZED tensor shape: torch.Size([1])
  [ComfyUI] [worker:ComfyUI-SAM3] [comfy-env] _from_shm got dict with keys: ['__type__', 'strategy', 'manager_path', 'storage_key', 'storage_size']
  [ComfyUI] [worker:ComfyUI-SAM3] [comfy-env] DESERIALIZE TensorRef: tensor_size=[1]
  [ComfyUI] [worker:ComfyUI-SAM3] [comfy-env] DESERIALIZED tensor shape: torch.Size([1])
  [ComfyUI] [worker:ComfyUI-SAM3] [comfy-env] _from_shm got dict with keys: ['__type__', 'strategy', 'manager_path', 'storage_key', 'storage_size']
  [ComfyUI] [worker:ComfyUI-SAM3] [comfy-env] DESERIALIZE TensorRef: tensor_size=[1]
  [ComfyUI] [worker:ComfyUI-SAM3] [comfy-env] DESERIALIZED tensor shape: torch.Size([1])
  [ComfyUI] [worker:ComfyUI-SAM3] [comfy-env] _from_shm got dict with keys: ['__type__', 'strategy', 'manager_path', 'storage_key', 'storage_size']
  [ComfyUI] [worker:ComfyUI-SAM3] [comfy-env] DESERIALIZE TensorRef: tensor_size=[1]
  [ComfyUI] [worker:ComfyUI-SAM3] [comfy-env] DESERIALIZED tensor shape: torch.Size([1])
  [ComfyUI] [worker:ComfyUI-SAM3] [comfy-env] _from_shm got dict with keys: ['__type__', 'strategy', 'manager_path', 'storage_key', 'storage_size']
  [ComfyUI] [worker:ComfyUI-SAM3] [comfy-env] DESERIALIZE TensorRef: tensor_size=[1]
  [ComfyUI] [worker:ComfyUI-SAM3] [comfy-env] DESERIALIZED tensor shape: torch.Size([1])
  [ComfyUI] [worker:ComfyUI-SAM3] [comfy-env] _from_shm got dict with keys: ['__type__', 'strategy', 'manager_path', 'storage_key', 'storage_size']
  [ComfyUI] [worker:ComfyUI-SAM3] [comfy-env] DESERIALIZE TensorRef: tensor_size=[1]
  [ComfyUI] [worker:ComfyUI-SAM3] [comfy-env] DESERIALIZED tensor shape: torch.Size([1])
  [ComfyUI] [worker:ComfyUI-SAM3] [comfy-env] _from_shm got dict with keys: ['__type__', 'strategy', 'manager_path', 'storage_key', 'storage_size']
  [ComfyUI] [worker:ComfyUI-SAM3] [comfy-env] DESERIALIZE TensorRef: tensor_size=[1]
  [ComfyUI] [worker:ComfyUI-SAM3] [comfy-env] DESERIALIZED tensor shape: torch.Size([1])
  [ComfyUI] [worker:ComfyUI-SAM3] [comfy-env] _from_shm got dict with keys: ['__type__', 'strategy', 'manager_path', 'storage_key', 'storage_size']
  [ComfyUI] [worker:ComfyUI-SAM3] [comfy-env] DESERIALIZE TensorRef: tensor_size=[1]
  [ComfyUI] [worker:ComfyUI-SAM3] [comfy-env] DESERIALIZED tensor shape: torch.Size([1])
  [ComfyUI] [worker:ComfyUI-SAM3] [comfy-env] _from_shm got dict with keys: ['__type__', 'strategy', 'manager_path', 'storage_key', 'storage_size']
  [ComfyUI] [worker:ComfyUI-SAM3] [comfy-env] DESERIALIZE TensorRef: tensor_size=[1]
  [ComfyUI] [worker:ComfyUI-SAM3] [comfy-env] DESERIALIZED tensor shape: torch.Size([1])
  [ComfyUI] [worker:ComfyUI-SAM3] [comfy-env] _from_shm got dict with keys: ['__type__', 'strategy', 'manager_path', 'storage_key', 'storage_size']
  [ComfyUI] [worker:ComfyUI-SAM3] [comfy-env] DESERIALIZE TensorRef: tensor_size=[1]
  [ComfyUI] [worker:ComfyUI-SAM3] [comfy-env] DESERIALIZED tensor shape: torch.Size([1])
  [ComfyUI] [worker:ComfyUI-SAM3] [comfy-env] _from_shm got dict with keys: ['__type__', 'strategy', 'manager_path', 'storage_key', 'storage_size']
  [ComfyUI] [worker:ComfyUI-SAM3] [comfy-env] DESERIALIZE TensorRef: tensor_size=[1]
  [ComfyUI] [worker:ComfyUI-SAM3] [comfy-env] DESERIALIZED tensor shape: torch.Size([1])
  [ComfyUI] [worker:ComfyUI-SAM3] [comfy-env] _from_shm got dict with keys: ['__type__', 'strategy', 'manager_path', 'storage_key', 'storage_size']
  [ComfyUI] [worker:ComfyUI-SAM3] [comfy-env] DESERIALIZE TensorRef: tensor_size=[1]
  [ComfyUI] [worker:ComfyUI-SAM3] [comfy-env] DESERIALIZED tensor shape: torch.Size([1])
  [ComfyUI] [worker:ComfyUI-SAM3] [comfy-env] _from_shm got dict with keys: ['__type__', 'strategy', 'manager_path', 'storage_key', 'storage_size']
  [ComfyUI] [worker:ComfyUI-SAM3] [comfy-env] DESERIALIZE TensorRef: tensor_size=[1]
  [ComfyUI] [worker:ComfyUI-SAM3] [comfy-env] DESERIALIZED tensor shape: torch.Size([1])
  [ComfyUI] [worker:ComfyUI-SAM3] [comfy-env] _from_shm got dict with keys: ['__type__', 'strategy', 'manager_path', 'storage_key', 'storage_size']
  [ComfyUI] [worker:ComfyUI-SAM3] [comfy-env] DESERIALIZE TensorRef: tensor_size=[1]
  [ComfyUI] [worker:ComfyUI-SAM3] [comfy-env] DESERIALIZED tensor shape: torch.Size([1])
  [ComfyUI] [worker:ComfyUI-SAM3] [comfy-env] _from_shm got dict with keys: ['__type__', 'strategy', 'manager_path', 'storage_key', 'storage_size']
  [ComfyUI] [worker:ComfyUI-SAM3] [comfy-env] DESERIALIZE TensorRef: tensor_size=[1]
  [ComfyUI] [worker:ComfyUI-SAM3] [comfy-env] DESERIALIZED tensor shape: torch.Size([1])
  [ComfyUI] [worker:ComfyUI-SAM3] [comfy-env] _from_shm got dict with keys: ['__type__', 'strategy', 'manager_path', 'storage_key', 'storage_size']
  [ComfyUI] [worker:ComfyUI-SAM3] [comfy-env] DESERIALIZE TensorRef: tensor_size=[1]
  [ComfyUI] [worker:ComfyUI-SAM3] [comfy-env] DESERIALIZED tensor shape: torch.Size([1])
  [ComfyUI] [worker:ComfyUI-SAM3] [comfy-env] _from_shm got dict with keys: ['__type__', 'strategy', 'manager_path', 'storage_key', 'storage_size']
  [ComfyUI] [worker:ComfyUI-SAM3] [comfy-env] DESERIALIZE TensorRef: tensor_size=[1]
  [ComfyUI] [worker:ComfyUI-SAM3] [comfy-env] DESERIALIZED tensor shape: torch.Size([1])
  [ComfyUI] [worker:ComfyUI-SAM3] [comfy-env] _from_shm got dict with keys: ['__type__', 'strategy', 'manager_path', 'storage_key', 'storage_size']
  [ComfyUI] [worker:ComfyUI-SAM3] [comfy-env] DESERIALIZE TensorRef: tensor_size=[1]
  [ComfyUI] [worker:ComfyUI-SAM3] [comfy-env] DESERIALIZED tensor shape: torch.Size([1])
  [ComfyUI] [worker:ComfyUI-SAM3] [comfy-env] _from_shm got dict with keys: ['__type__', 'strategy', 'manager_path', 'storage_key', 'storage_size']
  [ComfyUI] [worker:ComfyUI-SAM3] [comfy-env] DESERIALIZE TensorRef: tensor_size=[1]
  [ComfyUI] [worker:ComfyUI-SAM3] [comfy-env] DESERIALIZED tensor shape: torch.Size([1])
  [ComfyUI] [worker:ComfyUI-SAM3] [comfy-env] _from_shm got dict with keys: ['__type__', 'strategy', 'manager_path', 'storage_key', 'storage_size']
  [ComfyUI] [worker:ComfyUI-SAM3] [comfy-env] DESERIALIZE TensorRef: tensor_size=[1]
  [ComfyUI] [worker:ComfyUI-SAM3] [comfy-env] DESERIALIZED tensor shape: torch.Size([1])
  [ComfyUI] [worker:ComfyUI-SAM3] [comfy-env] _from_shm got dict with keys: ['__type__', 'strategy', 'manager_path', 'storage_key', 'storage_size']
  [ComfyUI] [worker:ComfyUI-SAM3] [comfy-env] DESERIALIZE TensorRef: tensor_size=[1]
  [ComfyUI] [worker:ComfyUI-SAM3] [comfy-env] DESERIALIZED tensor shape: torch.Size([1])
  [ComfyUI] [worker:ComfyUI-SAM3] [comfy-env] _from_shm got dict with keys: ['__type__', 'strategy', 'manager_path', 'storage_key', 'storage_size']
  [ComfyUI] [worker:ComfyUI-SAM3] [comfy-env] DESERIALIZE TensorRef: tensor_size=[1]
  [ComfyUI] [worker:ComfyUI-SAM3] [comfy-env] DESERIALIZED tensor shape: torch.Size([1])
  [ComfyUI] [worker:ComfyUI-SAM3] [comfy-env] _from_shm got dict with keys: ['__type__', 'strategy', 'manager_path', 'storage_key', 'storage_size']
  [ComfyUI] [worker:ComfyUI-SAM3] [comfy-env] DESERIALIZE TensorRef: tensor_size=[1]
  [ComfyUI] [worker:ComfyUI-SAM3] [comfy-env] DESERIALIZED tensor shape: torch.Size([1])
  [ComfyUI] [worker:ComfyUI-SAM3] [comfy-env] _from_shm got dict with keys: ['__type__', 'strategy', 'manager_path', 'storage_key', 'storage_size']
  [ComfyUI] [worker:ComfyUI-SAM3] [comfy-env] DESERIALIZE TensorRef: tensor_size=[1]
  [ComfyUI] [worker:ComfyUI-SAM3] [comfy-env] DESERIALIZED tensor shape: torch.Size([1])
  [ComfyUI] [worker:ComfyUI-SAM3] [comfy-env] _from_shm got dict with keys: ['__type__', 'strategy', 'manager_path', 'storage_key', 'storage_size']
  [ComfyUI] [worker:ComfyUI-SAM3] [comfy-env] DESERIALIZE TensorRef: tensor_size=[1]
  [ComfyUI] [worker:ComfyUI-SAM3] [comfy-env] DESERIALIZED tensor shape: torch.Size([1])
  [ComfyUI] [worker:ComfyUI-SAM3] [comfy-env] _from_shm got dict with keys: ['__type__', 'strategy', 'manager_path', 'storage_key', 'storage_size']
  [ComfyUI] [worker:ComfyUI-SAM3] [comfy-env] DESERIALIZE TensorRef: tensor_size=[1]
  [ComfyUI] [worker:ComfyUI-SAM3] [comfy-env] DESERIALIZED tensor shape: torch.Size([1])
  [ComfyUI] [worker:ComfyUI-SAM3] [comfy-env] _from_shm got dict with keys: ['__type__', 'strategy', 'manager_path', 'storage_key', 'storage_size']
  [ComfyUI] [worker:ComfyUI-SAM3] [comfy-env] DESERIALIZE TensorRef: tensor_size=[1]
  [ComfyUI] [worker:ComfyUI-SAM3] [comfy-env] DESERIALIZED tensor shape: torch.Size([1])
  [ComfyUI] [worker:ComfyUI-SAM3] [comfy-env] _from_shm got dict with keys: ['__type__', 'strategy', 'manager_path', 'storage_key', 'storage_size']
  [ComfyUI] [worker:ComfyUI-SAM3] [comfy-env] DESERIALIZE TensorRef: tensor_size=[1]
  [ComfyUI] [worker:ComfyUI-SAM3] [comfy-env] DESERIALIZED tensor shape: torch.Size([1])
  [ComfyUI] [worker:ComfyUI-SAM3] [comfy-env] _from_shm got dict with keys: ['__type__', 'strategy', 'manager_path', 'storage_key', 'storage_size']
  [ComfyUI] [worker:ComfyUI-SAM3] [comfy-env] DESERIALIZE TensorRef: tensor_size=[1]
  [ComfyUI] [worker:ComfyUI-SAM3] [comfy-env] DESERIALIZED tensor shape: torch.Size([1])
  [ComfyUI] [worker:ComfyUI-SAM3] [comfy-env] _from_shm got dict with keys: ['__type__', 'strategy', 'manager_path', 'storage_key', 'storage_size']
  [ComfyUI] [worker:ComfyUI-SAM3] [comfy-env] DESERIALIZE TensorRef: tensor_size=[1]
  [ComfyUI] [worker:ComfyUI-SAM3] [comfy-env] DESERIALIZED tensor shape: torch.Size([1])
  [ComfyUI] [SubprocessWorker] callback 'report_progress' from call_id=23
  [ComfyUI] [worker:ComfyUI-SAM3] [VRAM] -544MB (now 2190MB) reserved=2464MB peak=2976MB
  [ComfyUI] [SubprocessWorker] callback 'report_progress' from call_id=23
  [ComfyUI] [SubprocessWorker] callback 'report_progress' from call_id=23
  [ComfyUI] [SubprocessWorker] callback 'report_progress' from call_id=23
  [ComfyUI] [SubprocessWorker] callback 'report_progress' from call_id=23
  [ComfyUI] [SubprocessWorker] callback 'report_progress' from call_id=23
  [ComfyUI] [SubprocessWorker] callback 'report_progress' from call_id=23
  [capture-loop] iter=300 t=33.9s state={'complete': False, 'error': None, 'executedCount': 1, 'wsState': 1} eval_ms=2
  [ComfyUI] [SubprocessWorker] callback 'report_progress' from call_id=23
  Frame 17 saved (frame_016.jpg, t=34.0s)
  [capture-periodic] freeze=2ms shot=88ms unfreeze=2ms saved=True
  [ComfyUI] [SubprocessWorker] callback 'report_progress' from call_id=23
  [ComfyUI] [SubprocessWorker] callback 'report_progress' from call_id=23
  [ComfyUI] [SubprocessWorker] callback 'report_progress' from call_id=23
  [ComfyUI] [SubprocessWorker] callback 'report_progress' from call_id=23
  [ComfyUI] [SubprocessWorker] callback 'report_progress' from call_id=23
  [ComfyUI] [SubprocessWorker] callback 'report_progress' from call_id=23
  [ComfyUI] [SubprocessWorker] callback 'report_progress' from call_id=23
  [ComfyUI] [SubprocessWorker] callback 'report_progress' from call_id=23
  [ComfyUI] [SubprocessWorker] callback 'report_progress' from call_id=23
  [ComfyUI] [SubprocessWorker] callback 'report_progress' from call_id=23
  Frame 18 saved (frame_017.jpg, t=36.1s)
  [capture-periodic] freeze=2ms shot=94ms unfreeze=2ms saved=True
  [ComfyUI] [SubprocessWorker] callback 'report_progress' from call_id=23
  [ComfyUI] [SubprocessWorker] callback 'report_progress' from call_id=23
  [ComfyUI] [SubprocessWorker] callback 'report_progress' from call_id=23
  [ComfyUI] [SubprocessWorker] callback 'report_progress' from call_id=23
  [ComfyUI] [SubprocessWorker] callback 'report_progress' from call_id=23
  [ComfyUI] [SubprocessWorker] callback 'report_progress' from call_id=23
  [ComfyUI] [SubprocessWorker] callback 'report_progress' from call_id=23
  [ComfyUI] [SubprocessWorker] callback 'report_progress' from call_id=23
  [ComfyUI] [SubprocessWorker] callback 'report_progress' from call_id=23
  [ComfyUI] [SubprocessWorker] callback 'report_progress' from call_id=23
  Frame 19 saved (frame_018.jpg, t=38.3s)
  [capture-periodic] freeze=1ms shot=95ms unfreeze=7ms saved=True
  [ComfyUI] [SubprocessWorker] callback 'report_progress' from call_id=23
  [ComfyUI] [SubprocessWorker] callback 'report_progress' from call_id=23
  [ComfyUI] [SubprocessWorker] got response: ok
  [ComfyUI] [comfy-env] SAM3VideoOutput done (7.10s): result: NodeOutput
  [ComfyUI] [VRAM] After SAM3VideoOutput: 1156 / 16379 MB
  [ComfyUI] [VRAM] Loaded: SubprocessModel (1756 MB)
  [capture-loop] iter=350 t=39.6s state={'complete': False, 'error': None, 'executedCount': 2, 'wsState': 1} eval_ms=35
  Node executed (2 total), capturing...
  Frame 20 saved (frame_019.jpg, t=39.8s)
  [capture-node] freeze=3ms shot=146ms unfreeze=4ms saved=True
  [ComfyUI] Prompt executed in 39.86 seconds
  Node executed (3 total), capturing...
  Frame 21 saved (frame_020.jpg, t=40.2s)
  [capture-node] freeze=2ms shot=122ms unfreeze=0ms saved=True
  Execution complete (t=40.2s)
  Captured 21 unique frames over 40.39s
  [debug] iframes: 0
  [timing] trigger_3d_previews: 0.0s
  Saved high-quality screenshot: video_point_prompt_executed.png
  [timing] final_screenshot: 0.7s
    Captured 22 video frames