[00:00] Crash dump logging enabled: D:\a\comfy-gpu-ci\comfy-gpu-ci\comfy-test-logs\SAM3-1118\windows-cpu\crash_dump.log
[00:00] 
[00:00] [1/3] REGISTRATION
[00:00] ----------------------------------------
[00:00] 
[DEBUG] server=None, server_url=http://127.0.0.1:8188, api=None
[00:00] 
Connecting to existing server at http://127.0.0.1:8188...
[00:00] Connecting to existing server at http://127.0.0.1:8188...
[00:00] Connected to server! (attempt 1, 0.0s)
[00:00] Checking for import errors in server logs...
[00:00] No import errors detected
[00:00] Found 771 registered nodes
[00:00] [REGISTRATION] PASSED
[00:00] 
[00:00] [2/3] INSTANTIATION
[00:00] ----------------------------------------
[00:00] 
[DEBUG] server=<comfy_test.comfyui.server.ExternalComfyUIServer object at 0x00000171B6D44D70>, server_url=http://127.0.0.1:8188, api=<comfy_test.comfyui.api.ComfyUIAPI object at 0x00000171B6D44EC0>
[00:00] Testing node constructors...
[00:03] All 15 node(s) instantiated successfully!
[00:03] [INSTANTIATION] PASSED
[00:03] 
[00:03] [3/3] EXECUTION
[00:03] ----------------------------------------
[00:03] 
[DEBUG] server=<comfy_test.comfyui.server.ExternalComfyUIServer object at 0x00000171B6D44D70>, server_url=http://127.0.0.1:8188, api=<comfy_test.comfyui.api.ComfyUIAPI object at 0x00000171B6D44EC0>
[00:03] CPU runner - will execute 4 workflow(s)
[00:03] Running 5 workflow(s) (all with videos)...
[00:04] Starting headless browser...
[00:04]   Downloading Mesa llvmpipe for Windows...
[00:09]   Copied opengl32.dll to Chromium dir
[00:09]   Copied libgallium_wgl.dll to Chromium dir
[00:09]   Using Mesa llvmpipe (desktop GL) — multithreaded CPU rendering
[00:10] Capturing execution frames: image_seg_point.json
[00:18]   Frame 1 saved (frame_000.jpg, t=0.0s)
[00:18]   Validating workflow...
[00:18]   Queuing workflow for execution...
[00:21]   Frame 2 saved (frame_001.jpg, t=2.2s)
[00:21]   [capture-periodic] freeze=3ms shot=90ms unfreeze=6ms saved=True
[00:22]   Node executed (1 total), capturing...
[00:22]   Frame 3 saved (frame_002.jpg, t=3.7s)
[00:22]   [capture-node] freeze=9ms shot=107ms unfreeze=5ms saved=True
[00:24]   [capture-loop] iter=50 t=5.9s state={'complete': False, 'error': None, 'executedCount': 1, 'wsState': 1} eval_ms=7 ram=5.9/16.0GB (37%) swap=0.2/2.9GB (6%) cpu=28% browser_rss=0.69GB
[00:25]   Frame 4 saved (frame_003.jpg, t=5.9s)
[00:25]   [capture-periodic] freeze=5ms shot=122ms unfreeze=4ms saved=True
[00:27]   Frame 5 saved (frame_004.jpg, t=8.4s)
[00:27]   [capture-periodic] freeze=6ms shot=133ms unfreeze=5ms saved=True
[00:30]   Frame 6 saved (frame_005.jpg, t=10.6s)
[00:30]   [capture-periodic] freeze=2ms shot=122ms unfreeze=3ms saved=True
[00:32]   [capture-loop] iter=100 t=13.7s state={'complete': False, 'error': None, 'executedCount': 1, 'wsState': 1} eval_ms=3 ram=7.9/16.0GB (49%) swap=0.2/2.9GB (6%) cpu=44% browser_rss=0.70GB
[00:33]   Frame 7 saved (frame_006.jpg, t=14.5s)
[00:33]   [capture-periodic] freeze=2ms shot=83ms unfreeze=3ms saved=True
[00:47]   Frame 8 saved (frame_007.jpg, t=28.4s)
[00:47]   [capture-periodic] freeze=3ms shot=89ms unfreeze=3ms saved=True
[00:51]   [capture-loop] iter=150 t=32.2s state={'complete': False, 'error': None, 'executedCount': 1, 'wsState': 1} eval_ms=4 ram=5.4/16.0GB (34%) swap=0.2/2.9GB (6%) cpu=13% browser_rss=0.61GB
[00:56]   [capture-loop] iter=200 t=38.0s state={'complete': False, 'error': None, 'executedCount': 1, 'wsState': 1} eval_ms=4 ram=5.6/16.0GB (35%) swap=0.2/2.9GB (6%) cpu=63% browser_rss=0.61GB
[01:02]   [capture-loop] iter=250 t=43.8s state={'complete': False, 'error': None, 'executedCount': 1, 'wsState': 1} eval_ms=4 ram=5.7/16.0GB (36%) swap=0.2/2.9GB (6%) cpu=64% browser_rss=0.60GB
[01:08]   [capture-loop] iter=300 t=49.4s state={'complete': False, 'error': None, 'executedCount': 1, 'wsState': 1} eval_ms=4 ram=6.0/16.0GB (37%) swap=0.2/2.9GB (6%) cpu=60% browser_rss=0.61GB
[01:13]   [capture-loop] iter=350 t=55.1s state={'complete': False, 'error': None, 'executedCount': 1, 'wsState': 1} eval_ms=4 ram=6.1/16.0GB (38%) swap=0.2/2.9GB (6%) cpu=61% browser_rss=0.58GB
[01:19]   [capture-loop] iter=400 t=60.8s state={'complete': False, 'error': None, 'executedCount': 1, 'wsState': 1} eval_ms=4 ram=6.4/16.0GB (40%) swap=0.2/2.9GB (6%) cpu=63% browser_rss=0.58GB
[01:25]   [capture-loop] iter=450 t=66.5s state={'complete': False, 'error': None, 'executedCount': 1, 'wsState': 1} eval_ms=3 ram=6.5/16.0GB (41%) swap=0.2/2.9GB (6%) cpu=63% browser_rss=0.57GB
[01:31]   [capture-loop] iter=500 t=72.3s state={'complete': False, 'error': None, 'executedCount': 1, 'wsState': 1} eval_ms=4 ram=7.0/16.0GB (44%) swap=0.2/2.9GB (6%) cpu=62% browser_rss=0.57GB
[01:36]   [capture-loop] iter=550 t=77.9s state={'complete': False, 'error': None, 'executedCount': 1, 'wsState': 1} eval_ms=4 ram=6.9/16.0GB (43%) swap=0.2/2.9GB (6%) cpu=62% browser_rss=0.56GB
[01:40]   Node executed (3 total), capturing...
[01:41]   Frame 9 saved (frame_008.jpg, t=82.3s)
[01:41]   [capture-node] freeze=4ms shot=112ms unfreeze=0ms saved=True
[01:41]   Execution complete (t=82.4s)
[01:41]   Captured 9 unique frames over 82.49s
[01:41]   [debug] iframes: 0
[01:41]   [timing] trigger_3d_previews: 0.0s
[01:43]   Saved high-quality screenshot: image_seg_point_executed.png
[01:43]   [timing] final_screenshot: 0.2s
[01:43] Capturing execution frames: image_seg_text.json
[01:49]   Frame 1 saved (frame_000.jpg, t=0.0s)
[01:49]   Validating workflow...
[01:49]   Queuing workflow for execution...
[01:51]   Frame 2 saved (frame_001.jpg, t=2.2s)
[01:51]   [capture-periodic] freeze=4ms shot=109ms unfreeze=7ms saved=True
[01:53]   Frame 3 saved (frame_002.jpg, t=4.4s)
[01:53]   [capture-periodic] freeze=3ms shot=117ms unfreeze=4ms saved=True
[01:54]   [capture-loop] iter=50 t=5.9s state={'complete': False, 'error': None, 'executedCount': 0, 'wsState': 1} eval_ms=4 ram=7.1/16.0GB (44%) swap=0.3/2.9GB (10%) cpu=43% browser_rss=0.64GB
[02:00]   [capture-loop] iter=100 t=11.6s state={'complete': False, 'error': None, 'executedCount': 0, 'wsState': 1} eval_ms=4 ram=7.1/16.0GB (45%) swap=0.3/2.9GB (10%) cpu=66% browser_rss=0.63GB
[02:06]   [capture-loop] iter=150 t=17.3s state={'complete': False, 'error': None, 'executedCount': 0, 'wsState': 1} eval_ms=4 ram=7.2/16.0GB (45%) swap=0.3/2.9GB (10%) cpu=66% browser_rss=0.63GB
[02:12]   [capture-loop] iter=200 t=23.3s state={'complete': False, 'error': None, 'executedCount': 0, 'wsState': 1} eval_ms=6 ram=8.4/16.0GB (52%) swap=0.3/2.9GB (10%) cpu=79% browser_rss=0.62GB
[02:18]   [capture-loop] iter=250 t=29.1s state={'complete': False, 'error': None, 'executedCount': 0, 'wsState': 1} eval_ms=4 ram=7.1/16.0GB (45%) swap=0.3/2.9GB (11%) cpu=72% browser_rss=0.61GB
[02:23]   [capture-loop] iter=300 t=34.7s state={'complete': False, 'error': None, 'executedCount': 0, 'wsState': 1} eval_ms=5 ram=8.1/16.0GB (50%) swap=0.5/2.9GB (16%) cpu=66% browser_rss=0.61GB
[02:29]   [capture-loop] iter=350 t=40.5s state={'complete': False, 'error': None, 'executedCount': 0, 'wsState': 1} eval_ms=5 ram=7.0/16.0GB (44%) swap=0.5/2.9GB (16%) cpu=66% browser_rss=0.61GB
[02:35]   [capture-loop] iter=400 t=46.3s state={'complete': False, 'error': None, 'executedCount': 0, 'wsState': 1} eval_ms=8 ram=9.2/16.0GB (57%) swap=0.5/2.9GB (16%) cpu=60% browser_rss=0.61GB
[02:40]   [capture-loop] iter=450 t=52.0s state={'complete': False, 'error': None, 'executedCount': 0, 'wsState': 1} eval_ms=5 ram=8.5/16.0GB (53%) swap=0.5/2.9GB (16%) cpu=68% browser_rss=0.54GB
[02:46]   [capture-loop] iter=500 t=57.7s state={'complete': False, 'error': None, 'executedCount': 0, 'wsState': 1} eval_ms=4 ram=8.4/16.0GB (52%) swap=0.5/2.9GB (16%) cpu=62% browser_rss=0.53GB
[02:48]   Node executed (1 total), capturing...
[02:48]   Frame 4 saved (frame_003.jpg, t=59.8s)
[02:48]   [capture-node] freeze=4ms shot=121ms unfreeze=3ms saved=True
[02:49]   Node executed (2 total), capturing...
[02:49]   Frame 5 saved (frame_004.jpg, t=60.2s)
[02:49]   [capture-node] freeze=3ms shot=111ms unfreeze=0ms saved=True
[02:49]   Execution complete (t=60.2s)
[02:49]   Captured 5 unique frames over 60.38s
[02:49]   [debug] iframes: 0
[02:49]   [timing] trigger_3d_previews: 0.0s
[02:51]   Saved high-quality screenshot: image_seg_text_executed.png
[02:51]   [timing] final_screenshot: 0.2s
[02:51] Capturing execution frames: scene_seg.json
[02:57]   Frame 1 saved (frame_000.jpg, t=0.0s)
[02:57]   Validating workflow...
[02:57]   Queuing workflow for execution...
[02:59]   Node executed (1 total), capturing...
[02:59]   Frame 2 saved (frame_001.jpg, t=2.1s)
[02:59]   [capture-node] freeze=4ms shot=119ms unfreeze=8ms saved=True
[03:01]   Frame 3 saved (frame_002.jpg, t=4.3s)
[03:01]   [capture-periodic] freeze=3ms shot=152ms unfreeze=6ms saved=True
[03:03]   [capture-loop] iter=50 t=6.2s state={'complete': False, 'error': None, 'executedCount': 1, 'wsState': 1} eval_ms=4 ram=6.7/16.0GB (42%) swap=0.6/2.9GB (20%) cpu=36% browser_rss=1.59GB
[03:09]   [capture-loop] iter=100 t=12.0s state={'complete': False, 'error': None, 'executedCount': 1, 'wsState': 1} eval_ms=5 ram=6.6/16.0GB (41%) swap=0.6/2.9GB (20%) cpu=60% browser_rss=1.57GB
[03:15]   [capture-loop] iter=150 t=17.9s state={'complete': False, 'error': None, 'executedCount': 1, 'wsState': 1} eval_ms=4 ram=6.8/16.0GB (42%) swap=0.5/2.9GB (18%) cpu=68% browser_rss=1.50GB
[03:21]   [capture-loop] iter=200 t=23.6s state={'complete': False, 'error': None, 'executedCount': 1, 'wsState': 1} eval_ms=4 ram=7.0/16.0GB (44%) swap=0.5/2.9GB (18%) cpu=59% browser_rss=1.50GB
[03:27]   [capture-loop] iter=250 t=29.5s state={'complete': False, 'error': None, 'executedCount': 1, 'wsState': 1} eval_ms=4 ram=7.0/16.0GB (44%) swap=0.5/2.9GB (18%) cpu=67% browser_rss=1.42GB
[03:32]   [capture-loop] iter=300 t=35.4s state={'complete': False, 'error': None, 'executedCount': 1, 'wsState': 1} eval_ms=4 ram=7.3/16.0GB (45%) swap=0.5/2.9GB (17%) cpu=60% browser_rss=1.42GB
[03:38]   [capture-loop] iter=350 t=41.1s state={'complete': False, 'error': None, 'executedCount': 1, 'wsState': 1} eval_ms=4 ram=7.4/16.0GB (46%) swap=0.5/2.9GB (17%) cpu=64% browser_rss=1.42GB
[03:44]   [capture-loop] iter=400 t=46.9s state={'complete': False, 'error': None, 'executedCount': 1, 'wsState': 1} eval_ms=4 ram=7.7/16.0GB (48%) swap=0.5/2.9GB (17%) cpu=67% browser_rss=1.41GB
[03:50]   [capture-loop] iter=450 t=52.7s state={'complete': False, 'error': None, 'executedCount': 1, 'wsState': 1} eval_ms=4 ram=8.0/16.0GB (50%) swap=0.6/2.9GB (19%) cpu=75% browser_rss=1.41GB
[03:52]   Frame 4 saved (frame_003.jpg, t=54.9s)
[03:52]   [capture-periodic] freeze=13ms shot=164ms unfreeze=4ms saved=True
[03:54]   Frame 5 saved (frame_004.jpg, t=57.3s)
[03:54]   [capture-periodic] freeze=5ms shot=185ms unfreeze=5ms saved=True
[03:56]   [capture-loop] iter=500 t=59.0s state={'complete': False, 'error': None, 'executedCount': 1, 'wsState': 1} eval_ms=25 ram=10.7/16.0GB (67%) swap=0.6/2.9GB (22%) cpu=92% browser_rss=1.41GB
[04:03]   [capture-loop] iter=550 t=65.8s state={'complete': False, 'error': None, 'executedCount': 1, 'wsState': 1} eval_ms=4 ram=10.6/16.0GB (66%) swap=0.6/2.9GB (22%) cpu=96% browser_rss=1.40GB
[04:06]   Frame 6 saved (frame_005.jpg, t=68.7s)
[04:06]   [capture-periodic] freeze=3ms shot=150ms unfreeze=12ms saved=True
[04:07]   Node executed (2 total), capturing...
[04:08]   Frame 7 saved (frame_006.jpg, t=70.3s)
[04:08]   [capture-node] freeze=115ms shot=658ms unfreeze=10ms saved=True
[04:10]   [capture-loop] iter=600 t=72.6s state={'complete': False, 'error': None, 'executedCount': 2, 'wsState': 1} eval_ms=4 ram=9.2/16.0GB (58%) swap=0.6/2.9GB (22%) cpu=75% browser_rss=1.82GB
[04:12]   Node executed (3 total), capturing...
[04:15]   Frame 8 saved (frame_007.jpg, t=75.4s)
[04:15]   [capture-node] freeze=447ms shot=1919ms unfreeze=326ms saved=True
[04:15]   Node executed (4 total), capturing...
[04:16]   Frame 9 saved (frame_008.jpg, t=78.4s)
[04:16]   [capture-node] freeze=4ms shot=375ms unfreeze=0ms saved=True
[04:16]   Execution complete (t=78.4s)
[04:16]   Captured 9 unique frames over 78.81s
[04:16]   [debug] iframes: 0
[04:16]   [timing] trigger_3d_previews: 0.0s
[04:18]   Saved high-quality screenshot: scene_seg_executed.png
[04:18]   [timing] final_screenshot: 0.2s
[04:19] Capturing execution frames: scene_seg_interactive.json
[04:24]   Frame 1 saved (frame_000.jpg, t=0.0s)
[04:24]   Validating workflow...
[04:24]   Queuing workflow for execution...
[04:26]   Frame 2 saved (frame_001.jpg, t=2.2s)
[04:26]   [capture-periodic] freeze=4ms shot=92ms unfreeze=7ms saved=True
[04:29]   Frame 3 saved (frame_002.jpg, t=4.4s)
[04:29]   [capture-periodic] freeze=3ms shot=110ms unfreeze=4ms saved=True
[04:30]   [capture-loop] iter=50 t=5.7s state={'complete': False, 'error': None, 'executedCount': 0, 'wsState': 1} eval_ms=4 ram=6.3/16.0GB (39%) swap=1.3/2.9GB (44%) cpu=55% browser_rss=1.18GB
[04:35]   [capture-loop] iter=100 t=11.4s state={'complete': False, 'error': None, 'executedCount': 0, 'wsState': 1} eval_ms=4 ram=6.1/16.0GB (38%) swap=1.9/2.9GB (66%) cpu=56% browser_rss=1.09GB
[04:41]   [capture-loop] iter=150 t=17.0s state={'complete': False, 'error': None, 'executedCount': 0, 'wsState': 1} eval_ms=5 ram=7.6/16.0GB (48%) swap=1.9/2.9GB (66%) cpu=69% browser_rss=1.08GB
[04:47]   [capture-loop] iter=200 t=22.8s state={'complete': False, 'error': None, 'executedCount': 0, 'wsState': 1} eval_ms=3 ram=6.6/16.0GB (41%) swap=1.9/2.9GB (66%) cpu=61% browser_rss=1.09GB
[04:53]   [capture-loop] iter=250 t=28.5s state={'complete': False, 'error': None, 'executedCount': 0, 'wsState': 1} eval_ms=5 ram=7.9/16.0GB (49%) swap=1.9/2.9GB (66%) cpu=61% browser_rss=1.08GB
[04:58]   [capture-loop] iter=300 t=34.1s state={'complete': False, 'error': None, 'executedCount': 0, 'wsState': 1} eval_ms=4 ram=6.9/16.0GB (43%) swap=1.9/2.9GB (66%) cpu=59% browser_rss=1.08GB
[05:04]   [capture-loop] iter=350 t=39.8s state={'complete': False, 'error': None, 'executedCount': 0, 'wsState': 1} eval_ms=5 ram=8.3/16.0GB (52%) swap=1.9/2.9GB (66%) cpu=60% browser_rss=1.08GB
[05:10]   [capture-loop] iter=400 t=45.5s state={'complete': False, 'error': None, 'executedCount': 0, 'wsState': 1} eval_ms=4 ram=7.5/16.0GB (47%) swap=1.9/2.9GB (66%) cpu=65% browser_rss=1.08GB
[05:15]   [capture-loop] iter=450 t=51.2s state={'complete': False, 'error': None, 'executedCount': 0, 'wsState': 1} eval_ms=5 ram=9.1/16.0GB (57%) swap=1.9/2.9GB (66%) cpu=66% browser_rss=1.02GB
[05:21]   [capture-loop] iter=500 t=56.9s state={'complete': False, 'error': None, 'executedCount': 0, 'wsState': 1} eval_ms=7 ram=8.7/16.0GB (54%) swap=1.9/2.9GB (66%) cpu=66% browser_rss=1.03GB
[05:23]   Frame 4 saved (frame_003.jpg, t=58.3s)
[05:23]   [capture-periodic] freeze=3ms shot=114ms unfreeze=5ms saved=True
[05:25]   Node executed (1 total), capturing...
[05:25]   Frame 5 saved (frame_004.jpg, t=60.8s)
[05:25]   [capture-node] freeze=73ms shot=382ms unfreeze=4ms saved=True
[05:25]   Node executed (2 total), capturing...
[05:26]   Frame 6 saved (frame_005.jpg, t=61.6s)
[05:26]   [capture-node] freeze=3ms shot=133ms unfreeze=0ms saved=True
[05:26]   Execution complete (t=61.6s)
[05:26]   Captured 6 unique frames over 61.72s
[05:26]   [debug] iframes: 0
[05:26]   [timing] trigger_3d_previews: 0.0s
[05:28]   Saved high-quality screenshot: scene_seg_interactive_executed.png
[05:28]   [timing] final_screenshot: 0.2s
[05:28]   [5/5] SKIPPED (not in cpu list) video_point_prompt.json
[05:30] Results saved to D:\a\comfy-gpu-ci\comfy-gpu-ci\comfy-test-logs\SAM3-1118\windows-cpu\results.json
[05:30] Model report: 1 files, 3.2 GB -> D:\a\comfy-gpu-ci\comfy-gpu-ci\comfy-test-logs\SAM3-1118\windows-cpu\models.json
[05:30] Saved: D:\a\comfy-gpu-ci\comfy-gpu-ci\comfy-test-logs\SAM3-1118\windows-cpu\index.html
[05:30] [EXECUTION] PASSED
[05:30] 
windows: PASSED
