[00:00] Crash dump logging enabled: D:\a\comfy-gpu-ci\comfy-gpu-ci\comfy-test-logs\SAM3-2154\dev\windows-portable-cpu\crash_dump.log
[00:00] 
[00:00] [1/5] SYNTAX
[00:00] ----------------------------------------
[00:00] 
[DEBUG] server=None, server_url=None, api=None
[00:00] Found pyproject.toml (modern format)
[00:00] Found requirements.txt (legacy format)
[00:00] Unicode check: OK (all characters cp1252-safe)
[00:00] Forbidden patterns check: OK
[00:00] [SYNTAX] PASSED
[00:00] 
[00:00] [2/5] INSTALL
[00:00] ----------------------------------------
[00:00] 
[DEBUG] server=None, server_url=None, api=None
[00:00] 
Setting up ComfyUI...
[00:00] Fetching latest release version...
[00:00] Latest version: v0.20.1
[00:00] Downloading portable ComfyUI from https://github.com/comfyanonymous/ComfyUI/releases/download/v0.20.1/ComfyUI_windows_portable_nvidia.7z...
[00:02]   Downloaded: 10%
[00:03]   Downloaded: 20%
[00:04]   Downloaded: 30%
[00:05]   Downloaded: 40%
[00:06]   Downloaded: 50%
[00:06]   Downloaded: 60%
[00:07]   Downloaded: 70%
[00:08]   Downloaded: 80%
[00:09]   Downloaded: 90%
[00:11]   Downloaded: 100%
[00:11] Downloaded to C:\Users\runneradmin\.comfy-test\cache\portable\ComfyUI_portable_v0.20.1.7z
[00:11] Extracting to cache: C:\Users\runneradmin\.comfy-test\cache\portable\ComfyUI_portable_v0.20.1
[00:11] Extracting ComfyUI_portable_v0.20.1.7z...
[00:11] Using 7z: 7z
[02:12] Extracted to C:\Users\runneradmin\.comfy-test\cache\portable\ComfyUI_portable_v0.20.1
[02:12] Copying from cache to: D:\a\comfy-gpu-ci\comfy-gpu-ci\test_workspaces\SAM3-2154\portable-comfyui
[04:55] Installing uv into embedded Python...
[04:55] Running: D:\a\comfy-gpu-ci\comfy-gpu-ci\test_workspaces\SAM3-2154\portable-comfyui\ComfyUI_windows_portable\python_embeded\python.exe -m pip install uv
[04:58] Installing ComfyUI requirements...
[04:58] Running: D:\a\comfy-gpu-ci\comfy-gpu-ci\test_workspaces\SAM3-2154\portable-comfyui\ComfyUI_windows_portable\python_embeded\python.exe -m uv pip install -r D:\a\comfy-gpu-ci\comfy-gpu-ci\test_workspaces\SAM3-2154\portable-comfyui\ComfyUI_windows_portable\ComfyUI\requirements.txt
[04:58] 
Installing custom node...
[04:58] Copying ComfyUI-SAM3 to custom_nodes/...
[04:59] Installing node requirements...
[04:59] Running: D:\a\comfy-gpu-ci\comfy-gpu-ci\test_workspaces\SAM3-2154\portable-comfyui\ComfyUI_windows_portable\python_embeded\python.exe -m pip install -r D:\a\comfy-gpu-ci\comfy-gpu-ci\test_workspaces\SAM3-2154\portable-comfyui\ComfyUI_windows_portable\ComfyUI\custom_nodes\ComfyUI-SAM3\requirements.txt
[05:03] 
Running install.py...
[05:03] Running: D:\a\comfy-gpu-ci\comfy-gpu-ci\test_workspaces\SAM3-2154\portable-comfyui\ComfyUI_windows_portable\python_embeded\python.exe D:\a\comfy-gpu-ci\comfy-gpu-ci\test_workspaces\SAM3-2154\portable-comfyui\ComfyUI_windows_portable\ComfyUI\custom_nodes\ComfyUI-SAM3\install.py
[05:03]   [comfy-env] Enabled Windows long path support
[05:03]   
[05:03]   Installing 2 node dependencies...
[05:03]     Cloning ComfyUI-VideoHelperSuite...
[05:03]     Installing requirements for ComfyUI-VideoHelperSuite...
[05:05]     Cloning ComfyUI-Multiband...
[05:06]     Installing requirements for ComfyUI-Multiband...
[05:06]   
[05:06]   [requirements] Re-installing main package requirements...
[05:06]     Installing requirements for ComfyUI-SAM3...
[05:07]   [comfy-env] _discover: scanning D:\a\comfy-gpu-ci\comfy-gpu-ci\test_workspaces\SAM3-2154\portable-comfyui\ComfyUI_windows_portable\ComfyUI\custom_nodes
[05:07]   [comfy-env] _discover: ComfyUI-Multiband: no comfy-env.toml found
[05:07]   [comfy-env] _discover: ComfyUI-SAM3 -> sam3-nodes (custom_nodes\ComfyUI-SAM3\nodes\comfy-env.toml)
[05:07]   [comfy-env] _discover: ComfyUI-VideoHelperSuite: no comfy-env.toml found
[05:07]   [comfy-env] Workspace: C:\ce
[05:07]   [comfy-env] ComfyUI: D:\a\comfy-gpu-ci\comfy-gpu-ci\test_workspaces\SAM3-2154\portable-comfyui\ComfyUI_windows_portable\ComfyUI
[05:07]   [comfy-env] Found 1 node config(s):
[05:07]     - sam3-nodes <- custom_nodes\ComfyUI-SAM3\nodes\comfy-env.toml (python=host)
[05:08]   [comfy-env] Bootstrap interpreter has python 3.13 + torch 2.11.0 (cu130). Looking for cuda-only wheels matching cu130/torch2.11/cp313.
[05:10]   [comfy-env] GPU: No GPU detected
[05:10]   [comfy-env] Comfyui feature -> torch 2.11.0 from https://download.pytorch.org/whl/cu130 (CUDA 13.0 via bootstrap torch)
[05:10]   [comfy-env] cuda-wheels: 3 package(s) need a matched (cuda, torch, python) combo: ['cc_torch', 'torch_generic_nms', 'flash-attn']
[05:10]   [comfy-env] cuda-wheels tier 1 (bootstrap): probing cu13.0/torch2.11/cp313
[05:10]   [cuda-wheels] Looking up cc_torch: cu130 torch2.11 cp313 win_amd64
[05:11]   [cuda-wheels]   https://pozzettiandrea.github.io/cuda-wheels/v2/cc_torch/: HTTPError: HTTP Error 404: Not Found
[05:11]   [cuda-wheels]   Found: cc_torch-0.2+cu130torch2.11-cp313-cp313-win_amd64.whl
[05:11]   [cuda-wheels] Looking up torch_generic_nms: cu130 torch2.11 cp313 win_amd64
[05:11]   [cuda-wheels]   https://pozzettiandrea.github.io/cuda-wheels/v2/torch_generic_nms/: HTTPError: HTTP Error 404: Not Found
[05:11]   [cuda-wheels]   Found: torch_generic_nms-0.1+cu130torch2.11-cp313-cp313-win_amd64.whl
[05:11]   [cuda-wheels] Looking up flash-attn: cu130 torch2.11 cp313 win_amd64
[05:12]   [cuda-wheels]   https://pozzettiandrea.github.io/cuda-wheels/v2/flash_attn/: HTTPError: HTTP Error 404: Not Found
[05:12]   [cuda-wheels]   Found: flash_attn-2.8.3+cu130torch2.11-cp313-cp313-win_amd64.whl
[05:12]   [comfy-env] cuda-wheels combo: cu13.0/torch2.11 (bootstrap matches; per-node envs will pin to this)
[05:12]   [cuda-wheels] Looking up cc_torch: cu130 torch2.11 cp313 win_amd64
[05:12]   [cuda-wheels]   https://pozzettiandrea.github.io/cuda-wheels/v2/cc_torch/: HTTPError: HTTP Error 404: Not Found
[05:12]   [cuda-wheels]   Found: cc_torch-0.2+cu130torch2.11-cp313-cp313-win_amd64.whl
[05:12]   [cuda-wheels] Looking up torch_generic_nms: cu130 torch2.11 cp313 win_amd64
[05:12]   [cuda-wheels]   https://pozzettiandrea.github.io/cuda-wheels/v2/torch_generic_nms/: HTTPError: HTTP Error 404: Not Found
[05:13]   [cuda-wheels]   Found: torch_generic_nms-0.1+cu130torch2.11-cp313-cp313-win_amd64.whl
[05:13]   [cuda-wheels] Looking up flash-attn: cu130 torch2.11 cp313 win_amd64
[05:13]   [cuda-wheels]   https://pozzettiandrea.github.io/cuda-wheels/v2/flash_attn/: HTTPError: HTTP Error 404: Not Found
[05:13]   [cuda-wheels]   Found: flash_attn-2.8.3+cu130torch2.11-cp313-cp313-win_amd64.whl
[05:13]   [comfy-env] sam3-nodes: cuda-wheels deferred for post-pixi install (cc_torch, torch_generic_nms, flash-attn)
[05:13]   Generated C:\ce\pixi.toml
[05:13]   [comfy-env] Installing 1 environment(s):
[05:13]     - sam3-nodes (python=host, 19 pypi deps, 3 cuda wheels)
[05:13]   [comfy-env] Running `pixi install -e sam3-nodes`...
[05:30]      WARN Skipped running the post-link scripts because `run-post-link-scripts` = `false`
[05:30]     	- Scripts/.librsvg-pre-unlink.bat
[05:30]     To enable them, run:
[05:30]     	pixi config set --local run-post-link-scripts insecure
[05:30]     More info:
[05:30]     	https://pixi.sh/latest/reference/pixi_configuration/#run-post-link-scripts
[06:20]     The sam3-nodes environment has been installed.
[06:21]   [comfy-env] sam3-nodes: installing cuda-wheels with --no-deps (cc_torch, torch_generic_nms, flash-attn)
[06:21]     Using Python 3.13.13 environment at: .pixi\envs\sam3-nodes
[06:21]     Resolved 3 packages in 339ms
[06:21]     Downloading flash-attn (228.4MiB)
[06:25]      Downloaded flash-attn
[06:25]     Prepared 3 packages in 3.62s
[06:25]     Installed 3 packages in 69ms
[06:25]      + cc-torch==0.2+cu130torch2.11 (from https://github.com/PozzettiAndrea/cuda-wheels/releases/download/cc_torch-latest/cc_torch-0.2%2Bcu130torch2.11-cp313-cp313-win_amd64.whl)
[06:25]      + flash-attn==2.8.3+cu130torch2.11 (from https://github.com/PozzettiAndrea/cuda-wheels/releases/download/flash_attn-latest/flash_attn-2.8.3%2Bcu130torch2.11-cp313-cp313-win_amd64.whl)
[06:25]      + torch-generic-nms==0.1+cu130torch2.11 (from https://github.com/PozzettiAndrea/cuda-wheels/releases/download/torch_generic_nms-latest/torch_generic_nms-0.1%2Bcu130torch2.11-cp313-cp313-win_amd64.whl)
[06:25]   [comfy-env] Install log: C:\ce\install.log
[06:25]   
[06:25]   Installation complete!
[06:26] Installing 2 node dependency(ies)...
[06:26]   ComfyUI-VideoHelperSuite from Kosinkadink/ComfyUI-VideoHelperSuite
[06:26]   ComfyUI-VideoHelperSuite already exists, skipping...
[06:26]   ComfyUI-Multiband from PozzettiAndrea/ComfyUI-Multiband
[06:26]   ComfyUI-Multiband already exists, skipping...
[06:26] Installing validation endpoint...
[06:26]   Cloning PozzettiAndrea/ComfyUI-validate-endpoint...
[06:26] Running: git clone --depth 1 https://github.com/PozzettiAndrea/ComfyUI-validate-endpoint.git D:\a\comfy-gpu-ci\comfy-gpu-ci\test_workspaces\SAM3-2154\portable-comfyui\ComfyUI_windows_portable\ComfyUI\custom_nodes\ComfyUI-validate-endpoint
[06:29] CUDA packages absent (will mock): cc_torch, torch_generic_nms, flash_attn
[06:29] [INSTALL] PASSED
[06:29] 
[06:29] [3/5] REGISTRATION
[06:29] ----------------------------------------
[06:29] 
[DEBUG] server=None, server_url=None, api=None
[06:29] 
Starting ComfyUI server...
[06:29] Starting ComfyUI server on port 41890...
[06:29] CUDA mock packages: cc_torch, torch_generic_nms, flash_attn
[06:29] Starting ComfyUI server on port 41890...
[06:29] Waiting for server to be ready (timeout: 600s)...
[06:30]   [ComfyUI] setup plugin alembic.autogenerate.schemas
[06:30]   [ComfyUI] setup plugin alembic.autogenerate.tables
[06:30]   [ComfyUI] setup plugin alembic.autogenerate.types
[06:30]   [ComfyUI] setup plugin alembic.autogenerate.constraints
[06:30]   [ComfyUI] setup plugin alembic.autogenerate.defaults
[06:30]   [ComfyUI] setup plugin alembic.autogenerate.comments
[06:30]   [ComfyUI] [comfy-env] ComfyUI-SAM3: 1 isolation env(s):
[06:30]   [ComfyUI] [comfy-env]   nodes -> D:\a\comfy-gpu-ci\comfy-gpu-ci\test_workspaces\SAM3-2154\portable-comfyui\ComfyUI_windows_portable\ComfyUI\custom_nodes\ComfyUI-SAM3\nodes
[06:30]   [ComfyUI] [comfy-env] prestartup complete
[06:30]   [ComfyUI] 
[06:30]   [ComfyUI] Prestartup times for custom nodes:
[06:30]   [ComfyUI]    0.3 seconds: D:\a\comfy-gpu-ci\comfy-gpu-ci\test_workspaces\SAM3-2154\portable-comfyui\ComfyUI_windows_portable\ComfyUI\custom_nodes\ComfyUI-SAM3
[06:30]   [ComfyUI] 
[06:32]   [ComfyUI] D:\a\comfy-gpu-ci\comfy-gpu-ci\test_workspaces\SAM3-2154\portable-comfyui\ComfyUI_windows_portable\python_embeded\Lib\site-packages\torch\cuda\__init__.py:180: UserWarning: cudaGetDeviceCount() returned cudaErrorNotSupported, likely using older driver or on CPU machine (Triggered internally at C:\actions-runner\_work\pytorch\pytorch\pytorch\c10\cuda\CUDAFunctions.cpp:88.)
[06:32]   [ComfyUI]   return torch._C._cuda_getDeviceCount() > 0
[06:34]   [ComfyUI] Found comfy_kitchen backend triton: {'available': False, 'disabled': True, 'unavailable_reason': "ImportError: No module named 'triton'", 'capabilities': []}
[06:34]   [ComfyUI] Found comfy_kitchen backend eager: {'available': True, 'disabled': False, 'unavailable_reason': None, 'capabilities': ['apply_rope', 'apply_rope1', 'dequantize_mxfp8', 'dequantize_nvfp4', 'dequantize_per_tensor_fp8', 'quantize_mxfp8', 'quantize_nvfp4', 'quantize_per_tensor_fp8', 'scaled_mm_mxfp8', 'scaled_mm_nvfp4']}
[06:34]   [ComfyUI] Found comfy_kitchen backend cuda: {'available': False, 'disabled': False, 'unavailable_reason': 'CUDA not available on this system', 'capabilities': []}
[06:34]   [ComfyUI] Checkpoint files will always be loaded safely.
[06:34]   [ComfyUI] Total VRAM 16379 MB, total RAM 16379 MB
[06:34]   [ComfyUI] pytorch version: 2.11.0+cu130
[06:34]   [ComfyUI] Set vram state to: DISABLED
[06:34]   [ComfyUI] Device: cpu
[06:34]   [ComfyUI] Using sub quadratic optimization for attention, if you have memory or speed issues try using: --use-split-cross-attention
[06:40]   [ComfyUI] Python version: 3.13.12 (tags/v3.13.12:1cbe481, Feb  3 2026, 18:22:25) [MSC v.1944 64 bit (AMD64)]
[06:40]   [ComfyUI] ComfyUI version: 0.20.1
[06:40]   [ComfyUI] comfy-aimdo version: 0.2.14
[06:40]   [ComfyUI] comfy-kitchen version: 0.2.8
[06:40]   [ComfyUI] ****** User settings have been changed to be stored on the server instead of browser storage. ******
[06:40]   [ComfyUI] ****** For multi-user setups add the --multi-user CLI argument to enable multiple user profiles. ******
[06:40]   [ComfyUI] ComfyUI frontend version: 1.42.15
[06:40]   [ComfyUI] [Prompt Server] web root: D:\a\comfy-gpu-ci\comfy-gpu-ci\test_workspaces\SAM3-2154\portable-comfyui\ComfyUI_windows_portable\python_embeded\Lib\site-packages\comfyui_frontend_package\static
[06:40]   [ComfyUI] Asset seeder disabled
[06:43]   [ComfyUI] ComfyUI-Multiband loaded: 15 nodes registered
[06:43]   [ComfyUI] [comfy-env] Version: 0.3.82
[06:45]   [ComfyUI] [comfy-env] register_nodes: ComfyUI-SAM3
[06:45]   [ComfyUI] [comfy-env] ComfyUI source dir: D:\a\comfy-gpu-ci\comfy-gpu-ci\test_workspaces\SAM3-2154\portable-comfyui\ComfyUI_windows_portable\ComfyUI
[06:45]   [ComfyUI] [comfy-env] Found 1 isolation env(s)
[06:45]   [ComfyUI] [comfy-env] Scanning nodes metadata (isolation root)...
[06:45]   [ComfyUI] [comfy-env] sam3-nodes: Library/bin has 235 DLLs
[06:45]   [ComfyUI] [comfy-env] Metadata scan: C:\Users\runneradmin\.pixi\bin\pixi.exe run --as-is --manifest-path C:\ce\pixi.toml -e sam3-nodes python C:\Users\RUNNER~1\AppData\Local\Temp\comfy_meta_o5c7mn75.py D:\a\comfy-gpu-ci\comfy-gpu-ci\test_workspaces\SAM3-2154\portable-comfyui\ComfyUI_windows_portable\ComfyUI\custom_nodes\ComfyUI-SAM3 nodes
[06:45]   [ComfyUI] [comfy-env] Scan env PATH for nodes:
[06:45]   [ComfyUI] [comfy-env]   [0] C:\ce\.pixi\envs\sam3-nodes
[06:45]   [ComfyUI] [comfy-env]   [1] C:\ce\.pixi\envs\sam3-nodes\Library\bin
[06:45]   [ComfyUI] [comfy-env]   [2] C:\ce\.pixi\envs\sam3-nodes\Scripts
[06:45]   [ComfyUI] [comfy-env]   [3] C:\ce\.pixi\envs\sam3-nodes\Lib\site-packages\bpy
[06:45]   [ComfyUI] [comfy-env]   [4] C:\Windows\System32
[06:45]   [ComfyUI] [comfy-env]   [5] C:\Windows
[06:45]   [ComfyUI] [comfy-env]   [6] C:\Windows\System32\Wbem
[07:02]   [ComfyUI] [comfy-env] Metadata scan stderr for nodes:
[07:02]   [ComfyUI] [comfy-env]   [meta-scan] importing nodes from D:\a\comfy-gpu-ci\comfy-gpu-ci\test_workspaces\SAM3-2154\portable-comfyui\ComfyUI_windows_portable\ComfyUI\custom_nodes\ComfyUI-SAM3
[07:02]   [ComfyUI] [comfy-env]   C:\ce\.pixi\envs\sam3-nodes\Lib\site-packages\torch\cuda\__init__.py:180: UserWarning: cudaGetDeviceCount() returned cudaErrorNotSupported, likely using older driver or on CPU machine (Triggered internally at C:\actions-runner\_work\pytorch\pytorch\pytorch\c10\cuda\CUDAFunctions.cpp:88.)
[07:02]   [ComfyUI] [comfy-env]     return torch._C._cuda_getDeviceCount() > 0
[07:02]   [ComfyUI] [comfy-env]   [meta-scan] import OK
[07:02]   [ComfyUI] [comfy-env] Scanned nodes: 15 nodes (17.4s)
[07:02]   [ComfyUI] [comfy-env] Scanned nodes root: 15 nodes (17.4s)
[07:02]   [ComfyUI] [comfy-env] Registered proxy route: POST /sam3/interactive_segment_one -> nodes.sam3_interactive._api_segment_one
[07:02]   [ComfyUI] [comfy-env] Imported nodes root: 15 nodes (isolation)
[07:02]   [ComfyUI] [comfy-env] Registered 15 total nodes
[07:02]   [ComfyUI] 
[07:02]   [ComfyUI] Import times for custom nodes:
[07:02]   [ComfyUI]    0.0 seconds: D:\a\comfy-gpu-ci\comfy-gpu-ci\test_workspaces\SAM3-2154\portable-comfyui\ComfyUI_windows_portable\ComfyUI\custom_nodes\websocket_image_save.py
[07:02]   [ComfyUI]    0.0 seconds: D:\a\comfy-gpu-ci\comfy-gpu-ci\test_workspaces\SAM3-2154\portable-comfyui\ComfyUI_windows_portable\ComfyUI\custom_nodes\ComfyUI-validate-endpoint
[07:02]   [ComfyUI]    0.2 seconds: D:\a\comfy-gpu-ci\comfy-gpu-ci\test_workspaces\SAM3-2154\portable-comfyui\ComfyUI_windows_portable\ComfyUI\custom_nodes\ComfyUI-VideoHelperSuite
[07:02]   [ComfyUI]    0.9 seconds: D:\a\comfy-gpu-ci\comfy-gpu-ci\test_workspaces\SAM3-2154\portable-comfyui\ComfyUI_windows_portable\ComfyUI\custom_nodes\ComfyUI-Multiband
[07:02]   [ComfyUI]   19.1 seconds: D:\a\comfy-gpu-ci\comfy-gpu-ci\test_workspaces\SAM3-2154\portable-comfyui\ComfyUI_windows_portable\ComfyUI\custom_nodes\ComfyUI-SAM3
[07:02]   [ComfyUI] 
[07:02]   [ComfyUI] Context impl SQLiteImpl.
[07:02]   [ComfyUI] Will assume non-transactional DDL.
[07:02]   [ComfyUI] Context impl SQLiteImpl.
[07:02]   [ComfyUI] Will assume non-transactional DDL.
[07:02]   [ComfyUI] Running upgrade  -> 0001_assets, Initial assets schema
[07:02]   [ComfyUI] Revision ID: 0001_assets
[07:02]   [ComfyUI] Revises: None
[07:02]   [ComfyUI] Create Date: 2025-12-10 00:00:00
[07:02]   [ComfyUI] Running upgrade 0001_assets -> 0002_merge_to_asset_references, Merge AssetInfo and AssetCacheState into unified asset_references table.
[07:02]   [ComfyUI] Running upgrade 0002_merge_to_asset_references -> 0003_add_metadata_job_id, Add system_metadata and job_id columns to asset_references.
[07:02]   [ComfyUI] Change preview_id FK from assets.id to asset_references.id.
[07:02]   [ComfyUI] Database upgraded from None to 0003_add_metadata_job_id
[07:03]   [ComfyUI] Starting server
[07:03]   [ComfyUI] 
[07:03]   [ComfyUI] To see the GUI go to: http://127.0.0.1:41890
[07:03] Server responding, waiting for nodes to load...
[07:06]   [ComfyUI] [DEPRECATION WARNING] Detected import of deprecated legacy API: /extensions/core/widgetInputs.js. This is likely caused by a custom node extension using outdated APIs. Please update your extensions or contact the extension author for an updated version.
[07:23] Server is ready!
[07:23] Checking for import errors in server logs...
[07:23] No import errors detected
[07:23] Found 759 registered nodes
[07:23] [REGISTRATION] PASSED
[07:23] 
[07:23] [4/5] INSTANTIATION
[07:23] ----------------------------------------
[07:23] 
[DEBUG] server=<comfy_test.comfyui.server.ComfyUIServer object at 0x000002182BBA09B0>, server_url=None, api=<comfy_test.comfyui.api.ComfyUIAPI object at 0x000002182B1C1BE0>
[07:23] Testing node constructors...
[07:28] All 15 node(s) instantiated successfully!
[07:28] [INSTANTIATION] PASSED
[07:28] 
[07:28] [5/5] EXECUTION
[07:28] ----------------------------------------
[07:28] 
[DEBUG] server=<comfy_test.comfyui.server.ComfyUIServer object at 0x000002182BBA09B0>, server_url=None, api=<comfy_test.comfyui.api.ComfyUIAPI object at 0x000002182B1C1BE0>
[07:28] CPU runner - will execute 4 workflow(s)
[07:28] Running 5 workflow(s) (all with videos)...
[07:28] Installing screenshot dependencies (playwright, pillow)...
[07:30]   Packages installed, downloading chromium browser...
[07:45]   Screenshot dependencies installed successfully
[07:46] Starting headless browser...
[07:46]   Downloading Mesa llvmpipe for Windows...
[07:50]   Copied opengl32.dll to Chromium dir
[07:50]   Copied libgallium_wgl.dll to Chromium dir
[07:50]   Using Mesa llvmpipe (desktop GL) -- multithreaded CPU rendering
[07:51] Capturing execution frames: image_seg_point.json
[08:00]   Frame 1 saved (frame_000.jpg, t=0.0s)
[08:00]   Validating workflow...
[08:00]   [ComfyUI] === /validate endpoint called ===
[08:00]   [ComfyUI] Received JSON with keys: ['prompt']
[08:00]   [ComfyUI] Prompt has 6 nodes
[08:00]   [ComfyUI]   Node 1: LoadImage
[08:00]   [ComfyUI]     Inputs: {"image": "example_image.jpg"}
[08:00]   [ComfyUI]   Node 15: SAM3PointCollector
[08:00]   [ComfyUI]     Inputs: {"points_store": "{\"positive\":[{\"x\":426.27735719657574,\"y\":321.42611685978835},{\"x\":417.13743597288953,\"y\":407.3413796907987},{\"x\":431.76130993078743,\"y\":549.9241563039649}],\"negative\"
[08:00]   [ComfyUI]   Node 28: PreviewImage
[08:00]   Queuing workflow for execution...
[08:00]   [ComfyUI]     Inputs: {"images": ["31", 2]}
[08:00]   [ComfyUI]   Node 29: MaskPreview
[08:00]   [ComfyUI]     Inputs: {"mask": ["31", 0]}
[08:00]   [ComfyUI]   Node 30: LoadSAM3Model
[08:00]   [ComfyUI]     Inputs: {"precision": "auto", "compile": false}
[08:00]   [ComfyUI]   Node 31: SAM3Segmentation
[08:00]   [ComfyUI]     Inputs: {"refinement_iterations": 0, "use_multimask": true, "output_best_mask": true, "sam3_model_config": ["30", 0], "image": ["1", 0], "positive_points": ["15", 0], "negative_points": ["15", 1]}
[08:00]   [ComfyUI] Generated prompt_id: 6ca07e98-165e-48b9-9d19-318873ea6883
[08:00]   [ComfyUI] Calling execution.validate_prompt()...
[08:00]   [ComfyUI] Validation result: valid=True
[08:00]   [ComfyUI] === Validation PASSED ===
[08:00]   [ComfyUI] got prompt
[08:00]   [ComfyUI] [comfy-env] Running SAM3PointCollector: points_store: '{"positive":[{"x":426.27735719657574,"y":321.42611685978..., coordinates: '[{"x":426.27735719657574,"y":321.42611685978835},{"x":41..., neg_coordinates: '[]', image: torch.float32 [1,720,1280,3] cpu
[08:00]   [ComfyUI] [comfy-env] SubprocessWorker: C:\ce\.pixi\envs\sam3-nodes\python.exe
[08:00]   [ComfyUI] [comfy-env] env_vars: {'PYTORCH_ENABLE_MPS_FALLBACK': '1', 'COMFYUI_BASE': 'D:\\a\\comfy-gpu-ci\\comfy-gpu-ci\\test_workspaces\\SAM3-2154\\portable-comfyui\\ComfyUI_windows_portable\\ComfyUI'}
[08:00]   [ComfyUI] [SubprocessWorker] call_method: nodes.sam3_interactive.SAM3PointCollector.EXECUTE_NORMALIZED
[08:00]   [ComfyUI] [SubprocessWorker] acquired lock, ensuring started...
[08:00]   [ComfyUI] [comfy-env] sam3-nodes: Library/bin has 235 DLLs
[08:00]   [ComfyUI] [ComfyUI-SAM3] python: C:\ce\.pixi\envs\sam3-nodes\python.exe
[08:00]   [ComfyUI] [ComfyUI-SAM3] sys_path sent to worker: ['D:\\a\\comfy-gpu-ci\\comfy-gpu-ci\\test_workspaces\\SAM3-2154\\portable-comfyui\\ComfyUI_windows_portable\\ComfyUI', 'D:\\a\\comfy-gpu-ci\\comfy-gpu-ci\\test_workspaces\\SAM3-2154\\portable-comfyui\\ComfyUI_windows_portable\\ComfyUI\\custom_nodes\\ComfyUI-SAM3', 'C:\\ce\\.pixi\\envs\\sam3-nodes\\Lib\\site-packages', 'D:\\a\\comfy-gpu-ci\\comfy-gpu-ci\\test_workspaces\\SAM3-2154\\portable-comfyui\\ComfyUI_windows_portable\\ComfyUI\\custom_nodes\\ComfyUI-SAM3']
[08:00]   [ComfyUI] [SubprocessWorker] is_pixi=True, python=C:\ce\.pixi\envs\sam3-nodes\python.exe
[08:00]   [ComfyUI] [SubprocessWorker] launching cmd=['C:\\Users\\runneradmin\\.pixi\\bin\\pixi.exe', 'run', '--as-is', '--manifest-path', 'C:\\ce\\pixi.toml', '-e', 'sam3-nodes', 'python', 'C:\\Users\\RUNNER~1\\AppData\\Local\\Temp\\comfyui_pvenv_ijzed2d0\\persistent_worker.py', 'tcp://127.0.0.1:65121']...
[08:02]   Frame 2 saved (frame_001.jpg, t=2.4s)
[08:02]   [capture-periodic] freeze=5ms shot=119ms unfreeze=5ms saved=True
[08:02]   [ComfyUI] C:\ce\.pixi\envs\sam3-nodes\Lib\site-packages\torch\cuda\__init__.py:180: UserWarning: cudaGetDeviceCount() returned cudaErrorNotSupported, likely using older driver or on CPU machine (Triggered internally at C:\actions-runner\_work\pytorch\pytorch\pytorch\c10\cuda\CUDAFunctions.cpp:88.)
[08:02]   [ComfyUI]   return torch._C._cuda_getDeviceCount() > 0
[08:04]   [ComfyUI] [SubprocessWorker] worker started/confirmed
[08:04]   [ComfyUI] [comfy-env] PRE-SERIALIZE 'image' shape: torch.Size([1, 720, 1280, 3])
[08:04]   [ComfyUI] [SubprocessWorker] serializing kwargs to shm...
[08:04]   [ComfyUI] [SubprocessWorker] created 0 shm blocks
[08:04]   [ComfyUI] [SubprocessWorker] sending request via socket...
[08:04]   [ComfyUI] [SubprocessWorker] call_id=1 sending call_method
[08:04]   [ComfyUI] [worker:ComfyUI-SAM3] [comfy-env] _from_shm got dict with keys: ['__type__', 'strategy', 'manager_path', 'storage_key', 'storage_size']
[08:04]   [ComfyUI] [worker:ComfyUI-SAM3] [comfy-env] DESERIALIZE TensorRef: tensor_size=[1, 720, 1280, 3]
[08:04]   [ComfyUI] [worker:ComfyUI-SAM3] [comfy-env] DESERIALIZED tensor shape: torch.Size([1, 720, 1280, 3])
[08:04]   Frame 3 saved (frame_002.jpg, t=4.6s)
[08:04]   [capture-periodic] freeze=4ms shot=136ms unfreeze=5ms saved=True
[08:04]   [ComfyUI] [SubprocessWorker] got response: ok
[08:04]   [ComfyUI] [comfy-env] SAM3PointCollector done (4.64s): result: NodeOutput
[08:04]   [ComfyUI] [comfy-env] Running LoadSAM3Model: precision: 'auto', compile: False
[08:04]   [ComfyUI] [SubprocessWorker] call_method: nodes.load_model.LoadSAM3Model.EXECUTE_NORMALIZED
[08:04]   [ComfyUI] [SubprocessWorker] acquired lock, ensuring started...
[08:04]   [ComfyUI] [ComfyUI-SAM3] Health check: ping (timeout=5.0s)...
[08:04]   [ComfyUI] [ComfyUI-SAM3] Health check: ok
[08:04]   [ComfyUI] [SubprocessWorker] worker started/confirmed
[08:04]   [ComfyUI] [SubprocessWorker] serializing kwargs to shm...
[08:04]   [ComfyUI] [SubprocessWorker] created 0 shm blocks
[08:04]   [ComfyUI] [SubprocessWorker] sending request via socket...
[08:04]   [ComfyUI] [SubprocessWorker] call_id=2 sending call_method
[08:04]   [ComfyUI] [worker:ComfyUI-SAM3] [SAM3] Model not found at D:\a\comfy-gpu-ci\comfy-gpu-ci\test_workspaces\SAM3-2154\portable-comfyui\ComfyUI_windows_portable\ComfyUI\models\sam3\sam3.safetensors, downloading from HuggingFace...
[08:04]   Node executed (1 total), capturing...
[08:05]   Frame 4 saved (frame_003.jpg, t=5.1s)
[08:05]   [capture-node] freeze=5ms shot=144ms unfreeze=4ms saved=True
[08:05]   [ComfyUI] [worker:ComfyUI-SAM3] [SAM3] Downloading sam3.safetensors from apozz/sam3-safetensors...
[08:05]   [ComfyUI] [SubprocessWorker] callback 'report_progress' from call_id=2
[08:05]   [ComfyUI] [SubprocessWorker] callback 'report_progress' from call_id=2
[08:05]   [ComfyUI] [SubprocessWorker] callback 'report_progress' from call_id=2
[08:06]   [ComfyUI] [SubprocessWorker] callback 'report_progress' from call_id=2
[08:06]   [ComfyUI] [SubprocessWorker] callback 'report_progress' from call_id=2
[08:06]   [ComfyUI] [SubprocessWorker] callback 'report_progress' from call_id=2
[08:06]   [capture-loop] iter=50 t=6.3s state={'complete': False, 'error': None, 'executedCount': 1, 'wsState': 1} eval_ms=8 ram=5.5/16.0GB (34%) swap=0.3/2.9GB (9%) cpu=39% browser_rss=0.71GB
[08:06]   [ComfyUI] [SubprocessWorker] callback 'report_progress' from call_id=2
[08:06]   [ComfyUI] [SubprocessWorker] callback 'report_progress' from call_id=2
[08:06]   [ComfyUI] [SubprocessWorker] callback 'report_progress' from call_id=2
[08:06]   [ComfyUI] [SubprocessWorker] callback 'report_progress' from call_id=2
[08:06]   [ComfyUI] [worker:ComfyUI-SAM3] [SAM3] Download progress: 10%
[08:06]   [ComfyUI] [SubprocessWorker] callback 'report_progress' from call_id=2
[08:07]   [ComfyUI] [SubprocessWorker] callback 'report_progress' from call_id=2
[08:07]   [ComfyUI] [SubprocessWorker] callback 'report_progress' from call_id=2
[08:07]   [ComfyUI] [SubprocessWorker] callback 'report_progress' from call_id=2
[08:07]   Frame 5 saved (frame_004.jpg, t=7.4s)
[08:07]   [capture-periodic] freeze=5ms shot=121ms unfreeze=4ms saved=True
[08:07]   [ComfyUI] [SubprocessWorker] callback 'report_progress' from call_id=2
[08:07]   [ComfyUI] [SubprocessWorker] callback 'report_progress' from call_id=2
[08:07]   [ComfyUI] [SubprocessWorker] callback 'report_progress' from call_id=2
[08:07]   [ComfyUI] [SubprocessWorker] callback 'report_progress' from call_id=2
[08:07]   [ComfyUI] [SubprocessWorker] callback 'report_progress' from call_id=2
[08:08]   [ComfyUI] [SubprocessWorker] callback 'report_progress' from call_id=2
[08:08]   [ComfyUI] [worker:ComfyUI-SAM3] [SAM3] Download progress: 20%
[08:08]   [ComfyUI] [SubprocessWorker] callback 'report_progress' from call_id=2
[08:08]   [ComfyUI] [SubprocessWorker] callback 'report_progress' from call_id=2
[08:08]   [ComfyUI] [SubprocessWorker] callback 'report_progress' from call_id=2
[08:08]   [ComfyUI] [SubprocessWorker] callback 'report_progress' from call_id=2
[08:08]   [ComfyUI] [SubprocessWorker] callback 'report_progress' from call_id=2
[08:08]   [ComfyUI] [SubprocessWorker] callback 'report_progress' from call_id=2
[08:08]   [ComfyUI] [SubprocessWorker] callback 'report_progress' from call_id=2
[08:09]   [ComfyUI] [SubprocessWorker] callback 'report_progress' from call_id=2
[08:09]   [ComfyUI] [SubprocessWorker] callback 'report_progress' from call_id=2
[08:09]   [ComfyUI] [SubprocessWorker] callback 'report_progress' from call_id=2
[08:09]   [ComfyUI] [worker:ComfyUI-SAM3] [SAM3] Download progress: 30%
[08:09]   [ComfyUI] [SubprocessWorker] callback 'report_progress' from call_id=2
[08:09]   [ComfyUI] [SubprocessWorker] callback 'report_progress' from call_id=2
[08:09]   Frame 6 saved (frame_005.jpg, t=9.6s)
[08:09]   [capture-periodic] freeze=3ms shot=141ms unfreeze=7ms saved=True
[08:09]   [ComfyUI] [SubprocessWorker] callback 'report_progress' from call_id=2
[08:09]   [ComfyUI] [SubprocessWorker] callback 'report_progress' from call_id=2
[08:09]   [ComfyUI] [SubprocessWorker] callback 'report_progress' from call_id=2
[08:10]   [ComfyUI] [SubprocessWorker] callback 'report_progress' from call_id=2
[08:10]   [ComfyUI] [SubprocessWorker] callback 'report_progress' from call_id=2
[08:10]   [ComfyUI] [SubprocessWorker] callback 'report_progress' from call_id=2
[08:10]   [ComfyUI] [SubprocessWorker] callback 'report_progress' from call_id=2
[08:10]   [ComfyUI] [SubprocessWorker] callback 'report_progress' from call_id=2
[08:10]   [ComfyUI] [worker:ComfyUI-SAM3] [SAM3] Download progress: 40%
[08:10]   [ComfyUI] [SubprocessWorker] callback 'report_progress' from call_id=2
[08:10]   [ComfyUI] [SubprocessWorker] callback 'report_progress' from call_id=2
[08:11]   [ComfyUI] [SubprocessWorker] callback 'report_progress' from call_id=2
[08:11]   [ComfyUI] [SubprocessWorker] callback 'report_progress' from call_id=2
[08:11]   [ComfyUI] [SubprocessWorker] callback 'report_progress' from call_id=2
[08:11]   [ComfyUI] [SubprocessWorker] callback 'report_progress' from call_id=2
[08:11]   [ComfyUI] [SubprocessWorker] callback 'report_progress' from call_id=2
[08:11]   [ComfyUI] [SubprocessWorker] callback 'report_progress' from call_id=2
[08:11]   [ComfyUI] [SubprocessWorker] callback 'report_progress' from call_id=2
[08:11]   Frame 7 saved (frame_006.jpg, t=11.9s)
[08:11]   [capture-periodic] freeze=3ms shot=157ms unfreeze=5ms saved=True
[08:11]   [ComfyUI] [SubprocessWorker] callback 'report_progress' from call_id=2
[08:11]   [ComfyUI] [worker:ComfyUI-SAM3] [SAM3] Download progress: 50%
[08:12]   [ComfyUI] [SubprocessWorker] callback 'report_progress' from call_id=2
[08:12]   [ComfyUI] [SubprocessWorker] callback 'report_progress' from call_id=2
[08:12]   [ComfyUI] [SubprocessWorker] callback 'report_progress' from call_id=2
[08:12]   [ComfyUI] [SubprocessWorker] callback 'report_progress' from call_id=2
[08:12]   [ComfyUI] [SubprocessWorker] callback 'report_progress' from call_id=2
[08:12]   [capture-loop] iter=100 t=12.8s state={'complete': False, 'error': None, 'executedCount': 1, 'wsState': 1} eval_ms=9 ram=6.9/16.0GB (43%) swap=0.3/2.9GB (9%) cpu=52% browser_rss=0.72GB
[08:12]   [ComfyUI] [SubprocessWorker] callback 'report_progress' from call_id=2
[08:12]   [ComfyUI] [SubprocessWorker] callback 'report_progress' from call_id=2
[08:12]   [ComfyUI] [SubprocessWorker] callback 'report_progress' from call_id=2
[08:13]   [ComfyUI] [SubprocessWorker] callback 'report_progress' from call_id=2
[08:13]   [ComfyUI] [SubprocessWorker] callback 'report_progress' from call_id=2
[08:13]   [ComfyUI] [worker:ComfyUI-SAM3] [SAM3] Download progress: 60%
[08:13]   [ComfyUI] [SubprocessWorker] callback 'report_progress' from call_id=2
[08:13]   [ComfyUI] [SubprocessWorker] callback 'report_progress' from call_id=2
[08:13]   [ComfyUI] [SubprocessWorker] callback 'report_progress' from call_id=2
[08:13]   [ComfyUI] [SubprocessWorker] callback 'report_progress' from call_id=2
[08:13]   [ComfyUI] [SubprocessWorker] callback 'report_progress' from call_id=2
[08:13]   [ComfyUI] [SubprocessWorker] callback 'report_progress' from call_id=2
[08:14]   [ComfyUI] [SubprocessWorker] callback 'report_progress' from call_id=2
[08:14]   Frame 8 saved (frame_007.jpg, t=14.2s)
[08:14]   [capture-periodic] freeze=3ms shot=131ms unfreeze=5ms saved=True
[08:14]   [ComfyUI] [SubprocessWorker] callback 'report_progress' from call_id=2
[08:14]   [ComfyUI] [SubprocessWorker] callback 'report_progress' from call_id=2
[08:14]   [ComfyUI] [SubprocessWorker] callback 'report_progress' from call_id=2
[08:14]   [ComfyUI] [worker:ComfyUI-SAM3] [SAM3] Download progress: 70%
[08:14]   [ComfyUI] [SubprocessWorker] callback 'report_progress' from call_id=2
[08:14]   [ComfyUI] [SubprocessWorker] callback 'report_progress' from call_id=2
[08:14]   [ComfyUI] [SubprocessWorker] callback 'report_progress' from call_id=2
[08:15]   [ComfyUI] [SubprocessWorker] callback 'report_progress' from call_id=2
[08:15]   [ComfyUI] [SubprocessWorker] callback 'report_progress' from call_id=2
[08:15]   [ComfyUI] [SubprocessWorker] callback 'report_progress' from call_id=2
[08:15]   [ComfyUI] [SubprocessWorker] callback 'report_progress' from call_id=2
[08:15]   [ComfyUI] [SubprocessWorker] callback 'report_progress' from call_id=2
[08:15]   [ComfyUI] [SubprocessWorker] callback 'report_progress' from call_id=2
[08:15]   [ComfyUI] [SubprocessWorker] callback 'report_progress' from call_id=2
[08:15]   [ComfyUI] [worker:ComfyUI-SAM3] [SAM3] Download progress: 80%
[08:16]   [ComfyUI] [SubprocessWorker] callback 'report_progress' from call_id=2
[08:16]   [ComfyUI] [SubprocessWorker] callback 'report_progress' from call_id=2
[08:16]   [ComfyUI] [SubprocessWorker] callback 'report_progress' from call_id=2
[08:16]   Frame 9 saved (frame_008.jpg, t=16.4s)
[08:16]   [capture-periodic] freeze=4ms shot=126ms unfreeze=6ms saved=True
[08:16]   [ComfyUI] [SubprocessWorker] callback 'report_progress' from call_id=2
[08:16]   [ComfyUI] [SubprocessWorker] callback 'report_progress' from call_id=2
[08:16]   [ComfyUI] [SubprocessWorker] callback 'report_progress' from call_id=2
[08:16]   [ComfyUI] [SubprocessWorker] callback 'report_progress' from call_id=2
[08:17]   [ComfyUI] [SubprocessWorker] callback 'report_progress' from call_id=2
[08:17]   [ComfyUI] [SubprocessWorker] callback 'report_progress' from call_id=2
[08:17]   [ComfyUI] [SubprocessWorker] callback 'report_progress' from call_id=2
[08:17]   [ComfyUI] [worker:ComfyUI-SAM3] [SAM3] Download progress: 90%
[08:17]   [ComfyUI] [SubprocessWorker] callback 'report_progress' from call_id=2
[08:17]   [ComfyUI] [SubprocessWorker] callback 'report_progress' from call_id=2
[08:17]   [ComfyUI] [SubprocessWorker] callback 'report_progress' from call_id=2
[08:17]   [ComfyUI] [SubprocessWorker] callback 'report_progress' from call_id=2
[08:18]   [ComfyUI] [SubprocessWorker] callback 'report_progress' from call_id=2
[08:18]   [ComfyUI] [SubprocessWorker] callback 'report_progress' from call_id=2
[08:18]   [capture-loop] iter=150 t=18.6s state={'complete': False, 'error': None, 'executedCount': 1, 'wsState': 1} eval_ms=4 ram=7.5/16.0GB (47%) swap=0.3/2.9GB (9%) cpu=50% browser_rss=0.72GB
[08:18]   [ComfyUI] [SubprocessWorker] callback 'report_progress' from call_id=2
[08:18]   Frame 10 saved (frame_009.jpg, t=18.6s)
[08:19]   [capture-periodic] freeze=6ms shot=138ms unfreeze=5ms saved=True
[08:19]   [ComfyUI] [SubprocessWorker] callback 'report_progress' from call_id=2
[08:19]   [ComfyUI] [SubprocessWorker] callback 'report_progress' from call_id=2
[08:19]   [ComfyUI] [SubprocessWorker] callback 'report_progress' from call_id=2
[08:19]   [ComfyUI] [worker:ComfyUI-SAM3] [SAM3] Download progress: 100%
[08:19]   [ComfyUI] [SubprocessWorker] callback 'report_progress' from call_id=2
[08:19]   [ComfyUI] [worker:ComfyUI-SAM3] [SAM3] Downloaded sam3.safetensors
[08:19]   [ComfyUI] [worker:ComfyUI-SAM3] [SAM3] Model downloaded successfully
[08:20]   [ComfyUI] [SubprocessWorker] got response: ok
[08:20]   [ComfyUI] [comfy-env] LoadSAM3Model done (14.51s): result: NodeOutput
[08:21]   Frame 11 saved (frame_010.jpg, t=21.3s)
[08:21]   [capture-periodic] freeze=3ms shot=112ms unfreeze=7ms saved=True
ons: 0, use_multimask: True, output_best_mask: True, sam3_model_config: dict, image: torch.float32 [1,720,1280,3] cpu, positive_points: dict, negative_points: dict
[08:21]   [ComfyUI] [SubprocessWorker] call_method: nodes.segmentation.SAM3Segmentation.EXECUTE_NORMALIZED
[08:22]   [ComfyUI] [SubprocessWorker] acquired lock, ensuring started...
[08:22]   [ComfyUI] [ComfyUI-SAM3] Health check: ping (timeout=5.0s)...
[08:22]   [ComfyUI] [ComfyUI-SAM3] Health check: ok
[08:22]   [ComfyUI] [SubprocessWorker] worker started/confirmed
[08:22]   [ComfyUI] [comfy-env] PRE-SERIALIZE 'image' shape: torch.Size([1, 720, 1280, 3])
[08:22]   [ComfyUI] [SubprocessWorker] serializing kwargs to shm...
[08:22]   [ComfyUI] [SubprocessWorker] created 0 shm blocks
[08:22]   [ComfyUI] [SubprocessWorker] sending request via socket...
[08:22]   [ComfyUI] [SubprocessWorker] call_id=3 sending call_method
[08:22]   [ComfyUI] [worker:ComfyUI-SAM3] [comfy-env] _from_shm got dict with keys: ['__type__', 'strategy', 'manager_path', 'storage_key', 'storage_size']
[08:22]   [ComfyUI] [worker:ComfyUI-SAM3] [comfy-env] DESERIALIZE TensorRef: tensor_size=[1, 720, 1280, 3]
[08:22]   [ComfyUI] [worker:ComfyUI-SAM3] [comfy-env] DESERIALIZED tensor shape: torch.Size([1, 720, 1280, 3])
[08:25]   [capture-loop] iter=200 t=25.5s state={'complete': False, 'error': None, 'executedCount': 1, 'wsState': 1} eval_ms=4 ram=6.1/16.0GB (38%) swap=0.3/2.9GB (9%) cpu=23% browser_rss=0.72GB
[08:28]   [ComfyUI] [SubprocessWorker] callback 'request_vram_budget' from call_id=3
[08:28]   [ComfyUI] [comfy-env] VRAM request: 3.50GB, free before eviction: 10.67GB
[08:28]   [ComfyUI] [comfy-env] VRAM after eviction: 10.67GB
[08:31]   [capture-loop] iter=250 t=31.5s state={'complete': False, 'error': None, 'executedCount': 1, 'wsState': 1} eval_ms=5 ram=6.2/16.0GB (39%) swap=0.3/2.9GB (9%) cpu=50% browser_rss=0.63GB
[08:37]   [capture-loop] iter=300 t=37.3s state={'complete': False, 'error': None, 'executedCount': 1, 'wsState': 1} eval_ms=5 ram=6.2/16.0GB (39%) swap=0.3/2.9GB (9%) cpu=63% browser_rss=0.63GB
[08:43]   [capture-loop] iter=350 t=43.2s state={'complete': False, 'error': None, 'executedCount': 1, 'wsState': 1} eval_ms=5 ram=6.6/16.0GB (41%) swap=0.3/2.9GB (9%) cpu=66% browser_rss=0.63GB
[08:48]   [capture-loop] iter=400 t=49.1s state={'complete': False, 'error': None, 'executedCount': 1, 'wsState': 1} eval_ms=4 ram=6.3/16.0GB (39%) swap=0.3/2.9GB (9%) cpu=57% browser_rss=0.63GB
[08:54]   [capture-loop] iter=450 t=54.8s state={'complete': False, 'error': None, 'executedCount': 1, 'wsState': 1} eval_ms=4 ram=6.5/16.0GB (40%) swap=0.2/2.9GB (9%) cpu=52% browser_rss=0.60GB
[09:00]   [ComfyUI] [worker:ComfyUI-SAM3]
[09:00]   [ComfyUI] === WATCHDOG TICK 1 ===
[09:00]   [ComfyUI] [worker:ComfyUI-SAM3] Current thread 0x00001968 (most recent call first):
[09:00]   [ComfyUI]   File "C:\Users\RUNNER~1\AppData\Local\Temp\comfyui_pvenv_ijzed2d0\persistent_worker.py", line 52 in _watchdog
[09:00]   [ComfyUI]   File "C:\ce\.pixi\envs\sam3-nodes\Lib\threading.py", line 995 in run
[09:00]   [ComfyUI]   File "C:\ce\.pixi\envs\sam3-nodes\Lib\threading.py", line 1044 in _bootstrap_inner
[09:00]   [ComfyUI]   File "C:\ce\.pixi\envs\sam3-nodes\Lib\threading.py", line 1015 in _bootstrap
[09:00]   [ComfyUI] 
[09:00]   [ComfyUI] Thread 0x00000e4c (most recent call first):
[09:00]   [ComfyUI]   File "D:\a\comfy-gpu-ci\comfy-gpu-ci\test_workspaces\SAM3-2154\portable-comfyui\ComfyUI_windows_portable\ComfyUI\comfy\ops.py", line 385 in forward_comfy_cast_weights
[09:00]   [ComfyUI]   File "D:\a\comfy-gpu-ci\comfy-gpu-ci\test_workspaces\SAM3-2154\portable-comfyui\ComfyUI_windows_portable\ComfyUI\comfy\ops.py", line 392 in forward
[09:00]   [ComfyUI]   File "C:\ce\.pixi\envs\sam3-nodes\Lib\site-packages\torch\nn\modules\module.py", line 1790 in _call_impl
[09:00]   [ComfyUI]   File "C:\ce\.pixi\envs\sam3-nodes\Lib\site-packages\torch\nn\modules\module.py", line 1779 in _wrapped_call_impl
[09:00]   [ComfyUI]   File "D:\a\comfy-gpu-ci\comfy-gpu-ci\test_workspaces\SAM3-2154\portable-comfyui\ComfyUI_windows_portable\ComfyUI\custom_nodes\ComfyUI-SAM3\nodes\sam3\model.py", line 144 in forward
[09:00]   [ComfyUI]   File "C:\ce\.pixi\envs\sam3-nodes\Lib\site-packages\torch\nn\modules\module.py", line 1790 in _call_impl
[09:00]   [ComfyUI]   File "C:\ce\.pixi\envs\sam3-nodes\Lib\site-packages\torch\nn\modules\module.py", line 1779 in _wrapped_call_impl
[09:00]   [ComfyUI]   File "D:\a\comfy-gpu-ci\comfy-gpu-ci\test_workspaces\SAM3-2154\portable-comfyui\ComfyUI_windows_portable\ComfyUI\custom_nodes\ComfyUI-SAM3\nodes\sam3\model.py", line 823 in forward
[09:00]   [ComfyUI]   File "C:\ce\.pixi\envs\sam3-nodes\Lib\site-packages\torch\nn\modules\module.py", line 1790 in _call_impl
[09:00]   [ComfyUI]   File "C:\ce\.pixi\envs\sam3-nodes\Lib\site-packages\torch\nn\modules\module.py", line 1779 in _wrapped_call_impl
[09:00]   [ComfyUI]   File "D:\a\comfy-gpu-ci\comfy-gpu-ci\test_workspaces\SAM3-2154\portable-comfyui\ComfyUI_windows_portable\ComfyUI\custom_nodes\ComfyUI-SAM3\nodes\sam3\model.py", line 983 in forward
[09:00]   [ComfyUI]   File "C:\ce\.pixi\envs\sam3-nodes\Lib\site-packages\torch\nn\modules\module.py", line 1790 in _call_impl
[09:00]   [ComfyUI]   File "C:\ce\.pixi\envs\sam3-nodes\Lib\site-packages\torch\nn\modules\module.py", line 1779 in _wrapped_call_impl
[09:00]   [ComfyUI]   File "D:\a\comfy-gpu-ci\comfy-gpu-ci\test_workspaces\SAM3-2154\portable-comfyui\ComfyUI_windows_portable\ComfyUI\custom_nodes\ComfyUI-SAM3\nodes\sam3\model.py", line 2041 in forward
[09:00]   [ComfyUI]   File "D:\a\comfy-gpu-ci\comfy-gpu-ci\test_workspaces\SAM3-2154\portable-comfyui\ComfyUI_windows_portable\ComfyUI\custom_nodes\ComfyUI-SAM3\nodes\sam3\model.py", line 3321 in _forward_image_no_act_ckpt
[09:00]   [ComfyUI]   File "D:\a\comfy-gpu-ci\comfy-gpu-ci\test_workspaces\SAM3-2154\portable-comfyui\ComfyUI_windows_portable\ComfyUI\custom_nodes\ComfyUI-SAM3\nodes\sam3\model.py", line 3314 in forward_image
[09:00]   [ComfyUI]   File "D:\a\comfy-gpu-ci\comfy-gpu-ci\test_workspaces\SAM3-2154\portable-comfyui\ComfyUI_windows_portable\ComfyUI\custom_nodes\ComfyUI-SAM3\nodes\sam3\utils.py", line 1324 in set_image
[09:00]   [ComfyUI]   File "C:\ce\.pixi\envs\sam3-nodes\Lib\site-packages\torch\utils\_contextlib.py", line 124 in decorate_context
[09:00]   [ComfyUI]   File "D:\a\comfy-gpu-ci\comfy-gpu-ci\test_workspaces\SAM3-2154\portable-comfyui\ComfyUI_windows_portable\ComfyUI\custom_nodes\ComfyUI-SAM3\nodes\segmentation.py", line 496 in execute
[09:00]   [ComfyUI]   File "D:\a\comfy-gpu-ci\comfy-gpu-ci\test_workspaces\SAM3-2154\portable-comfyui\ComfyUI_windows_portable\ComfyUI\comfy_api\latest\_io.py", line 1826 in EXECUTE_NORMALIZED
[09:00]   [ComfyUI]   File "C:\Users\RUNNER~1\AppData\Local\Temp\comfyui_pvenv_ijzed2d0\persistent_worker.py", line 1762 in main
[09:00]   [ComfyUI]   File "C:\Users\RUNNER~1\AppData\Local\Temp\comfyui_pvenv_ijzed2d0\persistent_worker.py", line 1807 in <module>
[09:00]   [ComfyUI] 
[09:00]   [ComfyUI] [worker:ComfyUI-SAM3] === END ===
[09:00]   [ComfyUI] 
[09:00]   [capture-loop] iter=500 t=60.8s state={'complete': False, 'error': None, 'executedCount': 1, 'wsState': 1} eval_ms=4 ram=6.4/16.0GB (40%) swap=0.2/2.9GB (9%) cpu=63% browser_rss=0.60GB
[09:06]   [capture-loop] iter=550 t=66.7s state={'complete': False, 'error': None, 'executedCount': 1, 'wsState': 1} eval_ms=4 ram=6.6/16.0GB (41%) swap=0.2/2.9GB (9%) cpu=52% browser_rss=0.59GB
[09:12]   [capture-loop] iter=600 t=72.4s state={'complete': False, 'error': None, 'executedCount': 1, 'wsState': 1} eval_ms=6 ram=8.8/16.0GB (55%) swap=0.2/2.9GB (9%) cpu=54% browser_rss=0.59GB
[09:18]   [capture-loop] iter=650 t=78.3s state={'complete': False, 'error': None, 'executedCount': 1, 'wsState': 1} eval_ms=5 ram=6.7/16.0GB (42%) swap=0.4/2.9GB (14%) cpu=59% browser_rss=0.59GB
[09:23]   [capture-loop] iter=700 t=84.0s state={'complete': False, 'error': None, 'executedCount': 1, 'wsState': 1} eval_ms=5 ram=6.9/16.0GB (43%) swap=0.4/2.9GB (14%) cpu=51% browser_rss=0.59GB
[09:29]   [capture-loop] iter=750 t=89.9s state={'complete': False, 'error': None, 'executedCount': 1, 'wsState': 1} eval_ms=5 ram=7.6/16.0GB (48%) swap=0.4/2.9GB (14%) cpu=65% browser_rss=0.58GB
[09:35]   [ComfyUI] [SubprocessWorker] got response: ok
[09:35]   [ComfyUI] [comfy-env] SAM3Segmentation done (76.23s): result: NodeOutput
[09:35]   [ComfyUI] Prompt executed in 95.55 seconds
[09:35]   [capture-loop] iter=800 t=95.8s state={'complete': True, 'error': None, 'executedCount': 3, 'wsState': 1} eval_ms=9 ram=7.0/16.0GB (44%) swap=0.4/2.9GB (14%) cpu=57% browser_rss=0.59GB
[09:35]   Node executed (3 total), capturing...
[09:35]   Frame 12 saved (frame_011.jpg, t=95.9s)
[09:35]   [capture-node] freeze=5ms shot=126ms unfreeze=0ms saved=True
[09:35]   Execution complete (t=95.9s)
[09:35]   Captured 12 unique frames over 96.09s
[09:35]   [debug] iframes: 0
[09:35]   [timing] trigger_3d_previews: 0.0s
[09:38]   Saved high-quality screenshot: image_seg_point_executed.png
[09:38]   [timing] final_screenshot: 0.2s
[09:38] Capturing execution frames: image_seg_text.json
[09:44]   Frame 1 saved (frame_000.jpg, t=0.0s)
[09:44]   Validating workflow...
[09:44]   [ComfyUI] === /validate endpoint called ===
[09:44]   [ComfyUI] Received JSON with keys: ['prompt']
[09:44]   [ComfyUI] Prompt has 5 nodes
[09:44]   [ComfyUI]   Node 1: LoadImage
[09:44]   [ComfyUI]     Inputs: {"image": "example_image.jpg"}
[09:44]   [ComfyUI]   Node 3: PreviewImage
[09:44]   [ComfyUI]     Inputs: {"images": ["15", 1]}
[09:44]   Queuing workflow for execution...
[09:44]   [ComfyUI]   Node 4: MaskPreview
[09:44]   [ComfyUI]     Inputs: {"mask": ["15", 0]}
[09:44]   [ComfyUI]   Node 12: LoadSAM3Model
[09:44]   [ComfyUI]     Inputs: {"precision": "fp32", "compile": false}
[09:44]   [ComfyUI]   Node 15: SAM3Grounding
[09:44]   [ComfyUI]     Inputs: {"confidence_threshold": 0.2, "text_prompt": "child", "max_detections": -1, "sam3_model_config": ["12", 0], "image": ["1", 0]}
[09:44]   [ComfyUI] Generated prompt_id: bc516de4-ad68-4550-b621-eabccc8baadd
[09:44]   [ComfyUI] Calling execution.validate_prompt()...
[09:44]   [ComfyUI] Validation result: valid=True
[09:44]   [ComfyUI] === Validation PASSED ===
[09:44]   [ComfyUI] got prompt
[09:44]   [ComfyUI] [comfy-env] Running LoadSAM3Model: precision: 'fp32', compile: False
[09:44]   [ComfyUI] [SubprocessWorker] call_method: nodes.load_model.LoadSAM3Model.EXECUTE_NORMALIZED
[09:44]   [ComfyUI] [SubprocessWorker] acquired lock, ensuring started...
[09:44]   [ComfyUI] [ComfyUI-SAM3] Health check: ping (timeout=5.0s)...
[09:44]   [ComfyUI] [ComfyUI-SAM3] Health check: ok
[09:44]   [ComfyUI] [SubprocessWorker] worker started/confirmed
[09:44]   [ComfyUI] [SubprocessWorker] serializing kwargs to shm...
[09:44]   [ComfyUI] [SubprocessWorker] created 0 shm blocks
[09:44]   [ComfyUI] [SubprocessWorker] sending request via socket...
[09:44]   [ComfyUI] [SubprocessWorker] call_id=4 sending call_method
[09:44]   [ComfyUI] [SubprocessWorker] got response: ok
[09:44]   [ComfyUI] [comfy-env] LoadSAM3Model done (0.06s): result: NodeOutput
[09:44]   [ComfyUI] [comfy-env] Running SAM3Grounding: confidence_threshold: 0.2, text_prompt: 'child', max_detections: -1, sam3_model_config: dict, image: torch.float32 [1,720,1280,3] cpu
[09:44]   [ComfyUI] [SubprocessWorker] call_method: nodes.segmentation.SAM3Grounding.EXECUTE_NORMALIZED
[09:44]   [ComfyUI] [SubprocessWorker] acquired lock, ensuring started...
[09:44]   [ComfyUI] [ComfyUI-SAM3] Health check: ping (timeout=5.0s)...
[09:44]   [ComfyUI] [ComfyUI-SAM3] Health check: ok
[09:44]   [ComfyUI] [SubprocessWorker] worker started/confirmed
[09:44]   [ComfyUI] [comfy-env] PRE-SERIALIZE 'image' shape: torch.Size([1, 720, 1280, 3])
[09:44]   [ComfyUI] [SubprocessWorker] serializing kwargs to shm...
[09:44]   [ComfyUI] [SubprocessWorker] created 0 shm blocks
[09:44]   [ComfyUI] [SubprocessWorker] sending request via socket...
[09:44]   [ComfyUI] [SubprocessWorker] call_id=5 sending call_method
[09:44]   [ComfyUI] [worker:ComfyUI-SAM3] [comfy-env] _from_shm got dict with keys: ['__type__', 'strategy', 'manager_path', 'storage_key', 'storage_size']
[09:44]   [ComfyUI] [worker:ComfyUI-SAM3] [comfy-env] DESERIALIZE TensorRef: tensor_size=[1, 720, 1280, 3]
[09:44]   [ComfyUI] [worker:ComfyUI-SAM3] [comfy-env] DESERIALIZED tensor shape: torch.Size([1, 720, 1280, 3])
[09:45]   [ComfyUI] [SubprocessWorker] callback 'request_vram_budget' from call_id=5
[09:45]   [ComfyUI] [comfy-env] VRAM request: 3.50GB, free before eviction: 11.51GB
[09:45]   [ComfyUI] [comfy-env] VRAM after eviction: 11.51GB
[09:46]   Frame 2 saved (frame_001.jpg, t=2.3s)
[09:46]   [capture-periodic] freeze=4ms shot=132ms unfreeze=11ms saved=True
[09:48]   Frame 3 saved (frame_002.jpg, t=4.5s)
[09:48]   [capture-periodic] freeze=5ms shot=132ms unfreeze=3ms saved=True
[09:50]   [capture-loop] iter=50 t=5.9s state={'complete': False, 'error': None, 'executedCount': 0, 'wsState': 1} eval_ms=6 ram=5.6/16.0GB (35%) swap=0.4/2.9GB (14%) cpu=34% browser_rss=0.64GB
[09:55]   [capture-loop] iter=100 t=11.8s state={'complete': False, 'error': None, 'executedCount': 0, 'wsState': 1} eval_ms=6 ram=5.7/16.0GB (36%) swap=0.4/2.9GB (14%) cpu=58% browser_rss=0.62GB
[10:00]   [ComfyUI] [worker:ComfyUI-SAM3]
[10:00]   [ComfyUI] === WATCHDOG TICK 2 ===
[10:00]   [ComfyUI] [worker:ComfyUI-SAM3] Current thread 0x00001968 (most recent call first):
[10:00]   [ComfyUI]   File "C:\Users\RUNNER~1\AppData\Local\Temp\comfyui_pvenv_ijzed2d0\persistent_worker.py", line 52 in _watchdog
[10:00]   [ComfyUI]   File "C:\ce\.pixi\envs\sam3-nodes\Lib\threading.py", line 995 in run
[10:00]   [ComfyUI]   File "C:\ce\.pixi\envs\sam3-nodes\Lib\threading.py", line 1044 in _bootstrap_inner
[10:00]   [ComfyUI]   File "C:\ce\.pixi\envs\sam3-nodes\Lib\threading.py", line 1015 in _bootstrap
[10:00]   [ComfyUI] 
[10:00]   [ComfyUI] Thread 0x00000e4c (most recent call first):
[10:00]   [ComfyUI]   File "D:\a\comfy-gpu-ci\comfy-gpu-ci\test_workspaces\SAM3-2154\portable-comfyui\ComfyUI_windows_portable\ComfyUI\comfy\ops.py", line 385 in forward_comfy_cast_weights
[10:00]   [ComfyUI]   File "D:\a\comfy-gpu-ci\comfy-gpu-ci\test_workspaces\SAM3-2154\portable-comfyui\ComfyUI_windows_portable\ComfyUI\comfy\ops.py", line 392 in forward
[10:00]   [ComfyUI]   File "C:\ce\.pixi\envs\sam3-nodes\Lib\site-packages\torch\nn\modules\module.py", line 1790 in _call_impl
[10:00]   [ComfyUI]   File "C:\ce\.pixi\envs\sam3-nodes\Lib\site-packages\torch\nn\modules\module.py", line 1779 in _wrapped_call_impl
[10:00]   [ComfyUI]   File "D:\a\comfy-gpu-ci\comfy-gpu-ci\test_workspaces\SAM3-2154\portable-comfyui\ComfyUI_windows_portable\ComfyUI\custom_nodes\ComfyUI-SAM3\nodes\sam3\model.py", line 144 in forward
[10:00]   [ComfyUI]   File "C:\ce\.pixi\envs\sam3-nodes\Lib\site-packages\torch\nn\modules\module.py", line 1790 in _call_impl
[10:00]   [ComfyUI]   File "C:\ce\.pixi\envs\sam3-nodes\Lib\site-packages\torch\nn\modules\module.py", line 1779 in _wrapped_call_impl
[10:00]   [ComfyUI]   File "D:\a\comfy-gpu-ci\comfy-gpu-ci\test_workspaces\SAM3-2154\portable-comfyui\ComfyUI_windows_portable\ComfyUI\custom_nodes\ComfyUI-SAM3\nodes\sam3\model.py", line 823 in forward
[10:00]   [ComfyUI]   File "C:\ce\.pixi\envs\sam3-nodes\Lib\site-packages\torch\nn\modules\module.py", line 1790 in _call_impl
[10:00]   [ComfyUI]   File "C:\ce\.pixi\envs\sam3-nodes\Lib\site-packages\torch\nn\modules\module.py", line 1779 in _wrapped_call_impl
[10:00]   [ComfyUI]   File "D:\a\comfy-gpu-ci\comfy-gpu-ci\test_workspaces\SAM3-2154\portable-comfyui\ComfyUI_windows_portable\ComfyUI\custom_nodes\ComfyUI-SAM3\nodes\sam3\model.py", line 983 in forward
[10:00]   [ComfyUI]   File "C:\ce\.pixi\envs\sam3-nodes\Lib\site-packages\torch\nn\modules\module.py", line 1790 in _call_impl
[10:00]   [ComfyUI]   File "C:\ce\.pixi\envs\sam3-nodes\Lib\site-packages\torch\nn\modules\module.py", line 1779 in _wrapped_call_impl
[10:00]   [ComfyUI]   File "D:\a\comfy-gpu-ci\comfy-gpu-ci\test_workspaces\SAM3-2154\portable-comfyui\ComfyUI_windows_portable\ComfyUI\custom_nodes\ComfyUI-SAM3\nodes\sam3\model.py", line 2041 in forward
[10:00]   [ComfyUI]   File "D:\a\comfy-gpu-ci\comfy-gpu-ci\test_workspaces\SAM3-2154\portable-comfyui\ComfyUI_windows_portable\ComfyUI\custom_nodes\ComfyUI-SAM3\nodes\sam3\model.py", line 3321 in _forward_image_no_act_ckpt
[10:00]   [ComfyUI]   File "D:\a\comfy-gpu-ci\comfy-gpu-ci\test_workspaces\SAM3-2154\portable-comfyui\ComfyUI_windows_portable\ComfyUI\custom_nodes\ComfyUI-SAM3\nodes\sam3\model.py", line 3314 in forward_image
[10:00]   [ComfyUI]   File "D:\a\comfy-gpu-ci\comfy-gpu-ci\test_workspaces\SAM3-2154\portable-comfyui\ComfyUI_windows_portable\ComfyUI\custom_nodes\ComfyUI-SAM3\nodes\sam3\utils.py", line 1324 in set_image
[10:00]   [ComfyUI]   File "C:\ce\.pixi\envs\sam3-nodes\Lib\site-packages\torch\utils\_contextlib.py", line 124 in decorate_context
[10:00]   [ComfyUI]   File "D:\a\comfy-gpu-ci\comfy-gpu-ci\test_workspaces\SAM3-2154\portable-comfyui\ComfyUI_windows_portable\ComfyUI\custom_nodes\ComfyUI-SAM3\nodes\segmentation.py", line 133 in _segment_grounding
[10:00]   [ComfyUI]   File "D:\a\comfy-gpu-ci\comfy-gpu-ci\test_workspaces\SAM3-2154\portable-comfyui\ComfyUI_windows_portable\ComfyUI\custom_nodes\ComfyUI-SAM3\nodes\segmentation.py", line 111 in execute
[10:00]   [ComfyUI]   File "D:\a\comfy-gpu-ci\comfy-gpu-ci\test_workspaces\SAM3-2154\portable-comfyui\ComfyUI_windows_portable\ComfyUI\comfy_api\latest\_io.py", line 1826 in EXECUTE_NORMALIZED
[10:00]   [ComfyUI]   File "C:\Users\RUNNER~1\AppData\Local\Temp\comfyui_pvenv_ijzed2d0\persistent_worker.py", line 1762 in main
[10:00]   [ComfyUI]   File "C:\Users\RUNNER~1\AppData\Local\Temp\comfyui_pvenv_ijzed2d0\persistent_worker.py", line 1807 in <module>
[10:00]   [ComfyUI] 
[10:00]   [ComfyUI] [worker:ComfyUI-SAM3] === END ===
[10:00]   [ComfyUI] 
[10:01]   [capture-loop] iter=150 t=17.5s state={'complete': False, 'error': None, 'executedCount': 0, 'wsState': 1} eval_ms=9 ram=5.9/16.0GB (37%) swap=0.4/2.9GB (14%) cpu=63% browser_rss=0.61GB
[10:07]   [capture-loop] iter=200 t=23.3s state={'complete': False, 'error': None, 'executedCount': 0, 'wsState': 1} eval_ms=6 ram=6.0/16.0GB (38%) swap=0.4/2.9GB (14%) cpu=55% browser_rss=0.61GB
[10:13]   [capture-loop] iter=250 t=29.2s state={'complete': False, 'error': None, 'executedCount': 0, 'wsState': 1} eval_ms=5 ram=6.0/16.0GB (37%) swap=0.5/2.9GB (19%) cpu=64% browser_rss=0.53GB
[10:19]   [capture-loop] iter=300 t=34.9s state={'complete': False, 'error': None, 'executedCount': 0, 'wsState': 1} eval_ms=5 ram=6.4/16.0GB (40%) swap=0.5/2.9GB (19%) cpu=58% browser_rss=0.52GB
[10:24]   [capture-loop] iter=350 t=40.8s state={'complete': False, 'error': None, 'executedCount': 0, 'wsState': 1} eval_ms=5 ram=6.7/16.0GB (42%) swap=0.5/2.9GB (19%) cpu=58% browser_rss=0.52GB
[10:30]   [capture-loop] iter=400 t=46.7s state={'complete': False, 'error': None, 'executedCount': 0, 'wsState': 1} eval_ms=6 ram=6.4/16.0GB (40%) swap=0.5/2.9GB (19%) cpu=61% browser_rss=0.52GB
[10:36]   [capture-loop] iter=450 t=52.4s state={'complete': False, 'error': None, 'executedCount': 0, 'wsState': 1} eval_ms=4 ram=6.6/16.0GB (42%) swap=0.5/2.9GB (19%) cpu=58% browser_rss=0.51GB
[10:42]   [capture-loop] iter=500 t=58.3s state={'complete': False, 'error': None, 'executedCount': 0, 'wsState': 1} eval_ms=6 ram=6.8/16.0GB (42%) swap=0.5/2.9GB (19%) cpu=62% browser_rss=0.51GB
[10:48]   [capture-loop] iter=550 t=63.9s state={'complete': False, 'error': None, 'executedCount': 0, 'wsState': 1} eval_ms=4 ram=7.3/16.0GB (46%) swap=0.5/2.9GB (19%) cpu=44% browser_rss=0.51GB
[10:53]   [capture-loop] iter=600 t=69.8s state={'complete': False, 'error': None, 'executedCount': 0, 'wsState': 1} eval_ms=6 ram=8.7/16.0GB (54%) swap=0.7/2.9GB (24%) cpu=57% browser_rss=0.51GB
[10:59]   [capture-loop] iter=650 t=75.7s state={'complete': False, 'error': None, 'executedCount': 0, 'wsState': 1} eval_ms=4 ram=8.0/16.0GB (50%) swap=0.7/2.9GB (24%) cpu=68% browser_rss=0.50GB
[11:00]   [ComfyUI] [worker:ComfyUI-SAM3]
[11:00]   [ComfyUI] === WATCHDOG TICK 3 ===
[11:00]   [ComfyUI] [worker:ComfyUI-SAM3] Current thread 0x00001968 (most recent call first):
[11:00]   [ComfyUI]   File "C:\Users\RUNNER~1\AppData\Local\Temp\comfyui_pvenv_ijzed2d0\persistent_worker.py", line 52 in _watchdog
[11:00]   [ComfyUI]   File "C:\ce\.pixi\envs\sam3-nodes\Lib\threading.py", line 995 in run
[11:00]   [ComfyUI]   File "C:\ce\.pixi\envs\sam3-nodes\Lib\threading.py", line 1044 in _bootstrap_inner
[11:00]   [ComfyUI]   File "C:\ce\.pixi\envs\sam3-nodes\Lib\threading.py", line 1015 in _bootstrap
[11:00]   [ComfyUI] 
[11:00]   [ComfyUI] Thread 0x00000e4c (most recent call first):
[11:00]   [ComfyUI]   File "D:\a\comfy-gpu-ci\comfy-gpu-ci\test_workspaces\SAM3-2154\portable-comfyui\ComfyUI_windows_portable\ComfyUI\comfy\ops.py", line 385 in forward_comfy_cast_weights
[11:00]   [ComfyUI]   File "D:\a\comfy-gpu-ci\comfy-gpu-ci\test_workspaces\SAM3-2154\portable-comfyui\ComfyUI_windows_portable\ComfyUI\comfy\ops.py", line 392 in forward
[11:00]   [ComfyUI]   File "C:\ce\.pixi\envs\sam3-nodes\Lib\site-packages\torch\nn\modules\module.py", line 1790 in _call_impl
[11:00]   [ComfyUI]   File "C:\ce\.pixi\envs\sam3-nodes\Lib\site-packages\torch\nn\modules\module.py", line 1779 in _wrapped_call_impl
[11:00]   [ComfyUI]   File "D:\a\comfy-gpu-ci\comfy-gpu-ci\test_workspaces\SAM3-2154\portable-comfyui\ComfyUI_windows_portable\ComfyUI\custom_nodes\ComfyUI-SAM3\nodes\sam3\attention.py", line 198 in forward
[11:00]   [ComfyUI]   File "C:\ce\.pixi\envs\sam3-nodes\Lib\site-packages\torch\nn\modules\module.py", line 1790 in _call_impl
[11:00]   [ComfyUI]   File "C:\ce\.pixi\envs\sam3-nodes\Lib\site-packages\torch\nn\modules\module.py", line 1779 in _wrapped_call_impl
[11:00]   [ComfyUI]   File "D:\a\comfy-gpu-ci\comfy-gpu-ci\test_workspaces\SAM3-2154\portable-comfyui\ComfyUI_windows_portable\ComfyUI\custom_nodes\ComfyUI-SAM3\nodes\sam3\model.py", line 1476 in forward
[11:00]   [ComfyUI]   File "C:\ce\.pixi\envs\sam3-nodes\Lib\site-packages\torch\nn\modules\module.py", line 1790 in _call_impl
[11:00]   [ComfyUI]   File "C:\ce\.pixi\envs\sam3-nodes\Lib\site-packages\torch\nn\modules\module.py", line 1779 in _wrapped_call_impl
[11:00]   [ComfyUI]   File "D:\a\comfy-gpu-ci\comfy-gpu-ci\test_workspaces\SAM3-2154\portable-comfyui\ComfyUI_windows_portable\ComfyUI\custom_nodes\ComfyUI-SAM3\nodes\sam3\model.py", line 1753 in forward
[11:00]   [ComfyUI]   File "C:\ce\.pixi\envs\sam3-nodes\Lib\site-packages\torch\nn\modules\module.py", line 1790 in _call_impl
[11:00]   [ComfyUI]   File "C:\ce\.pixi\envs\sam3-nodes\Lib\site-packages\torch\nn\modules\module.py", line 1779 in _wrapped_call_impl
[11:00]   [ComfyUI]   File "D:\a\comfy-gpu-ci\comfy-gpu-ci\test_workspaces\SAM3-2154\portable-comfyui\ComfyUI_windows_portable\ComfyUI\custom_nodes\ComfyUI-SAM3\nodes\sam3\model.py", line 3641 in _run_decoder
[11:00]   [ComfyUI]   File "D:\a\comfy-gpu-ci\comfy-gpu-ci\test_workspaces\SAM3-2154\portable-comfyui\ComfyUI_windows_portable\ComfyUI\custom_nodes\ComfyUI-SAM3\nodes\sam3\model.py", line 3839 in forward_grounding
[11:00]   [ComfyUI]   File "D:\a\comfy-gpu-ci\comfy-gpu-ci\test_workspaces\SAM3-2154\portable-comfyui\ComfyUI_windows_portable\ComfyUI\custom_nodes\ComfyUI-SAM3\nodes\sam3\utils.py", line 1477 in _forward_grounding
[11:00]   [ComfyUI]   File "C:\ce\.pixi\envs\sam3-nodes\Lib\site-packages\torch\utils\_contextlib.py", line 124 in decorate_context
[11:00]   [ComfyUI]   File "D:\a\comfy-gpu-ci\comfy-gpu-ci\test_workspaces\SAM3-2154\portable-comfyui\ComfyUI_windows_portable\ComfyUI\custom_nodes\ComfyUI-SAM3\nodes\sam3\utils.py", line 1393 in set_text_prompt
[11:00]   [ComfyUI]   File "C:\ce\.pixi\envs\sam3-nodes\Lib\site-packages\torch\utils\_contextlib.py", line 124 in decorate_context
[11:00]   [ComfyUI]   File "D:\a\comfy-gpu-ci\comfy-gpu-ci\test_workspaces\SAM3-2154\portable-comfyui\ComfyUI_windows_portable\ComfyUI\custom_nodes\ComfyUI-SAM3\nodes\segmentation.py", line 138 in _segment_grounding
[11:00]   [ComfyUI]   File "D:\a\comfy-gpu-ci\comfy-gpu-ci\test_workspaces\SAM3-2154\portable-comfyui\ComfyUI_windows_portable\ComfyUI\custom_nodes\ComfyUI-SAM3\nodes\segmentation.py", line 111 in execute
[11:00]   [ComfyUI]   File "D:\a\comfy-gpu-ci\comfy-gpu-ci\test_workspaces\SAM3-2154\portable-comfyui\ComfyUI_windows_portable\ComfyUI\comfy_api\latest\_io.py", line 1826 in EXECUTE_NORMALIZED
[11:00]   [ComfyUI]   File "C:\Users\RUNNER~1\AppData\Local\Temp\comfyui_pvenv_ijzed2d0\persistent_worker.py", line 1762 in main
[11:00]   [ComfyUI]   File "C:\Users\RUNNER~1\AppData\Local\Temp\comfyui_pvenv_ijzed2d0\persistent_worker.py", line 1807 in <module>
[11:00]   [ComfyUI] 
[11:00]   [ComfyUI] [worker:ComfyUI-SAM3] === END ===
[11:00]   [ComfyUI] 
[11:02]   [ComfyUI] [SubprocessWorker] got response: ok
[11:02]   [ComfyUI] [comfy-env] SAM3Grounding done (78.43s): result: NodeOutput
[11:02]   Node executed (1 total), capturing...
[11:03]   [ComfyUI] Prompt executed in 78.78 seconds
[11:03]   Frame 4 saved (frame_003.jpg, t=78.9s)
[11:03]   [capture-node] freeze=4ms shot=145ms unfreeze=4ms saved=True
[11:03]   Node executed (2 total), capturing...
[11:03]   Frame 5 saved (frame_004.jpg, t=79.3s)
[11:03]   [capture-node] freeze=4ms shot=114ms unfreeze=0ms saved=True
[11:03]   Execution complete (t=79.4s)
[11:03]   Captured 5 unique frames over 79.5s
[11:03]   [debug] iframes: 0
[11:03]   [timing] trigger_3d_previews: 0.0s
[11:05]   Saved high-quality screenshot: image_seg_text_executed.png
[11:05]   [timing] final_screenshot: 0.2s
[11:06] Capturing execution frames: scene_seg.json
[11:06]   [ComfyUI] Exception in callback _ProactorBasePipeTransport._call_connection_lost()
[11:06]   [ComfyUI] handle: <Handle _ProactorBasePipeTransport._call_connection_lost()>
[11:06]   [ComfyUI] Traceback (most recent call last):
[11:06]   [ComfyUI]   File "asyncio\events.py", line 89, in _run
[11:06]   [ComfyUI]   File "asyncio\proactor_events.py", line 165, in _call_connection_lost
[11:06]   [ComfyUI] ConnectionResetError: [WinError 10054] An existing connection was forcibly closed by the remote host
[11:12]   Frame 1 saved (frame_000.jpg, t=0.0s)
[11:12]   Validating workflow...
[11:12]   [ComfyUI] === /validate endpoint called ===
[11:12]   [ComfyUI] Received JSON with keys: ['prompt']
[11:12]   [ComfyUI] Prompt has 10 nodes
[11:12]   [ComfyUI]   Node 1: LoadImage
[11:12]   [ComfyUI]     Inputs: {"image": "image.png"}
[11:12]   [ComfyUI]   Node 3: PreviewImage
[11:12]   [ComfyUI]     Inputs: {"images": ["27", 1]}
[11:12]   [ComfyUI]   Node 4: MaskPreview
[11:12]   [ComfyUI]     Inputs: {"mask": ["27", 0]}
[11:12]   [ComfyUI]   Node 12: LoadSAM3Model
[11:12]   [ComfyUI]     Inputs: {"precision": "fp32", "compile": false}
[11:12]   [ComfyUI]   Node 20: SAM3MultiRegionCollector
[11:12]   [ComfyUI]     Inputs: {"multi_prompts_store": "[{\"positive_points\":[{\"x\":5052.74953932266,\"y\":2847.0600693869637},{\"x\":4932.510591392486,\"y\":2953.9413227753366},{\"x\":4718.752461738845,\"y\":2967.301479448883},{
[11:12]   [ComfyUI]   Node 22: MultibandFromBatch
[11:12]   [ComfyUI]     Inputs: {"images": ["1", 0], "masks": ["27", 0]}
[11:12]   [ComfyUI]   Node 23: MultibandSave
[11:12]   [ComfyUI]     Inputs: {"file_path": "output/multiband", "format": "npz", "multiband": ["26", 0]}
[11:12]   [ComfyUI]   Node 24: MultibandPreview
[11:12]   [ComfyUI]     Inputs: {"channel_index": 0, "multiband": ["26", 0]}
[11:12]   [ComfyUI]   Node 26: MultibandResize
[11:12]   [ComfyUI]     Inputs: {"upscale_method": "nearest-exact", "width": 900, "height": 600, "crop": "center", "multiband": ["22", 0]}
[11:12]   [ComfyUI]   Node 27: SAM3MultipromptSegmentation
[11:12]   [ComfyUI]     Inputs: {"refinement_iterations": 0, "use_multimask": false, "sam3_model_config": ["12", 0], "image": ["1", 0], "multi_prompts": ["20", 0]}
[11:12]   [ComfyUI] Generated prompt_id: a483b2e4-455a-4fb3-aaf6-cf46731111af
[11:12]   [ComfyUI] Calling execution.validate_prompt()...
[11:12]   [ComfyUI] Validation result: valid=True
[11:12]   [ComfyUI] === Validation PASSED ===
[11:12]   Queuing workflow for execution...
[11:12]   [ComfyUI] got prompt
[11:13]   [ComfyUI] [comfy-env] Running SAM3MultiRegionCollector: multi_prompts_store: '[{"positive_points":[{"x":5052.74953932266,"y":2847.0600..., image: torch.float32 [1,4480,6720,3] cpu
[11:13]   [ComfyUI] [SubprocessWorker] call_method: nodes.sam3_interactive.SAM3MultiRegionCollector.EXECUTE_NORMALIZED
[11:13]   [ComfyUI] [SubprocessWorker] acquired lock, ensuring started...
[11:13]   [ComfyUI] [ComfyUI-SAM3] Health check: ping (timeout=5.0s)...
[11:13]   [ComfyUI] [ComfyUI-SAM3] Health check: ok
[11:13]   [ComfyUI] [SubprocessWorker] worker started/confirmed
[11:13]   [ComfyUI] [comfy-env] PRE-SERIALIZE 'image' shape: torch.Size([1, 4480, 6720, 3])
[11:13]   [ComfyUI] [SubprocessWorker] serializing kwargs to shm...
[11:13]   [ComfyUI] [SubprocessWorker] created 0 shm blocks
[11:13]   [ComfyUI] [SubprocessWorker] sending request via socket...
[11:13]   [ComfyUI] [SubprocessWorker] call_id=6 sending call_method
[11:13]   [ComfyUI] [worker:ComfyUI-SAM3] [comfy-env] _from_shm got dict with keys: ['__type__', 'strategy', 'manager_path', 'storage_key', 'storage_size']
[11:13]   [ComfyUI] [worker:ComfyUI-SAM3] [comfy-env] DESERIALIZE TensorRef: tensor_size=[1, 4480, 6720, 3]
[11:13]   [ComfyUI] [worker:ComfyUI-SAM3] [comfy-env] DESERIALIZED tensor shape: torch.Size([1, 4480, 6720, 3])
[11:14]   [ComfyUI] [SubprocessWorker] got response: ok
[11:14]   [ComfyUI] [comfy-env] SAM3MultiRegionCollector done (0.98s): result: NodeOutput
[11:14]   [ComfyUI] [comfy-env] Running LoadSAM3Model: precision: 'fp32', compile: False
[11:14]   [ComfyUI] [SubprocessWorker] call_method: nodes.load_model.LoadSAM3Model.EXECUTE_NORMALIZED
[11:14]   [ComfyUI] [SubprocessWorker] acquired lock, ensuring started...
[11:14]   [ComfyUI] [ComfyUI-SAM3] Health check: ping (timeout=5.0s)...
[11:14]   [ComfyUI] [ComfyUI-SAM3] Health check: ok
[11:14]   [ComfyUI] [SubprocessWorker] worker started/confirmed
[11:14]   [ComfyUI] [SubprocessWorker] serializing kwargs to shm...
[11:14]   [ComfyUI] [SubprocessWorker] created 0 shm blocks
[11:14]   [ComfyUI] [SubprocessWorker] sending request via socket...
[11:14]   [ComfyUI] [SubprocessWorker] call_id=7 sending call_method
[11:14]   [ComfyUI] [SubprocessWorker] got response: ok
[11:14]   [ComfyUI] [comfy-env] LoadSAM3Model done (0.06s): result: NodeOutput
[11:14]   [ComfyUI] [comfy-env] Running SAM3MultipromptSegmentation: refinement_iterations: 0, use_multimask: False, sam3_model_config: dict, image: torch.float32 [1,4480,6720,3] cpu, multi_prompts: list[7]
[11:14]   [ComfyUI] [SubprocessWorker] call_method: nodes.segmentation.SAM3MultipromptSegmentation.EXECUTE_NORMALIZED
[11:14]   [ComfyUI] [SubprocessWorker] acquired lock, ensuring started...
[11:14]   [ComfyUI] [ComfyUI-SAM3] Health check: ping (timeout=5.0s)...
[11:14]   [ComfyUI] [ComfyUI-SAM3] Health check: ok
[11:14]   [ComfyUI] [SubprocessWorker] worker started/confirmed
[11:14]   [ComfyUI] [comfy-env] PRE-SERIALIZE 'image' shape: torch.Size([1, 4480, 6720, 3])
[11:14]   [ComfyUI] [SubprocessWorker] serializing kwargs to shm...
[11:14]   [ComfyUI] [SubprocessWorker] created 0 shm blocks
[11:14]   [ComfyUI] [SubprocessWorker] sending request via socket...
[11:14]   [ComfyUI] [SubprocessWorker] call_id=8 sending call_method
[11:14]   [ComfyUI] [worker:ComfyUI-SAM3] [comfy-env] _from_shm got dict with keys: ['__type__', 'strategy', 'manager_path', 'storage_key', 'storage_size']
[11:14]   [ComfyUI] [worker:ComfyUI-SAM3] [comfy-env] DESERIALIZE TensorRef: tensor_size=[1, 4480, 6720, 3]
[11:14]   [ComfyUI] [worker:ComfyUI-SAM3] [comfy-env] DESERIALIZED tensor shape: torch.Size([1, 4480, 6720, 3])
[11:14]   [ComfyUI] [SubprocessWorker] callback 'request_vram_budget' from call_id=8
[11:14]   [ComfyUI] [comfy-env] VRAM request: 3.50GB, free before eviction: 8.04GB
[11:14]   [ComfyUI] [comfy-env] VRAM after eviction: 8.04GB
[11:14]   Frame 2 saved (frame_001.jpg, t=2.2s)
[11:14]   [capture-periodic] freeze=5ms shot=461ms unfreeze=77ms saved=True
[11:15]   Node executed (1 total), capturing...
[11:15]   Frame 3 saved (frame_002.jpg, t=3.1s)
[11:15]   [capture-node] freeze=5ms shot=205ms unfreeze=17ms saved=True
[11:17]   Frame 4 saved (frame_003.jpg, t=5.5s)
[11:17]   [capture-periodic] freeze=5ms shot=187ms unfreeze=12ms saved=True
[11:19]   [capture-loop] iter=50 t=6.9s state={'complete': False, 'error': None, 'executedCount': 1, 'wsState': 1} eval_ms=5 ram=9.2/16.0GB (58%) swap=0.8/2.9GB (28%) cpu=43% browser_rss=1.53GB
[11:25]   [capture-loop] iter=100 t=13.0s state={'complete': False, 'error': None, 'executedCount': 1, 'wsState': 1} eval_ms=4 ram=9.2/16.0GB (58%) swap=0.8/2.9GB (28%) cpu=67% browser_rss=1.53GB
[11:31]   [capture-loop] iter=150 t=18.9s state={'complete': False, 'error': None, 'executedCount': 1, 'wsState': 1} eval_ms=4 ram=8.0/16.0GB (50%) swap=1.7/2.9GB (60%) cpu=67% browser_rss=0.90GB
[11:37]   [capture-loop] iter=200 t=25.0s state={'complete': False, 'error': None, 'executedCount': 1, 'wsState': 1} eval_ms=5 ram=8.1/16.0GB (51%) swap=1.6/2.9GB (56%) cpu=61% browser_rss=1.00GB
[11:43]   [capture-loop] iter=250 t=31.0s state={'complete': False, 'error': None, 'executedCount': 1, 'wsState': 1} eval_ms=5 ram=8.2/16.0GB (51%) swap=1.6/2.9GB (56%) cpu=60% browser_rss=1.00GB
[11:48]   [capture-loop] iter=300 t=36.8s state={'complete': False, 'error': None, 'executedCount': 1, 'wsState': 1} eval_ms=4 ram=8.1/16.0GB (51%) swap=1.6/2.9GB (56%) cpu=62% browser_rss=1.00GB
[11:55]   [capture-loop] iter=350 t=42.8s state={'complete': False, 'error': None, 'executedCount': 1, 'wsState': 1} eval_ms=4 ram=8.1/16.0GB (51%) swap=1.6/2.9GB (55%) cpu=60% browser_rss=1.00GB
[12:00]   [ComfyUI] [worker:ComfyUI-SAM3]
[12:00]   [ComfyUI] === WATCHDOG TICK 4 ===
[12:00]   [ComfyUI] [worker:ComfyUI-SAM3] Current thread 0x00001968 (most recent call first):
[12:00]   [ComfyUI]   File "C:\Users\RUNNER~1\AppData\Local\Temp\comfyui_pvenv_ijzed2d0\persistent_worker.py", line 52 in _watchdog
[12:00]   [ComfyUI]   File "C:\ce\.pixi\envs\sam3-nodes\Lib\threading.py", line 995 in run
[12:00]   [ComfyUI]   File "C:\ce\.pixi\envs\sam3-nodes\Lib\threading.py", line 1044 in _bootstrap_inner
[12:00]   [ComfyUI]   File "C:\ce\.pixi\envs\sam3-nodes\Lib\threading.py", line 1015 in _bootstrap
[12:00]   [ComfyUI] 
[12:00]   [ComfyUI] Thread 0x00000e4c (most recent call first):
[12:00]   [ComfyUI]   File "D:\a\comfy-gpu-ci\comfy-gpu-ci\test_workspaces\SAM3-2154\portable-comfyui\ComfyUI_windows_portable\ComfyUI\comfy\ldm\modules\sub_quadratic_attention.py", line 170 in _get_attention_scores_no_kv_chunking
[12:00]   [ComfyUI]   File "D:\a\comfy-gpu-ci\comfy-gpu-ci\test_workspaces\SAM3-2154\portable-comfyui\ComfyUI_windows_portable\ComfyUI\comfy\ldm\modules\sub_quadratic_attention.py", line 259 in efficient_dot_product_attention
[12:00]   [ComfyUI]   File "D:\a\comfy-gpu-ci\comfy-gpu-ci\test_workspaces\SAM3-2154\portable-comfyui\ComfyUI_windows_portable\ComfyUI\comfy\ldm\modules\attention.py", line 264 in attention_sub_quad
[12:00]   [ComfyUI]   File "D:\a\comfy-gpu-ci\comfy-gpu-ci\test_workspaces\SAM3-2154\portable-comfyui\ComfyUI_windows_portable\ComfyUI\comfy\ldm\modules\attention.py", line 137 in wrapper
[12:00]   [ComfyUI]   File "D:\a\comfy-gpu-ci\comfy-gpu-ci\test_workspaces\SAM3-2154\portable-comfyui\ComfyUI_windows_portable\ComfyUI\custom_nodes\ComfyUI-SAM3\nodes\sam3\attention.py", line 120 in sam3_attention
[12:00]   [ComfyUI]   File "D:\a\comfy-gpu-ci\comfy-gpu-ci\test_workspaces\SAM3-2154\portable-comfyui\ComfyUI_windows_portable\ComfyUI\custom_nodes\ComfyUI-SAM3\nodes\sam3\model.py", line 729 in forward
[12:00]   [ComfyUI]   File "C:\ce\.pixi\envs\sam3-nodes\Lib\site-packages\torch\nn\modules\module.py", line 1790 in _call_impl
[12:00]   [ComfyUI]   File "C:\ce\.pixi\envs\sam3-nodes\Lib\site-packages\torch\nn\modules\module.py", line 1779 in _wrapped_call_impl
[12:00]   [ComfyUI]   File "D:\a\comfy-gpu-ci\comfy-gpu-ci\test_workspaces\SAM3-2154\portable-comfyui\ComfyUI_windows_portable\ComfyUI\custom_nodes\ComfyUI-SAM3\nodes\sam3\model.py", line 819 in forward
[12:00]   [ComfyUI]   File "C:\ce\.pixi\envs\sam3-nodes\Lib\site-packages\torch\nn\modules\module.py", line 1790 in _call_impl
[12:00]   [ComfyUI]   File "C:\ce\.pixi\envs\sam3-nodes\Lib\site-packages\torch\nn\modules\module.py", line 1779 in _wrapped_call_impl
[12:00]   [ComfyUI]   File "D:\a\comfy-gpu-ci\comfy-gpu-ci\test_workspaces\SAM3-2154\portable-comfyui\ComfyUI_windows_portable\ComfyUI\custom_nodes\ComfyUI-SAM3\nodes\sam3\model.py", line 983 in forward
[12:00]   [ComfyUI]   File "C:\ce\.pixi\envs\sam3-nodes\Lib\site-packages\torch\nn\modules\module.py", line 1790 in _call_impl
[12:00]   [ComfyUI]   File "C:\ce\.pixi\envs\sam3-nodes\Lib\site-packages\torch\nn\modules\module.py", line 1779 in _wrapped_call_impl
[12:00]   [ComfyUI]   File "D:\a\comfy-gpu-ci\comfy-gpu-ci\test_workspaces\SAM3-2154\portable-comfyui\ComfyUI_windows_portable\ComfyUI\custom_nodes\ComfyUI-SAM3\nodes\sam3\model.py", line 2041 in forward
[12:00]   [ComfyUI]   File "D:\a\comfy-gpu-ci\comfy-gpu-ci\test_workspaces\SAM3-2154\portable-comfyui\ComfyUI_windows_portable\ComfyUI\custom_nodes\ComfyUI-SAM3\nodes\sam3\model.py", line 3321 in _forward_image_no_act_ckpt
[12:00]   [ComfyUI]   File "D:\a\comfy-gpu-ci\comfy-gpu-ci\test_workspaces\SAM3-2154\portable-comfyui\ComfyUI_windows_portable\ComfyUI\custom_nodes\ComfyUI-SAM3\nodes\sam3\model.py", line 3314 in forward_image
[12:00]   [ComfyUI]   File "D:\a\comfy-gpu-ci\comfy-gpu-ci\test_workspaces\SAM3-2154\portable-comfyui\ComfyUI_windows_portable\ComfyUI\custom_nodes\ComfyUI-SAM3\nodes\sam3\utils.py", line 1324 in set_image
[12:00]   [ComfyUI]   File "C:\ce\.pixi\envs\sam3-nodes\Lib\site-packages\torch\utils\_contextlib.py", line 124 in decorate_context
[12:00]   [ComfyUI]   File "D:\a\comfy-gpu-ci\comfy-gpu-ci\test_workspaces\SAM3-2154\portable-comfyui\ComfyUI_windows_portable\ComfyUI\custom_nodes\ComfyUI-SAM3\nodes\segmentation.py", line 733 in execute
[12:00]   [ComfyUI]   File "D:\a\comfy-gpu-ci\comfy-gpu-ci\test_workspaces\SAM3-2154\portable-comfyui\ComfyUI_windows_portable\ComfyUI\comfy_api\latest\_io.py", line 1826 in EXECUTE_NORMALIZED
[12:00]   [ComfyUI]   File "C:\Users\RUNNER~1\AppData\Local\Temp\comfyui_pvenv_ijzed2d0\persistent_worker.py", line 1762 in main
[12:00]   [ComfyUI]   File "C:\Users\RUNNER~1\AppData\Local\Temp\comfyui_pvenv_ijzed2d0\persistent_worker.py", line 1807 in <module>
[12:00]   [ComfyUI] 
[12:00]   [ComfyUI] [worker:ComfyUI-SAM3] === END ===
[12:00]   [ComfyUI] 
[12:01]   [capture-loop] iter=400 t=48.9s state={'complete': False, 'error': None, 'executedCount': 1, 'wsState': 1} eval_ms=5 ram=8.1/16.0GB (51%) swap=1.6/2.9GB (54%) cpu=60% browser_rss=1.00GB
[12:06]   [capture-loop] iter=450 t=54.7s state={'complete': False, 'error': None, 'executedCount': 1, 'wsState': 1} eval_ms=3 ram=10.4/16.0GB (65%) swap=1.6/2.9GB (54%) cpu=59% browser_rss=1.00GB
[12:12]   [ComfyUI] [SubprocessWorker] callback 'report_progress' from call_id=8
[12:12]   [capture-loop] iter=500 t=60.7s state={'complete': False, 'error': None, 'executedCount': 1, 'wsState': 1} eval_ms=13 ram=8.6/16.0GB (54%) swap=1.6/2.9GB (54%) cpu=61% browser_rss=1.14GB
[12:13]   [ComfyUI] [SubprocessWorker] callback 'report_progress' from call_id=8
[12:13]   [ComfyUI] [SubprocessWorker] callback 'report_progress' from call_id=8
[12:13]   [ComfyUI] [SubprocessWorker] callback 'report_progress' from call_id=8
[12:14]   Frame 5 saved (frame_004.jpg, t=62.0s)
[12:14]   [capture-periodic] freeze=16ms shot=181ms unfreeze=4ms saved=True
[12:14]   [ComfyUI] [SubprocessWorker] callback 'report_progress' from call_id=8
[12:14]   [ComfyUI] [SubprocessWorker] callback 'report_progress' from call_id=8
[12:15]   [ComfyUI] [SubprocessWorker] callback 'report_progress' from call_id=8
[12:16]   Frame 6 saved (frame_005.jpg, t=64.2s)
[12:16]   [capture-periodic] freeze=5ms shot=188ms unfreeze=30ms saved=True
[12:19]   [capture-loop] iter=550 t=67.0s state={'complete': False, 'error': None, 'executedCount': 1, 'wsState': 1} eval_ms=5 ram=10.8/16.0GB (67%) swap=1.6/2.9GB (54%) cpu=79% browser_rss=1.15GB
[12:25]   [capture-loop] iter=600 t=72.9s state={'complete': False, 'error': None, 'executedCount': 1, 'wsState': 1} eval_ms=5 ram=9.8/16.0GB (61%) swap=1.8/2.9GB (61%) cpu=65% browser_rss=1.15GB
[12:25]   [ComfyUI] [SubprocessWorker] got response: ok
[12:25]   [ComfyUI] [comfy-env] SAM3MultipromptSegmentation done (71.56s): result: NodeOutput
[12:27]   Frame 7 saved (frame_006.jpg, t=75.6s)
[12:27]   [capture-periodic] freeze=4ms shot=156ms unfreeze=5ms saved=True
[12:31]   [capture-loop] iter=650 t=78.9s state={'complete': False, 'error': None, 'executedCount': 1, 'wsState': 1} eval_ms=5 ram=9.0/16.0GB (56%) swap=1.8/2.9GB (61%) cpu=36% browser_rss=1.16GB
[12:31]   Node executed (2 total), capturing...
[12:32]   Frame 8 saved (frame_007.jpg, t=79.8s)
[12:32]   [capture-node] freeze=5ms shot=176ms unfreeze=3ms saved=True
[12:33]   [ComfyUI] BatchToMultiband: Processed 1 images with 3 channels each -> 3 channels
[12:33]   [ComfyUI] BatchToMultiband: Processed 7 masks -> 7 channels
[12:33]   Node executed (3 total), capturing...
[12:33]   [ComfyUI] BatchToMultiband: Output shape torch.Size([1, 10, 4480, 6720]), channels: ['img_01_r', 'img_01_g', 'img_01_b', 'mask_01', 'mask_02', 'mask_03', 'mask_04', 'mask_05', 'mask_06', 'mask_07']
[12:33]   [ComfyUI] ResizeMultiband: 4480x6720 -> 600x900
[12:34]   [ComfyUI] SaveMultibandImage: Saved to output/multiband.npz
[12:34]   [ComfyUI]   Shape: (1, 10, 600, 900)
[12:34]   [ComfyUI]   Format: npz
[12:34]   [ComfyUI] PreviewMultibandImage: Batch=1, Channels=10, Names=['img_01_r', 'img_01_g', 'img_01_b', 'mask_01', 'mask_02', 'mask_03', 'mask_04', 'mask_05', 'mask_06', 'mask_07']
[12:34]   Frame 9 saved (frame_008.jpg, t=81.7s)
[12:34]   [capture-node] freeze=75ms shot=828ms unfreeze=5ms saved=True
[12:34]   [ComfyUI] Prompt executed in 82.62 seconds
[12:35]   Node executed (4 total), capturing...
[12:35]   Frame 10 saved (frame_009.jpg, t=83.0s)
[12:35]   [capture-node] freeze=4ms shot=169ms unfreeze=0ms saved=True
[12:35]   Execution complete (t=83.0s)
[12:35]   Captured 10 unique frames over 83.26s
[12:35]   [debug] iframes: 0
[12:35]   [timing] trigger_3d_previews: 0.0s
[12:37]   Saved high-quality screenshot: scene_seg_executed.png
[12:37]   [timing] final_screenshot: 0.3s
[12:38] Capturing execution frames: scene_seg_interactive.json
[12:38]   [ComfyUI] Exception in callback _ProactorBasePipeTransport._call_connection_lost()
[12:38]   [ComfyUI] handle: <Handle _ProactorBasePipeTransport._call_connection_lost()>
[12:38]   [ComfyUI] Traceback (most recent call last):
[12:38]   [ComfyUI]   File "asyncio\events.py", line 89, in _run
[12:38]   [ComfyUI]   File "asyncio\proactor_events.py", line 165, in _call_connection_lost
[12:38]   [ComfyUI] ConnectionResetError: [WinError 10054] An existing connection was forcibly closed by the remote host
[12:45]   Frame 1 saved (frame_000.jpg, t=0.0s)
[12:45]   Validating workflow...
[12:45]   [ComfyUI] === /validate endpoint called ===
[12:45]   [ComfyUI] Received JSON with keys: ['prompt']
[12:45]   [ComfyUI] Prompt has 4 nodes
[12:45]   [ComfyUI]   Node 1: LoadImage
[12:45]   [ComfyUI]     Inputs: {"image": "image.png"}
[12:45]   [ComfyUI]   Node 4: MaskPreview
[12:45]   [ComfyUI]     Inputs: {"mask": ["26", 0]}
[12:45]   [ComfyUI]   Node 12: LoadSAM3Model
[12:45]   Queuing workflow for execution...
[12:45]   [ComfyUI]     Inputs: {"precision": "auto", "compile": false}
[12:45]   [ComfyUI]   Node 26: SAM3InteractiveCollector
[12:45]   [ComfyUI]     Inputs: {"multi_prompts_store": "[{\"positive_points\":[{\"x\":3348.288109906738,\"y\":2452.2208696844737}],\"negative_points\":[],\"positive_boxes\":[],\"negative_boxes\":[],\"name\":\"Prompt 1\"},{\"positiv
[12:45]   [ComfyUI] Generated prompt_id: ef7c1ac5-161c-4394-a526-1cd11fe75d49
[12:45]   [ComfyUI] Calling execution.validate_prompt()...
[12:45]   [ComfyUI] Validation result: valid=True
[12:45]   [ComfyUI] === Validation PASSED ===
[12:45]   [ComfyUI] got prompt
[12:46]   [ComfyUI] [comfy-env] Running LoadSAM3Model: precision: 'auto', compile: False
[12:46]   [ComfyUI] [SubprocessWorker] call_method: nodes.load_model.LoadSAM3Model.EXECUTE_NORMALIZED
[12:46]   [ComfyUI] [SubprocessWorker] acquired lock, ensuring started...
[12:46]   [ComfyUI] [ComfyUI-SAM3] Health check: ping (timeout=5.0s)...
[12:46]   [ComfyUI] [ComfyUI-SAM3] Health check: ok
[12:46]   [ComfyUI] [SubprocessWorker] worker started/confirmed
[12:46]   [ComfyUI] [SubprocessWorker] serializing kwargs to shm...
[12:46]   [ComfyUI] [SubprocessWorker] created 0 shm blocks
[12:46]   [ComfyUI] [SubprocessWorker] sending request via socket...
[12:46]   [ComfyUI] [SubprocessWorker] call_id=9 sending call_method
[12:46]   [ComfyUI] [SubprocessWorker] got response: ok
[12:46]   [ComfyUI] [comfy-env] LoadSAM3Model done (0.06s): result: NodeOutput
[12:46]   [ComfyUI] [comfy-env] Running SAM3InteractiveCollector: multi_prompts_store: '[{"positive_points":[{"x":3348.288109906738,"y":2452.220..., sam3_model_config: dict, image: torch.float32 [1,4480,6720,3] cpu, unique_id: '26'
[12:46]   [ComfyUI] [SubprocessWorker] call_method: nodes.sam3_interactive.SAM3InteractiveCollector.EXECUTE_NORMALIZED
[12:46]   [ComfyUI] [SubprocessWorker] acquired lock, ensuring started...
[12:46]   [ComfyUI] [ComfyUI-SAM3] Health check: ping (timeout=5.0s)...
[12:46]   [ComfyUI] [ComfyUI-SAM3] Health check: ok
[12:46]   [ComfyUI] [SubprocessWorker] worker started/confirmed
[12:46]   [ComfyUI] [comfy-env] PRE-SERIALIZE 'image' shape: torch.Size([1, 4480, 6720, 3])
[12:46]   [ComfyUI] [SubprocessWorker] serializing kwargs to shm...
[12:46]   [ComfyUI] [SubprocessWorker] created 0 shm blocks
[12:46]   [ComfyUI] [SubprocessWorker] sending request via socket...
[12:46]   [ComfyUI] [SubprocessWorker] call_id=10 sending call_method
[12:46]   [ComfyUI] [worker:ComfyUI-SAM3] [comfy-env] _from_shm got dict with keys: ['__type__', 'strategy', 'manager_path', 'storage_key', 'storage_size']
[12:46]   [ComfyUI] [worker:ComfyUI-SAM3] [comfy-env] DESERIALIZE TensorRef: tensor_size=[1, 4480, 6720, 3]
[12:46]   [ComfyUI] [worker:ComfyUI-SAM3] [comfy-env] DESERIALIZED tensor shape: torch.Size([1, 4480, 6720, 3])
[12:47]   Frame 2 saved (frame_001.jpg, t=2.3s)
[12:47]   [capture-periodic] freeze=4ms shot=101ms unfreeze=3ms saved=True
[12:47]   [ComfyUI] [SubprocessWorker] callback 'request_vram_budget' from call_id=10
[12:47]   [ComfyUI] [comfy-env] VRAM request: 3.50GB, free before eviction: 10.51GB
[12:47]   [ComfyUI] [comfy-env] VRAM after eviction: 10.51GB
[12:50]   Frame 3 saved (frame_002.jpg, t=4.5s)
[12:50]   [capture-periodic] freeze=4ms shot=130ms unfreeze=4ms saved=True
[12:51]   [capture-loop] iter=50 t=5.9s state={'complete': False, 'error': None, 'executedCount': 0, 'wsState': 1} eval_ms=5 ram=6.5/16.0GB (40%) swap=1.6/2.9GB (55%) cpu=34% browser_rss=1.08GB
[12:57]   [capture-loop] iter=100 t=11.8s state={'complete': False, 'error': None, 'executedCount': 0, 'wsState': 1} eval_ms=5 ram=6.6/16.0GB (41%) swap=1.6/2.9GB (55%) cpu=58% browser_rss=1.01GB
[13:00]   [ComfyUI] [worker:ComfyUI-SAM3]
[13:00]   [ComfyUI] === WATCHDOG TICK 5 ===
[13:00]   [ComfyUI] [worker:ComfyUI-SAM3] Current thread 0x00001968 (most recent call first):
[13:00]   [ComfyUI]   File "C:\Users\RUNNER~1\AppData\Local\Temp\comfyui_pvenv_ijzed2d0\persistent_worker.py", line 52 in _watchdog
[13:00]   [ComfyUI]   File "C:\ce\.pixi\envs\sam3-nodes\Lib\threading.py", line 995 in run
[13:00]   [ComfyUI]   File "C:\ce\.pixi\envs\sam3-nodes\Lib\threading.py", line 1044 in _bootstrap_inner
[13:00]   [ComfyUI]   File "C:\ce\.pixi\envs\sam3-nodes\Lib\threading.py", line 1015 in _bootstrap
[13:00]   [ComfyUI] 
[13:00]   [ComfyUI] Thread 0x00000e4c (most recent call first):
[13:00]   [ComfyUI]   File "D:\a\comfy-gpu-ci\comfy-gpu-ci\test_workspaces\SAM3-2154\portable-comfyui\ComfyUI_windows_portable\ComfyUI\comfy\ldm\modules\sub_quadratic_attention.py", line 269 in efficient_dot_product_attention
[13:00]   [ComfyUI]   File "D:\a\comfy-gpu-ci\comfy-gpu-ci\test_workspaces\SAM3-2154\portable-comfyui\ComfyUI_windows_portable\ComfyUI\comfy\ldm\modules\attention.py", line 264 in attention_sub_quad
[13:00]   [ComfyUI]   File "D:\a\comfy-gpu-ci\comfy-gpu-ci\test_workspaces\SAM3-2154\portable-comfyui\ComfyUI_windows_portable\ComfyUI\comfy\ldm\modules\attention.py", line 137 in wrapper
[13:00]   [ComfyUI]   File "D:\a\comfy-gpu-ci\comfy-gpu-ci\test_workspaces\SAM3-2154\portable-comfyui\ComfyUI_windows_portable\ComfyUI\custom_nodes\ComfyUI-SAM3\nodes\sam3\attention.py", line 120 in sam3_attention
[13:00]   [ComfyUI]   File "D:\a\comfy-gpu-ci\comfy-gpu-ci\test_workspaces\SAM3-2154\portable-comfyui\ComfyUI_windows_portable\ComfyUI\custom_nodes\ComfyUI-SAM3\nodes\sam3\model.py", line 729 in forward
[13:00]   [ComfyUI]   File "C:\ce\.pixi\envs\sam3-nodes\Lib\site-packages\torch\nn\modules\module.py", line 1790 in _call_impl
[13:00]   [ComfyUI]   File "C:\ce\.pixi\envs\sam3-nodes\Lib\site-packages\torch\nn\modules\module.py", line 1779 in _wrapped_call_impl
[13:00]   [ComfyUI]   File "D:\a\comfy-gpu-ci\comfy-gpu-ci\test_workspaces\SAM3-2154\portable-comfyui\ComfyUI_windows_portable\ComfyUI\custom_nodes\ComfyUI-SAM3\nodes\sam3\model.py", line 819 in forward
[13:00]   [ComfyUI]   File "C:\ce\.pixi\envs\sam3-nodes\Lib\site-packages\torch\nn\modules\module.py", line 1790 in _call_impl
[13:00]   [ComfyUI]   File "C:\ce\.pixi\envs\sam3-nodes\Lib\site-packages\torch\nn\modules\module.py", line 1779 in _wrapped_call_impl
[13:00]   [ComfyUI]   File "D:\a\comfy-gpu-ci\comfy-gpu-ci\test_workspaces\SAM3-2154\portable-comfyui\ComfyUI_windows_portable\ComfyUI\custom_nodes\ComfyUI-SAM3\nodes\sam3\model.py", line 983 in forward
[13:00]   [ComfyUI]   File "C:\ce\.pixi\envs\sam3-nodes\Lib\site-packages\torch\nn\modules\module.py", line 1790 in _call_impl
[13:00]   [ComfyUI]   File "C:\ce\.pixi\envs\sam3-nodes\Lib\site-packages\torch\nn\modules\module.py", line 1779 in _wrapped_call_impl
[13:00]   [ComfyUI]   File "D:\a\comfy-gpu-ci\comfy-gpu-ci\test_workspaces\SAM3-2154\portable-comfyui\ComfyUI_windows_portable\ComfyUI\custom_nodes\ComfyUI-SAM3\nodes\sam3\model.py", line 2041 in forward
[13:00]   [ComfyUI]   File "D:\a\comfy-gpu-ci\comfy-gpu-ci\test_workspaces\SAM3-2154\portable-comfyui\ComfyUI_windows_portable\ComfyUI\custom_nodes\ComfyUI-SAM3\nodes\sam3\model.py", line 3321 in _forward_image_no_act_ckpt
[13:00]   [ComfyUI]   File "D:\a\comfy-gpu-ci\comfy-gpu-ci\test_workspaces\SAM3-2154\portable-comfyui\ComfyUI_windows_portable\ComfyUI\custom_nodes\ComfyUI-SAM3\nodes\sam3\model.py", line 3314 in forward_image
[13:00]   [ComfyUI]   File "D:\a\comfy-gpu-ci\comfy-gpu-ci\test_workspaces\SAM3-2154\portable-comfyui\ComfyUI_windows_portable\ComfyUI\custom_nodes\ComfyUI-SAM3\nodes\sam3\utils.py", line 1324 in set_image
[13:00]   [ComfyUI]   File "C:\ce\.pixi\envs\sam3-nodes\Lib\site-packages\torch\utils\_contextlib.py", line 124 in decorate_context
[13:00]   [ComfyUI]   File "D:\a\comfy-gpu-ci\comfy-gpu-ci\test_workspaces\SAM3-2154\portable-comfyui\ComfyUI_windows_portable\ComfyUI\custom_nodes\ComfyUI-SAM3\nodes\sam3_interactive.py", line 687 in execute
[13:00]   [ComfyUI]   File "D:\a\comfy-gpu-ci\comfy-gpu-ci\test_workspaces\SAM3-2154\portable-comfyui\ComfyUI_windows_portable\ComfyUI\comfy_api\latest\_io.py", line 1826 in EXECUTE_NORMALIZED
[13:00]   [ComfyUI]   File "C:\Users\RUNNER~1\AppData\Local\Temp\comfyui_pvenv_ijzed2d0\persistent_worker.py", line 1762 in main
[13:00]   [ComfyUI]   File "C:\Users\RUNNER~1\AppData\Local\Temp\comfyui_pvenv_ijzed2d0\persistent_worker.py", line 1807 in <module>
[13:00]   [ComfyUI] 
[13:00]   [ComfyUI] [worker:ComfyUI-SAM3] === END ===
[13:00]   [ComfyUI] 
[13:02]   [capture-loop] iter=150 t=17.5s state={'complete': False, 'error': None, 'executedCount': 0, 'wsState': 1} eval_ms=5 ram=6.8/16.0GB (42%) swap=1.6/2.9GB (55%) cpu=59% browser_rss=1.01GB
[13:08]   [capture-loop] iter=200 t=23.4s state={'complete': False, 'error': None, 'executedCount': 0, 'wsState': 1} eval_ms=4 ram=7.0/16.0GB (44%) swap=1.6/2.9GB (54%) cpu=59% browser_rss=1.01GB
[13:14]   [capture-loop] iter=250 t=29.3s state={'complete': False, 'error': None, 'executedCount': 0, 'wsState': 1} eval_ms=5 ram=7.2/16.0GB (45%) swap=1.6/2.9GB (54%) cpu=58% browser_rss=1.01GB
[13:20]   [capture-loop] iter=300 t=35.0s state={'complete': False, 'error': None, 'executedCount': 0, 'wsState': 1} eval_ms=4 ram=7.4/16.0GB (46%) swap=1.6/2.9GB (54%) cpu=57% browser_rss=1.01GB
[13:26]   [capture-loop] iter=350 t=40.9s state={'complete': False, 'error': None, 'executedCount': 0, 'wsState': 1} eval_ms=5 ram=10.0/16.0GB (62%) swap=1.6/2.9GB (54%) cpu=58% browser_rss=1.01GB
[13:32]   [capture-loop] iter=400 t=46.6s state={'complete': False, 'error': None, 'executedCount': 0, 'wsState': 1} eval_ms=4 ram=7.7/16.0GB (48%) swap=1.6/2.9GB (54%) cpu=57% browser_rss=1.01GB
[13:37]   [capture-loop] iter=450 t=52.5s state={'complete': False, 'error': None, 'executedCount': 0, 'wsState': 1} eval_ms=4 ram=8.0/16.0GB (50%) swap=1.6/2.9GB (54%) cpu=58% browser_rss=1.01GB
[13:43]   [capture-loop] iter=500 t=58.3s state={'complete': False, 'error': None, 'executedCount': 0, 'wsState': 1} eval_ms=5 ram=8.2/16.0GB (51%) swap=1.6/2.9GB (54%) cpu=58% browser_rss=1.00GB
[13:45]   [ComfyUI] [SubprocessWorker] callback 'report_progress' from call_id=10
[13:47]   Frame 4 saved (frame_003.jpg, t=62.0s)
[13:47]   [capture-periodic] freeze=4ms shot=140ms unfreeze=14ms saved=True
[13:49]   [capture-loop] iter=550 t=64.1s state={'complete': False, 'error': None, 'executedCount': 0, 'wsState': 1} eval_ms=5 ram=7.7/16.0GB (48%) swap=1.6/2.9GB (54%) cpu=64% browser_rss=1.01GB
[13:49]   [ComfyUI] [SubprocessWorker] got response: ok
[13:49]   [ComfyUI] [comfy-env] SAM3InteractiveCollector done (63.30s): result: NodeOutput
[13:50]   [ComfyUI] Prompt executed in 65.09 seconds
[13:50]   Node executed (1 total), capturing...
[13:51]   Frame 5 saved (frame_004.jpg, t=65.7s)
[13:51]   [capture-node] freeze=118ms shot=583ms unfreeze=9ms saved=True
[13:51]   Node executed (2 total), capturing...
[13:52]   Frame 6 saved (frame_005.jpg, t=66.7s)
[13:52]   [capture-node] freeze=3ms shot=147ms unfreeze=0ms saved=True
[13:52]   Execution complete (t=66.7s)
[13:52]   Captured 6 unique frames over 66.89s
[13:52]   [debug] iframes: 0
[13:52]   [timing] trigger_3d_previews: 0.0s
[13:54]   Saved high-quality screenshot: scene_seg_interactive_executed.png
[13:54]   [timing] final_screenshot: 0.3s
[13:54]   [5/5] SKIPPED (not in cpu list) video_point_prompt.json
[13:55] Results saved to D:\a\comfy-gpu-ci\comfy-gpu-ci\comfy-test-logs\SAM3-2154\dev\windows-portable-cpu\results.json
[13:55] Model report: 9 files, 3.2 GB -> D:\a\comfy-gpu-ci\comfy-gpu-ci\comfy-test-logs\SAM3-2154\dev\windows-portable-cpu\models.json
[13:55] Saved: D:\a\comfy-gpu-ci\comfy-gpu-ci\comfy-test-logs\SAM3-2154\dev\windows-portable-cpu\index.html
[13:55] [EXECUTION] PASSED
[13:55] 
windows_portable: PASSED
[13:55] Stopping ComfyUI server...
