Capturing execution frames: image_seg_text.json
  Frame 1 saved (frame_000.jpg, t=0.0s)
  Validating workflow...
  Queuing workflow for execution...
  Frame 2 saved (frame_001.jpg, t=2.2s)
  [capture-periodic] freeze=4ms shot=109ms unfreeze=7ms saved=True
  Frame 3 saved (frame_002.jpg, t=4.4s)
  [capture-periodic] freeze=3ms shot=117ms unfreeze=4ms saved=True
  [capture-loop] iter=50 t=5.9s state={'complete': False, 'error': None, 'executedCount': 0, 'wsState': 1} eval_ms=4 ram=7.1/16.0GB (44%) swap=0.3/2.9GB (10%) cpu=43% browser_rss=0.64GB
  [capture-loop] iter=100 t=11.6s state={'complete': False, 'error': None, 'executedCount': 0, 'wsState': 1} eval_ms=4 ram=7.1/16.0GB (45%) swap=0.3/2.9GB (10%) cpu=66% browser_rss=0.63GB
  [capture-loop] iter=150 t=17.3s state={'complete': False, 'error': None, 'executedCount': 0, 'wsState': 1} eval_ms=4 ram=7.2/16.0GB (45%) swap=0.3/2.9GB (10%) cpu=66% browser_rss=0.63GB
  [capture-loop] iter=200 t=23.3s state={'complete': False, 'error': None, 'executedCount': 0, 'wsState': 1} eval_ms=6 ram=8.4/16.0GB (52%) swap=0.3/2.9GB (10%) cpu=79% browser_rss=0.62GB
  [capture-loop] iter=250 t=29.1s state={'complete': False, 'error': None, 'executedCount': 0, 'wsState': 1} eval_ms=4 ram=7.1/16.0GB (45%) swap=0.3/2.9GB (11%) cpu=72% browser_rss=0.61GB
  [capture-loop] iter=300 t=34.7s state={'complete': False, 'error': None, 'executedCount': 0, 'wsState': 1} eval_ms=5 ram=8.1/16.0GB (50%) swap=0.5/2.9GB (16%) cpu=66% browser_rss=0.61GB
  [capture-loop] iter=350 t=40.5s state={'complete': False, 'error': None, 'executedCount': 0, 'wsState': 1} eval_ms=5 ram=7.0/16.0GB (44%) swap=0.5/2.9GB (16%) cpu=66% browser_rss=0.61GB
  [capture-loop] iter=400 t=46.3s state={'complete': False, 'error': None, 'executedCount': 0, 'wsState': 1} eval_ms=8 ram=9.2/16.0GB (57%) swap=0.5/2.9GB (16%) cpu=60% browser_rss=0.61GB
  [capture-loop] iter=450 t=52.0s state={'complete': False, 'error': None, 'executedCount': 0, 'wsState': 1} eval_ms=5 ram=8.5/16.0GB (53%) swap=0.5/2.9GB (16%) cpu=68% browser_rss=0.54GB
  [capture-loop] iter=500 t=57.7s state={'complete': False, 'error': None, 'executedCount': 0, 'wsState': 1} eval_ms=4 ram=8.4/16.0GB (52%) swap=0.5/2.9GB (16%) cpu=62% browser_rss=0.53GB
  Node executed (1 total), capturing...
  Frame 4 saved (frame_003.jpg, t=59.8s)
  [capture-node] freeze=4ms shot=121ms unfreeze=3ms saved=True
  Node executed (2 total), capturing...
  Frame 5 saved (frame_004.jpg, t=60.2s)
  [capture-node] freeze=3ms shot=111ms unfreeze=0ms saved=True
  Execution complete (t=60.2s)
  Captured 5 unique frames over 60.38s
  [debug] iframes: 0
  [timing] trigger_3d_previews: 0.0s
  Saved high-quality screenshot: image_seg_text_executed.png
  [timing] final_screenshot: 0.2s
    Captured 6 video frames