Capturing execution frames: image_seg_point.json
  Frame 1 saved (frame_000.jpg, t=0.0s)
  Validating workflow...
  Queuing workflow for execution...
  Frame 2 saved (frame_001.jpg, t=2.2s)
  [capture-periodic] freeze=3ms shot=90ms unfreeze=6ms saved=True
  Node executed (1 total), capturing...
  Frame 3 saved (frame_002.jpg, t=3.7s)
  [capture-node] freeze=9ms shot=107ms unfreeze=5ms saved=True
  [capture-loop] iter=50 t=5.9s state={'complete': False, 'error': None, 'executedCount': 1, 'wsState': 1} eval_ms=7 ram=5.9/16.0GB (37%) swap=0.2/2.9GB (6%) cpu=28% browser_rss=0.69GB
  Frame 4 saved (frame_003.jpg, t=5.9s)
  [capture-periodic] freeze=5ms shot=122ms unfreeze=4ms saved=True
  Frame 5 saved (frame_004.jpg, t=8.4s)
  [capture-periodic] freeze=6ms shot=133ms unfreeze=5ms saved=True
  Frame 6 saved (frame_005.jpg, t=10.6s)
  [capture-periodic] freeze=2ms shot=122ms unfreeze=3ms saved=True
  [capture-loop] iter=100 t=13.7s state={'complete': False, 'error': None, 'executedCount': 1, 'wsState': 1} eval_ms=3 ram=7.9/16.0GB (49%) swap=0.2/2.9GB (6%) cpu=44% browser_rss=0.70GB
  Frame 7 saved (frame_006.jpg, t=14.5s)
  [capture-periodic] freeze=2ms shot=83ms unfreeze=3ms saved=True
  Frame 8 saved (frame_007.jpg, t=28.4s)
  [capture-periodic] freeze=3ms shot=89ms unfreeze=3ms saved=True
  [capture-loop] iter=150 t=32.2s state={'complete': False, 'error': None, 'executedCount': 1, 'wsState': 1} eval_ms=4 ram=5.4/16.0GB (34%) swap=0.2/2.9GB (6%) cpu=13% browser_rss=0.61GB
  [capture-loop] iter=200 t=38.0s state={'complete': False, 'error': None, 'executedCount': 1, 'wsState': 1} eval_ms=4 ram=5.6/16.0GB (35%) swap=0.2/2.9GB (6%) cpu=63% browser_rss=0.61GB
  [capture-loop] iter=250 t=43.8s state={'complete': False, 'error': None, 'executedCount': 1, 'wsState': 1} eval_ms=4 ram=5.7/16.0GB (36%) swap=0.2/2.9GB (6%) cpu=64% browser_rss=0.60GB
  [capture-loop] iter=300 t=49.4s state={'complete': False, 'error': None, 'executedCount': 1, 'wsState': 1} eval_ms=4 ram=6.0/16.0GB (37%) swap=0.2/2.9GB (6%) cpu=60% browser_rss=0.61GB
  [capture-loop] iter=350 t=55.1s state={'complete': False, 'error': None, 'executedCount': 1, 'wsState': 1} eval_ms=4 ram=6.1/16.0GB (38%) swap=0.2/2.9GB (6%) cpu=61% browser_rss=0.58GB
  [capture-loop] iter=400 t=60.8s state={'complete': False, 'error': None, 'executedCount': 1, 'wsState': 1} eval_ms=4 ram=6.4/16.0GB (40%) swap=0.2/2.9GB (6%) cpu=63% browser_rss=0.58GB
  [capture-loop] iter=450 t=66.5s state={'complete': False, 'error': None, 'executedCount': 1, 'wsState': 1} eval_ms=3 ram=6.5/16.0GB (41%) swap=0.2/2.9GB (6%) cpu=63% browser_rss=0.57GB
  [capture-loop] iter=500 t=72.3s state={'complete': False, 'error': None, 'executedCount': 1, 'wsState': 1} eval_ms=4 ram=7.0/16.0GB (44%) swap=0.2/2.9GB (6%) cpu=62% browser_rss=0.57GB
  [capture-loop] iter=550 t=77.9s state={'complete': False, 'error': None, 'executedCount': 1, 'wsState': 1} eval_ms=4 ram=6.9/16.0GB (43%) swap=0.2/2.9GB (6%) cpu=62% browser_rss=0.56GB
  Node executed (3 total), capturing...
  Frame 9 saved (frame_008.jpg, t=82.3s)
  [capture-node] freeze=4ms shot=112ms unfreeze=0ms saved=True
  Execution complete (t=82.4s)
  Captured 9 unique frames over 82.49s
  [debug] iframes: 0
  [timing] trigger_3d_previews: 0.0s
  Saved high-quality screenshot: image_seg_point_executed.png
  [timing] final_screenshot: 0.2s
    Captured 10 video frames