Capturing execution frames: scene_seg.json
  Frame 1 saved (frame_000.jpg, t=0.0s)
  Validating workflow...
  Queuing workflow for execution...
  Node executed (1 total), capturing...
  Frame 2 saved (frame_001.jpg, t=2.1s)
  [capture-node] freeze=4ms shot=119ms unfreeze=8ms saved=True
  Frame 3 saved (frame_002.jpg, t=4.3s)
  [capture-periodic] freeze=3ms shot=152ms unfreeze=6ms saved=True
  [capture-loop] iter=50 t=6.2s state={'complete': False, 'error': None, 'executedCount': 1, 'wsState': 1} eval_ms=4 ram=6.7/16.0GB (42%) swap=0.6/2.9GB (20%) cpu=36% browser_rss=1.59GB
  [capture-loop] iter=100 t=12.0s state={'complete': False, 'error': None, 'executedCount': 1, 'wsState': 1} eval_ms=5 ram=6.6/16.0GB (41%) swap=0.6/2.9GB (20%) cpu=60% browser_rss=1.57GB
  [capture-loop] iter=150 t=17.9s state={'complete': False, 'error': None, 'executedCount': 1, 'wsState': 1} eval_ms=4 ram=6.8/16.0GB (42%) swap=0.5/2.9GB (18%) cpu=68% browser_rss=1.50GB
  [capture-loop] iter=200 t=23.6s state={'complete': False, 'error': None, 'executedCount': 1, 'wsState': 1} eval_ms=4 ram=7.0/16.0GB (44%) swap=0.5/2.9GB (18%) cpu=59% browser_rss=1.50GB
  [capture-loop] iter=250 t=29.5s state={'complete': False, 'error': None, 'executedCount': 1, 'wsState': 1} eval_ms=4 ram=7.0/16.0GB (44%) swap=0.5/2.9GB (18%) cpu=67% browser_rss=1.42GB
  [capture-loop] iter=300 t=35.4s state={'complete': False, 'error': None, 'executedCount': 1, 'wsState': 1} eval_ms=4 ram=7.3/16.0GB (45%) swap=0.5/2.9GB (17%) cpu=60% browser_rss=1.42GB
  [capture-loop] iter=350 t=41.1s state={'complete': False, 'error': None, 'executedCount': 1, 'wsState': 1} eval_ms=4 ram=7.4/16.0GB (46%) swap=0.5/2.9GB (17%) cpu=64% browser_rss=1.42GB
  [capture-loop] iter=400 t=46.9s state={'complete': False, 'error': None, 'executedCount': 1, 'wsState': 1} eval_ms=4 ram=7.7/16.0GB (48%) swap=0.5/2.9GB (17%) cpu=67% browser_rss=1.41GB
  [capture-loop] iter=450 t=52.7s state={'complete': False, 'error': None, 'executedCount': 1, 'wsState': 1} eval_ms=4 ram=8.0/16.0GB (50%) swap=0.6/2.9GB (19%) cpu=75% browser_rss=1.41GB
  Frame 4 saved (frame_003.jpg, t=54.9s)
  [capture-periodic] freeze=13ms shot=164ms unfreeze=4ms saved=True
  Frame 5 saved (frame_004.jpg, t=57.3s)
  [capture-periodic] freeze=5ms shot=185ms unfreeze=5ms saved=True
  [capture-loop] iter=500 t=59.0s state={'complete': False, 'error': None, 'executedCount': 1, 'wsState': 1} eval_ms=25 ram=10.7/16.0GB (67%) swap=0.6/2.9GB (22%) cpu=92% browser_rss=1.41GB
  [capture-loop] iter=550 t=65.8s state={'complete': False, 'error': None, 'executedCount': 1, 'wsState': 1} eval_ms=4 ram=10.6/16.0GB (66%) swap=0.6/2.9GB (22%) cpu=96% browser_rss=1.40GB
  Frame 6 saved (frame_005.jpg, t=68.7s)
  [capture-periodic] freeze=3ms shot=150ms unfreeze=12ms saved=True
  Node executed (2 total), capturing...
  Frame 7 saved (frame_006.jpg, t=70.3s)
  [capture-node] freeze=115ms shot=658ms unfreeze=10ms saved=True
  [capture-loop] iter=600 t=72.6s state={'complete': False, 'error': None, 'executedCount': 2, 'wsState': 1} eval_ms=4 ram=9.2/16.0GB (58%) swap=0.6/2.9GB (22%) cpu=75% browser_rss=1.82GB
  Node executed (3 total), capturing...
  Frame 8 saved (frame_007.jpg, t=75.4s)
  [capture-node] freeze=447ms shot=1919ms unfreeze=326ms saved=True
  Node executed (4 total), capturing...
  Frame 9 saved (frame_008.jpg, t=78.4s)
  [capture-node] freeze=4ms shot=375ms unfreeze=0ms saved=True
  Execution complete (t=78.4s)
  Captured 9 unique frames over 78.81s
  [debug] iframes: 0
  [timing] trigger_3d_previews: 0.0s
  Saved high-quality screenshot: scene_seg_executed.png
  [timing] final_screenshot: 0.2s
    Captured 10 video frames