Capturing execution frames: scene_seg_interactive.json
  Frame 1 saved (frame_000.jpg, t=0.0s)
  Validating workflow...
  Queuing workflow for execution...
  Frame 2 saved (frame_001.jpg, t=2.2s)
  [capture-periodic] freeze=4ms shot=92ms unfreeze=7ms saved=True
  Frame 3 saved (frame_002.jpg, t=4.4s)
  [capture-periodic] freeze=3ms shot=110ms unfreeze=4ms saved=True
  [capture-loop] iter=50 t=5.7s state={'complete': False, 'error': None, 'executedCount': 0, 'wsState': 1} eval_ms=4 ram=6.3/16.0GB (39%) swap=1.3/2.9GB (44%) cpu=55% browser_rss=1.18GB
  [capture-loop] iter=100 t=11.4s state={'complete': False, 'error': None, 'executedCount': 0, 'wsState': 1} eval_ms=4 ram=6.1/16.0GB (38%) swap=1.9/2.9GB (66%) cpu=56% browser_rss=1.09GB
  [capture-loop] iter=150 t=17.0s state={'complete': False, 'error': None, 'executedCount': 0, 'wsState': 1} eval_ms=5 ram=7.6/16.0GB (48%) swap=1.9/2.9GB (66%) cpu=69% browser_rss=1.08GB
  [capture-loop] iter=200 t=22.8s state={'complete': False, 'error': None, 'executedCount': 0, 'wsState': 1} eval_ms=3 ram=6.6/16.0GB (41%) swap=1.9/2.9GB (66%) cpu=61% browser_rss=1.09GB
  [capture-loop] iter=250 t=28.5s state={'complete': False, 'error': None, 'executedCount': 0, 'wsState': 1} eval_ms=5 ram=7.9/16.0GB (49%) swap=1.9/2.9GB (66%) cpu=61% browser_rss=1.08GB
  [capture-loop] iter=300 t=34.1s state={'complete': False, 'error': None, 'executedCount': 0, 'wsState': 1} eval_ms=4 ram=6.9/16.0GB (43%) swap=1.9/2.9GB (66%) cpu=59% browser_rss=1.08GB
  [capture-loop] iter=350 t=39.8s state={'complete': False, 'error': None, 'executedCount': 0, 'wsState': 1} eval_ms=5 ram=8.3/16.0GB (52%) swap=1.9/2.9GB (66%) cpu=60% browser_rss=1.08GB
  [capture-loop] iter=400 t=45.5s state={'complete': False, 'error': None, 'executedCount': 0, 'wsState': 1} eval_ms=4 ram=7.5/16.0GB (47%) swap=1.9/2.9GB (66%) cpu=65% browser_rss=1.08GB
  [capture-loop] iter=450 t=51.2s state={'complete': False, 'error': None, 'executedCount': 0, 'wsState': 1} eval_ms=5 ram=9.1/16.0GB (57%) swap=1.9/2.9GB (66%) cpu=66% browser_rss=1.02GB
  [capture-loop] iter=500 t=56.9s state={'complete': False, 'error': None, 'executedCount': 0, 'wsState': 1} eval_ms=7 ram=8.7/16.0GB (54%) swap=1.9/2.9GB (66%) cpu=66% browser_rss=1.03GB
  Frame 4 saved (frame_003.jpg, t=58.3s)
  [capture-periodic] freeze=3ms shot=114ms unfreeze=5ms saved=True
  Node executed (1 total), capturing...
  Frame 5 saved (frame_004.jpg, t=60.8s)
  [capture-node] freeze=73ms shot=382ms unfreeze=4ms saved=True
  Node executed (2 total), capturing...
  Frame 6 saved (frame_005.jpg, t=61.6s)
  [capture-node] freeze=3ms shot=133ms unfreeze=0ms saved=True
  Execution complete (t=61.6s)
  Captured 6 unique frames over 61.72s
  [debug] iframes: 0
  [timing] trigger_3d_previews: 0.0s
  Saved high-quality screenshot: scene_seg_interactive_executed.png
  [timing] final_screenshot: 0.2s
    Captured 7 video frames