[00:00] Crash dump logging enabled: D:\a\comfy-gpu-ci\comfy-gpu-ci\comfy-test-logs\SAM3-1119\windows-portable-cpu\crash_dump.log
[00:00] 
[00:00] [1/3] REGISTRATION
[00:00] ----------------------------------------
[00:00] 
[DEBUG] server=None, server_url=http://127.0.0.1:8188, api=None
[00:00] 
Connecting to existing server at http://127.0.0.1:8188...
[00:00] Connecting to existing server at http://127.0.0.1:8188...
[00:00] Connected to server! (attempt 1, 0.0s)
[00:00] Checking for import errors in server logs...
[00:00] No import errors detected
[00:00] Found 759 registered nodes
[00:00] [REGISTRATION] PASSED
[00:00] 
[00:00] [2/3] INSTANTIATION
[00:00] ----------------------------------------
[00:00] 
[DEBUG] server=<comfy_test.comfyui.server.ExternalComfyUIServer object at 0x00000258BCE31400>, server_url=http://127.0.0.1:8188, api=<comfy_test.comfyui.api.ComfyUIAPI object at 0x00000258BCE31550>
[00:00] Testing node constructors...
[00:04] All 15 node(s) instantiated successfully!
[00:04] [INSTANTIATION] PASSED
[00:04] 
[00:04] [3/3] EXECUTION
[00:04] ----------------------------------------
[00:04] 
[DEBUG] server=<comfy_test.comfyui.server.ExternalComfyUIServer object at 0x00000258BCE31400>, server_url=http://127.0.0.1:8188, api=<comfy_test.comfyui.api.ComfyUIAPI object at 0x00000258BCE31550>
[00:04] CPU runner - will execute 4 workflow(s)
[00:04] Running 5 workflow(s) (all with videos)...
[00:04] Starting headless browser...
[00:05]   Downloading Mesa llvmpipe for Windows...
[00:12]   Copied opengl32.dll to Chromium dir
[00:12]   Copied libgallium_wgl.dll to Chromium dir
[00:12]   Using Mesa llvmpipe (desktop GL) — multithreaded CPU rendering
[00:13] Capturing execution frames: image_seg_point.json
[00:21]   Frame 1 saved (frame_000.jpg, t=0.0s)
[00:21]   Validating workflow...
[00:21]   Queuing workflow for execution...
[00:23]   Frame 2 saved (frame_001.jpg, t=2.2s)
[00:23]   [capture-periodic] freeze=3ms shot=96ms unfreeze=4ms saved=True
[00:25]   Node executed (1 total), capturing...
[00:25]   Frame 3 saved (frame_002.jpg, t=3.9s)
[00:25]   [capture-node] freeze=4ms shot=115ms unfreeze=4ms saved=True
[00:27]   [capture-loop] iter=50 t=5.9s state={'complete': False, 'error': None, 'executedCount': 1, 'wsState': 1} eval_ms=5 ram=6.1/16.0GB (38%) swap=0.3/2.9GB (10%) cpu=27% browser_rss=0.72GB
[00:28]   Frame 4 saved (frame_003.jpg, t=5.9s)
[00:28]   [capture-periodic] freeze=6ms shot=137ms unfreeze=7ms saved=True
[00:30]   Frame 5 saved (frame_004.jpg, t=8.6s)
[00:30]   [capture-periodic] freeze=5ms shot=113ms unfreeze=5ms saved=True
[00:33]   Frame 6 saved (frame_005.jpg, t=10.8s)
[00:33]   [capture-periodic] freeze=5ms shot=123ms unfreeze=5ms saved=True
[00:35]   [capture-loop] iter=100 t=13.9s state={'complete': False, 'error': None, 'executedCount': 1, 'wsState': 1} eval_ms=3 ram=8.0/16.0GB (50%) swap=0.3/2.9GB (10%) cpu=41% browser_rss=0.73GB
[00:48]   Frame 7 saved (frame_006.jpg, t=13.9s)
[00:48]   [capture-periodic] freeze=511ms shot=119ms unfreeze=8ms saved=True
[00:51]   Frame 8 saved (frame_007.jpg, t=29.6s)
[00:51]   [capture-periodic] freeze=3ms shot=97ms unfreeze=3ms saved=True
[00:53]   Frame 9 saved (frame_008.jpg, t=32.1s)
[00:53]   [capture-periodic] freeze=3ms shot=108ms unfreeze=3ms saved=True
[00:55]   [capture-loop] iter=150 t=33.5s state={'complete': False, 'error': None, 'executedCount': 1, 'wsState': 1} eval_ms=5 ram=5.9/16.0GB (37%) swap=0.3/2.9GB (10%) cpu=14% browser_rss=0.73GB
[01:00]   [capture-loop] iter=200 t=39.5s state={'complete': False, 'error': None, 'executedCount': 1, 'wsState': 1} eval_ms=5 ram=6.2/16.0GB (39%) swap=0.3/2.9GB (10%) cpu=71% browser_rss=0.63GB
[01:07]   [capture-loop] iter=250 t=45.8s state={'complete': False, 'error': None, 'executedCount': 1, 'wsState': 1} eval_ms=4 ram=7.6/16.0GB (48%) swap=0.3/2.9GB (10%) cpu=71% browser_rss=0.63GB
[01:13]   [capture-loop] iter=300 t=51.6s state={'complete': False, 'error': None, 'executedCount': 1, 'wsState': 1} eval_ms=4 ram=6.1/16.0GB (38%) swap=0.5/2.9GB (16%) cpu=74% browser_rss=0.39GB
[01:18]   [capture-loop] iter=350 t=57.4s state={'complete': False, 'error': None, 'executedCount': 1, 'wsState': 1} eval_ms=4 ram=6.1/16.0GB (38%) swap=0.6/2.9GB (21%) cpu=62% browser_rss=0.39GB
[01:24]   [capture-loop] iter=400 t=63.2s state={'complete': False, 'error': None, 'executedCount': 1, 'wsState': 1} eval_ms=5 ram=6.3/16.0GB (40%) swap=0.6/2.9GB (21%) cpu=62% browser_rss=0.39GB
[01:30]   [capture-loop] iter=450 t=68.9s state={'complete': False, 'error': None, 'executedCount': 1, 'wsState': 1} eval_ms=4 ram=6.5/16.0GB (41%) swap=0.6/2.9GB (21%) cpu=62% browser_rss=0.40GB
[01:36]   [capture-loop] iter=500 t=74.6s state={'complete': False, 'error': None, 'executedCount': 1, 'wsState': 1} eval_ms=4 ram=6.8/16.0GB (42%) swap=0.6/2.9GB (21%) cpu=61% browser_rss=0.40GB
[01:41]   [capture-loop] iter=550 t=80.3s state={'complete': False, 'error': None, 'executedCount': 1, 'wsState': 1} eval_ms=4 ram=7.6/16.0GB (48%) swap=0.6/2.9GB (21%) cpu=60% browser_rss=0.40GB
[01:47]   Node executed (3 total), capturing...
[01:47]   Frame 10 saved (frame_009.jpg, t=86.1s)
[01:47]   [capture-node] freeze=4ms shot=96ms unfreeze=0ms saved=True
[01:47]   Execution complete (t=86.1s)
[01:47]   Captured 10 unique frames over 86.24s
[01:47]   [debug] iframes: 0
[01:47]   [timing] trigger_3d_previews: 0.0s
[01:49]   Saved high-quality screenshot: image_seg_point_executed.png
[01:49]   [timing] final_screenshot: 0.2s
[01:50] Capturing execution frames: image_seg_text.json
[01:55]   Frame 1 saved (frame_000.jpg, t=0.0s)
[01:55]   Validating workflow...
[01:55]   Queuing workflow for execution...
[01:57]   Frame 2 saved (frame_001.jpg, t=2.2s)
[01:57]   [capture-periodic] freeze=3ms shot=123ms unfreeze=5ms saved=True
[01:59]   Frame 3 saved (frame_002.jpg, t=4.4s)
[01:59]   [capture-periodic] freeze=3ms shot=124ms unfreeze=4ms saved=True
[02:01]   [capture-loop] iter=50 t=5.8s state={'complete': False, 'error': None, 'executedCount': 0, 'wsState': 1} eval_ms=5 ram=7.4/16.0GB (46%) swap=0.6/2.9GB (19%) cpu=40% browser_rss=0.58GB
[02:06]   [capture-loop] iter=100 t=11.6s state={'complete': False, 'error': None, 'executedCount': 0, 'wsState': 1} eval_ms=5 ram=9.4/16.0GB (59%) swap=0.6/2.9GB (20%) cpu=63% browser_rss=0.57GB
[02:12]   [capture-loop] iter=150 t=17.3s state={'complete': False, 'error': None, 'executedCount': 0, 'wsState': 1} eval_ms=4 ram=7.3/16.0GB (46%) swap=0.7/2.9GB (24%) cpu=63% browser_rss=0.57GB
[02:18]   [capture-loop] iter=200 t=23.1s state={'complete': False, 'error': None, 'executedCount': 0, 'wsState': 1} eval_ms=5 ram=8.5/16.0GB (53%) swap=0.7/2.9GB (24%) cpu=61% browser_rss=0.56GB
[02:24]   [capture-loop] iter=250 t=28.9s state={'complete': False, 'error': None, 'executedCount': 0, 'wsState': 1} eval_ms=5 ram=7.2/16.0GB (45%) swap=0.7/2.9GB (23%) cpu=61% browser_rss=0.49GB
[02:29]   [capture-loop] iter=300 t=34.6s state={'complete': False, 'error': None, 'executedCount': 0, 'wsState': 1} eval_ms=5 ram=7.4/16.0GB (46%) swap=0.7/2.9GB (23%) cpu=62% browser_rss=0.49GB
[02:35]   [capture-loop] iter=350 t=40.3s state={'complete': False, 'error': None, 'executedCount': 0, 'wsState': 1} eval_ms=4 ram=7.3/16.0GB (45%) swap=0.7/2.9GB (23%) cpu=67% browser_rss=0.49GB
[02:41]   [capture-loop] iter=400 t=46.0s state={'complete': False, 'error': None, 'executedCount': 0, 'wsState': 1} eval_ms=4 ram=7.6/16.0GB (47%) swap=0.7/2.9GB (23%) cpu=61% browser_rss=0.48GB
[02:47]   [capture-loop] iter=450 t=51.8s state={'complete': False, 'error': None, 'executedCount': 0, 'wsState': 1} eval_ms=5 ram=9.3/16.0GB (58%) swap=0.7/2.9GB (23%) cpu=60% browser_rss=0.49GB
[02:52]   [capture-loop] iter=500 t=57.6s state={'complete': False, 'error': None, 'executedCount': 0, 'wsState': 1} eval_ms=5 ram=8.6/16.0GB (54%) swap=0.8/2.9GB (28%) cpu=60% browser_rss=0.48GB
[02:53]   Node executed (1 total), capturing...
[02:53]   Frame 4 saved (frame_003.jpg, t=58.3s)
[02:53]   [capture-node] freeze=5ms shot=127ms unfreeze=7ms saved=True
[02:53]   Node executed (2 total), capturing...
[02:54]   Frame 5 saved (frame_004.jpg, t=58.7s)
[02:54]   [capture-node] freeze=3ms shot=113ms unfreeze=0ms saved=True
[02:54]   Execution complete (t=58.7s)
[02:54]   Captured 5 unique frames over 58.83s
[02:54]   [debug] iframes: 0
[02:54]   [timing] trigger_3d_previews: 0.0s
[02:56]   Saved high-quality screenshot: image_seg_text_executed.png
[02:56]   [timing] final_screenshot: 0.2s
[02:56] Capturing execution frames: scene_seg.json
[03:02]   Frame 1 saved (frame_000.jpg, t=0.0s)
[03:02]   Validating workflow...
[03:02]   Queuing workflow for execution...
[03:04]   Node executed (1 total), capturing...
[03:04]   Frame 2 saved (frame_001.jpg, t=2.2s)
[03:04]   [capture-node] freeze=4ms shot=131ms unfreeze=4ms saved=True
[03:07]   Frame 3 saved (frame_002.jpg, t=4.4s)
[03:07]   [capture-periodic] freeze=4ms shot=140ms unfreeze=4ms saved=True
[03:08]   [capture-loop] iter=50 t=6.2s state={'complete': False, 'error': None, 'executedCount': 1, 'wsState': 1} eval_ms=4 ram=6.8/16.0GB (42%) swap=0.8/2.9GB (27%) cpu=33% browser_rss=1.53GB
[03:14]   [capture-loop] iter=100 t=12.1s state={'complete': False, 'error': None, 'executedCount': 1, 'wsState': 1} eval_ms=4 ram=7.0/16.0GB (44%) swap=0.8/2.9GB (27%) cpu=60% browser_rss=1.51GB
[03:20]   [capture-loop] iter=150 t=18.1s state={'complete': False, 'error': None, 'executedCount': 1, 'wsState': 1} eval_ms=5 ram=6.7/16.0GB (42%) swap=1.0/2.9GB (34%) cpu=63% browser_rss=1.47GB
[03:26]   [capture-loop] iter=200 t=23.8s state={'complete': False, 'error': None, 'executedCount': 1, 'wsState': 1} eval_ms=5 ram=6.9/16.0GB (43%) swap=1.0/2.9GB (34%) cpu=60% browser_rss=1.46GB
[03:32]   [capture-loop] iter=250 t=29.7s state={'complete': False, 'error': None, 'executedCount': 1, 'wsState': 1} eval_ms=4 ram=7.2/16.0GB (45%) swap=1.1/2.9GB (39%) cpu=68% browser_rss=1.43GB
[03:37]   [capture-loop] iter=300 t=35.5s state={'complete': False, 'error': None, 'executedCount': 1, 'wsState': 1} eval_ms=4 ram=7.2/16.0GB (45%) swap=1.1/2.9GB (39%) cpu=67% browser_rss=1.38GB
[03:43]   [capture-loop] iter=350 t=41.5s state={'complete': False, 'error': None, 'executedCount': 1, 'wsState': 1} eval_ms=4 ram=7.6/16.0GB (47%) swap=1.1/2.9GB (39%) cpu=64% browser_rss=1.37GB
[03:49]   [capture-loop] iter=400 t=47.4s state={'complete': False, 'error': None, 'executedCount': 1, 'wsState': 1} eval_ms=4 ram=7.5/16.0GB (47%) swap=1.1/2.9GB (39%) cpu=64% browser_rss=1.37GB
[03:55]   [capture-loop] iter=450 t=53.1s state={'complete': False, 'error': None, 'executedCount': 1, 'wsState': 1} eval_ms=4 ram=7.9/16.0GB (49%) swap=1.1/2.9GB (39%) cpu=63% browser_rss=1.36GB
[03:58]   Frame 4 saved (frame_003.jpg, t=55.5s)
[03:58]   [capture-periodic] freeze=3ms shot=151ms unfreeze=14ms saved=True
[04:00]   Frame 5 saved (frame_004.jpg, t=57.7s)
[04:00]   [capture-periodic] freeze=4ms shot=157ms unfreeze=14ms saved=True
[04:01]   [capture-loop] iter=500 t=59.1s state={'complete': False, 'error': None, 'executedCount': 1, 'wsState': 1} eval_ms=5 ram=10.6/16.0GB (66%) swap=1.2/2.9GB (43%) cpu=76% browser_rss=1.50GB
[04:07]   Frame 6 saved (frame_005.jpg, t=64.5s)
[04:07]   [capture-periodic] freeze=3ms shot=132ms unfreeze=9ms saved=True
[04:07]   [capture-loop] iter=550 t=65.1s state={'complete': False, 'error': None, 'executedCount': 1, 'wsState': 1} eval_ms=4 ram=9.1/16.0GB (57%) swap=1.2/2.9GB (43%) cpu=63% browser_rss=1.49GB
[04:11]   Node executed (2 total), capturing...
[04:11]   Frame 7 saved (frame_006.jpg, t=68.9s)
[04:11]   [capture-node] freeze=5ms shot=121ms unfreeze=3ms saved=True
[04:12]   Node executed (3 total), capturing...
[04:13]   Frame 8 saved (frame_007.jpg, t=70.3s)
[04:13]   [capture-node] freeze=112ms shot=764ms unfreeze=17ms saved=True
[04:13]   Node executed (4 total), capturing...
[04:14]   Frame 9 saved (frame_008.jpg, t=71.5s)
[04:14]   [capture-node] freeze=11ms shot=147ms unfreeze=5ms saved=True
[04:14]   Execution complete (t=71.8s)
[04:14]   Captured 9 unique frames over 71.8s
[04:14]   [debug] iframes: 0
[04:14]   [timing] trigger_3d_previews: 0.0s
[04:16]   Saved high-quality screenshot: scene_seg_executed.png
[04:16]   [timing] final_screenshot: 0.2s
[04:16] Capturing execution frames: scene_seg_interactive.json
[04:22]   Frame 1 saved (frame_000.jpg, t=0.0s)
[04:22]   Validating workflow...
[04:22]   Queuing workflow for execution...
[04:24]   Frame 2 saved (frame_001.jpg, t=2.2s)
[04:24]   [capture-periodic] freeze=3ms shot=110ms unfreeze=4ms saved=True
[04:27]   Frame 3 saved (frame_002.jpg, t=4.4s)
[04:27]   [capture-periodic] freeze=3ms shot=77ms unfreeze=3ms saved=True
[04:28]   [capture-loop] iter=50 t=5.7s state={'complete': False, 'error': None, 'executedCount': 0, 'wsState': 1} eval_ms=3 ram=7.2/16.0GB (45%) swap=1.0/2.9GB (35%) cpu=37% browser_rss=1.32GB
[04:33]   [capture-loop] iter=100 t=11.4s state={'complete': False, 'error': None, 'executedCount': 0, 'wsState': 1} eval_ms=3 ram=7.1/16.0GB (44%) swap=1.0/2.9GB (36%) cpu=28% browser_rss=1.12GB
[04:37]   Frame 4 saved (frame_003.jpg, t=15.1s)
[04:37]   [capture-periodic] freeze=3ms shot=100ms unfreeze=6ms saved=True
[04:39]   [capture-loop] iter=150 t=17.0s state={'complete': False, 'error': None, 'executedCount': 0, 'wsState': 1} eval_ms=3 ram=7.1/16.0GB (44%) swap=1.1/2.9GB (38%) cpu=39% browser_rss=1.12GB
[04:45]   [capture-loop] iter=200 t=22.6s state={'complete': False, 'error': None, 'executedCount': 0, 'wsState': 1} eval_ms=5 ram=7.6/16.0GB (48%) swap=1.1/2.9GB (40%) cpu=42% browser_rss=1.11GB
[04:50]   [capture-loop] iter=250 t=28.5s state={'complete': False, 'error': None, 'executedCount': 0, 'wsState': 1} eval_ms=4 ram=7.6/16.0GB (47%) swap=1.3/2.9GB (45%) cpu=87% browser_rss=1.11GB
[04:56]   [capture-loop] iter=300 t=34.1s state={'complete': False, 'error': None, 'executedCount': 0, 'wsState': 1} eval_ms=4 ram=7.7/16.0GB (48%) swap=1.3/2.9GB (46%) cpu=70% browser_rss=1.11GB
[05:02]   [capture-loop] iter=350 t=40.0s state={'complete': False, 'error': None, 'executedCount': 0, 'wsState': 1} eval_ms=7 ram=7.5/16.0GB (47%) swap=1.7/2.9GB (59%) cpu=85% browser_rss=1.11GB
[05:08]   [capture-loop] iter=400 t=45.7s state={'complete': False, 'error': None, 'executedCount': 0, 'wsState': 1} eval_ms=4 ram=8.4/16.0GB (52%) swap=2.2/2.9GB (78%) cpu=78% browser_rss=1.11GB
[05:13]   [capture-loop] iter=450 t=51.4s state={'complete': False, 'error': None, 'executedCount': 0, 'wsState': 1} eval_ms=5 ram=7.1/16.0GB (44%) swap=2.4/2.9GB (84%) cpu=62% browser_rss=1.11GB
[05:19]   [capture-loop] iter=500 t=57.2s state={'complete': False, 'error': None, 'executedCount': 0, 'wsState': 1} eval_ms=5 ram=9.3/16.0GB (58%) swap=2.4/2.9GB (84%) cpu=64% browser_rss=1.05GB
[05:25]   [capture-loop] iter=550 t=62.9s state={'complete': False, 'error': None, 'executedCount': 0, 'wsState': 1} eval_ms=4 ram=7.5/16.0GB (47%) swap=2.4/2.9GB (84%) cpu=64% browser_rss=1.05GB
[05:31]   [capture-loop] iter=600 t=68.7s state={'complete': False, 'error': None, 'executedCount': 0, 'wsState': 1} eval_ms=5 ram=8.7/16.0GB (54%) swap=2.4/2.9GB (84%) cpu=62% browser_rss=1.05GB
[05:36]   [capture-loop] iter=650 t=74.4s state={'complete': False, 'error': None, 'executedCount': 0, 'wsState': 1} eval_ms=5 ram=8.6/16.0GB (54%) swap=2.4/2.9GB (84%) cpu=62% browser_rss=1.05GB
[05:38]   Frame 5 saved (frame_004.jpg, t=76.2s)
[05:38]   [capture-periodic] freeze=3ms shot=98ms unfreeze=4ms saved=True
[05:40]   Node executed (1 total), capturing...
[05:41]   Frame 6 saved (frame_005.jpg, t=78.0s)
[05:41]   [capture-node] freeze=115ms shot=599ms unfreeze=69ms saved=True
[05:41]   Node executed (2 total), capturing...
[05:41]   Frame 7 saved (frame_006.jpg, t=79.1s)
[05:41]   [capture-node] freeze=3ms shot=118ms unfreeze=0ms saved=True
[05:41]   Execution complete (t=79.1s)
[05:41]   Captured 7 unique frames over 79.2s
[05:41]   [debug] iframes: 0
[05:41]   [timing] trigger_3d_previews: 0.0s
[05:43]   Saved high-quality screenshot: scene_seg_interactive_executed.png
[05:43]   [timing] final_screenshot: 0.2s
[05:44]   [5/5] SKIPPED (not in cpu list) video_point_prompt.json
[05:44] Results saved to D:\a\comfy-gpu-ci\comfy-gpu-ci\comfy-test-logs\SAM3-1119\windows-portable-cpu\results.json
[05:44] Model report: 9 files, 3.2 GB -> D:\a\comfy-gpu-ci\comfy-gpu-ci\comfy-test-logs\SAM3-1119\windows-portable-cpu\models.json
[05:44] Saved: D:\a\comfy-gpu-ci\comfy-gpu-ci\comfy-test-logs\SAM3-1119\windows-portable-cpu\index.html
[05:44] [EXECUTION] PASSED
[05:44] 
windows_portable: PASSED
