Capturing execution frames: image_seg_text.json
  [ComfyUI] [comfy-env] [VRAM] Before offload 'Sam3VideoInferenceWithInstanceInteractivity_1' (1756 MB) -> cpu: 2759 / 24124 MB
  [ComfyUI] [ComfyUI-SAM3] Health check: ping (timeout=5.0s)...
  [ComfyUI] [ComfyUI-SAM3] Health check: ok
  [ComfyUI] [SubprocessWorker] call_id=4 sending model_to_device
  [ComfyUI] [worker:ComfyUI-SAM3] [VRAM] -239MB (now 1810MB) reserved=2112MB peak=2049MB
  [ComfyUI] [worker:ComfyUI-SAM3] [VRAM] -1648MB (now 163MB) reserved=2112MB peak=2049MB
  [ComfyUI] [comfy-env] [VRAM] After offload 'Sam3VideoInferenceWithInstanceInteractivity_1' (1756 MB): 871 / 24124 MB
  Frame 1 saved (frame_000.jpg, t=0.0s)
  Validating workflow...
  [ComfyUI] === /validate endpoint called ===
  [ComfyUI] Received JSON with keys: ['prompt']
  Queuing workflow for execution...
  [ComfyUI] Prompt has 5 nodes
  [ComfyUI]   Node 1: LoadImage
  [ComfyUI]     Inputs: {"image": "example_image.jpg"}
  [ComfyUI]   Node 3: PreviewImage
  [ComfyUI]     Inputs: {"images": ["15", 1]}
  [ComfyUI]   Node 4: MaskPreview
  [ComfyUI]     Inputs: {"mask": ["15", 0]}
  [ComfyUI]   Node 12: LoadSAM3Model
  [ComfyUI]     Inputs: {"precision": "fp32", "compile": false}
  [ComfyUI]   Node 15: SAM3Grounding
  [ComfyUI]     Inputs: {"confidence_threshold": 0.2, "text_prompt": "child", "max_detections": -1, "sam3_model_config": ["12", 0], "image": ["1", 0]}
  [ComfyUI] Generated prompt_id: f472f9a1-211a-4c00-bb2d-512a962b4a2f
  [ComfyUI] Calling execution.validate_prompt()...
  [ComfyUI] Validation result: valid=True
  [ComfyUI] === Validation PASSED ===
  [ComfyUI] got prompt
  [ComfyUI] [comfy-env] Running LoadSAM3Model: precision: 'fp32', compile: False
  [ComfyUI] [VRAM] Before LoadSAM3Model: 871 / 24124 MB
  [ComfyUI] [SubprocessWorker] call_method: nodes.load_model.LoadSAM3Model.EXECUTE_NORMALIZED
  [ComfyUI] [SubprocessWorker] acquired lock, ensuring started...
  [ComfyUI] [ComfyUI-SAM3] Health check: ping (timeout=5.0s)...
  [ComfyUI] [ComfyUI-SAM3] Health check: ok
  [ComfyUI] [SubprocessWorker] worker started/confirmed
  [ComfyUI] [SubprocessWorker] serializing kwargs to shm...
  [ComfyUI] [SubprocessWorker] created 0 shm blocks
  [ComfyUI] [SubprocessWorker] sending request via socket...
  [ComfyUI] [SubprocessWorker] call_id=5 sending call_method
  [ComfyUI] [SubprocessWorker] got response: ok
  [ComfyUI] [comfy-env] LoadSAM3Model done (0.06s): result: NodeOutput
  [ComfyUI] [VRAM] After LoadSAM3Model: 871 / 24124 MB
  [ComfyUI] [comfy-env] Running SAM3Grounding: confidence_threshold: 0.2, text_prompt: 'child', max_detections: -1, sam3_model_config: dict, image: torch.float32 [1,720,1280,3] cpu
  [ComfyUI] [VRAM] Before SAM3Grounding: 871 / 24124 MB
  [ComfyUI] [SubprocessWorker] call_method: nodes.segmentation.SAM3Grounding.EXECUTE_NORMALIZED
  [ComfyUI] [SubprocessWorker] acquired lock, ensuring started...
  [ComfyUI] [ComfyUI-SAM3] Health check: ping (timeout=5.0s)...
  [ComfyUI] [ComfyUI-SAM3] Health check: ok
  [ComfyUI] [SubprocessWorker] worker started/confirmed
  [ComfyUI] [comfy-env] PRE-SERIALIZE 'image' shape: torch.Size([1, 720, 1280, 3])
  [ComfyUI] [SubprocessWorker] serializing kwargs to shm...
  [ComfyUI] [SubprocessWorker] created 0 shm blocks
  [ComfyUI] [SubprocessWorker] sending request via socket...
  [ComfyUI] [SubprocessWorker] call_id=6 sending call_method
  [ComfyUI] [worker:ComfyUI-SAM3] [comfy-env] _from_shm got dict with keys: ['__type__', 'strategy', 'parent_pid', 'fd', 'storage_size']
  [ComfyUI] [worker:ComfyUI-SAM3] [comfy-env] DESERIALIZE TensorRef: tensor_size=[1, 720, 1280, 3]
  [ComfyUI] [worker:ComfyUI-SAM3] [comfy-env] DESERIALIZED tensor shape: torch.Size([1, 720, 1280, 3])
  [ComfyUI] [SubprocessWorker] callback 'request_vram_budget' from call_id=6
  [ComfyUI] [comfy-env] VRAM request: 3.50GB, free before eviction: 24.38GB
  [ComfyUI] [comfy-env] VRAM after eviction: 24.38GB
  [ComfyUI] [worker:ComfyUI-SAM3] [VRAM] +405MB (now 568MB) reserved=640MB peak=2049MB
  [ComfyUI] [worker:ComfyUI-SAM3] WARNING: attention_flash cannot run on fp32 Q/K/V. Falling back to attention_pytorch with flash-SDPA disabled.
  Frame 2 saved (frame_001.jpg, t=2.4s)
  [capture-periodic] freeze=3ms shot=202ms unfreeze=4ms saved=True
  [ComfyUI] [worker:ComfyUI-SAM3] [VRAM] +2962MB (now 3531MB) reserved=3872MB peak=3531MB
  [ComfyUI] [worker:ComfyUI-SAM3] WARNING: Flash Attention failed, using default SDPA: Mask must not be set for Flash attention
  [ComfyUI] [worker:ComfyUI-SAM3] WARNING: Flash Attention failed, using default SDPA: Mask must not be set for Flash attention
  [ComfyUI] [worker:ComfyUI-SAM3] WARNING: Flash Attention failed, using default SDPA: Mask must not be set for Flash attention
  [ComfyUI] [worker:ComfyUI-SAM3] WARNING: Flash Attention failed, using default SDPA: Mask must not be set for Flash attention
  [ComfyUI] [worker:ComfyUI-SAM3] WARNING: Flash Attention failed, using default SDPA: Mask must not be set for Flash attention
  [ComfyUI] [worker:ComfyUI-SAM3] WARNING: Flash Attention failed, using default SDPA: Mask must not be set for Flash attention
  [ComfyUI] [worker:ComfyUI-SAM3] WARNING: Flash Attention failed, using default SDPA: Mask must not be set for Flash attention
  [ComfyUI] [worker:ComfyUI-SAM3] WARNING: Flash Attention failed, using default SDPA: Mask must not be set for Flash attention
  [ComfyUI] [worker:ComfyUI-SAM3] WARNING: Flash Attention failed, using default SDPA: Mask must not be set for Flash attention
  [ComfyUI] [worker:ComfyUI-SAM3] WARNING: Flash Attention failed, using default SDPA: Mask must not be set for Flash attention
  [ComfyUI] [worker:ComfyUI-SAM3] WARNING: Flash Attention failed, using default SDPA: Mask must not be set for Flash attention
  [ComfyUI] [worker:ComfyUI-SAM3] WARNING: Flash Attention failed, using default SDPA: Mask must not be set for Flash attention
  [ComfyUI] [worker:ComfyUI-SAM3] WARNING: Flash Attention failed, using default SDPA: Mask must not be set for Flash attention
  [ComfyUI] [worker:ComfyUI-SAM3] WARNING: Flash Attention failed, using default SDPA: Mask must not be set for Flash attention
  [ComfyUI] [worker:ComfyUI-SAM3] WARNING: Flash Attention failed, using default SDPA: Mask must not be set for Flash attention
  [ComfyUI] [worker:ComfyUI-SAM3] WARNING: Flash Attention failed, using default SDPA: Mask must not be set for Flash attention
  [ComfyUI] [worker:ComfyUI-SAM3] WARNING: Flash Attention failed, using default SDPA: Mask must not be set for Flash attention
  [ComfyUI] [worker:ComfyUI-SAM3] WARNING: Flash Attention failed, using default SDPA: Mask must not be set for Flash attention
  [ComfyUI] [worker:ComfyUI-SAM3] WARNING: Flash Attention failed, using default SDPA: Mask must not be set for Flash attention
  [ComfyUI] [worker:ComfyUI-SAM3] WARNING: Flash Attention failed, using default SDPA: Mask must not be set for Flash attention
  [ComfyUI] [worker:ComfyUI-SAM3] WARNING: Flash Attention failed, using default SDPA: Mask must not be set for Flash attention
  [ComfyUI] [worker:ComfyUI-SAM3] WARNING: Flash Attention failed, using default SDPA: Mask must not be set for Flash attention
  [ComfyUI] [worker:ComfyUI-SAM3] WARNING: Flash Attention failed, using default SDPA: Mask must not be set for Flash attention
  [ComfyUI] [worker:ComfyUI-SAM3] WARNING: Flash Attention failed, using default SDPA: Mask must not be set for Flash attention
  [ComfyUI] [worker:ComfyUI-SAM3] WARNING: Flash Attention failed, using default SDPA: Mask must not be set for Flash attention
  [ComfyUI] [worker:ComfyUI-SAM3] WARNING: Flash Attention failed, using default SDPA: Mask must not be set for Flash attention
  [ComfyUI] [worker:ComfyUI-SAM3] WARNING: Flash Attention failed, using default SDPA: Mask must not be set for Flash attention
  [ComfyUI] [worker:ComfyUI-SAM3] [VRAM] +280MB (now 3812MB) reserved=4032MB peak=3812MB
  [ComfyUI] [worker:ComfyUI-SAM3] WARNING: Flash Attention failed, using default SDPA: Mask must not be set for Flash attention
  [ComfyUI] [worker:ComfyUI-SAM3] WARNING: Flash Attention failed, using default SDPA: Mask must not be set for Flash attention
  [ComfyUI] [worker:ComfyUI-SAM3] WARNING: Flash Attention failed, using default SDPA: Mask must not be set for Flash attention
  [ComfyUI] [worker:ComfyUI-SAM3] WARNING: Flash Attention failed, using default SDPA: Mask must not be set for Flash attention
  [ComfyUI] [worker:ComfyUI-SAM3] WARNING: Flash Attention failed, using default SDPA: Mask must not be set for Flash attention
  [ComfyUI] [worker:ComfyUI-SAM3] WARNING: Flash Attention failed, using default SDPA: Mask must not be set for Flash attention
  [ComfyUI] [worker:ComfyUI-SAM3] WARNING: Flash Attention failed, using default SDPA: Mask must not be set for Flash attention
  [ComfyUI] [worker:ComfyUI-SAM3] WARNING: Flash Attention failed, using default SDPA: Mask must not be set for Flash attention
  [ComfyUI] [worker:ComfyUI-SAM3] WARNING: Flash Attention failed, using default SDPA: Mask must not be set for Flash attention
  [ComfyUI] [worker:ComfyUI-SAM3] WARNING: Flash Attention failed, using default SDPA: Mask must not be set for Flash attention
  [ComfyUI] [worker:ComfyUI-SAM3] WARNING: Flash Attention failed, using default SDPA: Mask must not be set for Flash attention
  [ComfyUI] [worker:ComfyUI-SAM3] WARNING: Flash Attention failed, using default SDPA: Mask must not be set for Flash attention
  [ComfyUI] [worker:ComfyUI-SAM3] WARNING: Flash Attention failed, using default SDPA: Mask must not be set for Flash attention
  [ComfyUI] [worker:ComfyUI-SAM3] WARNING: Flash Attention failed, using default SDPA: Mask must not be set for Flash attention
  [ComfyUI] [worker:ComfyUI-SAM3] WARNING: Flash Attention failed, using default SDPA: Mask must not be set for Flash attention
  [ComfyUI] [worker:ComfyUI-SAM3] WARNING: Flash Attention failed, using default SDPA: Mask must not be set for Flash attention
  [ComfyUI] [worker:ComfyUI-SAM3] WARNING: Flash Attention failed, using default SDPA: Mask must not be set for Flash attention
  [ComfyUI] [worker:ComfyUI-SAM3] WARNING: Flash Attention failed, using default SDPA: Mask must not be set for Flash attention
  [ComfyUI] [worker:ComfyUI-SAM3] WARNING: Flash Attention failed, using default SDPA: Mask must not be set for Flash attention
  [ComfyUI] [SubprocessWorker] got response: ok
  [ComfyUI] [comfy-env] Created 1 model patchers: ['Sam3VideoInferenceWithInstanceInteractivity_2']
  [ComfyUI] [comfy-env] SAM3Grounding done (4.01s): result: NodeOutput
  [ComfyUI] [VRAM] After SAM3Grounding: 4329 / 24124 MB
  [ComfyUI] [VRAM] Loaded: SubprocessModel (3334 MB)
  Node executed (1 total), capturing...
  [ComfyUI] Prompt executed in 4.51 seconds
  [ComfyUI] [comfy-env] [VRAM] Before offload 'Sam3VideoInferenceWithInstanceInteractivity_2' (3334 MB) -> cpu: 4329 / 24124 MB
  [ComfyUI] [ComfyUI-SAM3] Health check: ping (timeout=5.0s)...
  [ComfyUI] [ComfyUI-SAM3] python: /root/.ce/.pixi/envs/sam3-nodes/bin/python
  [ComfyUI] [ComfyUI-SAM3] Health check: failed
  [ComfyUI] [ComfyUI-SAM3] sys_path sent to worker: ['/workspaces/SAM3-2154/ComfyUI', '/workspaces/SAM3-2154/ComfyUI/custom_nodes/ComfyUI-SAM3', '/root/.ce/.pixi/envs/sam3-nodes/lib/python3.10/site-packages', '/workspaces/SAM3-2154/ComfyUI/custom_nodes/ComfyUI-SAM3']
  [ComfyUI] [ComfyUI-SAM3] Socket unhealthy, restarting worker...
  [ComfyUI] [SubprocessWorker] is_pixi=True, python=/root/.ce/.pixi/envs/sam3-nodes/bin/python
  [ComfyUI] [comfy-env] Invalidated 2 stale model patchers (will be cleaned up during next unload)
  [ComfyUI] [SubprocessWorker] launching cmd=['/root/.pixi/bin/pixi', 'run', '--as-is', '--manifest-path', '/root/.ce/pixi.toml', '-e', 'sam3-nodes', 'python', '/tmp/comfyui_pvenv_x810uyfi/persistent_worker.py', 'abstract://comfy_worker_3cfa1101d86a']...
  [ComfyUI] [SubprocessWorker] socket_addr=abstract://comfy_worker_3cfa1101d86a (abstract, no filesystem path)
  Frame 3 saved (frame_002.jpg, t=4.8s)
  [capture-node] freeze=6ms shot=251ms unfreeze=7ms saved=True
  Node executed (2 total), capturing...
  Frame 4 saved (frame_003.jpg, t=5.5s)
  [capture-node] freeze=3ms shot=221ms unfreeze=0ms saved=True
  Execution complete (t=5.5s)
  Captured 4 unique frames over 5.75s
  [debug] iframes: 0
  [timing] trigger_3d_previews: 0.0s
  [ComfyUI] [worker:ComfyUI-SAM3] WARNING: WARNING: You need pytorch with cu130 or higher to use optimized CUDA operations.
  [ComfyUI] [SubprocessWorker] call_id=7 sending model_to_device
  [ComfyUI] Model 'Sam3VideoInferenceWithInstanceInteractivity_2' gone from worker (restarted?), treating as offloaded
  [ComfyUI] [comfy-env] [VRAM] After offload 'Sam3VideoInferenceWithInstanceInteractivity_2' (3334 MB): 563 / 24124 MB
  Saved high-quality screenshot: image_seg_text_executed.png
  [timing] final_screenshot: 0.5s
    Captured 5 video frames