Capturing execution frames: scene_seg_interactive.json
  [ComfyUI] [comfy-env] [VRAM] Before offload 'Sam3VideoInferenceWithInstanceInteractivity_1' (3334 MB) -> cpu: 3895 / 7703 MB
  [ComfyUI] [ComfyUI-SAM3] Health check: ping (timeout=5.0s)...
  [ComfyUI] [ComfyUI-SAM3] Health check: ok
  [ComfyUI] [SubprocessWorker] call_id=13 sending model_to_device
  [ComfyUI] [worker:ComfyUI-SAM3] [VRAM] -303MB (now 3148MB) reserved=3520MB peak=5550MB
  [ComfyUI] [worker:ComfyUI-SAM3] [VRAM] -1468MB (now 1680MB) reserved=3520MB peak=5550MB
  [ComfyUI] [comfy-env] [VRAM] After offload 'Sam3VideoInferenceWithInstanceInteractivity_1' (3334 MB): 567 / 7703 MB
  Frame 1 saved (frame_000.jpg, t=0.0s)
  Validating workflow...
  [ComfyUI] === /validate endpoint called ===
  Queuing workflow for execution...
  [ComfyUI] Received JSON with keys: ['prompt']
  [ComfyUI] Prompt has 4 nodes
  [ComfyUI]   Node 1: LoadImage
  [ComfyUI]     Inputs: {"image": "image.png"}
  [ComfyUI]   Node 4: MaskPreview
  [ComfyUI]     Inputs: {"mask": ["26", 0]}
  [ComfyUI]   Node 12: LoadSAM3Model
  [ComfyUI]     Inputs: {"precision": "auto", "compile": false}
  [ComfyUI]   Node 26: SAM3InteractiveCollector
  [ComfyUI]     Inputs: {"multi_prompts_store": "[{\"positive_points\":[{\"x\":3348.288109906738,\"y\":2452.2208696844737}],\"negative_points\":[],\"positive_boxes\":[],\"negative_boxes\":[],\"name\":\"Prompt 1\"},{\"positiv
  [ComfyUI] Generated prompt_id: d3506526-5083-4c61-9bc4-43b3c786251a
  [ComfyUI] Calling execution.validate_prompt()...
  [ComfyUI] Validation result: valid=True
  [ComfyUI] === Validation PASSED ===
  [ComfyUI] got prompt
  [ComfyUI] [comfy-env] Running LoadSAM3Model: precision: 'auto', compile: False
  [ComfyUI] [ComfyUI-SAM3] python: /root/.ce/.pixi/envs/sam3-nodes/bin/python
  [ComfyUI] [VRAM] Before LoadSAM3Model: 567 / 7703 MB
  [ComfyUI] [ComfyUI-SAM3] sys_path sent to worker: ['/workspaces/SAM3-0918/ComfyUI', '/workspaces/SAM3-0918/ComfyUI/custom_nodes/ComfyUI-SAM3', '/root/.ce/.pixi/envs/sam3-nodes/lib/python3.12/site-packages', '/workspaces/SAM3-0918/ComfyUI/custom_nodes/ComfyUI-SAM3']
  [ComfyUI] [SubprocessWorker] call_method: nodes.load_model.LoadSAM3Model.EXECUTE_NORMALIZED
  [ComfyUI] [SubprocessWorker] is_pixi=True, python=/root/.ce/.pixi/envs/sam3-nodes/bin/python
  [ComfyUI] [SubprocessWorker] acquired lock, ensuring started...
  [ComfyUI] [SubprocessWorker] launching cmd=['/root/.pixi/bin/pixi', 'run', '--as-is', '--manifest-path', '/root/.ce/pixi.toml', '-e', 'sam3-nodes', 'python', '/tmp/comfyui_pvenv_2f4orjtw/persistent_worker.py', 'abstract://comfy_worker_bc4edfd21732']...
  [ComfyUI] [ComfyUI-SAM3] Health check: ping (timeout=5.0s)...
  [ComfyUI] [SubprocessWorker] socket_addr=abstract://comfy_worker_bc4edfd21732 (abstract, no filesystem path)
  [ComfyUI] [ComfyUI-SAM3] Health check: failed
  [ComfyUI] [ComfyUI-SAM3] Socket unhealthy, restarting worker...
  [ComfyUI] [comfy-env] Invalidated 1 stale model patchers (will be cleaned up during next unload)
  Frame 2 saved (frame_001.jpg, t=2.3s)
  [capture-periodic] freeze=1ms shot=145ms unfreeze=3ms saved=True
  [ComfyUI] [worker:ComfyUI-SAM3] WARNING: WARNING: You need pytorch with cu130 or higher to use optimized CUDA operations.
  [ComfyUI] [SubprocessWorker] worker started/confirmed
  [ComfyUI] [SubprocessWorker] serializing kwargs to shm...
  [ComfyUI] [SubprocessWorker] created 0 shm blocks
  [ComfyUI] [SubprocessWorker] sending request via socket...
  [ComfyUI] [SubprocessWorker] call_id=14 sending call_method
  [ComfyUI] [SubprocessWorker] got response: ok
  [ComfyUI] [comfy-env] [VRAM] Before offload 'Sam3VideoInferenceWithInstanceInteractivity_1' (3334 MB) -> cpu: 269 / 7703 MB
  [ComfyUI] [ComfyUI-SAM3] Health check: ping (timeout=5.0s)...
  [ComfyUI] [ComfyUI-SAM3] Health check: ok
  [ComfyUI] [SubprocessWorker] call_id=15 sending model_to_device
  [ComfyUI] Model 'Sam3VideoInferenceWithInstanceInteractivity_1' gone from worker (restarted?), treating as offloaded
  [ComfyUI] [comfy-env] [VRAM] After offload 'Sam3VideoInferenceWithInstanceInteractivity_1' (3334 MB): 269 / 7703 MB
  [ComfyUI] [comfy-env] LoadSAM3Model done (2.40s): result: NodeOutput
  [ComfyUI] [VRAM] After LoadSAM3Model: 269 / 7703 MB
  [ComfyUI] [comfy-env] Running SAM3InteractiveCollector: multi_prompts_store: '[{"positive_points":[{"x":3348.288109906738,"y":2452.220..., sam3_model_config: dict, image: torch.float32 [1,4480,6720,3] cpu, unique_id: '26'
  [ComfyUI] [VRAM] Before SAM3InteractiveCollector: 269 / 7703 MB
  [ComfyUI] [SubprocessWorker] call_method: nodes.sam3_interactive.SAM3InteractiveCollector.EXECUTE_NORMALIZED
  [ComfyUI] [SubprocessWorker] acquired lock, ensuring started...
  [ComfyUI] [ComfyUI-SAM3] Health check: ping (timeout=5.0s)...
  [ComfyUI] [ComfyUI-SAM3] Health check: ok
  [ComfyUI] [SubprocessWorker] worker started/confirmed
  [ComfyUI] [comfy-env] PRE-SERIALIZE 'image' shape: torch.Size([1, 4480, 6720, 3])
  [ComfyUI] [SubprocessWorker] serializing kwargs to shm...
  [ComfyUI] [SubprocessWorker] created 0 shm blocks
  [ComfyUI] [SubprocessWorker] sending request via socket...
  [ComfyUI] [SubprocessWorker] call_id=16 sending call_method
  [ComfyUI] [worker:ComfyUI-SAM3] [comfy-env] _from_shm got dict with keys: ['__type__', 'strategy', 'parent_pid', 'fd', 'storage_size']
  [ComfyUI] [worker:ComfyUI-SAM3] [comfy-env] DESERIALIZE TensorRef: tensor_size=[1, 4480, 6720, 3]
  [ComfyUI] [worker:ComfyUI-SAM3] [comfy-env] DESERIALIZED tensor shape: torch.Size([1, 4480, 6720, 3])
  Frame 3 saved (frame_002.jpg, t=4.6s)
  [capture-periodic] freeze=1ms shot=150ms unfreeze=2ms saved=True
  [capture-loop] iter=50 t=5.7s state={'complete': False, 'error': None, 'executedCount': 0, 'wsState': 1} eval_ms=2 ram=6.1/31.3GB (19%) swap=0.7/32.0GB (2%) cpu=15% browser_rss=1.49GB
  [ComfyUI] [SubprocessWorker] callback 'request_vram_budget' from call_id=16
  [ComfyUI] [comfy-env] VRAM request: 1.84GB, free before eviction: 7.69GB
  [ComfyUI] [comfy-env] VRAM after eviction: 7.69GB
  [ComfyUI] [worker:ComfyUI-SAM3] [VRAM] +405MB (now 405MB) reserved=416MB peak=405MB
  [ComfyUI] [worker:ComfyUI-SAM3] [VRAM] +1373MB (now 1778MB) reserved=1792MB peak=1778MB
  [ComfyUI] [SubprocessWorker] callback 'report_progress' from call_id=16
  [ComfyUI] [worker:ComfyUI-SAM3] [VRAM] +264MB (now 2042MB) reserved=2528MB peak=2476MB
  Frame 4 saved (frame_003.jpg, t=9.1s)
  [capture-periodic] freeze=2ms shot=152ms unfreeze=3ms saved=True
  [ComfyUI] [SubprocessWorker] got response: ok
  [ComfyUI] [comfy-env] Created 1 model patchers: ['Sam3VideoInferenceWithInstanceInteractivity_1']
  [ComfyUI] [comfy-env] SAM3InteractiveCollector done (6.66s): result: NodeOutput
  [ComfyUI] [VRAM] After SAM3InteractiveCollector: 3991 / 7703 MB
  [ComfyUI] [VRAM] Loaded: SubprocessModel (1756 MB)
  [ComfyUI] Prompt executed in 10.28 seconds
  [ComfyUI] [comfy-env] [VRAM] Before offload 'Sam3VideoInferenceWithInstanceInteractivity_1' (1756 MB) -> cpu: 3991 / 7703 MB
  [ComfyUI] [ComfyUI-SAM3] Health check: ping (timeout=5.0s)...
  [ComfyUI] [ComfyUI-SAM3] Health check: ok
  [ComfyUI] [SubprocessWorker] call_id=17 sending model_to_device
  [ComfyUI] [worker:ComfyUI-SAM3] [VRAM] -249MB (now 1794MB) reserved=3616MB peak=3220MB
  Node executed (1 total), capturing...
  [ComfyUI] [comfy-env] [VRAM] After offload 'Sam3VideoInferenceWithInstanceInteractivity_1' (1756 MB): 759 / 7703 MB
  Frame 5 saved (frame_004.jpg, t=11.1s)
  [capture-node] freeze=443ms shot=687ms unfreeze=8ms saved=True
  Node executed (2 total), capturing...
  Frame 6 saved (frame_005.jpg, t=12.7s)
  [capture-node] freeze=2ms shot=185ms unfreeze=0ms saved=True
  Execution complete (t=12.7s)
  Captured 6 unique frames over 12.96s
  [debug] iframes: 0
  [timing] trigger_3d_previews: 0.0s
  Saved high-quality screenshot: scene_seg_interactive_executed.png
  [timing] final_screenshot: 0.4s
    Captured 7 video frames