Capturing execution frames: scene_seg.json
  Frame 1 saved (frame_000.jpg, t=0.0s)
  Validating workflow...
  [ComfyUI] === /validate endpoint called ===
  Queuing workflow for execution...
  [ComfyUI] Received JSON with keys: ['prompt']
  [ComfyUI] Prompt has 10 nodes
  [ComfyUI]   Node 1: LoadImage
  [ComfyUI]     Inputs: {"image": "image.png"}
  [ComfyUI]   Node 3: PreviewImage
  [ComfyUI]     Inputs: {"images": ["27", 1]}
  [ComfyUI]   Node 4: MaskPreview
  [ComfyUI]     Inputs: {"mask": ["27", 0]}
  [ComfyUI]   Node 12: LoadSAM3Model
  [ComfyUI]     Inputs: {"precision": "fp32", "compile": false}
  [ComfyUI]   Node 20: SAM3MultiRegionCollector
  [ComfyUI]     Inputs: {"multi_prompts_store": "[{\"positive_points\":[{\"x\":5052.74953932266,\"y\":2847.0600693869637},{\"x\":4932.510591392486,\"y\":2953.9413227753366},{\"x\":4718.752461738845,\"y\":2967.301479448883},{
  [ComfyUI]   Node 22: MultibandFromBatch
  [ComfyUI]     Inputs: {"images": ["1", 0], "masks": ["27", 0]}
  [ComfyUI]   Node 23: MultibandSave
  [ComfyUI]     Inputs: {"file_path": "output/multiband", "format": "npz", "multiband": ["26", 0]}
  [ComfyUI]   Node 24: MultibandPreview
  [ComfyUI]     Inputs: {"channel_index": 0, "multiband": ["26", 0]}
  [ComfyUI]   Node 26: MultibandResize
  [ComfyUI]     Inputs: {"upscale_method": "nearest-exact", "width": 900, "height": 600, "crop": "center", "multiband": ["22", 0]}
  [ComfyUI]   Node 27: SAM3MultipromptSegmentation
  [ComfyUI]     Inputs: {"refinement_iterations": 0, "use_multimask": false, "sam3_model_config": ["12", 0], "image": ["1", 0], "multi_prompts": ["20", 0]}
  [ComfyUI] Generated prompt_id: 24ec6f18-4d96-4038-84d6-d12b8dc1f3ad
  [ComfyUI] Calling execution.validate_prompt()...
  [ComfyUI] Validation result: valid=True
  [ComfyUI] === Validation PASSED ===
  [ComfyUI] got prompt
  [ComfyUI] [comfy-env] Running SAM3MultiRegionCollector: multi_prompts_store: '[{"positive_points":[{"x":5052.74953932266,"y":2847.0600..., image: torch.float32 [1,4480,6720,3] cpu
  [ComfyUI] [VRAM] Before SAM3MultiRegionCollector: 763 / 7703 MB
  [ComfyUI] [ComfyUI-SAM3] python: /root/.ce/.pixi/envs/sam3-nodes/bin/python
  [ComfyUI] [SubprocessWorker] call_method: nodes.sam3_interactive.SAM3MultiRegionCollector.EXECUTE_NORMALIZED
  [ComfyUI] [ComfyUI-SAM3] sys_path sent to worker: ['/workspaces/SAM3-0918/ComfyUI', '/workspaces/SAM3-0918/ComfyUI/custom_nodes/ComfyUI-SAM3', '/root/.ce/.pixi/envs/sam3-nodes/lib/python3.12/site-packages', '/workspaces/SAM3-0918/ComfyUI/custom_nodes/ComfyUI-SAM3']
  [ComfyUI] [SubprocessWorker] acquired lock, ensuring started...
  [ComfyUI] [SubprocessWorker] is_pixi=True, python=/root/.ce/.pixi/envs/sam3-nodes/bin/python
  [ComfyUI] [ComfyUI-SAM3] Health check: ping (timeout=5.0s)...
  [ComfyUI] [SubprocessWorker] launching cmd=['/root/.pixi/bin/pixi', 'run', '--as-is', '--manifest-path', '/root/.ce/pixi.toml', '-e', 'sam3-nodes', 'python', '/tmp/comfyui_pvenv_2f4orjtw/persistent_worker.py', 'abstract://comfy_worker_4c76172a4455']...
  [ComfyUI] [ComfyUI-SAM3] Health check: failed
  [ComfyUI] [SubprocessWorker] socket_addr=abstract://comfy_worker_4c76172a4455 (abstract, no filesystem path)
  [ComfyUI] [ComfyUI-SAM3] Socket unhealthy, restarting worker...
  [ComfyUI] [comfy-env] Invalidated 2 stale model patchers (will be cleaned up during next unload)
  Frame 2 saved (frame_001.jpg, t=2.4s)
  [capture-periodic] freeze=1ms shot=154ms unfreeze=5ms saved=True
  [ComfyUI] [worker:ComfyUI-SAM3] WARNING: WARNING: You need pytorch with cu130 or higher to use optimized CUDA operations.
  [ComfyUI] [SubprocessWorker] worker started/confirmed
  [ComfyUI] [comfy-env] PRE-SERIALIZE 'image' shape: torch.Size([1, 4480, 6720, 3])
  [ComfyUI] [SubprocessWorker] serializing kwargs to shm...
  [ComfyUI] [SubprocessWorker] created 0 shm blocks
  [ComfyUI] [SubprocessWorker] sending request via socket...
  [ComfyUI] [SubprocessWorker] call_id=8 sending call_method
  [ComfyUI] [worker:ComfyUI-SAM3] [comfy-env] _from_shm got dict with keys: ['__type__', 'strategy', 'parent_pid', 'fd', 'storage_size']
  [ComfyUI] [worker:ComfyUI-SAM3] [comfy-env] DESERIALIZE TensorRef: tensor_size=[1, 4480, 6720, 3]
  [ComfyUI] [worker:ComfyUI-SAM3] [comfy-env] DESERIALIZED tensor shape: torch.Size([1, 4480, 6720, 3])
  [ComfyUI] [SubprocessWorker] got response: ok
  [ComfyUI] [comfy-env] [VRAM] Before offload 'Sam3VideoInferenceWithInstanceInteractivity_2' (3334 MB) -> cpu: 269 / 7703 MB
  [ComfyUI] [ComfyUI-SAM3] Health check: ping (timeout=5.0s)...
  [ComfyUI] [ComfyUI-SAM3] Health check: ok
  [ComfyUI] [SubprocessWorker] call_id=9 sending model_to_device
  [ComfyUI] Model 'Sam3VideoInferenceWithInstanceInteractivity_2' gone from worker (restarted?), treating as offloaded
  [ComfyUI] [comfy-env] [VRAM] After offload 'Sam3VideoInferenceWithInstanceInteractivity_2' (3334 MB): 269 / 7703 MB
  [ComfyUI] [comfy-env] [VRAM] Before offload 'Sam3VideoInferenceWithInstanceInteractivity_1' (1756 MB) -> cpu: 269 / 7703 MB
  [ComfyUI] [ComfyUI-SAM3] Health check: ping (timeout=5.0s)...
  [ComfyUI] [ComfyUI-SAM3] Health check: ok
  [ComfyUI] [SubprocessWorker] call_id=10 sending model_to_device
  [ComfyUI] Model 'Sam3VideoInferenceWithInstanceInteractivity_1' gone from worker (restarted?), treating as offloaded
  [ComfyUI] [comfy-env] [VRAM] After offload 'Sam3VideoInferenceWithInstanceInteractivity_1' (1756 MB): 269 / 7703 MB
  [ComfyUI] [comfy-env] SAM3MultiRegionCollector done (3.28s): result: NodeOutput
  [ComfyUI] [VRAM] After SAM3MultiRegionCollector: 269 / 7703 MB
  [ComfyUI] [comfy-env] Running LoadSAM3Model: precision: 'fp32', compile: False
  [ComfyUI] [VRAM] Before LoadSAM3Model: 269 / 7703 MB
  [ComfyUI] [SubprocessWorker] call_method: nodes.load_model.LoadSAM3Model.EXECUTE_NORMALIZED
  [ComfyUI] [SubprocessWorker] acquired lock, ensuring started...
  [ComfyUI] [ComfyUI-SAM3] Health check: ping (timeout=5.0s)...
  [ComfyUI] [ComfyUI-SAM3] Health check: ok
  [ComfyUI] [SubprocessWorker] worker started/confirmed
  [ComfyUI] [SubprocessWorker] serializing kwargs to shm...
  [ComfyUI] [SubprocessWorker] created 0 shm blocks
  [ComfyUI] [SubprocessWorker] sending request via socket...
  [ComfyUI] [SubprocessWorker] call_id=11 sending call_method
  [ComfyUI] [SubprocessWorker] got response: ok
  [ComfyUI] [comfy-env] LoadSAM3Model done (0.05s): result: NodeOutput
  [ComfyUI] [VRAM] After LoadSAM3Model: 269 / 7703 MB
  [ComfyUI] [comfy-env] Running SAM3MultipromptSegmentation: refinement_iterations: 0, use_multimask: False, sam3_model_config: dict, image: torch.float32 [1,4480,6720,3] cpu, multi_prompts: list[7]
  [ComfyUI] [VRAM] Before SAM3MultipromptSegmentation: 269 / 7703 MB
  [ComfyUI] [SubprocessWorker] call_method: nodes.segmentation.SAM3MultipromptSegmentation.EXECUTE_NORMALIZED
  [ComfyUI] [SubprocessWorker] acquired lock, ensuring started...
  [ComfyUI] [ComfyUI-SAM3] Health check: ping (timeout=5.0s)...
  [ComfyUI] [ComfyUI-SAM3] Health check: ok
  [ComfyUI] [SubprocessWorker] worker started/confirmed
  [ComfyUI] [comfy-env] PRE-SERIALIZE 'image' shape: torch.Size([1, 4480, 6720, 3])
  [ComfyUI] [SubprocessWorker] serializing kwargs to shm...
  [ComfyUI] [SubprocessWorker] created 0 shm blocks
  [ComfyUI] [SubprocessWorker] sending request via socket...
  [ComfyUI] [SubprocessWorker] call_id=12 sending call_method
  [ComfyUI] [worker:ComfyUI-SAM3] [comfy-env] _from_shm got dict with keys: ['__type__', 'strategy', 'parent_pid', 'fd', 'storage_size']
  [ComfyUI] [worker:ComfyUI-SAM3] [comfy-env] DESERIALIZE TensorRef: tensor_size=[1, 4480, 6720, 3]
  [ComfyUI] [worker:ComfyUI-SAM3] [comfy-env] DESERIALIZED tensor shape: torch.Size([1, 4480, 6720, 3])
  Node executed (1 total), capturing...
  Frame 3 saved (frame_002.jpg, t=4.8s)
  [capture-node] freeze=216ms shot=291ms unfreeze=22ms saved=True
  [ComfyUI] [SubprocessWorker] callback 'request_vram_budget' from call_id=12
  [ComfyUI] [comfy-env] VRAM request: 3.50GB, free before eviction: 7.69GB
  [ComfyUI] [comfy-env] VRAM after eviction: 7.69GB
  [ComfyUI] [worker:ComfyUI-SAM3] [VRAM] +618MB (now 618MB) reserved=640MB peak=618MB
  [capture-loop] iter=50 t=6.6s state={'complete': False, 'error': None, 'executedCount': 1, 'wsState': 1} eval_ms=2 ram=4.7/31.3GB (15%) swap=0.7/32.0GB (2%) cpu=15% browser_rss=1.76GB
  [ComfyUI] [worker:ComfyUI-SAM3] [VRAM] +2715MB (now 3334MB) reserved=3360MB peak=3334MB
  [ComfyUI] [worker:ComfyUI-SAM3] WARNING: attention_flash cannot run on fp32 Q/K/V. Falling back to attention_pytorch with flash-SDPA disabled.
  [ComfyUI] [worker:ComfyUI-SAM3] [VRAM] +284MB (now 3619MB) reserved=3776MB peak=3619MB
  [ComfyUI] [SubprocessWorker] callback 'report_progress' from call_id=12
  [ComfyUI] [SubprocessWorker] callback 'report_progress' from call_id=12
  [ComfyUI] [SubprocessWorker] callback 'report_progress' from call_id=12
  [ComfyUI] [SubprocessWorker] callback 'report_progress' from call_id=12
  [ComfyUI] [worker:ComfyUI-SAM3] [VRAM] +868MB (now 4488MB) reserved=4608MB peak=4488MB
  Frame 4 saved (frame_003.jpg, t=9.7s)
  [capture-periodic] freeze=2ms shot=228ms unfreeze=17ms saved=True
  [ComfyUI] [worker:ComfyUI-SAM3] [VRAM] -1037MB (now 3451MB) reserved=6368MB peak=5550MB
  [ComfyUI] [SubprocessWorker] got response: ok
  [ComfyUI] [comfy-env] Created 1 model patchers: ['Sam3VideoInferenceWithInstanceInteractivity_1']
  [ComfyUI] [comfy-env] SAM3MultipromptSegmentation done (7.76s): result: NodeOutput
  [ComfyUI] [VRAM] After SAM3MultipromptSegmentation: 3895 / 7703 MB
  [ComfyUI] [VRAM] Loaded: SubprocessModel (3334 MB)
  Frame 5 saved (frame_004.jpg, t=12.1s)
  [capture-periodic] freeze=20ms shot=199ms unfreeze=11ms saved=True
  [capture-loop] iter=100 t=12.7s state={'complete': False, 'error': None, 'executedCount': 1, 'wsState': 1} eval_ms=2 ram=7.1/31.3GB (23%) swap=0.7/32.0GB (2%) cpu=14% browser_rss=1.91GB
  Node executed (2 total), capturing...
  Frame 6 saved (frame_005.jpg, t=15.2s)
  [capture-node] freeze=2ms shot=604ms unfreeze=1ms saved=True
  [ComfyUI] BatchToMultiband: Processed 1 images with 3 channels each -> 3 channels
  [ComfyUI] BatchToMultiband: Processed 7 masks -> 7 channels
  Node executed (3 total), capturing...
  [ComfyUI] BatchToMultiband: Output shape torch.Size([1, 10, 4480, 6720]), channels: ['img_01_r', 'img_01_g', 'img_01_b', 'mask_01', 'mask_02', 'mask_03', 'mask_04', 'mask_05', 'mask_06', 'mask_07']
  [ComfyUI] ResizeMultiband: 4480x6720 -> 600x900
  [ComfyUI] PreviewMultibandImage: Batch=1, Channels=10, Names=['img_01_r', 'img_01_g', 'img_01_b', 'mask_01', 'mask_02', 'mask_03', 'mask_04', 'mask_05', 'mask_06', 'mask_07']
  [ComfyUI] Prompt executed in 19.14 seconds
  [ComfyUI] SaveMultibandImage: Saved to output/multiband.npz
  [ComfyUI]   Shape: (1, 10, 600, 900)
  [ComfyUI]   Format: npz
  Frame 7 saved (frame_006.jpg, t=18.7s)
  [capture-node] freeze=593ms shot=248ms unfreeze=9ms saved=True
  Node executed (4 total), capturing...
  Frame 8 saved (frame_007.jpg, t=20.2s)
  [capture-node] freeze=2ms shot=554ms unfreeze=0ms saved=True
  Execution complete (t=20.2s)
  Captured 8 unique frames over 20.8s
  [debug] iframes: 0
  [timing] trigger_3d_previews: 0.0s
  Saved high-quality screenshot: scene_seg_executed.png
  [timing] final_screenshot: 0.4s
    Captured 9 video frames