Capturing execution frames: image_seg_point.json
  Frame 1 saved (frame_000.jpg, t=0.0s)
  Validating workflow...
  Queuing workflow for execution...
  Frame 2 saved (frame_001.jpg, t=2.2s)
  [capture-periodic] freeze=3ms shot=96ms unfreeze=4ms saved=True
  Node executed (1 total), capturing...
  Frame 3 saved (frame_002.jpg, t=3.9s)
  [capture-node] freeze=4ms shot=115ms unfreeze=4ms saved=True
  [capture-loop] iter=50 t=5.9s state={'complete': False, 'error': None, 'executedCount': 1, 'wsState': 1} eval_ms=5 ram=6.1/16.0GB (38%) swap=0.3/2.9GB (10%) cpu=27% browser_rss=0.72GB
  Frame 4 saved (frame_003.jpg, t=5.9s)
  [capture-periodic] freeze=6ms shot=137ms unfreeze=7ms saved=True
  Frame 5 saved (frame_004.jpg, t=8.6s)
  [capture-periodic] freeze=5ms shot=113ms unfreeze=5ms saved=True
  Frame 6 saved (frame_005.jpg, t=10.8s)
  [capture-periodic] freeze=5ms shot=123ms unfreeze=5ms saved=True
  [capture-loop] iter=100 t=13.9s state={'complete': False, 'error': None, 'executedCount': 1, 'wsState': 1} eval_ms=3 ram=8.0/16.0GB (50%) swap=0.3/2.9GB (10%) cpu=41% browser_rss=0.73GB
  Frame 7 saved (frame_006.jpg, t=13.9s)
  [capture-periodic] freeze=511ms shot=119ms unfreeze=8ms saved=True
  Frame 8 saved (frame_007.jpg, t=29.6s)
  [capture-periodic] freeze=3ms shot=97ms unfreeze=3ms saved=True
  Frame 9 saved (frame_008.jpg, t=32.1s)
  [capture-periodic] freeze=3ms shot=108ms unfreeze=3ms saved=True
  [capture-loop] iter=150 t=33.5s state={'complete': False, 'error': None, 'executedCount': 1, 'wsState': 1} eval_ms=5 ram=5.9/16.0GB (37%) swap=0.3/2.9GB (10%) cpu=14% browser_rss=0.73GB
  [capture-loop] iter=200 t=39.5s state={'complete': False, 'error': None, 'executedCount': 1, 'wsState': 1} eval_ms=5 ram=6.2/16.0GB (39%) swap=0.3/2.9GB (10%) cpu=71% browser_rss=0.63GB
  [capture-loop] iter=250 t=45.8s state={'complete': False, 'error': None, 'executedCount': 1, 'wsState': 1} eval_ms=4 ram=7.6/16.0GB (48%) swap=0.3/2.9GB (10%) cpu=71% browser_rss=0.63GB
  [capture-loop] iter=300 t=51.6s state={'complete': False, 'error': None, 'executedCount': 1, 'wsState': 1} eval_ms=4 ram=6.1/16.0GB (38%) swap=0.5/2.9GB (16%) cpu=74% browser_rss=0.39GB
  [capture-loop] iter=350 t=57.4s state={'complete': False, 'error': None, 'executedCount': 1, 'wsState': 1} eval_ms=4 ram=6.1/16.0GB (38%) swap=0.6/2.9GB (21%) cpu=62% browser_rss=0.39GB
  [capture-loop] iter=400 t=63.2s state={'complete': False, 'error': None, 'executedCount': 1, 'wsState': 1} eval_ms=5 ram=6.3/16.0GB (40%) swap=0.6/2.9GB (21%) cpu=62% browser_rss=0.39GB
  [capture-loop] iter=450 t=68.9s state={'complete': False, 'error': None, 'executedCount': 1, 'wsState': 1} eval_ms=4 ram=6.5/16.0GB (41%) swap=0.6/2.9GB (21%) cpu=62% browser_rss=0.40GB
  [capture-loop] iter=500 t=74.6s state={'complete': False, 'error': None, 'executedCount': 1, 'wsState': 1} eval_ms=4 ram=6.8/16.0GB (42%) swap=0.6/2.9GB (21%) cpu=61% browser_rss=0.40GB
  [capture-loop] iter=550 t=80.3s state={'complete': False, 'error': None, 'executedCount': 1, 'wsState': 1} eval_ms=4 ram=7.6/16.0GB (48%) swap=0.6/2.9GB (21%) cpu=60% browser_rss=0.40GB
  Node executed (3 total), capturing...
  Frame 10 saved (frame_009.jpg, t=86.1s)
  [capture-node] freeze=4ms shot=96ms unfreeze=0ms saved=True
  Execution complete (t=86.1s)
  Captured 10 unique frames over 86.24s
  [debug] iframes: 0
  [timing] trigger_3d_previews: 0.0s
  Saved high-quality screenshot: image_seg_point_executed.png
  [timing] final_screenshot: 0.2s
    Captured 11 video frames