Capturing execution frames: image_seg_text.json
  Frame 1 saved (frame_000.jpg, t=0.0s)
  Validating workflow...
  Queuing workflow for execution...
  Frame 2 saved (frame_001.jpg, t=2.2s)
  [capture-periodic] freeze=3ms shot=123ms unfreeze=5ms saved=True
  Frame 3 saved (frame_002.jpg, t=4.4s)
  [capture-periodic] freeze=3ms shot=124ms unfreeze=4ms saved=True
  [capture-loop] iter=50 t=5.8s state={'complete': False, 'error': None, 'executedCount': 0, 'wsState': 1} eval_ms=5 ram=7.4/16.0GB (46%) swap=0.6/2.9GB (19%) cpu=40% browser_rss=0.58GB
  [capture-loop] iter=100 t=11.6s state={'complete': False, 'error': None, 'executedCount': 0, 'wsState': 1} eval_ms=5 ram=9.4/16.0GB (59%) swap=0.6/2.9GB (20%) cpu=63% browser_rss=0.57GB
  [capture-loop] iter=150 t=17.3s state={'complete': False, 'error': None, 'executedCount': 0, 'wsState': 1} eval_ms=4 ram=7.3/16.0GB (46%) swap=0.7/2.9GB (24%) cpu=63% browser_rss=0.57GB
  [capture-loop] iter=200 t=23.1s state={'complete': False, 'error': None, 'executedCount': 0, 'wsState': 1} eval_ms=5 ram=8.5/16.0GB (53%) swap=0.7/2.9GB (24%) cpu=61% browser_rss=0.56GB
  [capture-loop] iter=250 t=28.9s state={'complete': False, 'error': None, 'executedCount': 0, 'wsState': 1} eval_ms=5 ram=7.2/16.0GB (45%) swap=0.7/2.9GB (23%) cpu=61% browser_rss=0.49GB
  [capture-loop] iter=300 t=34.6s state={'complete': False, 'error': None, 'executedCount': 0, 'wsState': 1} eval_ms=5 ram=7.4/16.0GB (46%) swap=0.7/2.9GB (23%) cpu=62% browser_rss=0.49GB
  [capture-loop] iter=350 t=40.3s state={'complete': False, 'error': None, 'executedCount': 0, 'wsState': 1} eval_ms=4 ram=7.3/16.0GB (45%) swap=0.7/2.9GB (23%) cpu=67% browser_rss=0.49GB
  [capture-loop] iter=400 t=46.0s state={'complete': False, 'error': None, 'executedCount': 0, 'wsState': 1} eval_ms=4 ram=7.6/16.0GB (47%) swap=0.7/2.9GB (23%) cpu=61% browser_rss=0.48GB
  [capture-loop] iter=450 t=51.8s state={'complete': False, 'error': None, 'executedCount': 0, 'wsState': 1} eval_ms=5 ram=9.3/16.0GB (58%) swap=0.7/2.9GB (23%) cpu=60% browser_rss=0.49GB
  [capture-loop] iter=500 t=57.6s state={'complete': False, 'error': None, 'executedCount': 0, 'wsState': 1} eval_ms=5 ram=8.6/16.0GB (54%) swap=0.8/2.9GB (28%) cpu=60% browser_rss=0.48GB
  Node executed (1 total), capturing...
  Frame 4 saved (frame_003.jpg, t=58.3s)
  [capture-node] freeze=5ms shot=127ms unfreeze=7ms saved=True
  Node executed (2 total), capturing...
  Frame 5 saved (frame_004.jpg, t=58.7s)
  [capture-node] freeze=3ms shot=113ms unfreeze=0ms saved=True
  Execution complete (t=58.7s)
  Captured 5 unique frames over 58.83s
  [debug] iframes: 0
  [timing] trigger_3d_previews: 0.0s
  Saved high-quality screenshot: image_seg_text_executed.png
  [timing] final_screenshot: 0.2s
    Captured 6 video frames