Capturing execution frames: scene_seg_interactive.json
  Frame 1 saved (frame_000.jpg, t=0.0s)
  Validating workflow...
  Queuing workflow for execution...
  Frame 2 saved (frame_001.jpg, t=2.2s)
  [capture-periodic] freeze=3ms shot=110ms unfreeze=4ms saved=True
  Frame 3 saved (frame_002.jpg, t=4.4s)
  [capture-periodic] freeze=3ms shot=77ms unfreeze=3ms saved=True
  [capture-loop] iter=50 t=5.7s state={'complete': False, 'error': None, 'executedCount': 0, 'wsState': 1} eval_ms=3 ram=7.2/16.0GB (45%) swap=1.0/2.9GB (35%) cpu=37% browser_rss=1.32GB
  [capture-loop] iter=100 t=11.4s state={'complete': False, 'error': None, 'executedCount': 0, 'wsState': 1} eval_ms=3 ram=7.1/16.0GB (44%) swap=1.0/2.9GB (36%) cpu=28% browser_rss=1.12GB
  Frame 4 saved (frame_003.jpg, t=15.1s)
  [capture-periodic] freeze=3ms shot=100ms unfreeze=6ms saved=True
  [capture-loop] iter=150 t=17.0s state={'complete': False, 'error': None, 'executedCount': 0, 'wsState': 1} eval_ms=3 ram=7.1/16.0GB (44%) swap=1.1/2.9GB (38%) cpu=39% browser_rss=1.12GB
  [capture-loop] iter=200 t=22.6s state={'complete': False, 'error': None, 'executedCount': 0, 'wsState': 1} eval_ms=5 ram=7.6/16.0GB (48%) swap=1.1/2.9GB (40%) cpu=42% browser_rss=1.11GB
  [capture-loop] iter=250 t=28.5s state={'complete': False, 'error': None, 'executedCount': 0, 'wsState': 1} eval_ms=4 ram=7.6/16.0GB (47%) swap=1.3/2.9GB (45%) cpu=87% browser_rss=1.11GB
  [capture-loop] iter=300 t=34.1s state={'complete': False, 'error': None, 'executedCount': 0, 'wsState': 1} eval_ms=4 ram=7.7/16.0GB (48%) swap=1.3/2.9GB (46%) cpu=70% browser_rss=1.11GB
  [capture-loop] iter=350 t=40.0s state={'complete': False, 'error': None, 'executedCount': 0, 'wsState': 1} eval_ms=7 ram=7.5/16.0GB (47%) swap=1.7/2.9GB (59%) cpu=85% browser_rss=1.11GB
  [capture-loop] iter=400 t=45.7s state={'complete': False, 'error': None, 'executedCount': 0, 'wsState': 1} eval_ms=4 ram=8.4/16.0GB (52%) swap=2.2/2.9GB (78%) cpu=78% browser_rss=1.11GB
  [capture-loop] iter=450 t=51.4s state={'complete': False, 'error': None, 'executedCount': 0, 'wsState': 1} eval_ms=5 ram=7.1/16.0GB (44%) swap=2.4/2.9GB (84%) cpu=62% browser_rss=1.11GB
  [capture-loop] iter=500 t=57.2s state={'complete': False, 'error': None, 'executedCount': 0, 'wsState': 1} eval_ms=5 ram=9.3/16.0GB (58%) swap=2.4/2.9GB (84%) cpu=64% browser_rss=1.05GB
  [capture-loop] iter=550 t=62.9s state={'complete': False, 'error': None, 'executedCount': 0, 'wsState': 1} eval_ms=4 ram=7.5/16.0GB (47%) swap=2.4/2.9GB (84%) cpu=64% browser_rss=1.05GB
  [capture-loop] iter=600 t=68.7s state={'complete': False, 'error': None, 'executedCount': 0, 'wsState': 1} eval_ms=5 ram=8.7/16.0GB (54%) swap=2.4/2.9GB (84%) cpu=62% browser_rss=1.05GB
  [capture-loop] iter=650 t=74.4s state={'complete': False, 'error': None, 'executedCount': 0, 'wsState': 1} eval_ms=5 ram=8.6/16.0GB (54%) swap=2.4/2.9GB (84%) cpu=62% browser_rss=1.05GB
  Frame 5 saved (frame_004.jpg, t=76.2s)
  [capture-periodic] freeze=3ms shot=98ms unfreeze=4ms saved=True
  Node executed (1 total), capturing...
  Frame 6 saved (frame_005.jpg, t=78.0s)
  [capture-node] freeze=115ms shot=599ms unfreeze=69ms saved=True
  Node executed (2 total), capturing...
  Frame 7 saved (frame_006.jpg, t=79.1s)
  [capture-node] freeze=3ms shot=118ms unfreeze=0ms saved=True
  Execution complete (t=79.1s)
  Captured 7 unique frames over 79.2s
  [debug] iframes: 0
  [timing] trigger_3d_previews: 0.0s
  Saved high-quality screenshot: scene_seg_interactive_executed.png
  [timing] final_screenshot: 0.2s
    Captured 8 video frames