Capturing execution frames: scene_seg.json
  Frame 1 saved (frame_000.jpg, t=0.0s)
  Validating workflow...
  Queuing workflow for execution...
  Node executed (1 total), capturing...
  Frame 2 saved (frame_001.jpg, t=2.2s)
  [capture-node] freeze=4ms shot=131ms unfreeze=4ms saved=True
  Frame 3 saved (frame_002.jpg, t=4.4s)
  [capture-periodic] freeze=4ms shot=140ms unfreeze=4ms saved=True
  [capture-loop] iter=50 t=6.2s state={'complete': False, 'error': None, 'executedCount': 1, 'wsState': 1} eval_ms=4 ram=6.8/16.0GB (42%) swap=0.8/2.9GB (27%) cpu=33% browser_rss=1.53GB
  [capture-loop] iter=100 t=12.1s state={'complete': False, 'error': None, 'executedCount': 1, 'wsState': 1} eval_ms=4 ram=7.0/16.0GB (44%) swap=0.8/2.9GB (27%) cpu=60% browser_rss=1.51GB
  [capture-loop] iter=150 t=18.1s state={'complete': False, 'error': None, 'executedCount': 1, 'wsState': 1} eval_ms=5 ram=6.7/16.0GB (42%) swap=1.0/2.9GB (34%) cpu=63% browser_rss=1.47GB
  [capture-loop] iter=200 t=23.8s state={'complete': False, 'error': None, 'executedCount': 1, 'wsState': 1} eval_ms=5 ram=6.9/16.0GB (43%) swap=1.0/2.9GB (34%) cpu=60% browser_rss=1.46GB
  [capture-loop] iter=250 t=29.7s state={'complete': False, 'error': None, 'executedCount': 1, 'wsState': 1} eval_ms=4 ram=7.2/16.0GB (45%) swap=1.1/2.9GB (39%) cpu=68% browser_rss=1.43GB
  [capture-loop] iter=300 t=35.5s state={'complete': False, 'error': None, 'executedCount': 1, 'wsState': 1} eval_ms=4 ram=7.2/16.0GB (45%) swap=1.1/2.9GB (39%) cpu=67% browser_rss=1.38GB
  [capture-loop] iter=350 t=41.5s state={'complete': False, 'error': None, 'executedCount': 1, 'wsState': 1} eval_ms=4 ram=7.6/16.0GB (47%) swap=1.1/2.9GB (39%) cpu=64% browser_rss=1.37GB
  [capture-loop] iter=400 t=47.4s state={'complete': False, 'error': None, 'executedCount': 1, 'wsState': 1} eval_ms=4 ram=7.5/16.0GB (47%) swap=1.1/2.9GB (39%) cpu=64% browser_rss=1.37GB
  [capture-loop] iter=450 t=53.1s state={'complete': False, 'error': None, 'executedCount': 1, 'wsState': 1} eval_ms=4 ram=7.9/16.0GB (49%) swap=1.1/2.9GB (39%) cpu=63% browser_rss=1.36GB
  Frame 4 saved (frame_003.jpg, t=55.5s)
  [capture-periodic] freeze=3ms shot=151ms unfreeze=14ms saved=True
  Frame 5 saved (frame_004.jpg, t=57.7s)
  [capture-periodic] freeze=4ms shot=157ms unfreeze=14ms saved=True
  [capture-loop] iter=500 t=59.1s state={'complete': False, 'error': None, 'executedCount': 1, 'wsState': 1} eval_ms=5 ram=10.6/16.0GB (66%) swap=1.2/2.9GB (43%) cpu=76% browser_rss=1.50GB
  Frame 6 saved (frame_005.jpg, t=64.5s)
  [capture-periodic] freeze=3ms shot=132ms unfreeze=9ms saved=True
  [capture-loop] iter=550 t=65.1s state={'complete': False, 'error': None, 'executedCount': 1, 'wsState': 1} eval_ms=4 ram=9.1/16.0GB (57%) swap=1.2/2.9GB (43%) cpu=63% browser_rss=1.49GB
  Node executed (2 total), capturing...
  Frame 7 saved (frame_006.jpg, t=68.9s)
  [capture-node] freeze=5ms shot=121ms unfreeze=3ms saved=True
  Node executed (3 total), capturing...
  Frame 8 saved (frame_007.jpg, t=70.3s)
  [capture-node] freeze=112ms shot=764ms unfreeze=17ms saved=True
  Node executed (4 total), capturing...
  Frame 9 saved (frame_008.jpg, t=71.5s)
  [capture-node] freeze=11ms shot=147ms unfreeze=5ms saved=True
  Execution complete (t=71.8s)
  Captured 9 unique frames over 71.8s
  [debug] iframes: 0
  [timing] trigger_3d_previews: 0.0s
  Saved high-quality screenshot: scene_seg_executed.png
  [timing] final_screenshot: 0.2s
    Captured 10 video frames