[2026-05-08 04:22:45.437] [info]  setup plugin alembic.autogenerate.schemas
setup plugin alembic.autogenerate.tables
setup plugin alembic.autogenerate.types

[2026-05-08 04:22:45.439] [info]  setup plugin alembic.autogenerate.constraints
setup plugin alembic.autogenerate.defaults
setup plugin alembic.autogenerate.comments

[2026-05-08 04:22:45.661] [info]  comfy-aimdo os not supported Darwin
NOTE: comfy-aimdo is currently only support for Windows and Linux

[2026-05-08 04:22:46.051] [info]  Adding extra search path custom_nodes /Users/runner/Documents/ComfyUI/custom_nodes
Adding extra search path download_model_base /Users/runner/Documents/ComfyUI/models
Adding extra search path custom_nodes /Users/runner/work/comfy-gpu-ci/comfy-gpu-ci/ComfyUI.app/Contents/Resources/ComfyUI/custom_nodes
Setting output directory to: /Users/runner/Documents/ComfyUI/output
Setting input directory to: /Users/runner/Documents/ComfyUI/input
Setting user directory to: /Users/runner/Documents/ComfyUI/user

[2026-05-08 04:22:47.692] [info]  [START] Security scan
[DONE] Security scan
** ComfyUI startup time: 2026-05-08 04:22:47.687
** Platform: Darwin
** Python version: 3.12.11 (main, Aug 18 2025, 19:02:39) [Clang 20.1.4 ]
** Python executable: /Users/runner/Documents/ComfyUI/.venv/bin/python
** ComfyUI Path: /Users/runner/work/comfy-gpu-ci/comfy-gpu-ci/ComfyUI.app/Contents/Resources/ComfyUI
** ComfyUI Base Folder Path: /Users/runner/work/comfy-gpu-ci/comfy-gpu-ci/ComfyUI.app/Contents/Resources/ComfyUI
** User directory: /Users/runner/Documents/ComfyUI/user
** ComfyUI-Manager config path: /Users/runner/Documents/ComfyUI/user/__manager/config.ini
** Log path: /Users/runner/Documents/ComfyUI/user/comfyui.log

[2026-05-08 04:22:48.360] [info]  [ComfyUI-Manager] Skipped fixing the 'comfyui-frontend-package' dependency because the ComfyUI is outdated.

[2026-05-08 04:22:48.361] [info]  [PRE] ComfyUI-Manager

[2026-05-08 04:22:56.538] [info]  Found comfy_kitchen backend eager: {'available': True, 'disabled': False, 'unavailable_reason': None, 'capabilities': ['apply_rope', 'apply_rope1', 'dequantize_mxfp8', 'dequantize_nvfp4', 'dequantize_per_tensor_fp8', 'quantize_mxfp8', 'quantize_nvfp4', 'quantize_per_tensor_fp8', 'scaled_mm_mxfp8', 'scaled_mm_nvfp4']}
Found comfy_kitchen backend triton: {'available': False, 'disabled': True, 'unavailable_reason': "ImportError: No module named 'triton'", 'capabilities': []}

[2026-05-08 04:22:56.539] [info]  Found comfy_kitchen backend cuda: {'available': False, 'disabled': True, 'unavailable_reason': 'Extension file not found: /Users/runner/Documents/ComfyUI/.venv/lib/python3.12/site-packages/comfy_kitchen/backends/cuda/_C.abi3.so', 'capabilities': []}

[2026-05-08 04:22:56.581] [info]  Checkpoint files will always be loaded safely.

[2026-05-08 04:22:56.653] [info]  Total VRAM 7168 MB, total RAM 7168 MB
pytorch version: 2.10.0

[2026-05-08 04:22:56.655] [info]  Mac Version (15, 7, 4)

[2026-05-08 04:22:56.656] [info]  Set vram state to: SHARED
Device: mps

[2026-05-08 04:22:57.614] [info]  Using sub quadratic optimization for attention, if you have memory or speed issues try using: --use-split-cross-attention

[2026-05-08 04:23:03.493] [info]  Python version: 3.12.11 (main, Aug 18 2025, 19:02:39) [Clang 20.1.4 ]

[2026-05-08 04:23:03.494] [info]  ComfyUI version: 0.20.1
comfy-aimdo version: 0.2.14
comfy-kitchen version: 0.2.8

[2026-05-08 04:23:03.494] [info]  [Prompt Server] web root: /Users/runner/work/comfy-gpu-ci/comfy-gpu-ci/ComfyUI.app/Contents/Resources/ComfyUI/web_custom_versions/desktop_app

[2026-05-08 04:23:03.495] [info]  Asset seeder disabled

[2026-05-08 04:23:03.496] [info]  [START] ComfyUI-Manager

[2026-05-08 04:23:03.742] [info]  [ComfyUI-Manager] Using GitPython backend

[2026-05-08 04:23:03.828] [info]  [ComfyUI-Manager] network_mode: public

[2026-05-08 04:23:03.862] [info]  [ComfyUI-Manager] The matrix sharing feature has been disabled because the `matrix-nio` dependency is not installed.
	To use this feature, please run the following command:
	/Users/runner/Documents/ComfyUI/.venv/bin/python -m pip install matrix-nio


[2026-05-08 04:23:06.344] [info]  
Import times for custom nodes:
   0.0 seconds: /Users/runner/work/comfy-gpu-ci/comfy-gpu-ci/ComfyUI.app/Contents/Resources/ComfyUI/custom_nodes/websocket_image_save.py

[2026-05-08 04:23:06.345] [info]  

[2026-05-08 04:23:06.360] [info]  Context impl SQLiteImpl.

[2026-05-08 04:23:06.361] [info]  Will assume non-transactional DDL.

[2026-05-08 04:23:06.375] [info]  Context impl SQLiteImpl.
Will assume non-transactional DDL.

[2026-05-08 04:23:06.378] [info]  Running upgrade  -> 0001_assets, Initial assets schema
Revision ID: 0001_assets
Revises: None
Create Date: 2025-12-10 00:00:00

[2026-05-08 04:23:06.412] [info]  Running upgrade 0001_assets -> 0002_merge_to_asset_references, Merge AssetInfo and AssetCacheState into unified asset_references table.

[2026-05-08 04:23:06.441] [info]  Running upgrade 0002_merge_to_asset_references -> 0003_add_metadata_job_id, Add system_metadata and job_id columns to asset_references.
Change preview_id FK from assets.id to asset_references.id.

[2026-05-08 04:23:06.471] [info]  Database upgraded from None to 0003_add_metadata_job_id

[2026-05-08 04:23:06.522] [info]  Starting server


[2026-05-08 04:23:06.522] [info]  To see the GUI go to: http://127.0.0.1:8000

[2026-05-08 04:23:51.145] [info]  [ComfyUI-Manager] Using uv as Python module for pip operations.

[2026-05-08 04:23:52.023] [error]   0%|          | 0.00/34.0M [00:00<?, ?B/s]
[2026-05-08 04:23:52.128] [error]  11%|█         | 3.64M/34.0M [00:00<00:00, 36.1MB/s]
[2026-05-08 04:23:52.227] [error]  61%|██████    | 20.6M/34.0M [00:00<00:00, 113MB/s] 
[2026-05-08 04:23:52.333] [error]  94%|█████████▎| 31.9M/34.0M [00:00<00:00, 109MB/s]
[2026-05-08 04:23:52.360] [error] 100%|██████████| 34.0M/34.0M [00:00<00:00, 101MB/s]
[2026-05-08 04:23:52.366] [error] 

[2026-05-08 04:23:52.478] [info]  Extracted zip file to /Users/runner/Documents/ComfyUI/custom_nodes/comfyui-sam3

[2026-05-08 04:23:52.487] [info]  Install: pip packages

[2026-05-08 04:23:52.603] [info]  
## ComfyUI-Manager: EXECUTE => 
['/Users/runner/Documents/ComfyUI/.venv/bin/python', '-m', 'uv', 'pip', 
'install', 'comfy-env==0.3.69']

[2026-05-08 04:23:52.660] [error] [!]
[2026-05-08 04:23:52.661] [error]  Using Python 3.12.11 environment at: /Users/runner/Documents/ComfyUI/.venv

[2026-05-08 04:23:52.903] [error] [!] 
[2026-05-08 04:23:52.906] [error] Resolved 16 packages in 209ms

[2026-05-08 04:23:52.932] [error] [!] Downloading virtualenv (7.2MiB)

[2026-05-08 04:23:53.080] [error] [!]
[2026-05-08 04:23:53.084] [error]   Downloaded virtualenv
[!] Prepared 12 packages in 174ms

[2026-05-08 04:23:53.095] [error] [!]
[2026-05-08 04:23:53.096] [error]  Uninstalled 1 package in 13ms

[2026-05-08 04:23:53.121] [error] [!] 
[2026-05-08 04:23:53.123] [error] Installed 12 packages in 26ms

[2026-05-08 04:23:53.130] [error] [!]  + cfgv==3.5.0
[!]  + comfy-env==0.3.69
[!]  + distlib==0.4.0

[2026-05-08 04:23:53.133] [error] [!]  - filelock==3.20.3
[!]  + filelock==3.29.0
[!]  + identify==2.6.19
[!]  + nodeenv==1.10.0
[!]  + platformdirs==4.9.6
[!]  + pre-commit==4.6.0

[2026-05-08 04:23:53.135] [error] [!]  + python-discovery==1.3.0
[!]  + tomli==2.4.1
[!]  + tomli-w==1.2.0
[!]  + virtualenv==21.3.1

[2026-05-08 04:23:53.145] [info]  
## ComfyUI-Manager: EXECUTE => 
['/Users/runner/Documents/ComfyUI/.venv/bin/python', '-m', 'uv', 'pip', 
'install', 'comfy-3d-viewers==0.2.44']

[2026-05-08 04:23:53.261] [error] [!]
[2026-05-08 04:23:53.264] [error]  Using Python 3.12.11 environment at: /Users/runner/Documents/ComfyUI/.venv

[2026-05-08 04:23:53.317] [error] [!]
[2026-05-08 04:23:53.321] [error]  Resolved 1 package in 33ms

[2026-05-08 04:23:53.325] [error] [!] Downloading comfy-3d-viewers (1.2MiB)

[2026-05-08 04:23:53.404] [error] [!]
[2026-05-08 04:23:53.405] [error]   Downloaded comfy-3d-viewers
[!] Prepared 1 package in 89ms

[2026-05-08 04:23:53.413] [error] [!] Installed 1 package in 7ms
[!]  + comfy-3d-viewers==0.2.44

[2026-05-08 04:23:53.572] [info]  [ComfyUI-Manager] Skipped fixing the 'comfyui-frontend-package' dependency because the ComfyUI is outdated.

[2026-05-08 04:23:53.575] [info]  Install: install script

[2026-05-08 04:23:53.576] [info]  
## ComfyUI-Manager: EXECUTE => 
['/Users/runner/Documents/ComfyUI/.venv/bin/python', 'install.py']

[2026-05-08 04:23:54.165] [info]   
[2026-05-08 04:23:54.167] [info]  
 Installing 2 node dependencies...
 
[2026-05-08 04:23:54.170] [info]    Cloning ComfyUI-VideoHelperSuite...

[2026-05-08 04:23:54.762] [info]     Installing requirements for ComfyUI-VideoHelperSuite...

[2026-05-08 04:23:55.898] [info]     Cloning ComfyUI-Multiband...

[2026-05-08 04:23:56.380] [info]     Installing requirements for ComfyUI-Multiband...

[2026-05-08 04:23:56.527] [info]   
[2026-05-08 04:23:56.535] [info]  
 [requirements] Re-installing main package requirements...
   Installing requirements for comfyui-sam3...

[2026-05-08 04:23:56.561] [error] [!] [comfy-env] pixi not found, downloading...

[2026-05-08 04:23:57.212] [error] [!] [comfy-env] pixi installed: /Users/runner/.pixi/bin/pixi

[2026-05-08 04:23:57.213] [info]   [comfy-env] Workspace: /Users/runner/Documents/ComfyUI/.ce
 [comfy-env] ComfyUI: /Users/runner/Documents/ComfyUI
 [comfy-env] Found 1 node config(s):
   - sam3-nodes <- custom_nodes/comfyui-sam3/nodes/comfy-env.toml (python=host)

[2026-05-08 04:23:57.219] [info]   [comfy-env] Bootstrap interpreter has python 3.12 + torch 2.10.0 (cpu). Looking for cuda-only wheels matching cpu/torch2.10/cp312.

[2026-05-08 04:23:57.221] [info]   [comfy-env] Root conda deps from comfyui-sam3: ['av', 'ffmpeg']

[2026-05-08 04:23:57.225] [info]   [comfy-env] WARNING: /Users/runner/Documents/ComfyUI/requirements.txt not found -- comfyui feature will be empty
 [comfy-env] Root conda deps injected into comfyui feature: ['av', 'ffmpeg']

[2026-05-08 04:23:57.230] [info]   Generated /Users/runner/Documents/ComfyUI/.ce/pixi.toml
 [comfy-env] Installing 1 environment(s):
   - sam3-nodes (python=host, 17 pypi deps, 3 cuda wheels)
 [comfy-env] Running `pixi install --all`...

[2026-05-08 04:24:08.939] [info]      WARN Skipped running the post-link scripts because `run-post-link-scripts` = `false`
   	- bin/.librsvg-pre-unlink.sh
   To enable them, run:
   	pixi config set --local run-post-link-scripts insecure

[2026-05-08 04:24:08.945] [info]     More info:
   	https://pixi.sh/latest/reference/pixi_configuration/#run-post-link-scripts

[2026-05-08 04:24:13.695] [info]   
[2026-05-08 04:24:13.699] [info]     WARN Skipped running the post-link scripts because `run-post-link-scripts` = `false`
   	- bin/.librsvg-pre-unlink.sh
   To enable them, run:
   	pixi config set --local run-post-link-scripts insecure
   More info:
   	https://pixi.sh/latest/reference/pixi_configuration/#run-post-link-scripts

[2026-05-08 04:24:21.581] [info]     ✔ The following environments have been installed: default, comfyui, sam3-nodes.

[2026-05-08 04:24:21.609] [info]   
[2026-05-08 04:24:21.610] [info]  [comfy-env] Note: env `default` is on disk but no node declares it in this run. Leaving as-is. Remove via `pixi clean --environment default` if intended.

[2026-05-08 04:24:21.618] [info]   [comfy-env] sam3-nodes: deduped libomp

[2026-05-08 04:24:21.620] [info]   [comfy-env] Install log: /Users/runner/Documents/ComfyUI/.ce/install.log
 
 Installation complete!

[2026-05-08 04:24:25.860] [error] /Users/runner/.local/share/uv/python/cpython-3.12.11-macos-aarch64-none/lib/python3.12/multiprocessing/resource_tracker.py:279: UserWarning: resource_tracker: There appear to be 1 leaked semaphore objects to clean up at shutdown
  warnings.warn('resource_tracker: There appear to be %d '

