[2026-05-10 22:14:41.977] [info]  setup plugin alembic.autogenerate.schemas
setup plugin alembic.autogenerate.tables
setup plugin alembic.autogenerate.types
setup plugin alembic.autogenerate.constraints
setup plugin alembic.autogenerate.defaults
setup plugin alembic.autogenerate.comments

[2026-05-10 22:14:42.316] [info]  comfy-aimdo os not supported Darwin
NOTE: comfy-aimdo is currently only support for Windows and Linux

[2026-05-10 22:14:42.781] [info]  Adding extra search path custom_nodes /Users/runner/Documents/ComfyUI/custom_nodes
Adding extra search path download_model_base /Users/runner/Documents/ComfyUI/models
Adding extra search path custom_nodes /Users/runner/.comfy-test-cache/desktop/ComfyUI.app/Contents/Resources/ComfyUI/custom_nodes
Setting output directory to: /Users/runner/Documents/ComfyUI/output
Setting input directory to: /Users/runner/Documents/ComfyUI/input
Setting user directory to: /Users/runner/Documents/ComfyUI/user

[2026-05-10 22:14:44.655] [info]  [START] Security scan
[DONE] Security scan
** ComfyUI startup time: 2026-05-10 22:14:44.654
** Platform: Darwin
** Python version:
[2026-05-10 22:14:44.658] [info]   3.12.11 (main, Aug 18 2025, 19:02:39) [Clang 20.1.4 ]
** Python executable: /Users/runner/Documents/ComfyUI/.venv/bin/python
** ComfyUI Path: /Users/runner/.comfy-test-cache/desktop/ComfyUI.app/Contents/Resources/ComfyUI
** ComfyUI Base Folder Path: /Users/runner/.comfy-test-cache/desktop/ComfyUI.app/Contents/Resources/ComfyUI
** User directory: /Users/runner/Documents/ComfyUI/user
** ComfyUI-Manager config path: /Users/runner/Documents/ComfyUI/user/__manager/config.ini
** Log path: /Users/runner/Documents/ComfyUI/user/comfyui.log

[2026-05-10 22:14:45.283] [info]  [ComfyUI-Manager] Skipped fixing the 'comfyui-frontend-package' dependency because the ComfyUI is outdated.
[PRE] ComfyUI-Manager

[2026-05-10 22:14:52.735] [info]  Found comfy_kitchen backend cuda: {'available': False, 'disabled': True, 'unavailable_reason': 'Extension file not found: /Users/runner/Documents/ComfyUI/.venv/lib/python3.12/site-packages/comfy_kitchen/backends/cuda/_C.abi3.so', 'capabilities': []}
Found comfy_kitchen backend triton: {'available': False, 'disabled': True, 'unavailable_reason': "ImportError: No module named 'triton'", 'capabilities': []}
Found comfy_kitchen backend eager: {'available': True, 'disabled': False, 'unavailable_reason': None, 'capabilities': ['apply_rope', 'apply_rope1', 'dequantize_mxfp8', 'dequantize_nvfp4', 'dequantize_per_tensor_fp8', 'quantize_mxfp8', 'quantize_nvfp4', 'quantize_per_tensor_fp8', 'scaled_mm_mxfp8', 'scaled_mm_nvfp4']}

[2026-05-10 22:14:52.787] [info]  Checkpoint files will always be loaded safely.

[2026-05-10 22:14:52.898] [info]  Total VRAM 7168 MB, total RAM 7168 MB
pytorch version: 2.10.0

[2026-05-10 22:14:52.900] [info]  Mac Version (15, 7, 4)

[2026-05-10 22:14:52.902] [info]  Set vram state to: SHARED

[2026-05-10 22:14:52.907] [info]  Device: mps

[2026-05-10 22:14:54.570] [info]  Using sub quadratic optimization for attention, if you have memory or speed issues try using: --use-split-cross-attention

[2026-05-10 22:15:00.944] [info]  Python version: 3.12.11 (main, Aug 18 2025, 19:02:39) [Clang 20.1.4 ]
ComfyUI version: 0.20.1
comfy-aimdo version: 0.2.14
comfy-kitchen version: 0.2.8
[Prompt Server] web root: /Users/runner/.comfy-test-cache/desktop/ComfyUI.app/Contents/Resources/ComfyUI/web_custom_versions/desktop_app
Asset seeder disabled
[START] ComfyUI-Manager

[2026-05-10 22:15:01.322] [info]  [ComfyUI-Manager] Using GitPython backend
[2026-05-10 22:15:01.325] [info]  

[2026-05-10 22:15:01.418] [info]  [ComfyUI-Manager] network_mode: public

[2026-05-10 22:15:01.429] [info]  [ComfyUI-Manager] The matrix sharing feature has been disabled because the `matrix-nio` dependency is not installed.
	To use this feature, please run the following command:
	/Users/runner/Documents/ComfyUI/.venv/bin/python -m pip install matrix-nio


[2026-05-10 22:15:04.915] [info]  
Import times for custom nodes:
   0.0 seconds: /Users/runner/.comfy-test-cache/desktop/ComfyUI.app/Contents/Resources/ComfyUI/custom_nodes/websocket_image_save.py


[2026-05-10 22:15:04.950] [info]  Context impl SQLiteImpl.

[2026-05-10 22:15:04.953] [info]  Will assume non-transactional DDL.

[2026-05-10 22:15:04.985] [info]  Context impl SQLiteImpl.
Will assume non-transactional DDL.

[2026-05-10 22:15:04.992] [info]  Running upgrade  -> 0001_assets, Initial assets schema
Revision ID: 0001_assets
Revises: None
Create Date: 2025-12-10 00:00:00

[2026-05-10 22:15:05.057] [info]  Running upgrade 0001_assets -> 0002_merge_to_asset_references, Merge AssetInfo and AssetCacheState into unified asset_references table.

[2026-05-10 22:15:05.130] [info]  Running upgrade 0002_merge_to_asset_references -> 0003_add_metadata_job_id, Add system_metadata and job_id columns to asset_references.
Change preview_id FK from assets.id to asset_references.id.

[2026-05-10 22:15:05.181] [info]  Database upgraded from None to 0003_add_metadata_job_id

[2026-05-10 22:15:05.250] [info]  Starting server


[2026-05-10 22:15:05.252] [info]  To see the GUI go to: http://127.0.0.1:8000

[2026-05-10 22:16:18.515] [info]  [ComfyUI-Manager] Using uv as Python module for pip operations.

[2026-05-10 22:16:19.361] [error]   0%|          | 0.00/34.0M [00:00<?, ?B/s]
[2026-05-10 22:16:19.463] [error]  22%|██▏       | 7.60M/34.0M [00:00<00:00, 75.3MB/s]
[2026-05-10 22:16:19.598] [error]  44%|████▍     | 15.1M/34.0M [00:00<00:00, 62.0MB/s]
[2026-05-10 22:16:19.708] [error]  63%|██████▎   | 21.5M/34.0M [00:00<00:00, 60.2MB/s]
[2026-05-10 22:16:19.903] [error]  81%|████████  | 27.6M/34.0M [00:00<00:00, 45.2MB/s]
[2026-05-10 22:16:19.979] [error] 100%|██████████| 34.0M/34.0M [00:00<00:00, 55.0MB/s]
[2026-05-10 22:16:19.983] [error] 

[2026-05-10 22:16:20.150] [info]  Extracted zip file to /Users/runner/Documents/ComfyUI/custom_nodes/comfyui-sam3

[2026-05-10 22:16:20.161] [info]  Install: pip packages

[2026-05-10 22:16:20.370] [info]  
## ComfyUI-Manager: EXECUTE => 
['/Users/runner/Documents/ComfyUI/.venv/bin/python', '-m', 'uv', 'pip', 
'install', 'comfy-env==0.3.82']

[2026-05-10 22:16:20.545] [error] [!]
[2026-05-10 22:16:20.547] [error]  Using Python 3.12.11 environment at: /Users/runner/Documents/ComfyUI/.venv

[2026-05-10 22:16:21.062] [error] [!]
[2026-05-10 22:16:21.065] [error]  Resolved 16 packages in 475ms

[2026-05-10 22:16:21.173] [error] [!] Downloading virtualenv (7.2MiB)

[2026-05-10 22:16:21.473] [error] [!]  Downloaded virtualenv
[!] Prepared 12 packages in 402ms

[2026-05-10 22:16:21.487] [error] [!] Uninstalled 1 package in 13ms

[2026-05-10 22:16:21.630] [error] [!] Installed 12 packages in 143ms

[2026-05-10 22:16:21.635] [error] [!]  + cfgv==3.5.0
[!]  + comfy-env==0.3.82
[!]  + distlib==0.4.0
[!]  - filelock==3.20.3

[2026-05-10 22:16:21.636] [error] [!] 
[2026-05-10 22:16:21.642] [error]  + filelock==3.29.0
[!]  + identify==2.6.19
[!]  + nodeenv==1.10.0
[!]  + platformdirs==4.9.6

[2026-05-10 22:16:21.643] [error] [!]  + pre-commit==4.6.0
[!]  + python-discovery==1.3.0
[!]  + tomli==2.4.1
[!]  + tomli-w==1.2.0
[!]  + virtualenv==21.3.1

[2026-05-10 22:16:21.660] [info]  
## ComfyUI-Manager: EXECUTE => 
['/Users/runner/Documents/ComfyUI/.venv/bin/python', '-m', 'uv', 'pip', 
'install', 'comfy-3d-viewers==0.2.44']

[2026-05-10 22:16:21.761] [error] [!] Using Python 3.12.11 environment at: /Users/runner/Documents/ComfyUI/.venv

[2026-05-10 22:16:21.805] [error] [!] Resolved 1 package in 34ms

[2026-05-10 22:16:21.812] [error] [!] Downloading comfy-3d-viewers (1.2MiB)

[2026-05-10 22:16:21.872] [error] [!]  Downloaded comfy-3d-viewers
[!]
[2026-05-10 22:16:21.874] [error]  Prepared 1 package in 67ms

[2026-05-10 22:16:21.942] [error] [!] Installed 1 package in 67ms

[2026-05-10 22:16:21.953] [error] [!]  + comfy-3d-viewers==0.2.44

[2026-05-10 22:16:22.024] [info]  [ComfyUI-Manager] Skipped fixing the 'comfyui-frontend-package' dependency because the ComfyUI is outdated.

[2026-05-10 22:16:22.025] [info]  Install: install script

[2026-05-10 22:16:22.027] [info]  
## ComfyUI-Manager: EXECUTE => 
['/Users/runner/Documents/ComfyUI/.venv/bin/python', 'install.py']

[2026-05-10 22:16:22.423] [info]   

[2026-05-10 22:16:22.427] [info]   Installing 2 node dependencies...
   Cloning ComfyUI-VideoHelperSuite...

[2026-05-10 22:16:23.578] [info]   
[2026-05-10 22:16:23.580] [info]    Installing requirements for ComfyUI-VideoHelperSuite...

[2026-05-10 22:16:25.278] [info]   
[2026-05-10 22:16:25.282] [info]    Cloning ComfyUI-Multiband...

[2026-05-10 22:16:26.168] [info]   
[2026-05-10 22:16:26.170] [info]    Installing requirements for ComfyUI-Multiband...

[2026-05-10 22:16:26.333] [info]   
 [requirements] Re-installing main package requirements...
   Installing requirements for comfyui-sam3...

[2026-05-10 22:16:26.366] [error] [!]
[2026-05-10 22:16:26.369] [error]  [comfy-env] pixi not found, downloading...

[2026-05-10 22:16:27.437] [error] [!] [comfy-env] pixi installed: /Users/runner/.pixi/bin/pixi

[2026-05-10 22:16:27.444] [info]   [comfy-env] _discover: scanning /Users/runner/Documents/ComfyUI/custom_nodes

[2026-05-10 22:16:27.453] [info]   [comfy-env] _discover: ComfyUI-Multiband: no comfy-env.toml found
 [comfy-env] _discover: ComfyUI-VideoHelperSuite: no comfy-env.toml found
 [comfy-env] _discover: comfyui-sam3 -> sam3-nodes (custom_nodes/comfyui-sam3/nodes/comfy-env.toml)
 [comfy-env] Workspace: /Users/runner/.ce
 [comfy-env] ComfyUI: /Users/runner/Documents/ComfyUI
 [comfy-env] Found 1 node config(s):
   - sam3-nodes <- custom_nodes/comfyui-sam3/nodes/comfy-env.toml (python=host)

[2026-05-10 22:16:27.465] [info]   [comfy-env] Bootstrap interpreter has python 3.12 + torch 2.10.0 (cpu). Looking for cuda-only wheels matching cpu/torch2.10/cp312.

[2026-05-10 22:16:27.473] [info]   [comfy-env] Desktop app detected: source=/Users/runner/.comfy-test-cache/desktop/ComfyUI.app/Contents/Resources/ComfyUI, data=/Users/runner/Documents/ComfyUI

[2026-05-10 22:16:27.498] [info]   Generated /Users/runner/.ce/pixi.toml
 [comfy-env] Installing 1 environment(s):
   - sam3-nodes (python=host, 19 pypi deps, 3 cuda wheels)
 [comfy-env] Running `pixi install -e sam3-nodes`...

[2026-05-10 22:16:33.602] [info]  FETCH ComfyRegistry Data [DONE]

[2026-05-10 22:16:34.109] [info]  [ComfyUI-Manager] default cache updated: https://api.comfy.org/nodes

[2026-05-10 22:16:34.141] [info]  FETCH DATA from: /Users/runner/Documents/ComfyUI/user/__manager/cache/1514988643_custom-node-list.json
[2026-05-10 22:16:34.176] [info]   [DONE]
[2026-05-10 22:16:34.179] [info]  

[2026-05-10 22:16:34.243] [info]  [ComfyUI-Manager] All startup tasks have been completed.

[2026-05-10 22:16:41.270] [info]      WARN Skipped running the post-link scripts because `run-post-link-scripts` = `false`

[2026-05-10 22:16:41.277] [info]     	- bin/.librsvg-pre-unlink.sh
   To enable them, run:
   	pixi config set --local run-post-link-scripts insecure
   More info:
   	https://pixi.sh/latest/reference/pixi_configuration/#run-post-link-scripts

[2026-05-10 22:16:53.482] [info]   
[2026-05-10 22:16:53.492] [info]    ✔ The sam3-nodes environment has been installed.

[2026-05-10 22:16:53.560] [info]   [comfy-env] sam3-nodes: deduped libomp
 [comfy-env] Install log: /Users/runner/.ce/install.log
 
[2026-05-10 22:16:53.561] [info]  

[2026-05-10 22:16:53.563] [info]   Installation complete!

[2026-05-10 22:16:54.885] [info]  
Restarting... [Legacy Mode]


Command: ['/Users/runner/Documents/ComfyUI/.venv/bin/python', '/Users/runner/.comfy-test-cache/desktop/ComfyUI.app/Contents/Resources/ComfyUI/main.py', '--user-directory', '/Users/runner/Documents/ComfyUI/user', '--input-directory', '/Users/runner/Documents/ComfyUI/input', '--output-directory', '/Users/runner/Documents/ComfyUI/output', '--front-end-root', '/Users/runner/.comfy-test-cache/desktop/ComfyUI.app/Contents/Resources/ComfyUI/web_custom_versions/desktop_app', '--base-directory', '/Users/runner/Documents/ComfyUI', '--database-url', 'sqlite:////Users/runner/Documents/ComfyUI/user/comfyui.db', '--extra-model-paths-config', '/Users/runner/Library/Application Support/ComfyUI/extra_models_config.yaml', '--log-stdout', '--listen', '127.0.0.1', '--port', '8000', '--enable-manager']

[2026-05-10 22:16:54.970] [error] /Users/runner/.local/share/uv/python/cpython-3.12.11-macos-aarch64-none/lib/python3.12/multiprocessing/resource_tracker.py:279: UserWarning: resource_tracker: There appear to be 1 leaked semaphore objects to clean up at shutdown
  warnings.warn('resource_tracker: There appear to be %d '

[2026-05-10 22:16:55.958] [info]  setup plugin alembic.autogenerate.schemas
setup plugin alembic.autogenerate.tables
setup plugin alembic.autogenerate.types
setup plugin alembic.autogenerate.constraints
setup plugin alembic.autogenerate.defaults
setup plugin alembic.autogenerate.comments

[2026-05-10 22:16:56.083] [info]  comfy-aimdo os not supported Darwin
NOTE: comfy-aimdo is currently only support for Windows and Linux

[2026-05-10 22:16:56.287] [info]  Adding extra search path custom_nodes /Users/runner/Documents/ComfyUI/custom_nodes
Adding extra search path download_model_base /Users/runner/Documents/ComfyUI/models
Adding extra search path custom_nodes /Users/runner/.comfy-test-cache/desktop/ComfyUI.app/Contents/Resources/ComfyUI/custom_nodes
Setting output directory to: /Users/runner/Documents/ComfyUI/output
Setting input directory to: /Users/runner/Documents/ComfyUI/input
Setting user directory to: /Users/runner/Documents/ComfyUI/user

[2026-05-10 22:16:56.846] [info]  [START] Security scan
[ComfyUI-Manager] Using uv as Python module for pip operations.

[2026-05-10 22:16:57.028] [info]  [DONE] Security scan
** ComfyUI startup time: 2026-05-10 22:16:57.027
** Platform: Darwin
** Python version: 3.12.11 (main, Aug 18 2025, 19:02:39) [Clang 20.1.4 ]
** Python executable: /Users/runner/Documents/ComfyUI/.venv/bin/python
** ComfyUI Path: /Users/runner/.comfy-test-cache/desktop/ComfyUI.app/Contents/Resources/ComfyUI
** ComfyUI Base Folder Path: /Users/runner/.comfy-test-cache/desktop/ComfyUI.app/Contents/Resources/ComfyUI
** User directory: /Users/runner/Documents/ComfyUI/user
** ComfyUI-Manager config path: /Users/runner/Documents/ComfyUI/user/__manager/config.ini
** Log path: /Users/runner/Documents/ComfyUI/user/comfyui.log

[2026-05-10 22:16:57.180] [info]  [ComfyUI-Manager] Skipped fixing the 'comfyui-frontend-package' dependency because the ComfyUI is outdated.

[2026-05-10 22:16:57.182] [info]  [PRE] ComfyUI-Manager

[2026-05-10 22:16:57.551] [error] [comfy-env] comfyui-sam3: 1 isolation env(s):
[comfy-env]   nodes -> /Users/runner/Documents/ComfyUI/custom_nodes/comfyui-sam3/nodes

[2026-05-10 22:17:00.354] [error] [comfy-env] prestartup complete

[2026-05-10 22:17:00.427] [info]  WARNING: Potential Error in code: Torch already imported, torch should never be imported before this point.

[2026-05-10 22:17:02.426] [info]  Found comfy_kitchen backend triton: {'available': False, 'disabled': True, 'unavailable_reason': "ImportError: No module named 'triton'", 'capabilities': []}

[2026-05-10 22:17:02.427] [info]  Found comfy_kitchen backend eager: {'available': True, 'disabled': False, 'unavailable_reason': None, 'capabilities': ['apply_rope', 'apply_rope1', 'dequantize_mxfp8', 'dequantize_nvfp4', 'dequantize_per_tensor_fp8', 'quantize_mxfp8', 'quantize_nvfp4', 'quantize_per_tensor_fp8', 'scaled_mm_mxfp8', 'scaled_mm_nvfp4']}
Found comfy_kitchen backend cuda: {'available': False, 'disabled': True, 'unavailable_reason': 'Extension file not found: /Users/runner/Documents/ComfyUI/.venv/lib/python3.12/site-packages/comfy_kitchen/backends/cuda/_C.abi3.so', 'capabilities': []}

[2026-05-10 22:17:02.436] [info]  Checkpoint files will always be loaded safely.

[2026-05-10 22:17:02.480] [info]  Total VRAM 7168 MB, total RAM 7168 MB
pytorch version: 2.10.0

[2026-05-10 22:17:02.486] [info]  Mac Version (15, 7, 4)

[2026-05-10 22:17:02.487] [info]  Set vram state to: SHARED
Device: mps

[2026-05-10 22:17:03.118] [info]  Using sub quadratic optimization for attention, if you have memory or speed issues try using: --use-split-cross-attention

[2026-05-10 22:17:04.078] [error] objc[14536]: Class AVFFrameReceiver is implemented in both /Users/runner/Documents/ComfyUI/.venv/lib/python3.12/site-packages/av/.dylibs/libavdevice.62.1.100.dylib (0x10d6c83a8) and /Users/runner/Documents/ComfyUI/.venv/lib/python3.12/site-packages/cv2/.dylibs/libavdevice.61.3.100.dylib (0x1139703a8). This may cause spurious casting failures and mysterious crashes. One of the duplicates must be removed or renamed.
objc[14536]: Class AVFAudioReceiver is implemented in both /Users/runner/Documents/ComfyUI/.venv/lib/python3.12/site-packages/av/.dylibs/libavdevice.62.1.100.dylib (0x10d6c83f8) and /Users/runner/Documents/ComfyUI/.venv/lib/python3.12/site-packages/cv2/.dylibs/libavdevice.61.3.100.dylib (0x1139703f8). This may cause spurious casting failures and mysterious crashes. One of the duplicates must be removed or renamed.

[2026-05-10 22:17:08.668] [info]  Python version: 3.12.11 (main, Aug 18 2025, 19:02:39) [Clang 20.1.4 ]

[2026-05-10 22:17:08.670] [info]  ComfyUI version: 0.20.1
comfy-aimdo version: 0.2.14

[2026-05-10 22:17:08.675] [info]  comfy-kitchen version: 0.2.8

[2026-05-10 22:17:08.678] [info]  [Prompt Server] web root: /Users/runner/.comfy-test-cache/desktop/ComfyUI.app/Contents/Resources/ComfyUI/web_custom_versions/desktop_app

[2026-05-10 22:17:08.681] [info]  Asset seeder disabled
[START] ComfyUI-Manager

[2026-05-10 22:17:08.853] [info]  [ComfyUI-Manager] Using GitPython backend

[2026-05-10 22:17:08.896] [info]  [ComfyUI-Manager] network_mode: public

[2026-05-10 22:17:08.903] [info]  [ComfyUI-Manager] The matrix sharing feature has been disabled because the `matrix-nio` dependency is not installed.
	To use this feature, please run the following command:
	/Users/runner/Documents/ComfyUI/.venv/bin/python -m pip install matrix-nio


[2026-05-10 22:17:10.827] [error] [comfy-env] Version: 0.3.82
[2026-05-10 22:17:10.830] [error] 

[2026-05-10 22:17:11.160] [error] [comfy-env] register_nodes: comfyui-sam3

[2026-05-10 22:17:11.162] [error] [comfy-env] ComfyUI source dir: /Users/runner/.comfy-test-cache/desktop/ComfyUI.app/Contents/Resources/ComfyUI

[2026-05-10 22:17:11.170] [error] [comfy-env] Scanning nodes metadata (isolation root)...

[2026-05-10 22:17:24.136] [error] [comfy-env] Scanned nodes: 15 nodes (13.0s)
[2026-05-10 22:17:24.144] [error] 
[comfy-env] Scanned nodes root: 15 nodes (13.0s)
[comfy-env] Registered proxy route: POST /sam3/interactive_segment_one -> nodes.sam3_interactive._api_segment_one
[comfy-env] Imported nodes root: 15 nodes (isolation)
[comfy-env] Registered 15 total nodes
[2026-05-10 22:17:24.146] [error] 

[2026-05-10 22:17:24.485] [info]  ComfyUI-Multiband loaded: 15 nodes registered

[2026-05-10 22:17:24.491] [info]  
Import times for custom nodes:

[2026-05-10 22:17:24.493] [info]     0.0 seconds: /Users/runner/.comfy-test-cache/desktop/ComfyUI.app/Contents/Resources/ComfyUI/custom_nodes/websocket_image_save.py
   0.2 seconds: /Users/runner/Documents/ComfyUI/custom_nodes/ComfyUI-VideoHelperSuite
   0.3 seconds: /Users/runner/Documents/ComfyUI/custom_nodes/ComfyUI-Multiband
  13.3 seconds: /Users/runner/Documents/ComfyUI/custom_nodes/comfyui-sam3


[2026-05-10 22:17:24.505] [info]  Context impl SQLiteImpl.

[2026-05-10 22:17:24.508] [info]  Will assume non-transactional DDL.

[2026-05-10 22:17:24.672] [info]  Starting server


[2026-05-10 22:17:24.673] [info]  To see the GUI go to: http://127.0.0.1:8000

[2026-05-10 22:17:26.908] [info]  [ComfyUI-Manager] The ComfyRegistry cache update is still in progress, so an outdated cache is being used.

[2026-05-10 22:17:26.985] [info]  FETCH DATA from: /Users/runner/Documents/ComfyUI/.venv/lib/python3.12/site-packages/comfyui_manager/custom-node-list.json
[2026-05-10 22:17:27.011] [info]   [DONE]
[2026-05-10 22:17:27.012] [info]  

[2026-05-10 22:17:31.658] [info]  [ComfyUI-Manager] The ComfyRegistry cache update is still in progress, so an outdated cache is being used.

[2026-05-10 22:17:31.732] [info]  FETCH DATA from: /Users/runner/Documents/ComfyUI/.venv/lib/python3.12/site-packages/comfyui_manager/custom-node-list.json
[2026-05-10 22:17:31.757] [info]   [DONE]

[2026-05-10 22:17:31.834] [info]  [DEPRECATION WARNING] Detected import of deprecated legacy API: /extensions/core/widgetInputs.js. This is likely caused by a custom node extension using outdated APIs. Please update your extensions or contact the extension author for an updated version.

[2026-05-10 22:17:36.666] [info]  [ComfyUI-Manager] The ComfyRegistry cache update is still in progress, so an outdated cache is being used.

[2026-05-10 22:17:36.734] [info]  FETCH DATA from: /Users/runner/Documents/ComfyUI/.venv/lib/python3.12/site-packages/comfyui_manager/custom-node-list.json
[2026-05-10 22:17:36.754] [info]   [DONE]

[2026-05-10 22:17:59.315] [info]  got prompt

[2026-05-10 22:18:02.126] [info]  [comfyui-sam3] python: /Users/runner/.ce/.pixi/envs/sam3-nodes/bin/python
[comfyui-sam3] sys_path sent to worker: ['/Users/runner/.comfy-test-cache/desktop/ComfyUI.app/Contents/Resources/ComfyUI', '/Users/runner/Documents/ComfyUI/custom_nodes/comfyui-sam3', '/Users/runner/.ce/.pixi/envs/sam3-nodes/lib/python3.1/site-packages', '/Users/runner/Documents/ComfyUI/custom_nodes/comfyui-sam3']

[2026-05-10 22:18:07.046] [error] [worker:comfyui-sam3] [SAM3] Model not found at /Users/runner/Documents/ComfyUI/models/sam3/sam3.safetensors, downloading from HuggingFace...

[2026-05-10 22:18:07.473] [error] [worker:comfyui-sam3] [SAM3] Downloading sam3.safetensors from apozz/sam3-safetensors...

[2026-05-10 22:18:13.718] [error] [worker:comfyui-sam3] [SAM3] Download progress: 10%

[2026-05-10 22:18:19.194] [error] [worker:comfyui-sam3] [SAM3] Download progress: 20%
[2026-05-10 22:18:19.197] [error] 

[2026-05-10 22:18:24.529] [error] [worker:comfyui-sam3] [SAM3] Download progress: 30%

[2026-05-10 22:18:29.768] [error] [worker:comfyui-sam3] [SAM3] Download progress: 40%

[2026-05-10 22:18:35.200] [error] [worker:comfyui-sam3] [SAM3] Download progress: 50%

[2026-05-10 22:18:38.022] [info]  FETCH ComfyRegistry Data [DONE]

[2026-05-10 22:18:38.329] [info]  [ComfyUI-Manager] default cache updated: https://api.comfy.org/nodes

[2026-05-10 22:18:38.401] [info]  FETCH DATA from: /Users/runner/Documents/ComfyUI/user/__manager/cache/1514988643_custom-node-list.json
[2026-05-10 22:18:38.428] [info]   [DONE]

[2026-05-10 22:18:38.464] [info]  [ComfyUI-Manager] All startup tasks have been completed.

[2026-05-10 22:18:40.481] [error] [worker:comfyui-sam3] [SAM3] Download progress: 60%
[2026-05-10 22:18:40.489] [error] 

[2026-05-10 22:18:45.682] [error] [worker:comfyui-sam3] [SAM3] Download progress: 70%
[2026-05-10 22:18:45.690] [error] 

[2026-05-10 22:18:51.230] [error] [worker:comfyui-sam3] [SAM3] Download progress: 80%

[2026-05-10 22:18:56.428] [error] [worker:comfyui-sam3] [SAM3] Download progress: 90%

[2026-05-10 22:19:01.660] [error] [worker:comfyui-sam3] [SAM3] Download progress: 100%

[2026-05-10 22:19:01.691] [error] [worker:comfyui-sam3] [SAM3] Downloaded sam3.safetensors

[2026-05-10 22:19:01.705] [error] [worker:comfyui-sam3] [SAM3] Model downloaded successfully

[2026-05-10 22:19:01.722] [error] [comfyui-sam3] Health check: ping (timeout=5.0s)...

[2026-05-10 22:19:01.725] [error] [comfyui-sam3] Health check: ok
[2026-05-10 22:19:01.730] [error] 

[2026-05-10 22:19:04.766] [error] objc[19407]: Class AVFFrameReceiver is implemented in both /Users/runner/.ce/.pixi/envs/sam3-nodes/lib/libavdevice.62.3.101.dylib (0x1317c07a8) and /Users/runner/.ce/.pixi/envs/sam3-nodes/lib/python3.12/site-packages/cv2/.dylibs/libavdevice.61.3.100.dylib (0x163c243a8). This may cause spurious casting failures and mysterious crashes. One of the duplicates must be removed or renamed.

[2026-05-10 22:19:04.768] [error] objc[19407]: Class AVFAudioReceiver is implemented in both /Users/runner/.ce/.pixi/envs/sam3-nodes/lib/libavdevice.62.3.101.dylib (0x1317c07f8) and /Users/runner/.ce/.pixi/envs/sam3-nodes/lib/python3.12/site-packages/cv2/.dylibs/libavdevice.61.3.100.dylib (0x163c243f8). This may cause spurious casting failures and mysterious crashes. One of the duplicates must be removed or renamed.

[2026-05-10 22:20:40.487] [info]  Prompt executed in 160.50 seconds

