[2026-05-10 22:21:02.492] [info]  setup plugin alembic.autogenerate.schemas
setup plugin alembic.autogenerate.tables
setup plugin alembic.autogenerate.types
setup plugin alembic.autogenerate.constraints

[2026-05-10 22:21:02.494] [info]  setup plugin alembic.autogenerate.defaults
setup plugin alembic.autogenerate.comments

[2026-05-10 22:21:02.623] [info]  comfy-aimdo os not supported Darwin
NOTE: comfy-aimdo is currently only support for Windows and Linux

[2026-05-10 22:21:02.884] [info]  Adding extra search path custom_nodes /Users/runner/Documents/ComfyUI/custom_nodes
Adding extra search path download_model_base /Users/runner/Documents/ComfyUI/models
Adding extra search path custom_nodes /Users/runner/.comfy-test-cache/desktop/ComfyUI.app/Contents/Resources/ComfyUI/custom_nodes
Setting output directory to: /Users/runner/Documents/ComfyUI/output
Setting input directory to: /Users/runner/Documents/ComfyUI/input
Setting user directory to: /Users/runner/Documents/ComfyUI/user

[2026-05-10 22:21:03.497] [info]  [START] Security scan
[ComfyUI-Manager] Using uv as Python module for pip operations.

[2026-05-10 22:21:03.731] [info]  [DONE] Security scan
** ComfyUI startup time: 2026-05-10 22:21:03.730
** Platform: Darwin

[2026-05-10 22:21:03.734] [info]  ** Python version: 3.12.11 (main, Aug 18 2025, 19:02:39) [Clang 20.1.4 ]
** Python executable: /Users/runner/Documents/ComfyUI/.venv/bin/python
** ComfyUI Path: /Users/runner/.comfy-test-cache/desktop/ComfyUI.app/Contents/Resources/ComfyUI
** ComfyUI Base Folder Path: /Users/runner/.comfy-test-cache/desktop/ComfyUI.app/Contents/Resources/ComfyUI
** User directory: /Users/runner/Documents/ComfyUI/user
** ComfyUI-Manager config path: /Users/runner/Documents/ComfyUI/user/__manager/config.ini
** Log path: /Users/runner/Documents/ComfyUI/user/comfyui.log

[2026-05-10 22:21:03.865] [info]  [ComfyUI-Manager] Skipped fixing the 'comfyui-frontend-package' dependency because the ComfyUI is outdated.

[2026-05-10 22:21:03.867] [info]  [PRE] ComfyUI-Manager

[2026-05-10 22:21:04.436] [error] [comfy-env] comfyui-sam3: 1 isolation env(s):
[comfy-env]   nodes -> /Users/runner/Documents/ComfyUI/custom_nodes/comfyui-sam3/nodes

[2026-05-10 22:21:06.819] [error] [comfy-env] prestartup complete

[2026-05-10 22:21:06.822] [info]  WARNING: Potential Error in code: Torch already imported, torch should never be imported before this point.

[2026-05-10 22:21:08.526] [info]  Found comfy_kitchen backend triton: {'available': False, 'disabled': True, 'unavailable_reason': "ImportError: No module named 'triton'", 'capabilities': []}
Found comfy_kitchen backend eager: {'available': True, 'disabled': False, 'unavailable_reason': None, 'capabilities': ['apply_rope', 'apply_rope1', 'dequantize_mxfp8', 'dequantize_nvfp4', 'dequantize_per_tensor_fp8', 'quantize_mxfp8', 'quantize_nvfp4', 'quantize_per_tensor_fp8', 'scaled_mm_mxfp8', 'scaled_mm_nvfp4']}

[2026-05-10 22:21:08.528] [info]  Found comfy_kitchen backend cuda: {'available': False, 'disabled': True, 'unavailable_reason': 'Extension file not found: /Users/runner/Documents/ComfyUI/.venv/lib/python3.12/site-packages/comfy_kitchen/backends/cuda/_C.abi3.so', 'capabilities': []}

[2026-05-10 22:21:08.555] [info]  Checkpoint files will always be loaded safely.

[2026-05-10 22:21:08.615] [info]  Total VRAM 7168 MB, total RAM 7168 MB

[2026-05-10 22:21:08.617] [info]  pytorch version: 2.10.0

[2026-05-10 22:21:08.628] [info]  Mac Version (15, 7, 4)
Set vram state to: SHARED
Device: mps

[2026-05-10 22:21:09.578] [info]  Using sub quadratic optimization for attention, if you have memory or speed issues try using: --use-split-cross-attention

[2026-05-10 22:21:10.781] [error] objc[23051]: Class AVFFrameReceiver is implemented in both /Users/runner/Documents/ComfyUI/.venv/lib/python3.12/site-packages/av/.dylibs/libavdevice.62.1.100.dylib (0x10dea83a8) and /Users/runner/Documents/ComfyUI/.venv/lib/python3.12/site-packages/cv2/.dylibs/libavdevice.61.3.100.dylib (0x11397c3a8). This may cause spurious casting failures and mysterious crashes. One of the duplicates must be removed or renamed.

[2026-05-10 22:21:10.782] [error] objc[23051]: Class AVFAudioReceiver is implemented in both /Users/runner/Documents/ComfyUI/.venv/lib/python3.12/site-packages/av/.dylibs/libavdevice.62.1.100.dylib (0x10dea83f8) and /Users/runner/Documents/ComfyUI/.venv/lib/python3.12/site-packages/cv2/.dylibs/libavdevice.61.3.100.dylib (0x11397c3f8). This may cause spurious casting failures and mysterious crashes. One of the duplicates must be removed or renamed.

[2026-05-10 22:21:15.487] [info]  Python version: 3.12.11 (main, Aug 18 2025, 19:02:39) [Clang 20.1.4 ]
ComfyUI version: 0.20.1

[2026-05-10 22:21:15.492] [info]  comfy-aimdo version: 0.2.14
comfy-kitchen version: 0.2.8

[2026-05-10 22:21:15.497] [info]  [Prompt Server] web root: /Users/runner/.comfy-test-cache/desktop/ComfyUI.app/Contents/Resources/ComfyUI/web_custom_versions/desktop_app

[2026-05-10 22:21:15.500] [info]  Asset seeder disabled
[START] ComfyUI-Manager

[2026-05-10 22:21:15.666] [info]  [ComfyUI-Manager] Using GitPython backend

[2026-05-10 22:21:15.728] [info]  [ComfyUI-Manager] network_mode: public

[2026-05-10 22:21:15.744] [info]  [ComfyUI-Manager] The matrix sharing feature has been disabled because the `matrix-nio` dependency is not installed.
	To use this feature, please run the following command:
	/Users/runner/Documents/ComfyUI/.venv/bin/python -m pip install matrix-nio


[2026-05-10 22:21:18.249] [error] [comfy-env] Version: 0.3.82
[2026-05-10 22:21:18.251] [error] 

[2026-05-10 22:21:18.254] [info]  [comfy-env] Removed stale socket: /var/folders/tb/y368xp_x10s3ty1b_mtl5mxr0000gn/T/comfy_worker_0d984f6f59e5.sock

[2026-05-10 22:21:18.353] [info]  [comfy-env] Removed stale temp dir: /var/folders/tb/y368xp_x10s3ty1b_mtl5mxr0000gn/T/comfyui_pvenv_giu5ke18

[2026-05-10 22:21:18.596] [error] [comfy-env] register_nodes: comfyui-sam3
[2026-05-10 22:21:18.599] [error] 
[comfy-env] ComfyUI source dir: /Users/runner/.comfy-test-cache/desktop/ComfyUI.app/Contents/Resources/ComfyUI

[2026-05-10 22:21:18.683] [error] [comfy-env] Scanning nodes metadata (isolation root)...

[2026-05-10 22:21:18.688] [error] [comfy-env] Cache hit for nodes: 15 nodes

[2026-05-10 22:21:18.690] [error] [comfy-env] Scanned nodes root: 15 nodes (0.0s)

[2026-05-10 22:21:18.692] [error] [comfy-env] Registered proxy route: POST /sam3/interactive_segment_one -> nodes.sam3_interactive._api_segment_one

[2026-05-10 22:21:18.692] [error] [comfy-env] Imported nodes root: 15 nodes (isolation)
[comfy-env] Registered 15 total nodes

[2026-05-10 22:21:18.760] [info]  ComfyUI-Multiband loaded: 15 nodes registered

[2026-05-10 22:21:18.766] [info]  
Import times for custom nodes:

[2026-05-10 22:21:18.767] [info]     0.0 seconds: /Users/runner/.comfy-test-cache/desktop/ComfyUI.app/Contents/Resources/ComfyUI/custom_nodes/websocket_image_save.py
   0.1 seconds: /Users/runner/Documents/ComfyUI/custom_nodes/ComfyUI-Multiband
   0.1 seconds: /Users/runner/Documents/ComfyUI/custom_nodes/ComfyUI-VideoHelperSuite
   0.5 seconds: /Users/runner/Documents/ComfyUI/custom_nodes/comfyui-sam3


[2026-05-10 22:21:18.783] [info]  Context impl SQLiteImpl.
Will assume non-transactional DDL.

[2026-05-10 22:21:18.901] [info]  Starting server


[2026-05-10 22:21:18.902] [info]  To see the GUI go to: http://127.0.0.1:8000

[2026-05-10 22:21:20.981] [info]  [ComfyUI-Manager] The ComfyRegistry cache update is still in progress, so an outdated cache is being used.

[2026-05-10 22:21:21.056] [info]  FETCH DATA from: /Users/runner/Documents/ComfyUI/.venv/lib/python3.12/site-packages/comfyui_manager/custom-node-list.json
[2026-05-10 22:21:21.088] [info]   [DONE]

[2026-05-10 22:21:21.130] [info]  [DEPRECATION WARNING] Detected import of deprecated legacy API: /extensions/core/widgetInputs.js. This is likely caused by a custom node extension using outdated APIs. Please update your extensions or contact the extension author for an updated version.

[2026-05-10 22:21:23.427] [info]  [ComfyUI-Manager] The ComfyRegistry cache update is still in progress, so an outdated cache is being used.

[2026-05-10 22:21:23.569] [info]  FETCH DATA from: /Users/runner/Documents/ComfyUI/.venv/lib/python3.12/site-packages/comfyui_manager/custom-node-list.json
[2026-05-10 22:21:23.619] [info]   [DONE]

[2026-05-10 22:21:46.160] [info]  got prompt

[2026-05-10 22:21:46.352] [info]  [comfyui-sam3] python: /Users/runner/.ce/.pixi/envs/sam3-nodes/bin/python
[comfyui-sam3] sys_path sent to worker: ['/Users/runner/.comfy-test-cache/desktop/ComfyUI.app/Contents/Resources/ComfyUI', '/Users/runner/Documents/ComfyUI/custom_nodes/comfyui-sam3', '/Users/runner/.ce/.pixi/envs/sam3-nodes/lib/python3.1/site-packages', '/Users/runner/Documents/ComfyUI/custom_nodes/comfyui-sam3']

[2026-05-10 22:21:51.657] [error] [comfyui-sam3] Health check: ping (timeout=5.0s)...

[2026-05-10 22:21:51.661] [error] [comfyui-sam3] Health check: ok

[2026-05-10 22:21:51.666] [error] [comfyui-sam3] Health check: ping (timeout=5.0s)...

[2026-05-10 22:21:51.668] [error] [comfyui-sam3] Health check: ok
[2026-05-10 22:21:51.669] [error] 

[2026-05-10 22:21:53.380] [error] objc[24163]: Class AVFFrameReceiver is implemented in both /Users/runner/.ce/.pixi/envs/sam3-nodes/lib/libavdevice.62.3.101.dylib (0x1216387a8) and /Users/runner/.ce/.pixi/envs/sam3-nodes/lib/python3.12/site-packages/cv2/.dylibs/libavdevice.61.3.100.dylib (0x13eab43a8). This may cause spurious casting failures and mysterious crashes. One of the duplicates must be removed or renamed.

[2026-05-10 22:21:53.382] [error] objc[24163]: Class AVFAudioReceiver is implemented in both /Users/runner/.ce/.pixi/envs/sam3-nodes/lib/libavdevice.62.3.101.dylib (0x1216387f8) and /Users/runner/.ce/.pixi/envs/sam3-nodes/lib/python3.12/site-packages/cv2/.dylibs/libavdevice.61.3.100.dylib (0x13eab43f8). This may cause spurious casting failures and mysterious crashes. One of the duplicates must be removed or renamed.

[2026-05-10 22:22:44.115] [info]  Prompt executed in 57.62 seconds

[2026-05-10 22:22:48.769] [info]  FETCH ComfyRegistry Data [DONE]

[2026-05-10 22:22:48.942] [info]  [ComfyUI-Manager] default cache updated: https://api.comfy.org/nodes

[2026-05-10 22:22:48.965] [info]  FETCH DATA from: /Users/runner/Documents/ComfyUI/user/__manager/cache/1514988643_custom-node-list.json
[2026-05-10 22:22:48.978] [info]   [DONE]

[2026-05-10 22:22:49.022] [info]  [ComfyUI-Manager] All startup tasks have been completed.

