** ComfyUI startup time: 2026-05-10 03:11:41.570
[2026-05-10 03:11:41.571] ** Platform: Darwin
[2026-05-10 03:11:41.571] ** Python version: 3.12.11 (main, Aug 18 2025, 19:02:39) [Clang 20.1.4 ]
[2026-05-10 03:11:41.571] ** Python executable: /Users/runner/Documents/ComfyUI/.venv/bin/python
[2026-05-10 03:11:41.571] ** ComfyUI Path: /Users/runner/.comfy-test-cache/desktop/ComfyUI.app/Contents/Resources/ComfyUI
[2026-05-10 03:11:41.571] ** ComfyUI Base Folder Path: /Users/runner/.comfy-test-cache/desktop/ComfyUI.app/Contents/Resources/ComfyUI
[2026-05-10 03:11:41.571] ** User directory: /Users/runner/Documents/ComfyUI/user
[2026-05-10 03:11:41.571] ** ComfyUI-Manager config path: /Users/runner/Documents/ComfyUI/user/__manager/config.ini
[2026-05-10 03:11:41.571] ** Log path: /Users/runner/Documents/ComfyUI/user/comfyui.log
[ComfyUI-Manager] Skipped fixing the 'comfyui-frontend-package' dependency because the ComfyUI is outdated.
[2026-05-10 03:11:41.694] [PRE] ComfyUI-Manager
[2026-05-10 03:11:41.958] [comfy-env] comfyui-sam3: 1 isolation env(s):
[2026-05-10 03:11:41.958] [comfy-env]   nodes -> /Users/runner/Documents/ComfyUI/custom_nodes/comfyui-sam3/nodes
[2026-05-10 03:11:43.752] [comfy-env] prestartup complete
[2026-05-10 03:11:43.753] WARNING: Potential Error in code: Torch already imported, torch should never be imported before this point.
[2026-05-10 03:11:45.267] Found comfy_kitchen backend cuda: {'available': False, 'disabled': True, 'unavailable_reason': 'Extension file not found: /Users/runner/Documents/ComfyUI/.venv/lib/python3.12/site-packages/comfy_kitchen/backends/cuda/_C.abi3.so', 'capabilities': []}
[2026-05-10 03:11:45.267] Found comfy_kitchen backend eager: {'available': True, 'disabled': False, 'unavailable_reason': None, 'capabilities': ['apply_rope', 'apply_rope1', 'dequantize_mxfp8', 'dequantize_nvfp4', 'dequantize_per_tensor_fp8', 'quantize_mxfp8', 'quantize_nvfp4', 'quantize_per_tensor_fp8', 'scaled_mm_mxfp8', 'scaled_mm_nvfp4']}
[2026-05-10 03:11:45.267] Found comfy_kitchen backend triton: {'available': False, 'disabled': True, 'unavailable_reason': "ImportError: No module named 'triton'", 'capabilities': []}
[2026-05-10 03:11:45.282] Checkpoint files will always be loaded safely.
[2026-05-10 03:11:45.336] Total VRAM 7168 MB, total RAM 7168 MB
[2026-05-10 03:11:45.336] pytorch version: 2.10.0
[2026-05-10 03:11:45.346] Mac Version (15, 7, 4)
[2026-05-10 03:11:45.348] Set vram state to: SHARED
[2026-05-10 03:11:45.349] Device: mps
[2026-05-10 03:11:46.073] Using sub quadratic optimization for attention, if you have memory or speed issues try using: --use-split-cross-attention
[2026-05-10 03:11:50.762] Python version: 3.12.11 (main, Aug 18 2025, 19:02:39) [Clang 20.1.4 ]
[2026-05-10 03:11:50.763] ComfyUI version: 0.20.1
[2026-05-10 03:11:50.768] comfy-aimdo version: 0.2.14
[2026-05-10 03:11:50.770] comfy-kitchen version: 0.2.8
[2026-05-10 03:11:50.776] [Prompt Server] web root: /Users/runner/.comfy-test-cache/desktop/ComfyUI.app/Contents/Resources/ComfyUI/web_custom_versions/desktop_app
[2026-05-10 03:11:50.777] Asset seeder disabled
[2026-05-10 03:11:50.777] [START] ComfyUI-Manager
[2026-05-10 03:11:51.014] [ComfyUI-Manager] Using GitPython backend
[2026-05-10 03:11:51.090] [ComfyUI-Manager] network_mode: public
[2026-05-10 03:11:51.106] [ComfyUI-Manager] The matrix sharing feature has been disabled because the `matrix-nio` dependency is not installed.
	To use this feature, please run the following command:
	/Users/runner/Documents/ComfyUI/.venv/bin/python -m pip install matrix-nio

[2026-05-10 03:11:53.219] [comfy-env] Version: 0.3.78
[2026-05-10 03:11:53.222] [comfy-env] Removed stale socket: /var/folders/tb/y368xp_x10s3ty1b_mtl5mxr0000gn/T/comfy_worker_22db9d997afa.sock
[2026-05-10 03:11:53.297] [comfy-env] Removed stale temp dir: /var/folders/tb/y368xp_x10s3ty1b_mtl5mxr0000gn/T/comfyui_pvenv_xgq2u5hl
[2026-05-10 03:11:53.553] [comfy-env] register_nodes: comfyui-sam3
[2026-05-10 03:11:53.554] [comfy-env] ComfyUI source dir: /Users/runner/.comfy-test-cache/desktop/ComfyUI.app/Contents/Resources/ComfyUI
[2026-05-10 03:11:53.655] [comfy-env] Scanning nodes metadata (isolation root)...
[2026-05-10 03:11:53.661] [comfy-env] Cache hit for nodes: 15 nodes
[2026-05-10 03:11:53.661] [comfy-env] Scanned nodes root: 15 nodes (0.0s)
[2026-05-10 03:11:53.663] [comfy-env] Registered proxy route: POST /sam3/interactive_segment_one -> nodes.sam3_interactive._api_segment_one
[2026-05-10 03:11:53.665] [comfy-env] Imported nodes root: 15 nodes (isolation)
[2026-05-10 03:11:53.667] [comfy-env] Registered 15 total nodes
[2026-05-10 03:11:53.712] ComfyUI-Multiband loaded: 15 nodes registered
[2026-05-10 03:11:53.718] 
Import times for custom nodes:
[2026-05-10 03:11:53.718]    0.0 seconds: /Users/runner/.comfy-test-cache/desktop/ComfyUI.app/Contents/Resources/ComfyUI/custom_nodes/websocket_image_save.py
[2026-05-10 03:11:53.718]    0.0 seconds: /Users/runner/Documents/ComfyUI/custom_nodes/ComfyUI-Multiband
[2026-05-10 03:11:53.718]    0.1 seconds: /Users/runner/Documents/ComfyUI/custom_nodes/ComfyUI-VideoHelperSuite
[2026-05-10 03:11:53.718]    0.5 seconds: /Users/runner/Documents/ComfyUI/custom_nodes/comfyui-sam3
[2026-05-10 03:11:53.718] 
[2026-05-10 03:11:53.735] Context impl SQLiteImpl.
[2026-05-10 03:11:53.736] Will assume non-transactional DDL.
[2026-05-10 03:11:53.878] Starting server

[2026-05-10 03:11:53.878] To see the GUI go to: http://127.0.0.1:8000
[2026-05-10 03:11:55.855] [DEPRECATION WARNING] Detected import of deprecated legacy API: /extensions/core/widgetInputs.js. This is likely caused by a custom node extension using outdated APIs. Please update your extensions or contact the extension author for an updated version.
[2026-05-10 03:11:56.517] [ComfyUI-Manager] The ComfyRegistry cache update is still in progress, so an outdated cache is being used.
[2026-05-10 03:11:56.696] FETCH DATA from: /Users/runner/Documents/ComfyUI/.venv/lib/python3.12/site-packages/comfyui_manager/custom-node-list.json [DONE]
[2026-05-10 03:12:00.220] [ComfyUI-Manager] The ComfyRegistry cache update is still in progress, so an outdated cache is being used.
[2026-05-10 03:12:00.311] FETCH DATA from: /Users/runner/Documents/ComfyUI/.venv/lib/python3.12/site-packages/comfyui_manager/custom-node-list.json [DONE]
[2026-05-10 03:12:22.348] got prompt
[2026-05-10 03:12:22.666] [comfyui-sam3] python: /Users/runner/Documents/ComfyUI/.ce/.pixi/envs/sam3-nodes/bin/python
[2026-05-10 03:12:22.667] [comfyui-sam3] sys_path sent to worker: ['/Users/runner/.comfy-test-cache/desktop/ComfyUI.app/Contents/Resources/ComfyUI', '/Users/runner/Documents/ComfyUI/custom_nodes/comfyui-sam3', '/Users/runner/Documents/ComfyUI/.ce/.pixi/envs/sam3-nodes/lib/python3.1/site-packages', '/Users/runner/Documents/ComfyUI/custom_nodes/comfyui-sam3']
[2026-05-10 03:12:28.909] [comfyui-sam3] Health check: ping (timeout=5.0s)...
[2026-05-10 03:12:28.913] [comfyui-sam3] Health check: ok
[2026-05-10 03:13:15.811] !!! Exception during processing !!! [srcBuf length] > 0 INTERNAL ASSERT FAILED at "/Users/runner/work/pytorch/pytorch/pytorch/aten/src/ATen/native/mps/OperationUtils.mm":554, please report a bug to PyTorch. Placeholder tensor is empty!

Worker traceback:
Traceback (most recent call last):
  File "/var/folders/tb/y368xp_x10s3ty1b_mtl5mxr0000gn/T/comfyui_pvenv_ieg5p5ee/persistent_worker.py", line 1762, in main
    result = method(**inputs)
             ^^^^^^^^^^^^^^^^
  File "/Users/runner/.comfy-test-cache/desktop/ComfyUI.app/Contents/Resources/ComfyUI/comfy_api/latest/_io.py", line 1826, in EXECUTE_NORMALIZED
    to_return = cls.execute(*args, **kwargs)
                ^^^^^^^^^^^^^^^^^^^^^^^^^^^^
  File "/Users/runner/Documents/ComfyUI/custom_nodes/comfyui-sam3/nodes/segmentation.py", line 111, in execute
    result = cls._segment_grounding(
             ^^^^^^^^^^^^^^^^^^^^^^^
  File "/Users/runner/Documents/ComfyUI/custom_nodes/comfyui-sam3/nodes/segmentation.py", line 138, in _segment_grounding
    state = processor.set_text_prompt(text_prompt.strip(), state)
            ^^^^^^^^^^^^^^^^^^^^^^^^^^^^^^^^^^^^^^^^^^^^^^^^^^^^^
  File "/Users/runner/Documents/ComfyUI/.ce/.pixi/envs/sam3-nodes/lib/python3.12/site-packages/torch/utils/_contextlib.py", line 124, in decorate_context
    return func(*args, **kwargs)
           ^^^^^^^^^^^^^^^^^^^^^
  File "/Users/runner/Documents/ComfyUI/custom_nodes/comfyui-sam3/nodes/sam3/utils.py", line 1393, in set_text_prompt
    return self._forward_grounding(state)
           ^^^^^^^^^^^^^^^^^^^^^^^^^^^^^^
  File "/Users/runner/Documents/ComfyUI/.ce/.pixi/envs/sam3-nodes/lib/python3.12/site-packages/torch/utils/_contextlib.py", line 124, in decorate_context
    return func(*args, **kwargs)
           ^^^^^^^^^^^^^^^^^^^^^
  File "/Users/runner/Documents/ComfyUI/custom_nodes/comfyui-sam3/nodes/sam3/utils.py", line 1477, in _forward_grounding
    outputs = self.model.forward_grounding(
              ^^^^^^^^^^^^^^^^^^^^^^^^^^^^^
  File "/Users/runner/Documents/ComfyUI/custom_nodes/comfyui-sam3/nodes/sam3/model.py", line 3810, in forward_grounding
    prompt, prompt_mask, backbone_out = self._encode_prompt(
                                        ^^^^^^^^^^^^^^^^^^^^
  File "/Users/runner/Documents/ComfyUI/custom_nodes/comfyui-sam3/nodes/sam3/model.py", line 3552, in _encode_prompt
    geo_feats, geo_masks = self.geometry_encoder(
                           ^^^^^^^^^^^^^^^^^^^^^^
  File "/Users/runner/Documents/ComfyUI/.ce/.pixi/envs/sam3-nodes/lib/python3.12/site-packages/torch/nn/modules/module.py", line 1776, in _wrapped_call_impl
    return self._call_impl(*args, **kwargs)
           ^^^^^^^^^^^^^^^^^^^^^^^^^^^^^^^^
  File "/Users/runner/Documents/ComfyUI/.ce/.pixi/envs/sam3-nodes/lib/python3.12/site-packages/torch/nn/modules/module.py", line 1787, in _call_impl
    return forward_call(*args, **kwargs)
           ^^^^^^^^^^^^^^^^^^^^^^^^^^^^^
  File "/Users/runner/Documents/ComfyUI/custom_nodes/comfyui-sam3/nodes/sam3/model.py", line 2483, in forward
    final_embeds, final_mask = self._encode_points(
                               ^^^^^^^^^^^^^^^^^^^^
  File "/Users/runner/Documents/ComfyUI/custom_nodes/comfyui-sam3/nodes/sam3/model.py", line 2344, in _encode_points
    sampled = torch.nn.functional.grid_sample(img_feats, grid, align_corners=False)
              ^^^^^^^^^^^^^^^^^^^^^^^^^^^^^^^^^^^^^^^^^^^^^^^^^^^^^^^^^^^^^^^^^^^^^
  File "/Users/runner/Documents/ComfyUI/.ce/.pixi/envs/sam3-nodes/lib/python3.12/site-packages/torch/nn/functional.py", line 5230, in grid_sample
    return torch.grid_sampler(input, grid, mode_enum, padding_mode_enum, align_corners)
           ^^^^^^^^^^^^^^^^^^^^^^^^^^^^^^^^^^^^^^^^^^^^^^^^^^^^^^^^^^^^^^^^^^^^^^^^^^^^
RuntimeError: [srcBuf length] > 0 INTERNAL ASSERT FAILED at "/Users/runner/work/pytorch/pytorch/pytorch/aten/src/ATen/native/mps/OperationUtils.mm":554, please report a bug to PyTorch. Placeholder tensor is empty!

[2026-05-10 03:13:15.830] Traceback (most recent call last):
  File "/Users/runner/.comfy-test-cache/desktop/ComfyUI.app/Contents/Resources/ComfyUI/execution.py", line 534, in execute
    output_data, output_ui, has_subgraph, has_pending_tasks = await get_output_data(prompt_id, unique_id, obj, input_data_all, execution_block_cb=execution_block_cb, pre_execute_cb=pre_execute_cb, v3_data=v3_data)
                                                              ^^^^^^^^^^^^^^^^^^^^^^^^^^^^^^^^^^^^^^^^^^^^^^^^^^^^^^^^^^^^^^^^^^^^^^^^^^^^^^^^^^^^^^^^^^^^^^^^^^^^^^^^^^^^^^^^^^^^^^^^^^^^^^^^^^^^^^^^^^^^^^^^^^^^^^^
  File "/Users/runner/.comfy-test-cache/desktop/ComfyUI.app/Contents/Resources/ComfyUI/execution.py", line 334, in get_output_data
    return_values = await _async_map_node_over_list(prompt_id, unique_id, obj, input_data_all, obj.FUNCTION, allow_interrupt=True, execution_block_cb=execution_block_cb, pre_execute_cb=pre_execute_cb, v3_data=v3_data)
                    ^^^^^^^^^^^^^^^^^^^^^^^^^^^^^^^^^^^^^^^^^^^^^^^^^^^^^^^^^^^^^^^^^^^^^^^^^^^^^^^^^^^^^^^^^^^^^^^^^^^^^^^^^^^^^^^^^^^^^^^^^^^^^^^^^^^^^^^^^^^^^^^^^^^^^^^^^^^^^^^^^^^^^^^^^^^^^^^^^^^^^^^^^^^^^^^^^^^^^
  File "/Users/runner/.comfy-test-cache/desktop/ComfyUI.app/Contents/Resources/ComfyUI/execution.py", line 308, in _async_map_node_over_list
    await process_inputs(input_dict, i)
  File "/Users/runner/.comfy-test-cache/desktop/ComfyUI.app/Contents/Resources/ComfyUI/execution.py", line 296, in process_inputs
    result = f(**inputs)
             ^^^^^^^^^^^
  File "/Users/runner/Documents/ComfyUI/.venv/lib/python3.12/site-packages/comfy_env/isolation/metadata.py", line 536, in proxy
    result = worker.call_method(
             ^^^^^^^^^^^^^^^^^^^
  File "/Users/runner/Documents/ComfyUI/.venv/lib/python3.12/site-packages/comfy_env/isolation/workers/subprocess.py", line 674, in call_method
    raise WorkerError(
comfy_env.isolation.workers.base.WorkerError: [srcBuf length] > 0 INTERNAL ASSERT FAILED at "/Users/runner/work/pytorch/pytorch/pytorch/aten/src/ATen/native/mps/OperationUtils.mm":554, please report a bug to PyTorch. Placeholder tensor is empty!

Worker traceback:
Traceback (most recent call last):
  File "/var/folders/tb/y368xp_x10s3ty1b_mtl5mxr0000gn/T/comfyui_pvenv_ieg5p5ee/persistent_worker.py", line 1762, in main
    result = method(**inputs)
             ^^^^^^^^^^^^^^^^
  File "/Users/runner/.comfy-test-cache/desktop/ComfyUI.app/Contents/Resources/ComfyUI/comfy_api/latest/_io.py", line 1826, in EXECUTE_NORMALIZED
    to_return = cls.execute(*args, **kwargs)
                ^^^^^^^^^^^^^^^^^^^^^^^^^^^^
  File "/Users/runner/Documents/ComfyUI/custom_nodes/comfyui-sam3/nodes/segmentation.py", line 111, in execute
    result = cls._segment_grounding(
             ^^^^^^^^^^^^^^^^^^^^^^^
  File "/Users/runner/Documents/ComfyUI/custom_nodes/comfyui-sam3/nodes/segmentation.py", line 138, in _segment_grounding
    state = processor.set_text_prompt(text_prompt.strip(), state)
            ^^^^^^^^^^^^^^^^^^^^^^^^^^^^^^^^^^^^^^^^^^^^^^^^^^^^^
  File "/Users/runner/Documents/ComfyUI/.ce/.pixi/envs/sam3-nodes/lib/python3.12/site-packages/torch/utils/_contextlib.py", line 124, in decorate_context
    return func(*args, **kwargs)
           ^^^^^^^^^^^^^^^^^^^^^
  File "/Users/runner/Documents/ComfyUI/custom_nodes/comfyui-sam3/nodes/sam3/utils.py", line 1393, in set_text_prompt
    return self._forward_grounding(state)
           ^^^^^^^^^^^^^^^^^^^^^^^^^^^^^^
  File "/Users/runner/Documents/ComfyUI/.ce/.pixi/envs/sam3-nodes/lib/python3.12/site-packages/torch/utils/_contextlib.py", line 124, in decorate_context
    return func(*args, **kwargs)
           ^^^^^^^^^^^^^^^^^^^^^
  File "/Users/runner/Documents/ComfyUI/custom_nodes/comfyui-sam3/nodes/sam3/utils.py", line 1477, in _forward_grounding
    outputs = self.model.forward_grounding(
              ^^^^^^^^^^^^^^^^^^^^^^^^^^^^^
  File "/Users/runner/Documents/ComfyUI/custom_nodes/comfyui-sam3/nodes/sam3/model.py", line 3810, in forward_grounding
    prompt, prompt_mask, backbone_out = self._encode_prompt(
                                        ^^^^^^^^^^^^^^^^^^^^
  File "/Users/runner/Documents/ComfyUI/custom_nodes/comfyui-sam3/nodes/sam3/model.py", line 3552, in _encode_prompt
    geo_feats, geo_masks = self.geometry_encoder(
                           ^^^^^^^^^^^^^^^^^^^^^^
  File "/Users/runner/Documents/ComfyUI/.ce/.pixi/envs/sam3-nodes/lib/python3.12/site-packages/torch/nn/modules/module.py", line 1776, in _wrapped_call_impl
    return self._call_impl(*args, **kwargs)
           ^^^^^^^^^^^^^^^^^^^^^^^^^^^^^^^^
  File "/Users/runner/Documents/ComfyUI/.ce/.pixi/envs/sam3-nodes/lib/python3.12/site-packages/torch/nn/modules/module.py", line 1787, in _call_impl
    return forward_call(*args, **kwargs)
           ^^^^^^^^^^^^^^^^^^^^^^^^^^^^^
  File "/Users/runner/Documents/ComfyUI/custom_nodes/comfyui-sam3/nodes/sam3/model.py", line 2483, in forward
    final_embeds, final_mask = self._encode_points(
                               ^^^^^^^^^^^^^^^^^^^^
  File "/Users/runner/Documents/ComfyUI/custom_nodes/comfyui-sam3/nodes/sam3/model.py", line 2344, in _encode_points
    sampled = torch.nn.functional.grid_sample(img_feats, grid, align_corners=False)
              ^^^^^^^^^^^^^^^^^^^^^^^^^^^^^^^^^^^^^^^^^^^^^^^^^^^^^^^^^^^^^^^^^^^^^
  File "/Users/runner/Documents/ComfyUI/.ce/.pixi/envs/sam3-nodes/lib/python3.12/site-packages/torch/nn/functional.py", line 5230, in grid_sample
    return torch.grid_sampler(input, grid, mode_enum, padding_mode_enum, align_corners)
           ^^^^^^^^^^^^^^^^^^^^^^^^^^^^^^^^^^^^^^^^^^^^^^^^^^^^^^^^^^^^^^^^^^^^^^^^^^^^
RuntimeError: [srcBuf length] > 0 INTERNAL ASSERT FAILED at "/Users/runner/work/pytorch/pytorch/pytorch/aten/src/ATen/native/mps/OperationUtils.mm":554, please report a bug to PyTorch. Placeholder tensor is empty!


[2026-05-10 03:13:15.840] Prompt executed in 53.49 seconds
