[2026-05-08 11:17:24.248] [info]  setup plugin alembic.autogenerate.schemas

[2026-05-08 11:17:24.251] [info]  setup plugin alembic.autogenerate.tables
setup plugin alembic.autogenerate.types
setup plugin alembic.autogenerate.constraints
setup plugin alembic.autogenerate.defaults
setup plugin alembic.autogenerate.comments

[2026-05-08 11:17:24.549] [info]  comfy-aimdo os not supported Darwin
NOTE: comfy-aimdo is currently only support for Windows and Linux

[2026-05-08 11:17:25.155] [info]  Adding extra search path custom_nodes /Users/runner/Documents/ComfyUI/custom_nodes
Adding extra search path download_model_base /Users/runner/Documents/ComfyUI/models
Adding extra search path custom_nodes /Users/runner/work/comfy-gpu-ci/comfy-gpu-ci/ComfyUI.app/Contents/Resources/ComfyUI/custom_nodes
Setting output directory to: /Users/runner/Documents/ComfyUI/output
Setting input directory to: /Users/runner/Documents/ComfyUI/input
Setting user directory to: /Users/runner/Documents/ComfyUI/user

[2026-05-08 11:17:27.431] [info]  [START] Security scan
[DONE] Security scan
** ComfyUI startup time: 
[2026-05-08 11:17:27.433] [info]  2026-05-08 11:17:27.430
** Platform: Darwin
** Python version: 3.12.11 (main, Aug 18 2025, 19:02:39) [Clang 20.1.4 ]
** Python executable: /Users/runner/Documents/ComfyUI/.venv/bin/python
** ComfyUI Path: /Users/runner/work/comfy-gpu-ci/comfy-gpu-ci/ComfyUI.app/Contents/Resources/ComfyUI
** ComfyUI Base Folder Path: /Users/runner/work/comfy-gpu-ci/comfy-gpu-ci/ComfyUI.app/Contents/Resources/ComfyUI
** User directory: /Users/runner/Documents/ComfyUI/user
** ComfyUI-Manager config path: /Users/runner/Documents/ComfyUI/user/__manager/config.ini
** Log path: /Users/runner/Documents/ComfyUI/user/comfyui.log

[2026-05-08 11:17:28.289] [info]  [ComfyUI-Manager] Skipped fixing the 'comfyui-frontend-package' dependency because the ComfyUI is outdated.

[2026-05-08 11:17:28.291] [info]  [PRE] ComfyUI-Manager

[2026-05-08 11:17:39.466] [info]  Found comfy_kitchen backend eager: {'available': True, 'disabled': False, 'unavailable_reason': None, 'capabilities': ['apply_rope', 'apply_rope1', 'dequantize_mxfp8', 'dequantize_nvfp4', 'dequantize_per_tensor_fp8', 'quantize_mxfp8', 'quantize_nvfp4', 'quantize_per_tensor_fp8', 'scaled_mm_mxfp8', 'scaled_mm_nvfp4']}

[2026-05-08 11:17:39.469] [info]  Found comfy_kitchen backend cuda: {'available': False, 'disabled': True, 'unavailable_reason': 'Extension file not found: /Users/runner/Documents/ComfyUI/.venv/lib/python3.12/site-packages/comfy_kitchen/backends/cuda/_C.abi3.so', 'capabilities': []}
Found comfy_kitchen backend triton: {'available': False, 'disabled': True, 'unavailable_reason': "ImportError: No module named 'triton'", 'capabilities': []}

[2026-05-08 11:17:39.515] [info]  Checkpoint files will always be loaded safely.

[2026-05-08 11:17:39.620] [info]  Total VRAM 7168 MB, total RAM 7168 MB
pytorch version: 2.13.0.dev20260506

[2026-05-08 11:17:39.626] [info]  Mac Version (15, 7, 4)

[2026-05-08 11:17:39.629] [info]  Set vram state to: SHARED
Device: mps

[2026-05-08 11:17:41.057] [info]  Using sub quadratic optimization for attention, if you have memory or speed issues try using: --use-split-cross-attention

[2026-05-08 11:17:48.149] [info]  Python version: 3.12.11 (main, Aug 18 2025, 19:02:39) [Clang 20.1.4 ]

[2026-05-08 11:17:48.151] [info]  ComfyUI version: 0.20.1
comfy-aimdo version: 0.2.14
comfy-kitchen version: 0.2.8

[2026-05-08 11:17:48.153] [info]  [Prompt Server] web root: /Users/runner/work/comfy-gpu-ci/comfy-gpu-ci/ComfyUI.app/Contents/Resources/ComfyUI/web_custom_versions/desktop_app

[2026-05-08 11:17:48.156] [info]  Asset seeder disabled
[START] ComfyUI-Manager

[2026-05-08 11:17:48.463] [info]  [ComfyUI-Manager] Using GitPython backend

[2026-05-08 11:17:48.542] [info]  [ComfyUI-Manager] network_mode: public

[2026-05-08 11:17:48.556] [info]  [ComfyUI-Manager] The matrix sharing feature has been disabled because the `matrix-nio` dependency is not installed.
	To use this feature, please run the following command:
	/Users/runner/Documents/ComfyUI/.venv/bin/python -m pip install matrix-nio


[2026-05-08 11:17:52.146] [info]  
Import times for custom nodes:
   0.0 seconds: /Users/runner/work/comfy-gpu-ci/comfy-gpu-ci/ComfyUI.app/Contents/Resources/ComfyUI/custom_nodes/websocket_image_save.py


[2026-05-08 11:17:52.160] [info]  Context impl SQLiteImpl.

[2026-05-08 11:17:52.161] [info]  Will assume non-transactional DDL.

[2026-05-08 11:17:52.177] [info]  Context impl SQLiteImpl.
Will assume non-transactional DDL.

[2026-05-08 11:17:52.185] [info]  Running upgrade  -> 0001_assets, Initial assets schema
Revision ID: 0001_assets
Revises: None
Create Date: 2025-12-10 00:00:00

[2026-05-08 11:17:52.248] [info]  Running upgrade 0001_assets -> 0002_merge_to_asset_references, Merge AssetInfo and AssetCacheState into unified asset_references table.

[2026-05-08 11:17:52.304] [info]  Running upgrade 0002_merge_to_asset_references -> 0003_add_metadata_job_id, Add system_metadata and job_id columns to asset_references.
Change preview_id FK from assets.id to asset_references.id.

[2026-05-08 11:17:52.339] [info]  Database upgraded from None to 0003_add_metadata_job_id

[2026-05-08 11:17:52.475] [info]  Starting server


[2026-05-08 11:17:52.476] [info]  To see the GUI go to: http://127.0.0.1:8000

[2026-05-08 11:18:37.615] [info]  [ComfyUI-Manager] Using uv as Python module for pip operations.

[2026-05-08 11:18:38.842] [error]   0%|          | 0.00/34.0M [00:00<?, ?B/s]
[2026-05-08 11:18:38.945] [error]   9%|▊         | 2.92M/34.0M [00:00<00:01, 28.8MB/s]
[2026-05-08 11:18:39.053] [error]  17%|█▋        | 5.80M/34.0M [00:00<00:00, 28.4MB/s]
[2026-05-08 11:18:39.147] [error]  26%|██▌       | 8.78M/34.0M [00:00<00:00, 29.0MB/s]
[2026-05-08 11:18:39.291] [error]  34%|███▍      | 11.7M/34.0M [00:00<00:00, 24.7MB/s]
[2026-05-08 11:18:39.396] [error]  42%|████▏     | 14.4M/34.0M [00:00<00:00, 25.2MB/s]
[2026-05-08 11:18:39.576] [error]  51%|█████▏    | 17.5M/34.0M [00:00<00:00, 23.8MB/s]
[2026-05-08 11:18:39.640] [error]  68%|██████▊   | 23.1M/34.0M [00:00<00:00, 32.8MB/s]
[2026-05-08 11:18:39.738] [error]  91%|█████████ | 30.9M/34.0M [00:00<00:00, 45.7MB/s]
[2026-05-08 11:18:39.764] [error] 100%|██████████| 34.0M/34.0M [00:00<00:00, 36.9MB/s]
[2026-05-08 11:18:39.765] [error] 

[2026-05-08 11:18:39.835] [info]  Extracted zip file to /Users/runner/Documents/ComfyUI/custom_nodes/comfyui-sam3

[2026-05-08 11:18:39.864] [info]  Install: pip packages

[2026-05-08 11:18:39.922] [info]  
## ComfyUI-Manager: EXECUTE => 
['/Users/runner/Documents/ComfyUI/.venv/bin/python', '-m', 'uv', 'pip', 
'install', 'comfy-env==0.3.75']

[2026-05-08 11:18:39.983] [error] [!]
[2026-05-08 11:18:39.984] [error]  Using Python 3.12.11 environment at: /Users/runner/Documents/ComfyUI/.venv

[2026-05-08 11:18:40.210] [error] [!] Resolved 16 packages in 200ms

[2026-05-08 11:18:40.229] [error] [!] Downloading virtualenv (7.2MiB)

[2026-05-08 11:18:40.316] [error] [!]  Downloaded virtualenv

[2026-05-08 11:18:40.318] [error] [!] Prepared 11 packages in 102ms

[2026-05-08 11:18:40.333] [error] [!]
[2026-05-08 11:18:40.334] [error]  Installed 11 packages in 17ms

[2026-05-08 11:18:40.335] [error] [!]  + cfgv==3.5.0
[!]  + comfy-env==0.3.75

[2026-05-08 11:18:40.336] [error] [!]  + distlib==0.4.0
[!]  + identify==2.6.19
[!]
[2026-05-08 11:18:40.336] [error]   + nodeenv==1.10.0
[!]  + platformdirs==4.9.6

[2026-05-08 11:18:40.338] [error] [!]  + pre-commit==4.6.0
[!]  + python-discovery==1.3.0
[!]  + tomli==2.4.1
[!]  + tomli-w==1.2.0
[!]  + virtualenv==21.3.1

[2026-05-08 11:18:40.347] [info]  
## ComfyUI-Manager: EXECUTE => 
['/Users/runner/Documents/ComfyUI/.venv/bin/python', '-m', 'uv', 'pip', 
'install', 'comfy-3d-viewers==0.2.44']

[2026-05-08 11:18:40.394] [error] [!]
[2026-05-08 11:18:40.396] [error]  Using Python 3.12.11 environment at: /Users/runner/Documents/ComfyUI/.venv

[2026-05-08 11:18:40.450] [error] [!] Resolved 1 package in 49ms

[2026-05-08 11:18:40.455] [error] [!] Downloading comfy-3d-viewers (1.2MiB)

[2026-05-08 11:18:40.495] [error] [!]  Downloaded comfy-3d-viewers

[2026-05-08 11:18:40.496] [error] [!]
[2026-05-08 11:18:40.497] [error]  Prepared 1 package in 45ms

[2026-05-08 11:18:40.502] [error] [!] Installed 1 package in 4ms
[!] 
[2026-05-08 11:18:40.503] [error]  + comfy-3d-viewers==0.2.44

[2026-05-08 11:18:40.582] [info]  [ComfyUI-Manager] Skipped fixing the 'comfyui-frontend-package' dependency because the ComfyUI is outdated.
Install: install script

## ComfyUI-Manager: EXECUTE => 
['/Users/runner/Documents/ComfyUI/.venv/bin/python', 'install.py']

[2026-05-08 11:18:40.812] [info]   
 
[2026-05-08 11:18:40.813] [info]  Installing 2 node dependencies...
   Cloning ComfyUI-VideoHelperSuite...

[2026-05-08 11:18:41.697] [info]     Installing requirements for ComfyUI-VideoHelperSuite...

[2026-05-08 11:18:42.588] [info]     Cloning ComfyUI-Multiband...

[2026-05-08 11:18:43.348] [info]   
[2026-05-08 11:18:43.348] [info]    Installing requirements for ComfyUI-Multiband...

[2026-05-08 11:18:43.512] [info]   
[2026-05-08 11:18:43.514] [info]  
 [requirements] Re-installing main package requirements...
   Installing requirements for comfyui-sam3...

[2026-05-08 11:18:43.587] [error] [!] 
[2026-05-08 11:18:43.588] [error] [comfy-env] pixi not found, downloading...

[2026-05-08 11:18:44.357] [error] [!] [comfy-env] pixi installed: /Users/runner/.pixi/bin/pixi

[2026-05-08 11:18:44.364] [info]   [comfy-env] Workspace: /Users/runner/Documents/ComfyUI/.ce
 [comfy-env] ComfyUI: /Users/runner/Documents/ComfyUI
 [comfy-env] Found 1 node config(s):
   - sam3-nodes <- custom_nodes/comfyui-sam3/nodes/comfy-env.toml (python=host)

[2026-05-08 11:18:44.369] [info]   [comfy-env] Bootstrap interpreter has python 3.12 + torch 2.13.0.dev20260506 (cpu). Looking for cuda-only wheels matching cpu/torch2.13.0/cp312.

[2026-05-08 11:18:44.371] [info]   [comfy-env] Root conda deps from comfyui-sam3: ['av', 'ffmpeg']

[2026-05-08 11:18:44.372] [info]   [comfy-env] Desktop app detected: source=/Users/runner/work/comfy-gpu-ci/comfy-gpu-ci/ComfyUI.app/Contents/Resources/ComfyUI, data=/Users/runner/Documents/ComfyUI

[2026-05-08 11:18:44.390] [info]   
[2026-05-08 11:18:44.413] [info]  [comfy-env] WARNING: torch_pin ==2.13.0.dev20260506 not in TORCH_FAMILY_COMPAT; pinning torch only, leaving torchvision/torchaudio unpinned
 [comfy-env] Comfyui feature pin: torch ==2.13.0.dev20260506
 [comfy-env] Root conda deps injected into comfyui feature: ['av', 'ffmpeg']

[2026-05-08 11:18:44.421] [info]   Generated /Users/runner/Documents/ComfyUI/.ce/pixi.toml

[2026-05-08 11:18:44.423] [info]   [comfy-env] Installing 1 environment(s):
   - sam3-nodes (python=host, 17 pypi deps, 3 cuda wheels)
 [comfy-env] Running `pixi install --all`...

[2026-05-08 11:18:46.037] [info]     Error:   × failed to solve the pypi requirements of environment 'comfyui' for platform 'osx-arm64'
     ├─▶ failed to resolve pypi dependencies

[2026-05-08 11:18:46.042] [info]       ╰─▶ Because there is no version of torch==2.13.0.dev20260506 and you require torch==2.13.0.dev20260506, we can conclude that your requirements are unsatisfiable.

[2026-05-08 11:18:46.052] [error] [!]
[2026-05-08 11:18:46.055] [error]  Traceback (most recent call last):

[2026-05-08 11:18:46.057] [error] [!]   File "/Users/runner/Documents/ComfyUI/custom_nodes/comfyui-sam3/install.py", line 2, in <module>
[!]     install()
[!]   File "/Users/runner/Documents/ComfyUI/.venv/lib/python3.12/site-packages/comfy_env/install/__init__.py", line 91, in install
[!]     install_workspace(comfyui_dir, log=log, dry_run=dry_run)

[2026-05-08 11:18:46.058] [error] [!]   File "/Users/runner/Documents/ComfyUI/.venv/lib/python3.12/site-packages/comfy_env/install/workspace.py", line 546, in install_workspace
[!]     raise RuntimeError(

[2026-05-08 11:18:46.062] [error] [!] 
[2026-05-08 11:18:46.070] [error] RuntimeError: pixi install --all failed:
[!] stderr: Error:   × failed to solve the pypi requirements of environment 'comfyui' for platform 'osx-arm64'
[!]   ├─▶ failed to resolve pypi dependencies
[!]   ╰─▶ Because there is no version of torch==2.13.0.dev20260506 and you require torch==2.13.0.dev20260506, we can conclude that your requirements are unsatisfiable.
[!] 
[!] 
[!] stdout: 

[2026-05-08 11:18:46.112] [info]  install script failed: comfyui-sam3

[2026-05-08 11:18:46.114] [error] [ComfyUI-Manager] Installation failed:
Failed to execute install script: comfyui-sam3@0.1.14

[2026-05-08 11:18:47.594] [info]  
Restarting... [Legacy Mode]


Command: ['/Users/runner/Documents/ComfyUI/.venv/bin/python', '/Users/runner/work/comfy-gpu-ci/comfy-gpu-ci/ComfyUI.app/Contents/Resources/ComfyUI/main.py', '--user-directory', '/Users/runner/Documents/ComfyUI/user', '--input-directory', '/Users/runner/Documents/ComfyUI/input', '--output-directory', '/Users/runner/Documents/ComfyUI/output', '--front-end-root', '/Users/runner/work/comfy-gpu-ci/comfy-gpu-ci/ComfyUI.app/Contents/Resources/ComfyUI/web_custom_versions/desktop_app', '--base-directory', '/Users/runner/Documents/ComfyUI', '--database-url', 'sqlite:////Users/runner/Documents/ComfyUI/user/comfyui.db', '--extra-model-paths-config', '/Users/runner/Library/Application Support/ComfyUI/extra_models_config.yaml', '--log-stdout', '--listen', '127.0.0.1', '--port', '8000', '--enable-manager']

[2026-05-08 11:18:47.672] [error] /Users/runner/.local/share/uv/python/cpython-3.12.11-macos-aarch64-none/lib/python3.12/multiprocessing/resource_tracker.py:279: UserWarning: resource_tracker: There appear to be 1 leaked semaphore objects to clean up at shutdown
  warnings.warn('resource_tracker: There appear to be %d '

[2026-05-08 11:18:48.432] [info]  setup plugin alembic.autogenerate.schemas

[2026-05-08 11:18:48.434] [info]  setup plugin alembic.autogenerate.tables
setup plugin alembic.autogenerate.types
setup plugin alembic.autogenerate.constraints
setup plugin alembic.autogenerate.defaults
setup plugin alembic.autogenerate.comments

[2026-05-08 11:18:48.528] [info]  comfy-aimdo os not supported Darwin
NOTE: comfy-aimdo is currently only support for Windows and Linux

[2026-05-08 11:18:48.776] [info]  Adding extra search path custom_nodes /Users/runner/Documents/ComfyUI/custom_nodes
Adding extra search path download_model_base /Users/runner/Documents/ComfyUI/models
Adding extra search path custom_nodes /Users/runner/work/comfy-gpu-ci/comfy-gpu-ci/ComfyUI.app/Contents/Resources/ComfyUI/custom_nodes
Setting output directory to: /Users/runner/Documents/ComfyUI/output
Setting input directory to: /Users/runner/Documents/ComfyUI/input
Setting user directory to: /Users/runner/Documents/ComfyUI/user

[2026-05-08 11:18:49.362] [info]  [START] Security scan
[ComfyUI-Manager] Using uv as Python module for pip operations.

[2026-05-08 11:18:49.516] [info]  [DONE] Security scan
** ComfyUI startup time: 2026-05-08 11:18:49.515
** Platform: Darwin

[2026-05-08 11:18:49.517] [info]  ** Python version: 3.12.11 (main, Aug 18 2025, 19:02:39) [Clang 20.1.4 ]
** Python executable: /Users/runner/Documents/ComfyUI/.venv/bin/python
** ComfyUI Path: /Users/runner/work/comfy-gpu-ci/comfy-gpu-ci/ComfyUI.app/Contents/Resources/ComfyUI
** ComfyUI Base Folder Path: /Users/runner/work/comfy-gpu-ci/comfy-gpu-ci/ComfyUI.app/Contents/Resources/ComfyUI
** User directory: /Users/runner/Documents/ComfyUI/user
** ComfyUI-Manager config path: /Users/runner/Documents/ComfyUI/user/__manager/config.ini
** Log path: /Users/runner/Documents/ComfyUI/user/comfyui.log

[2026-05-08 11:18:49.650] [info]  [ComfyUI-Manager] Skipped fixing the 'comfyui-frontend-package' dependency because the ComfyUI is outdated.

[2026-05-08 11:18:49.651] [info]  [PRE] ComfyUI-Manager

[2026-05-08 11:18:49.887] [error] [comfy-env] comfyui-sam3: 1 isolation env(s):
[2026-05-08 11:18:49.889] [error] 
[comfy-env]   nodes -> /Users/runner/Documents/ComfyUI/custom_nodes/comfyui-sam3/nodes

[2026-05-08 11:18:51.688] [error] [comfy-env] prestartup complete

[2026-05-08 11:18:51.715] [info]  WARNING: Potential Error in code: Torch already imported, torch should never be imported before this point.

[2026-05-08 11:18:53.403] [info]  Found comfy_kitchen backend cuda: {'available': False, 'disabled': True, 'unavailable_reason': 'Extension file not found: /Users/runner/Documents/ComfyUI/.venv/lib/python3.12/site-packages/comfy_kitchen/backends/cuda/_C.abi3.so', 'capabilities': []}

[2026-05-08 11:18:53.405] [info]  Found comfy_kitchen backend eager: {'available': True, 'disabled': False, 'unavailable_reason': None, 'capabilities': ['apply_rope', 'apply_rope1', 'dequantize_mxfp8', 'dequantize_nvfp4', 'dequantize_per_tensor_fp8', 'quantize_mxfp8', 'quantize_nvfp4', 'quantize_per_tensor_fp8', 'scaled_mm_mxfp8', 'scaled_mm_nvfp4']}
Found comfy_kitchen backend triton: {'available': False, 'disabled': True, 'unavailable_reason': "ImportError: No module named 'triton'", 'capabilities': []}

[2026-05-08 11:18:53.415] [info]  Checkpoint files will always be loaded safely.

[2026-05-08 11:18:53.457] [info]  Total VRAM 7168 MB, total RAM 7168 MB
pytorch version: 2.13.0.dev20260506

[2026-05-08 11:18:53.465] [info]  Mac Version (15, 7, 4)

[2026-05-08 11:18:53.467] [info]  Set vram state to: SHARED
Device: mps

[2026-05-08 11:18:54.202] [info]  Using sub quadratic optimization for attention, if you have memory or speed issues try using: --use-split-cross-attention

[2026-05-08 11:18:55.395] [error] objc[6469]: Class AVFFrameReceiver is implemented in both /Users/runner/Documents/ComfyUI/.venv/lib/python3.12/site-packages/av/.dylibs/libavdevice.62.1.100.dylib (0x1102b43a8) and /Users/runner/Documents/ComfyUI/.venv/lib/python3.12/site-packages/cv2/.dylibs/libavdevice.61.3.100.dylib (0x115c4c3a8). This may cause spurious casting failures and mysterious crashes. One of the duplicates must be removed or renamed.
objc[6469]: Class AVFAudioReceiver is implemented in both /Users/runner/Documents/ComfyUI/.venv/lib/python3.12/site-packages/av/.dylibs/libavdevice.62.1.100.dylib (0x1102b43f8) and /Users/runner/Documents/ComfyUI/.venv/lib/python3.12/site-packages/cv2/.dylibs/libavdevice.61.3.100.dylib (0x115c4c3f8). This may cause spurious casting failures and mysterious crashes. One of the duplicates must be removed or renamed.

[2026-05-08 11:19:00.130] [info]  Python version: 3.12.11 (main, Aug 18 2025, 19:02:39) [Clang 20.1.4 ]
ComfyUI version: 0.20.1

[2026-05-08 11:19:00.137] [info]  comfy-aimdo version: 0.2.14
comfy-kitchen version: 0.2.8
[Prompt Server] web root: /Users/runner/work/comfy-gpu-ci/comfy-gpu-ci/ComfyUI.app/Contents/Resources/ComfyUI/web_custom_versions/desktop_app
Asset seeder disabled
[START] ComfyUI-Manager

[2026-05-08 11:19:00.336] [info]  [ComfyUI-Manager] Using GitPython backend
[2026-05-08 11:19:00.338] [info]  

[2026-05-08 11:19:00.387] [info]  [ComfyUI-Manager] network_mode: public

[2026-05-08 11:19:00.399] [info]  [ComfyUI-Manager] The matrix sharing feature has been disabled because the `matrix-nio` dependency is not installed.
	To use this feature, please run the following command:
	/Users/runner/Documents/ComfyUI/.venv/bin/python -m pip install matrix-nio


[2026-05-08 11:19:02.673] [error] [comfy-env] Version: 0.3.75

[2026-05-08 11:19:02.913] [error] [comfy-env] register_nodes: comfyui-sam3
[2026-05-08 11:19:02.914] [error] 
[comfy-env] ComfyUI source dir: /Users/runner/work/comfy-gpu-ci/comfy-gpu-ci/ComfyUI.app/Contents/Resources/ComfyUI

[2026-05-08 11:19:02.915] [error] [comfy-env] isolation env not found at /Users/runner/Documents/ComfyUI/.ce/.pixi/envs/sam3-nodes: pixi has not materialized `sam3-nodes`; using in-process import. Run `comfy-env install` (or your node's `install.py`) to create it.

[2026-05-08 11:19:02.915] [error] [comfy-env] Importing nodes (root)...

[2026-05-08 11:19:02.983] [error] [comfy-env] Imported nodes root: 15 nodes

[2026-05-08 11:19:02.986] [error] [comfy-env] isolation env not found at /Users/runner/Documents/ComfyUI/.ce/.pixi/envs/sam3-nodes: pixi has not materialized `sam3-nodes`; using in-process import. Run `comfy-env install` (or your node's `install.py`) to create it.
[comfy-env] No env for nodes -- run 'comfy-env install'
[comfy-env] Registered 15 total nodes

[2026-05-08 11:19:03.385] [info]  ComfyUI-Multiband loaded: 15 nodes registered

[2026-05-08 11:19:03.388] [info]  
Import times for custom nodes:

[2026-05-08 11:19:03.390] [info]     0.0 seconds: /Users/runner/work/comfy-gpu-ci/comfy-gpu-ci/ComfyUI.app/Contents/Resources/ComfyUI/custom_nodes/websocket_image_save.py
   0.2 seconds: /Users/runner/Documents/ComfyUI/custom_nodes/ComfyUI-VideoHelperSuite
   0.3 seconds: /Users/runner/Documents/ComfyUI/custom_nodes/comfyui-sam3
   0.4 seconds: /Users/runner/Documents/ComfyUI/custom_nodes/ComfyUI-Multiband


[2026-05-08 11:19:03.396] [info]  Context impl SQLiteImpl.
Will assume non-transactional DDL.

[2026-05-08 11:19:03.574] [info]  Starting server


[2026-05-08 11:19:03.576] [info]  To see the GUI go to: http://127.0.0.1:8000

[2026-05-08 11:19:06.010] [info]  FETCH DATA from: /Users/runner/Documents/ComfyUI/.venv/lib/python3.12/site-packages/comfyui_manager/custom-node-list.json
[2026-05-08 11:19:06.102] [info]   [DONE]

[2026-05-08 11:19:12.934] [info]  FETCH DATA from: /Users/runner/Documents/ComfyUI/.venv/lib/python3.12/site-packages/comfyui_manager/custom-node-list.json
[2026-05-08 11:19:12.976] [info]   [DONE]

