[2026-05-10 22:23:00.646] [info]  setup plugin alembic.autogenerate.schemas
setup plugin alembic.autogenerate.tables
setup plugin alembic.autogenerate.types
setup plugin alembic.autogenerate.constraints

[2026-05-10 22:23:00.648] [info]  setup plugin alembic.autogenerate.defaults
setup plugin alembic.autogenerate.comments

[2026-05-10 22:23:00.762] [info]  comfy-aimdo os not supported Darwin
NOTE: comfy-aimdo is currently only support for Windows and Linux

[2026-05-10 22:23:01.006] [info]  Adding extra search path custom_nodes /Users/runner/Documents/ComfyUI/custom_nodes
Adding extra search path download_model_base /Users/runner/Documents/ComfyUI/models
Adding extra search path custom_nodes /Users/runner/.comfy-test-cache/desktop/ComfyUI.app/Contents/Resources/ComfyUI/custom_nodes
Setting output directory to: /Users/runner/Documents/ComfyUI/output
Setting input directory to: /Users/runner/Documents/ComfyUI/input
Setting user directory to: /Users/runner/Documents/ComfyUI/user

[2026-05-10 22:23:01.479] [info]  [START] Security scan
[ComfyUI-Manager] Using uv as Python module for pip operations.

[2026-05-10 22:23:01.657] [info]  [DONE] Security scan
** ComfyUI startup time:
[2026-05-10 22:23:01.658] [info]   2026-05-10 22:23:01.655

[2026-05-10 22:23:01.659] [info]  ** Platform: Darwin
** Python version: 3.12.11 (main, Aug 18 2025, 19:02:39) [Clang 20.1.4 ]
** Python executable: /Users/runner/Documents/ComfyUI/.venv/bin/python
** ComfyUI Path: /Users/runner/.comfy-test-cache/desktop/ComfyUI.app/Contents/Resources/ComfyUI
** ComfyUI Base Folder Path: /Users/runner/.comfy-test-cache/desktop/ComfyUI.app/Contents/Resources/ComfyUI
** User directory: /Users/runner/Documents/ComfyUI/user
** ComfyUI-Manager config path: /Users/runner/Documents/ComfyUI/user/__manager/config.ini
** Log path: /Users/runner/Documents/ComfyUI/user/comfyui.log

[2026-05-10 22:23:01.771] [info]  [ComfyUI-Manager] Skipped fixing the 'comfyui-frontend-package' dependency because the ComfyUI is outdated.

[2026-05-10 22:23:01.774] [info]  [PRE] ComfyUI-Manager

[2026-05-10 22:23:02.134] [error] [comfy-env] comfyui-sam3: 1 isolation env(s):

[2026-05-10 22:23:02.135] [error] [comfy-env]   nodes -> /Users/runner/Documents/ComfyUI/custom_nodes/comfyui-sam3/nodes

[2026-05-10 22:23:03.932] [error] [comfy-env] prestartup complete

[2026-05-10 22:23:03.936] [info]  WARNING: Potential Error in code: Torch already imported, torch should never be imported before this point.

[2026-05-10 22:23:06.098] [info]  Found comfy_kitchen backend cuda: {'available': False, 'disabled': True, 'unavailable_reason': 'Extension file not found: /Users/runner/Documents/ComfyUI/.venv/lib/python3.12/site-packages/comfy_kitchen/backends/cuda/_C.abi3.so', 'capabilities': []}

[2026-05-10 22:23:06.103] [info]  Found comfy_kitchen backend eager: {'available': True, 'disabled': False, 'unavailable_reason': None, 'capabilities': ['apply_rope', 'apply_rope1', 'dequantize_mxfp8', 'dequantize_nvfp4', 'dequantize_per_tensor_fp8', 'quantize_mxfp8', 'quantize_nvfp4', 'quantize_per_tensor_fp8', 'scaled_mm_mxfp8', 'scaled_mm_nvfp4']}
Found comfy_kitchen backend triton: {'available': False, 'disabled': True, 'unavailable_reason': "ImportError: No module named 'triton'", 'capabilities': []}

[2026-05-10 22:23:06.178] [info]  Checkpoint files will always be loaded safely.

[2026-05-10 22:23:06.249] [info]  Total VRAM 7168 MB, total RAM 7168 MB

[2026-05-10 22:23:06.250] [info]  pytorch version: 2.10.0

[2026-05-10 22:23:06.260] [info]  Mac Version (15, 7, 4)
Set vram state to: SHARED

[2026-05-10 22:23:06.263] [info]  Device: mps

[2026-05-10 22:23:07.209] [info]  Using sub quadratic optimization for attention, if you have memory or speed issues try using: --use-split-cross-attention

[2026-05-10 22:23:08.272] [error] objc[25856]: Class AVFFrameReceiver is implemented in both /Users/runner/Documents/ComfyUI/.venv/lib/python3.12/site-packages/av/.dylibs/libavdevice.62.1.100.dylib (0x12e1483a8) and /Users/runner/Documents/ComfyUI/.venv/lib/python3.12/site-packages/cv2/.dylibs/libavdevice.61.3.100.dylib (0x141a903a8). This may cause spurious casting failures and mysterious crashes. One of the duplicates must be removed or renamed.
objc[25856]: Class AVFAudioReceiver is implemented in both /Users/runner/Documents/ComfyUI/.venv/lib/python3.12/site-packages/av/.dylibs/libavdevice.62.1.100.dylib (0x12e1483f8) and /Users/runner/Documents/ComfyUI/.venv/lib/python3.12/site-packages/cv2/.dylibs/libavdevice.61.3.100.dylib (0x141a903f8). This may cause spurious casting failures and mysterious crashes. One of the duplicates must be removed or renamed.

[2026-05-10 22:23:12.177] [info]  Python version: 3.12.11 (main, Aug 18 2025, 19:02:39) [Clang 20.1.4 ]
ComfyUI version: 0.20.1

[2026-05-10 22:23:12.179] [info]  comfy-aimdo version: 0.2.14
comfy-kitchen version: 0.2.8

[2026-05-10 22:23:12.181] [info]  [Prompt Server] web root: /Users/runner/.comfy-test-cache/desktop/ComfyUI.app/Contents/Resources/ComfyUI/web_custom_versions/desktop_app

[2026-05-10 22:23:12.183] [info]  Asset seeder disabled
[START] ComfyUI-Manager

[2026-05-10 22:23:12.370] [info]  [ComfyUI-Manager] Using GitPython backend

[2026-05-10 22:23:12.442] [info]  [ComfyUI-Manager] network_mode: public

[2026-05-10 22:23:12.453] [info]  [ComfyUI-Manager] The matrix sharing feature has been disabled because the `matrix-nio` dependency is not installed.
	To use this feature, please run the following command:
	/Users/runner/Documents/ComfyUI/.venv/bin/python -m pip install matrix-nio


[2026-05-10 22:23:13.885] [error] [comfy-env] Version: 0.3.82
[2026-05-10 22:23:13.886] [error] 

[2026-05-10 22:23:13.889] [info]  [comfy-env] Removed stale socket: /var/folders/tb/y368xp_x10s3ty1b_mtl5mxr0000gn/T/comfy_worker_39901e1b958b.sock

[2026-05-10 22:23:13.975] [info]  [comfy-env] Removed stale temp dir: /var/folders/tb/y368xp_x10s3ty1b_mtl5mxr0000gn/T/comfyui_pvenv_1jnko5l9

[2026-05-10 22:23:14.148] [error] [comfy-env] register_nodes: comfyui-sam3
[2026-05-10 22:23:14.149] [error] 

[2026-05-10 22:23:14.150] [error] [comfy-env] ComfyUI source dir: /Users/runner/.comfy-test-cache/desktop/ComfyUI.app/Contents/Resources/ComfyUI
[2026-05-10 22:23:14.151] [error] 

[2026-05-10 22:23:14.209] [error] [comfy-env] Scanning nodes metadata (isolation root)...

[2026-05-10 22:23:14.214] [error] [comfy-env] Cache hit for nodes: 15 nodes
[2026-05-10 22:23:14.214] [error] 
[comfy-env] Scanned nodes root: 15 nodes (0.0s)
[comfy-env] Registered proxy route: POST /sam3/interactive_segment_one -> nodes.sam3_interactive._api_segment_one

[2026-05-10 22:23:14.215] [error] [comfy-env] Imported nodes root: 15 nodes (isolation)
[comfy-env] Registered 15 total nodes
[2026-05-10 22:23:14.217] [error] 

[2026-05-10 22:23:14.245] [info]  ComfyUI-Multiband loaded: 15 nodes registered

[2026-05-10 22:23:14.251] [info]  
Import times for custom nodes:
   0.0 seconds: /Users/runner/.comfy-test-cache/desktop/ComfyUI.app/Contents/Resources/ComfyUI/custom_nodes/websocket_image_save.py
   0.0 seconds: /Users/runner/Documents/ComfyUI/custom_nodes/ComfyUI-Multiband
   0.1 seconds: /Users/runner/Documents/ComfyUI/custom_nodes/ComfyUI-VideoHelperSuite

[2026-05-10 22:23:14.256] [info]     0.4 seconds: /Users/runner/Documents/ComfyUI/custom_nodes/comfyui-sam3


[2026-05-10 22:23:14.261] [info]  Context impl SQLiteImpl.
Will assume non-transactional DDL.

[2026-05-10 22:23:14.336] [info]  Starting server


[2026-05-10 22:23:14.338] [info]  To see the GUI go to: http://127.0.0.1:8000

[2026-05-10 22:23:15.478] [info]  [DEPRECATION WARNING] Detected import of deprecated legacy API: /extensions/core/widgetInputs.js. This is likely caused by a custom node extension using outdated APIs. Please update your extensions or contact the extension author for an updated version.

[2026-05-10 22:23:15.854] [info]  [ComfyUI-Manager] The ComfyRegistry cache update is still in progress, so an outdated cache is being used.

[2026-05-10 22:23:15.995] [info]  FETCH DATA from: /Users/runner/Documents/ComfyUI/.venv/lib/python3.12/site-packages/comfyui_manager/custom-node-list.json
[2026-05-10 22:23:16.026] [info]   [DONE]

[2026-05-10 22:23:17.616] [info]  [ComfyUI-Manager] The ComfyRegistry cache update is still in progress, so an outdated cache is being used.

[2026-05-10 22:23:17.745] [info]  FETCH DATA from: /Users/runner/Documents/ComfyUI/.venv/lib/python3.12/site-packages/comfyui_manager/custom-node-list.json
[2026-05-10 22:23:17.788] [info]   [DONE]

[2026-05-10 22:23:39.560] [info]  got prompt

[2026-05-10 22:23:39.732] [info]  [comfyui-sam3] python: /Users/runner/.ce/.pixi/envs/sam3-nodes/bin/python
[comfyui-sam3] sys_path sent to worker: ['/Users/runner/.comfy-test-cache/desktop/ComfyUI.app/Contents/Resources/ComfyUI', '/Users/runner/Documents/ComfyUI/custom_nodes/comfyui-sam3', '/Users/runner/.ce/.pixi/envs/sam3-nodes/lib/python3.1/site-packages', '/Users/runner/Documents/ComfyUI/custom_nodes/comfyui-sam3']

[2026-05-10 22:23:44.161] [error] [comfyui-sam3] Health check: ping (timeout=5.0s)...

[2026-05-10 22:23:44.164] [error] [comfyui-sam3] Health check: ok

[2026-05-10 22:23:45.645] [error] objc[26903]: Class AVFFrameReceiver is implemented in both /Users/runner/.ce/.pixi/envs/sam3-nodes/lib/libavdevice.62.3.101.dylib (0x11fcd07a8) and /Users/runner/.ce/.pixi/envs/sam3-nodes/lib/python3.12/site-packages/cv2/.dylibs/libavdevice.61.3.100.dylib (0x12e9f83a8). This may cause spurious casting failures and mysterious crashes. One of the duplicates must be removed or renamed.
objc[26903]: Class AVFAudioReceiver is implemented in both /Users/runner/.ce/.pixi/envs/sam3-nodes/lib/libavdevice.62.3.101.dylib (0x11fcd07f8) and /Users/runner/.ce/.pixi/envs/sam3-nodes/lib/python3.12/site-packages/cv2/.dylibs/libavdevice.61.3.100.dylib (0x12e9f83f8). This may cause spurious casting failures and mysterious crashes. One of the duplicates must be removed or renamed.

[2026-05-10 22:24:32.471] [error] /Users/runner/Documents/ComfyUI/custom_nodes/comfyui-sam3/nodes/sam3/utils.py:1824: UserWarning: The operator 'aten::_assert_async' is not currently supported on the MPS backend and will fall back to run on the CPU. This may have performance implications. (Triggered internally at /Users/runner/work/pytorch/pytorch/pytorch/aten/src/ATen/mps/MPSFallback.mm:15.)
  torch._assert_async(is_right_padded(mask1))

[2026-05-10 22:24:45.216] [info]  FETCH ComfyRegistry Data [DONE]

[2026-05-10 22:24:45.976] [info]  [ComfyUI-Manager] default cache updated: https://api.comfy.org/nodes

[2026-05-10 22:24:46.344] [info]  FETCH DATA from: /Users/runner/Documents/ComfyUI/user/__manager/cache/1514988643_custom-node-list.json
[2026-05-10 22:24:46.370] [info]   [DONE]

[2026-05-10 22:24:46.432] [info]  [ComfyUI-Manager] All startup tasks have been completed.

[2026-05-10 22:25:02.869] [info]  Prompt executed in 83.29 seconds

