[2026-05-10 03:09:25.277] [info]  setup plugin alembic.autogenerate.schemas

[2026-05-10 03:09:25.283] [info]  setup plugin alembic.autogenerate.tables
setup plugin alembic.autogenerate.types
setup plugin alembic.autogenerate.constraints
setup plugin alembic.autogenerate.defaults
setup plugin alembic.autogenerate.comments

[2026-05-10 03:09:25.466] [info]  comfy-aimdo os not supported Darwin
NOTE: comfy-aimdo is currently only support for Windows and Linux

[2026-05-10 03:09:25.774] [info]  Adding extra search path custom_nodes /Users/runner/Documents/ComfyUI/custom_nodes
Adding extra search path download_model_base /Users/runner/Documents/ComfyUI/models
Adding extra search path custom_nodes /Users/runner/.comfy-test-cache/desktop/ComfyUI.app/Contents/Resources/ComfyUI/custom_nodes
Setting output directory to: /Users/runner/Documents/ComfyUI/output
Setting input directory to: /Users/runner/Documents/ComfyUI/input
Setting user directory to: /Users/runner/Documents/ComfyUI/user

[2026-05-10 03:09:26.487] [info]  [START] Security scan
[ComfyUI-Manager] Using uv as Python module for pip operations.

[2026-05-10 03:09:26.737] [info]  [DONE] Security scan
** ComfyUI startup time: 2026-05-10 03:09:26.736
** Platform: Darwin
** Python version: 3.12.11 (main, Aug 18 2025, 19:02:39) [Clang 20.1.4 ]
[2026-05-10 03:09:26.739] [info]  
** Python executable: /Users/runner/Documents/ComfyUI/.venv/bin/python
** ComfyUI Path: /Users/runner/.comfy-test-cache/desktop/ComfyUI.app/Contents/Resources/ComfyUI
** ComfyUI Base Folder Path: /Users/runner/.comfy-test-cache/desktop/ComfyUI.app/Contents/Resources/ComfyUI
** User directory: /Users/runner/Documents/ComfyUI/user
** ComfyUI-Manager config path: /Users/runner/Documents/ComfyUI/user/__manager/config.ini
** Log path: /Users/runner/Documents/ComfyUI/user/comfyui.log

[2026-05-10 03:09:26.879] [info]  [ComfyUI-Manager] Skipped fixing the 'comfyui-frontend-package' dependency because the ComfyUI is outdated.

[2026-05-10 03:09:26.880] [info]  [PRE] ComfyUI-Manager

[2026-05-10 03:09:27.460] [error] [comfy-env] comfyui-sam3: 1 isolation env(s):

[2026-05-10 03:09:27.464] [error] [comfy-env]   nodes -> /Users/runner/Documents/ComfyUI/custom_nodes/comfyui-sam3/nodes

[2026-05-10 03:09:29.620] [error] [comfy-env] prestartup complete

[2026-05-10 03:09:29.625] [info]  WARNING: Potential Error in code: Torch already imported, torch should never be imported before this point.

[2026-05-10 03:09:31.542] [info]  Found comfy_kitchen backend cuda: {'available': False, 'disabled': True, 'unavailable_reason': 'Extension file not found: /Users/runner/Documents/ComfyUI/.venv/lib/python3.12/site-packages/comfy_kitchen/backends/cuda/_C.abi3.so', 'capabilities': []}

[2026-05-10 03:09:31.549] [info]  Found comfy_kitchen backend triton: {'available': False, 'disabled': True, 'unavailable_reason': "ImportError: No module named 'triton'", 'capabilities': []}
Found comfy_kitchen backend eager: {'available': True, 'disabled': False, 'unavailable_reason': None, 'capabilities': ['apply_rope', 'apply_rope1', 'dequantize_mxfp8', 'dequantize_nvfp4', 'dequantize_per_tensor_fp8', 'quantize_mxfp8', 'quantize_nvfp4', 'quantize_per_tensor_fp8', 'scaled_mm_mxfp8', 'scaled_mm_nvfp4']}

[2026-05-10 03:09:31.571] [info]  Checkpoint files will always be loaded safely.

[2026-05-10 03:09:31.626] [info]  Total VRAM 7168 MB, total RAM 7168 MB
pytorch version: 2.10.0

[2026-05-10 03:09:31.637] [info]  Mac Version (15, 7, 4)

[2026-05-10 03:09:31.638] [info]  Set vram state to: SHARED
Device: mps

[2026-05-10 03:09:32.463] [info]  Using sub quadratic optimization for attention, if you have memory or speed issues try using: --use-split-cross-attention

[2026-05-10 03:09:33.349] [error] objc[45930]: Class AVFFrameReceiver is implemented in both /Users/runner/Documents/ComfyUI/.venv/lib/python3.12/site-packages/av/.dylibs/libavdevice.62.1.100.dylib (0x11d2383a8) and /Users/runner/Documents/ComfyUI/.venv/lib/python3.12/site-packages/cv2/.dylibs/libavdevice.61.3.100.dylib (0x12e9943a8). This may cause spurious casting failures and mysterious crashes. One of the duplicates must be removed or renamed.
objc[45930]: Class AVFAudioReceiver is implemented in both /Users/runner/Documents/ComfyUI/.venv/lib/python3.12/site-packages/av/.dylibs/libavdevice.62.1.100.dylib (0x11d2383f8) and /Users/runner/Documents/ComfyUI/.venv/lib/python3.12/site-packages/cv2/.dylibs/libavdevice.61.3.100.dylib (0x12e9943f8). This may cause spurious casting failures and mysterious crashes. One of the duplicates must be removed or renamed.

[2026-05-10 03:09:37.225] [info]  Python version: 3.12.11 (main, Aug 18 2025, 19:02:39) [Clang 20.1.4 ]
ComfyUI version: 0.20.1

[2026-05-10 03:09:37.226] [info]  comfy-aimdo version: 0.2.14
comfy-kitchen version: 0.2.8

[2026-05-10 03:09:37.228] [info]  [Prompt Server] web root: /Users/runner/.comfy-test-cache/desktop/ComfyUI.app/Contents/Resources/ComfyUI/web_custom_versions/desktop_app

[2026-05-10 03:09:37.230] [info]  Asset seeder disabled

[2026-05-10 03:09:37.231] [info]  [START] ComfyUI-Manager

[2026-05-10 03:09:37.409] [info]  [ComfyUI-Manager] Using GitPython backend

[2026-05-10 03:09:37.460] [info]  [ComfyUI-Manager] network_mode: public

[2026-05-10 03:09:37.465] [info]  [ComfyUI-Manager] The matrix sharing feature has been disabled because the `matrix-nio` dependency is not installed.
	To use this feature, please run the following command:
	/Users/runner/Documents/ComfyUI/.venv/bin/python -m pip install matrix-nio


[2026-05-10 03:09:40.391] [error] [comfy-env] Version: 0.3.78
[2026-05-10 03:09:40.395] [error] 

[2026-05-10 03:09:40.396] [info]  [comfy-env] Removed stale socket: /var/folders/tb/y368xp_x10s3ty1b_mtl5mxr0000gn/T/comfy_worker_17fd51e8b52f.sock

[2026-05-10 03:09:40.479] [info]  [comfy-env] Removed stale temp dir: /var/folders/tb/y368xp_x10s3ty1b_mtl5mxr0000gn/T/comfyui_pvenv_z3zybcm1

[2026-05-10 03:09:40.755] [error] [comfy-env] register_nodes: comfyui-sam3
[2026-05-10 03:09:40.758] [error] 

[2026-05-10 03:09:40.761] [error] [comfy-env] ComfyUI source dir: /Users/runner/.comfy-test-cache/desktop/ComfyUI.app/Contents/Resources/ComfyUI
[2026-05-10 03:09:40.762] [error] 

[2026-05-10 03:09:40.901] [error] [comfy-env] Scanning nodes metadata (isolation root)...

[2026-05-10 03:09:40.908] [error] [comfy-env] Cache hit for nodes: 15 nodes
[2026-05-10 03:09:40.909] [error] 

[2026-05-10 03:09:40.912] [error] [comfy-env] Scanned nodes root: 15 nodes (0.0s)
[comfy-env] Registered proxy route: POST /sam3/interactive_segment_one -> nodes.sam3_interactive._api_segment_one
[comfy-env] Imported nodes root: 15 nodes (isolation)
[comfy-env] Registered 15 total nodes

[2026-05-10 03:09:40.977] [info]  ComfyUI-Multiband loaded: 15 nodes registered

[2026-05-10 03:09:40.988] [info]  
Import times for custom nodes:

[2026-05-10 03:09:40.989] [info]     0.0 seconds: /Users/runner/.comfy-test-cache/desktop/ComfyUI.app/Contents/Resources/ComfyUI/custom_nodes/websocket_image_save.py
   0.1 seconds: /Users/runner/Documents/ComfyUI/custom_nodes/ComfyUI-Multiband
   0.1 seconds: /Users/runner/Documents/ComfyUI/custom_nodes/ComfyUI-VideoHelperSuite
   0.5 seconds: /Users/runner/Documents/ComfyUI/custom_nodes/comfyui-sam3


[2026-05-10 03:09:41.026] [info]  Context impl SQLiteImpl.
Will assume non-transactional DDL.

[2026-05-10 03:09:41.164] [info]  Starting server


[2026-05-10 03:09:41.168] [info]  To see the GUI go to: http://127.0.0.1:8000

[2026-05-10 03:09:42.569] [info]  [ComfyUI-Manager] The ComfyRegistry cache update is still in progress, so an outdated cache is being used.

[2026-05-10 03:09:42.654] [info]  FETCH DATA from: /Users/runner/Documents/ComfyUI/.venv/lib/python3.12/site-packages/comfyui_manager/custom-node-list.json
[2026-05-10 03:09:42.686] [info]   [DONE]

[2026-05-10 03:09:42.712] [info]  [DEPRECATION WARNING] Detected import of deprecated legacy API: /extensions/core/widgetInputs.js. This is likely caused by a custom node extension using outdated APIs. Please update your extensions or contact the extension author for an updated version.

[2026-05-10 03:09:45.199] [info]  [ComfyUI-Manager] The ComfyRegistry cache update is still in progress, so an outdated cache is being used.

[2026-05-10 03:09:45.280] [info]  FETCH DATA from: /Users/runner/Documents/ComfyUI/.venv/lib/python3.12/site-packages/comfyui_manager/custom-node-list.json
[2026-05-10 03:09:45.330] [info]   [DONE]

[2026-05-10 03:10:07.513] [info]  got prompt

[2026-05-10 03:10:07.753] [info]  [comfyui-sam3] python: /Users/runner/Documents/ComfyUI/.ce/.pixi/envs/sam3-nodes/bin/python
[comfyui-sam3] sys_path sent to worker: ['/Users/runner/.comfy-test-cache/desktop/ComfyUI.app/Contents/Resources/ComfyUI', '/Users/runner/Documents/ComfyUI/custom_nodes/comfyui-sam3', '/Users/runner/Documents/ComfyUI/.ce/.pixi/envs/sam3-nodes/lib/python3.1/site-packages', '/Users/runner/Documents/ComfyUI/custom_nodes/comfyui-sam3']

[2026-05-10 03:10:18.203] [error] [comfyui-sam3] Health check: ping (timeout=5.0s)...
[2026-05-10 03:10:18.207] [error] 
[comfyui-sam3] Health check: ok

[2026-05-10 03:10:18.215] [error] [comfyui-sam3] Health check: ping (timeout=5.0s)...

[2026-05-10 03:10:18.219] [error] [comfyui-sam3] Health check: ok

[2026-05-10 03:10:20.197] [error] objc[47029]: Class AVFFrameReceiver is implemented in both /Users/runner/Documents/ComfyUI/.ce/.pixi/envs/sam3-nodes/lib/libavdevice.62.3.101.dylib (0x131fe07a8) and /Users/runner/Documents/ComfyUI/.ce/.pixi/envs/sam3-nodes/lib/python3.12/site-packages/cv2/.dylibs/libavdevice.61.3.100.dylib (0x1510ac3a8). This may cause spurious casting failures and mysterious crashes. One of the duplicates must be removed or renamed.

[2026-05-10 03:10:20.205] [error] objc[47029]: Class AVFAudioReceiver is implemented in both /Users/runner/Documents/ComfyUI/.ce/.pixi/envs/sam3-nodes/lib/libavdevice.62.3.101.dylib (0x131fe07f8) and /Users/runner/Documents/ComfyUI/.ce/.pixi/envs/sam3-nodes/lib/python3.12/site-packages/cv2/.dylibs/libavdevice.61.3.100.dylib (0x1510ac3f8). This may cause spurious casting failures and mysterious crashes. One of the duplicates must be removed or renamed.

[2026-05-10 03:11:08.794] [info]  FETCH ComfyRegistry Data [DONE]

[2026-05-10 03:11:09.283] [info]  [ComfyUI-Manager] default cache updated: https://api.comfy.org/nodes

[2026-05-10 03:11:09.393] [info]  FETCH DATA from: /Users/runner/Documents/ComfyUI/user/__manager/cache/1514988643_custom-node-list.json
[2026-05-10 03:11:09.409] [info]   [DONE]

[2026-05-10 03:11:09.459] [info]  [ComfyUI-Manager] All startup tasks have been completed.

[2026-05-10 03:11:26.602] [info]  Prompt executed in 79.07 seconds

