** ComfyUI startup time: 2026-05-10 03:13:30.716
[2026-05-10 03:13:30.717] ** Platform: Darwin
[2026-05-10 03:13:30.717] ** Python version: 3.12.11 (main, Aug 18 2025, 19:02:39) [Clang 20.1.4 ]
[2026-05-10 03:13:30.717] ** Python executable: /Users/runner/Documents/ComfyUI/.venv/bin/python
[2026-05-10 03:13:30.717] ** ComfyUI Path: /Users/runner/.comfy-test-cache/desktop/ComfyUI.app/Contents/Resources/ComfyUI
[2026-05-10 03:13:30.717] ** ComfyUI Base Folder Path: /Users/runner/.comfy-test-cache/desktop/ComfyUI.app/Contents/Resources/ComfyUI
[2026-05-10 03:13:30.717] ** User directory: /Users/runner/Documents/ComfyUI/user
[2026-05-10 03:13:30.717] ** ComfyUI-Manager config path: /Users/runner/Documents/ComfyUI/user/__manager/config.ini
[2026-05-10 03:13:30.717] ** Log path: /Users/runner/Documents/ComfyUI/user/comfyui.log
[ComfyUI-Manager] Skipped fixing the 'comfyui-frontend-package' dependency because the ComfyUI is outdated.
[2026-05-10 03:13:30.825] [PRE] ComfyUI-Manager
[2026-05-10 03:13:31.241] [comfy-env] comfyui-sam3: 1 isolation env(s):
[2026-05-10 03:13:31.241] [comfy-env]   nodes -> /Users/runner/Documents/ComfyUI/custom_nodes/comfyui-sam3/nodes
[2026-05-10 03:13:32.673] [comfy-env] prestartup complete
[2026-05-10 03:13:32.675] WARNING: Potential Error in code: Torch already imported, torch should never be imported before this point.
[2026-05-10 03:13:33.860] Found comfy_kitchen backend eager: {'available': True, 'disabled': False, 'unavailable_reason': None, 'capabilities': ['apply_rope', 'apply_rope1', 'dequantize_mxfp8', 'dequantize_nvfp4', 'dequantize_per_tensor_fp8', 'quantize_mxfp8', 'quantize_nvfp4', 'quantize_per_tensor_fp8', 'scaled_mm_mxfp8', 'scaled_mm_nvfp4']}
[2026-05-10 03:13:33.860] Found comfy_kitchen backend triton: {'available': False, 'disabled': True, 'unavailable_reason': "ImportError: No module named 'triton'", 'capabilities': []}
[2026-05-10 03:13:33.860] Found comfy_kitchen backend cuda: {'available': False, 'disabled': True, 'unavailable_reason': 'Extension file not found: /Users/runner/Documents/ComfyUI/.venv/lib/python3.12/site-packages/comfy_kitchen/backends/cuda/_C.abi3.so', 'capabilities': []}
[2026-05-10 03:13:33.886] Checkpoint files will always be loaded safely.
[2026-05-10 03:13:33.922] Total VRAM 7168 MB, total RAM 7168 MB
[2026-05-10 03:13:33.922] pytorch version: 2.10.0
[2026-05-10 03:13:33.927] Mac Version (15, 7, 4)
[2026-05-10 03:13:33.927] Set vram state to: SHARED
[2026-05-10 03:13:33.927] Device: mps
[2026-05-10 03:13:34.434] Using sub quadratic optimization for attention, if you have memory or speed issues try using: --use-split-cross-attention
[2026-05-10 03:13:37.494] Python version: 3.12.11 (main, Aug 18 2025, 19:02:39) [Clang 20.1.4 ]
[2026-05-10 03:13:37.494] ComfyUI version: 0.20.1
[2026-05-10 03:13:37.495] comfy-aimdo version: 0.2.14
[2026-05-10 03:13:37.495] comfy-kitchen version: 0.2.8
[2026-05-10 03:13:37.497] [Prompt Server] web root: /Users/runner/.comfy-test-cache/desktop/ComfyUI.app/Contents/Resources/ComfyUI/web_custom_versions/desktop_app
[2026-05-10 03:13:37.498] Asset seeder disabled
[2026-05-10 03:13:37.498] [START] ComfyUI-Manager
[2026-05-10 03:13:37.587] [ComfyUI-Manager] Using GitPython backend
[2026-05-10 03:13:37.627] [ComfyUI-Manager] network_mode: public
[2026-05-10 03:13:37.635] [ComfyUI-Manager] The matrix sharing feature has been disabled because the `matrix-nio` dependency is not installed.
	To use this feature, please run the following command:
	/Users/runner/Documents/ComfyUI/.venv/bin/python -m pip install matrix-nio

[2026-05-10 03:13:38.667] [comfy-env] Version: 0.3.78
[2026-05-10 03:13:38.668] [comfy-env] Removed stale socket: /var/folders/tb/y368xp_x10s3ty1b_mtl5mxr0000gn/T/comfy_worker_8dd64ed381af.sock
[2026-05-10 03:13:38.709] [comfy-env] Removed stale temp dir: /var/folders/tb/y368xp_x10s3ty1b_mtl5mxr0000gn/T/comfyui_pvenv_ieg5p5ee
[2026-05-10 03:13:38.803] [comfy-env] register_nodes: comfyui-sam3
[2026-05-10 03:13:38.804] [comfy-env] ComfyUI source dir: /Users/runner/.comfy-test-cache/desktop/ComfyUI.app/Contents/Resources/ComfyUI
[2026-05-10 03:13:38.849] [comfy-env] Scanning nodes metadata (isolation root)...
[2026-05-10 03:13:38.851] [comfy-env] Cache hit for nodes: 15 nodes
[2026-05-10 03:13:38.852] [comfy-env] Scanned nodes root: 15 nodes (0.0s)
[2026-05-10 03:13:38.852] [comfy-env] Registered proxy route: POST /sam3/interactive_segment_one -> nodes.sam3_interactive._api_segment_one
[2026-05-10 03:13:38.853] [comfy-env] Imported nodes root: 15 nodes (isolation)
[2026-05-10 03:13:38.853] [comfy-env] Registered 15 total nodes
[2026-05-10 03:13:38.870] ComfyUI-Multiband loaded: 15 nodes registered
[2026-05-10 03:13:38.872] 
Import times for custom nodes:
[2026-05-10 03:13:38.872]    0.0 seconds: /Users/runner/.comfy-test-cache/desktop/ComfyUI.app/Contents/Resources/ComfyUI/custom_nodes/websocket_image_save.py
[2026-05-10 03:13:38.872]    0.0 seconds: /Users/runner/Documents/ComfyUI/custom_nodes/ComfyUI-Multiband
[2026-05-10 03:13:38.872]    0.1 seconds: /Users/runner/Documents/ComfyUI/custom_nodes/ComfyUI-VideoHelperSuite
[2026-05-10 03:13:38.872]    0.2 seconds: /Users/runner/Documents/ComfyUI/custom_nodes/comfyui-sam3
[2026-05-10 03:13:38.872] 
[2026-05-10 03:13:38.879] Context impl SQLiteImpl.
[2026-05-10 03:13:38.879] Will assume non-transactional DDL.
[2026-05-10 03:13:38.925] Starting server

[2026-05-10 03:13:38.925] To see the GUI go to: http://127.0.0.1:8000
[2026-05-10 03:13:40.159] [DEPRECATION WARNING] Detected import of deprecated legacy API: /extensions/core/widgetInputs.js. This is likely caused by a custom node extension using outdated APIs. Please update your extensions or contact the extension author for an updated version.
[2026-05-10 03:13:40.481] [ComfyUI-Manager] The ComfyRegistry cache update is still in progress, so an outdated cache is being used.
[2026-05-10 03:13:40.587] FETCH DATA from: /Users/runner/Documents/ComfyUI/.venv/lib/python3.12/site-packages/comfyui_manager/custom-node-list.json [DONE]
[2026-05-10 03:13:43.138] [ComfyUI-Manager] The ComfyRegistry cache update is still in progress, so an outdated cache is being used.
[2026-05-10 03:13:43.274] FETCH DATA from: /Users/runner/Documents/ComfyUI/.venv/lib/python3.12/site-packages/comfyui_manager/custom-node-list.json [DONE]
[2026-05-10 03:14:04.617] got prompt
[2026-05-10 03:14:05.869] [comfyui-sam3] python: /Users/runner/Documents/ComfyUI/.ce/.pixi/envs/sam3-nodes/bin/python
[2026-05-10 03:14:05.870] [comfyui-sam3] sys_path sent to worker: ['/Users/runner/.comfy-test-cache/desktop/ComfyUI.app/Contents/Resources/ComfyUI', '/Users/runner/Documents/ComfyUI/custom_nodes/comfyui-sam3', '/Users/runner/Documents/ComfyUI/.ce/.pixi/envs/sam3-nodes/lib/python3.1/site-packages', '/Users/runner/Documents/ComfyUI/custom_nodes/comfyui-sam3']
[2026-05-10 03:14:10.787] [comfyui-sam3] Health check: ping (timeout=5.0s)...
[2026-05-10 03:14:10.799] [comfyui-sam3] Health check: ok
[2026-05-10 03:14:10.802] [comfyui-sam3] Health check: ping (timeout=5.0s)...
[2026-05-10 03:14:10.802] [comfyui-sam3] Health check: ok
[2026-05-10 03:15:18.660] FETCH ComfyRegistry Data [DONE]
[2026-05-10 03:15:19.116] [ComfyUI-Manager] default cache updated: https://api.comfy.org/nodes
[2026-05-10 03:15:19.326] FETCH DATA from: /Users/runner/Documents/ComfyUI/user/__manager/cache/1514988643_custom-node-list.json [DONE]
[2026-05-10 03:15:19.373] [ComfyUI-Manager] All startup tasks have been completed.
[2026-05-10 03:16:04.463] BatchToMultiband: Processed 1 images with 3 channels each -> 3 channels
[2026-05-10 03:16:04.471] BatchToMultiband: Processed 7 masks -> 7 channels
[2026-05-10 03:16:09.262] BatchToMultiband: Output shape torch.Size([1, 10, 4480, 6720]), channels: ['img_01_r', 'img_01_g', 'img_01_b', 'mask_01', 'mask_02', 'mask_03', 'mask_04', 'mask_05', 'mask_06', 'mask_07']
[2026-05-10 03:16:10.109] ResizeMultiband: 4480x6720 -> 600x900
[2026-05-10 03:16:10.138] PreviewMultibandImage: Batch=1, Channels=10, Names=['img_01_r', 'img_01_g', 'img_01_b', 'mask_01', 'mask_02', 'mask_03', 'mask_04', 'mask_05', 'mask_06', 'mask_07']
[2026-05-10 03:16:11.685] SaveMultibandImage: Saved to output/multiband.npz
[2026-05-10 03:16:11.685]   Shape: (1, 10, 600, 900)
[2026-05-10 03:16:11.685]   Format: npz
[2026-05-10 03:16:11.882] Prompt executed in 127.26 seconds
