** ComfyUI startup time: 2026-05-10 03:09:26.736
[2026-05-10 03:09:26.737] ** Platform: Darwin
[2026-05-10 03:09:26.737] ** Python version: 3.12.11 (main, Aug 18 2025, 19:02:39) [Clang 20.1.4 ]
[2026-05-10 03:09:26.737] ** Python executable: /Users/runner/Documents/ComfyUI/.venv/bin/python
[2026-05-10 03:09:26.737] ** ComfyUI Path: /Users/runner/.comfy-test-cache/desktop/ComfyUI.app/Contents/Resources/ComfyUI
[2026-05-10 03:09:26.737] ** ComfyUI Base Folder Path: /Users/runner/.comfy-test-cache/desktop/ComfyUI.app/Contents/Resources/ComfyUI
[2026-05-10 03:09:26.737] ** User directory: /Users/runner/Documents/ComfyUI/user
[2026-05-10 03:09:26.737] ** ComfyUI-Manager config path: /Users/runner/Documents/ComfyUI/user/__manager/config.ini
[2026-05-10 03:09:26.737] ** Log path: /Users/runner/Documents/ComfyUI/user/comfyui.log
[ComfyUI-Manager] Skipped fixing the 'comfyui-frontend-package' dependency because the ComfyUI is outdated.
[2026-05-10 03:09:26.879] [PRE] ComfyUI-Manager
[2026-05-10 03:09:27.460] [comfy-env] comfyui-sam3: 1 isolation env(s):
[2026-05-10 03:09:27.460] [comfy-env]   nodes -> /Users/runner/Documents/ComfyUI/custom_nodes/comfyui-sam3/nodes
[2026-05-10 03:09:29.620] [comfy-env] prestartup complete
[2026-05-10 03:09:29.622] WARNING: Potential Error in code: Torch already imported, torch should never be imported before this point.
[2026-05-10 03:09:31.541] Found comfy_kitchen backend cuda: {'available': False, 'disabled': True, 'unavailable_reason': 'Extension file not found: /Users/runner/Documents/ComfyUI/.venv/lib/python3.12/site-packages/comfy_kitchen/backends/cuda/_C.abi3.so', 'capabilities': []}
[2026-05-10 03:09:31.542] Found comfy_kitchen backend triton: {'available': False, 'disabled': True, 'unavailable_reason': "ImportError: No module named 'triton'", 'capabilities': []}
[2026-05-10 03:09:31.542] Found comfy_kitchen backend eager: {'available': True, 'disabled': False, 'unavailable_reason': None, 'capabilities': ['apply_rope', 'apply_rope1', 'dequantize_mxfp8', 'dequantize_nvfp4', 'dequantize_per_tensor_fp8', 'quantize_mxfp8', 'quantize_nvfp4', 'quantize_per_tensor_fp8', 'scaled_mm_mxfp8', 'scaled_mm_nvfp4']}
[2026-05-10 03:09:31.570] Checkpoint files will always be loaded safely.
[2026-05-10 03:09:31.626] Total VRAM 7168 MB, total RAM 7168 MB
[2026-05-10 03:09:31.626] pytorch version: 2.10.0
[2026-05-10 03:09:31.636] Mac Version (15, 7, 4)
[2026-05-10 03:09:31.637] Set vram state to: SHARED
[2026-05-10 03:09:31.637] Device: mps
[2026-05-10 03:09:32.463] Using sub quadratic optimization for attention, if you have memory or speed issues try using: --use-split-cross-attention
[2026-05-10 03:09:37.225] Python version: 3.12.11 (main, Aug 18 2025, 19:02:39) [Clang 20.1.4 ]
[2026-05-10 03:09:37.225] ComfyUI version: 0.20.1
[2026-05-10 03:09:37.225] comfy-aimdo version: 0.2.14
[2026-05-10 03:09:37.226] comfy-kitchen version: 0.2.8
[2026-05-10 03:09:37.228] [Prompt Server] web root: /Users/runner/.comfy-test-cache/desktop/ComfyUI.app/Contents/Resources/ComfyUI/web_custom_versions/desktop_app
[2026-05-10 03:09:37.230] Asset seeder disabled
[2026-05-10 03:09:37.230] [START] ComfyUI-Manager
[2026-05-10 03:09:37.409] [ComfyUI-Manager] Using GitPython backend
[2026-05-10 03:09:37.459] [ComfyUI-Manager] network_mode: public
[2026-05-10 03:09:37.465] [ComfyUI-Manager] The matrix sharing feature has been disabled because the `matrix-nio` dependency is not installed.
	To use this feature, please run the following command:
	/Users/runner/Documents/ComfyUI/.venv/bin/python -m pip install matrix-nio

[2026-05-10 03:09:40.389] [comfy-env] Version: 0.3.78
[2026-05-10 03:09:40.391] [comfy-env] Removed stale socket: /var/folders/tb/y368xp_x10s3ty1b_mtl5mxr0000gn/T/comfy_worker_17fd51e8b52f.sock
[2026-05-10 03:09:40.479] [comfy-env] Removed stale temp dir: /var/folders/tb/y368xp_x10s3ty1b_mtl5mxr0000gn/T/comfyui_pvenv_z3zybcm1
[2026-05-10 03:09:40.754] [comfy-env] register_nodes: comfyui-sam3
[2026-05-10 03:09:40.761] [comfy-env] ComfyUI source dir: /Users/runner/.comfy-test-cache/desktop/ComfyUI.app/Contents/Resources/ComfyUI
[2026-05-10 03:09:40.899] [comfy-env] Scanning nodes metadata (isolation root)...
[2026-05-10 03:09:40.908] [comfy-env] Cache hit for nodes: 15 nodes
[2026-05-10 03:09:40.909] [comfy-env] Scanned nodes root: 15 nodes (0.0s)
[2026-05-10 03:09:40.910] [comfy-env] Registered proxy route: POST /sam3/interactive_segment_one -> nodes.sam3_interactive._api_segment_one
[2026-05-10 03:09:40.910] [comfy-env] Imported nodes root: 15 nodes (isolation)
[2026-05-10 03:09:40.911] [comfy-env] Registered 15 total nodes
[2026-05-10 03:09:40.976] ComfyUI-Multiband loaded: 15 nodes registered
[2026-05-10 03:09:40.989] 
Import times for custom nodes:
[2026-05-10 03:09:40.989]    0.0 seconds: /Users/runner/.comfy-test-cache/desktop/ComfyUI.app/Contents/Resources/ComfyUI/custom_nodes/websocket_image_save.py
[2026-05-10 03:09:40.989]    0.1 seconds: /Users/runner/Documents/ComfyUI/custom_nodes/ComfyUI-Multiband
[2026-05-10 03:09:40.989]    0.1 seconds: /Users/runner/Documents/ComfyUI/custom_nodes/ComfyUI-VideoHelperSuite
[2026-05-10 03:09:40.989]    0.5 seconds: /Users/runner/Documents/ComfyUI/custom_nodes/comfyui-sam3
[2026-05-10 03:09:40.989] 
[2026-05-10 03:09:41.026] Context impl SQLiteImpl.
[2026-05-10 03:09:41.026] Will assume non-transactional DDL.
[2026-05-10 03:09:41.164] Starting server

[2026-05-10 03:09:41.168] To see the GUI go to: http://127.0.0.1:8000
[2026-05-10 03:09:42.568] [ComfyUI-Manager] The ComfyRegistry cache update is still in progress, so an outdated cache is being used.
[2026-05-10 03:09:42.654] FETCH DATA from: /Users/runner/Documents/ComfyUI/.venv/lib/python3.12/site-packages/comfyui_manager/custom-node-list.json [DONE]
[2026-05-10 03:09:42.712] [DEPRECATION WARNING] Detected import of deprecated legacy API: /extensions/core/widgetInputs.js. This is likely caused by a custom node extension using outdated APIs. Please update your extensions or contact the extension author for an updated version.
[2026-05-10 03:09:45.198] [ComfyUI-Manager] The ComfyRegistry cache update is still in progress, so an outdated cache is being used.
[2026-05-10 03:09:45.279] FETCH DATA from: /Users/runner/Documents/ComfyUI/.venv/lib/python3.12/site-packages/comfyui_manager/custom-node-list.json [DONE]
[2026-05-10 03:10:07.506] got prompt
[2026-05-10 03:10:07.753] [comfyui-sam3] python: /Users/runner/Documents/ComfyUI/.ce/.pixi/envs/sam3-nodes/bin/python
[2026-05-10 03:10:07.753] [comfyui-sam3] sys_path sent to worker: ['/Users/runner/.comfy-test-cache/desktop/ComfyUI.app/Contents/Resources/ComfyUI', '/Users/runner/Documents/ComfyUI/custom_nodes/comfyui-sam3', '/Users/runner/Documents/ComfyUI/.ce/.pixi/envs/sam3-nodes/lib/python3.1/site-packages', '/Users/runner/Documents/ComfyUI/custom_nodes/comfyui-sam3']
[2026-05-10 03:10:18.199] [comfyui-sam3] Health check: ping (timeout=5.0s)...
[2026-05-10 03:10:18.203] [comfyui-sam3] Health check: ok
[2026-05-10 03:10:18.214] [comfyui-sam3] Health check: ping (timeout=5.0s)...
[2026-05-10 03:10:18.218] [comfyui-sam3] Health check: ok
[2026-05-10 03:11:08.775] FETCH ComfyRegistry Data [DONE]
[2026-05-10 03:11:09.281] [ComfyUI-Manager] default cache updated: https://api.comfy.org/nodes
[2026-05-10 03:11:09.392] FETCH DATA from: /Users/runner/Documents/ComfyUI/user/__manager/cache/1514988643_custom-node-list.json [DONE]
[2026-05-10 03:11:09.458] [ComfyUI-Manager] All startup tasks have been completed.
[2026-05-10 03:11:26.598] Prompt executed in 79.07 seconds
