[00:00] Crash dump logging enabled: /Users/runner/work/comfy-gpu-ci/comfy-gpu-ci/comfy-test-logs/SAM3-2103/macos-cpu/crash_dump.log
[00:00] 
[00:00] [1/3] REGISTRATION
[00:00] ----------------------------------------
[00:00] 
[DEBUG] server=None, server_url=http://127.0.0.1:8188, api=None
[00:00] 
Connecting to existing server at http://127.0.0.1:8188...
[00:00] Connecting to existing server at http://127.0.0.1:8188...
[00:00] Connected to server! (attempt 1, 0.0s)
[00:00] Checking for import errors in server logs...
[00:00] No import errors detected
[00:00] Found 767 registered nodes
[00:00] [REGISTRATION] PASSED
[00:00] 
[00:00] [2/3] INSTANTIATION
[00:00] ----------------------------------------
[00:00] 
[DEBUG] server=<comfy_test.comfyui.server.ExternalComfyUIServer object at 0x104450c20>, server_url=http://127.0.0.1:8188, api=<comfy_test.comfyui.api.ComfyUIAPI object at 0x104450d70>
[00:00] Testing node constructors...
[00:04] All 15 node(s) instantiated successfully!
[00:04] [INSTANTIATION] PASSED
[00:04] 
[00:04] [3/3] EXECUTION_LIGHT
[00:04] ----------------------------------------
[00:04] 
[DEBUG] server=<comfy_test.comfyui.server.ExternalComfyUIServer object at 0x104450c20>, server_url=http://127.0.0.1:8188, api=<comfy_test.comfyui.api.ComfyUIAPI object at 0x104450d70>
[00:04] CPU runner - will execute 4 workflow(s)
[00:04] Running 5 workflow(s) (light mode: 1 screenshot per workflow)...
[00:05] Starting headless browser...
[00:05]   macOS — using Apple Metal GPU via ANGLE
[01:20] Capturing: image_seg_point.json
[01:26]   Saved: /Users/runner/work/comfy-gpu-ci/comfy-gpu-ci/comfy-test-logs/SAM3-2103/macos-cpu/screenshots/image_seg_point_executed.png
[01:36] Capturing: image_seg_text.json
[01:42]   Saved: /Users/runner/work/comfy-gpu-ci/comfy-gpu-ci/comfy-test-logs/SAM3-2103/macos-cpu/screenshots/image_seg_text_executed.png
[03:04] Capturing: scene_seg.json
[03:10]   Saved: /Users/runner/work/comfy-gpu-ci/comfy-gpu-ci/comfy-test-logs/SAM3-2103/macos-cpu/screenshots/scene_seg_executed.png
[04:07] Capturing: scene_seg_interactive.json
[04:14]   Saved: /Users/runner/work/comfy-gpu-ci/comfy-gpu-ci/comfy-test-logs/SAM3-2103/macos-cpu/screenshots/scene_seg_interactive_executed.png
[04:14]   [5/5] SKIPPED (not in cpu list) video_point_prompt.json
[04:15] Results saved to /Users/runner/work/comfy-gpu-ci/comfy-gpu-ci/comfy-test-logs/SAM3-2103/macos-cpu/results.json
[04:15] Model report: 4 files, 3.2 GB -> /Users/runner/work/comfy-gpu-ci/comfy-gpu-ci/comfy-test-logs/SAM3-2103/macos-cpu/models.json
[04:15] Saved: /Users/runner/work/comfy-gpu-ci/comfy-gpu-ci/comfy-test-logs/SAM3-2103/macos-cpu/index.html
[04:15] [EXECUTION_LIGHT] PASSED
[04:15] 
macos: PASSED
