Capturing execution frames: image_seg_text.json
  Frame 1 saved (frame_000.jpg, t=0.0s)
  Validating workflow...
  [ComfyUI] === /validate endpoint called ===
  [ComfyUI] Received JSON with keys: ['prompt']
  [ComfyUI] Prompt has 5 nodes
  [ComfyUI]   Node 1: LoadImage
  [ComfyUI]     Inputs: {"image": "example_image.jpg"}
  [ComfyUI]   Node 3: PreviewImage
  Queuing workflow for execution...
  [ComfyUI]     Inputs: {"images": ["15", 1]}
  [ComfyUI]   Node 4: MaskPreview
  [ComfyUI]     Inputs: {"mask": ["15", 0]}
  [ComfyUI]   Node 12: LoadSAM3Model
  [ComfyUI]     Inputs: {"precision": "fp32", "compile": false}
  [ComfyUI]   Node 15: SAM3Grounding
  [ComfyUI]     Inputs: {"confidence_threshold": 0.2, "text_prompt": "child", "max_detections": -1, "sam3_model_config": ["12", 0], "image": ["1", 0]}
  [ComfyUI] Generated prompt_id: 77d831ff-fdd6-4b8b-af58-05e13f5b6108
  [ComfyUI] Calling execution.validate_prompt()...
  [ComfyUI] Validation result: valid=True
  [ComfyUI] === Validation PASSED ===
  [ComfyUI] got prompt
  [ComfyUI] [comfy-env] Running LoadSAM3Model: precision: 'fp32', compile: False
  [ComfyUI] [SubprocessWorker] call_method: nodes.load_model.LoadSAM3Model.EXECUTE_NORMALIZED
  [ComfyUI] [SubprocessWorker] acquired lock, ensuring started...
  [ComfyUI] [ComfyUI-SAM3] Health check: ping (timeout=5.0s)...
  [ComfyUI] [ComfyUI-SAM3] Health check: ok
  [ComfyUI] [SubprocessWorker] worker started/confirmed
  [ComfyUI] [SubprocessWorker] serializing kwargs to shm...
  [ComfyUI] [SubprocessWorker] created 0 shm blocks
  [ComfyUI] [SubprocessWorker] sending request via socket...
  [ComfyUI] [SubprocessWorker] call_id=4 sending call_method
  [ComfyUI] [SubprocessWorker] got response: ok
  [ComfyUI] [comfy-env] LoadSAM3Model done (0.22s): result: NodeOutput
  [ComfyUI] [comfy-env] Running SAM3Grounding: confidence_threshold: 0.2, text_prompt: 'child', max_detections: -1, sam3_model_config: dict, image: torch.float32 [1,720,1280,3] cpu
  [ComfyUI] [SubprocessWorker] call_method: nodes.segmentation.SAM3Grounding.EXECUTE_NORMALIZED
  [ComfyUI] [SubprocessWorker] acquired lock, ensuring started...
  [ComfyUI] [ComfyUI-SAM3] Health check: ping (timeout=5.0s)...
  [ComfyUI] [ComfyUI-SAM3] Health check: ok
  [ComfyUI] [SubprocessWorker] worker started/confirmed
  [ComfyUI] [comfy-env] PRE-SERIALIZE 'image' shape: torch.Size([1, 720, 1280, 3])
  [ComfyUI] [SubprocessWorker] serializing kwargs to shm...
  [ComfyUI] [SubprocessWorker] created 0 shm blocks
  [ComfyUI] [SubprocessWorker] sending request via socket...
  [ComfyUI] [SubprocessWorker] call_id=5 sending call_method
  [ComfyUI] [worker:ComfyUI-SAM3] [comfy-env] _from_shm got dict with keys: ['__type__', 'strategy', 'manager_path', 'storage_key', 'storage_size']
  [ComfyUI] [worker:ComfyUI-SAM3] [comfy-env] DESERIALIZE TensorRef: tensor_size=[1, 720, 1280, 3]
  [ComfyUI] [worker:ComfyUI-SAM3] [comfy-env] DESERIALIZED tensor shape: torch.Size([1, 720, 1280, 3])
  [ComfyUI] [SubprocessWorker] callback 'request_vram_budget' from call_id=5
  [ComfyUI] [comfy-env] VRAM request: 3.50GB, free before eviction: 11.43GB
  [ComfyUI] [comfy-env] VRAM after eviction: 11.43GB
  Frame 2 saved (frame_001.jpg, t=2.3s)
  [capture-periodic] freeze=5ms shot=130ms unfreeze=5ms saved=True
  [ComfyUI] [worker:ComfyUI-SAM3]
  [ComfyUI] === WATCHDOG TICK 2 ===
  [ComfyUI] [worker:ComfyUI-SAM3] Current thread 0x000023c4 (most recent call first):
  [ComfyUI]   File "C:\Users\RUNNER~1\AppData\Local\Temp\comfyui_pvenv_0uhsbouh\persistent_worker.py", line 52 in _watchdog
  [ComfyUI]   File "C:\ce\.pixi\envs\sam3-nodes\Lib\threading.py", line 995 in run
  [ComfyUI]   File "C:\ce\.pixi\envs\sam3-nodes\Lib\threading.py", line 1044 in _bootstrap_inner
  [ComfyUI]   File "C:\ce\.pixi\envs\sam3-nodes\Lib\threading.py", line 1015 in _bootstrap
  [ComfyUI] 
  [ComfyUI] Thread 0x00001db8 (most recent call first):
  [ComfyUI]   File "D:\a\comfy-gpu-ci\comfy-gpu-ci\test_workspaces\SAM3-0030\portable-comfyui\ComfyUI_windows_portable\ComfyUI\comfy\ops.py", line 385 in forward_comfy_cast_weights
  [ComfyUI]   File "D:\a\comfy-gpu-ci\comfy-gpu-ci\test_workspaces\SAM3-0030\portable-comfyui\ComfyUI_windows_portable\ComfyUI\comfy\ops.py", line 392 in forward
  [ComfyUI]   File "C:\ce\.pixi\envs\sam3-nodes\Lib\site-packages\torch\nn\modules\module.py", line 1790 in _call_impl
  [ComfyUI]   File "C:\ce\.pixi\envs\sam3-nodes\Lib\site-packages\torch\nn\modules\module.py", line 1779 in _wrapped_call_impl
  [ComfyUI]   File "D:\a\comfy-gpu-ci\comfy-gpu-ci\test_workspaces\SAM3-0030\portable-comfyui\ComfyUI_windows_portable\ComfyUI\custom_nodes\ComfyUI-SAM3\nodes\sam3\model.py", line 144 in forward
  [ComfyUI]   File "C:\ce\.pixi\envs\sam3-nodes\Lib\site-packages\torch\nn\modules\module.py", line 1790 in _call_impl
  [ComfyUI]   File "C:\ce\.pixi\envs\sam3-nodes\Lib\site-packages\torch\nn\modules\module.py", line 1779 in _wrapped_call_impl
  [ComfyUI]   File "D:\a\comfy-gpu-ci\comfy-gpu-ci\test_workspaces\SAM3-0030\portable-comfyui\ComfyUI_windows_portable\ComfyUI\custom_nodes\ComfyUI-SAM3\nodes\sam3\model.py", line 823 in forward
  [ComfyUI]   File "C:\ce\.pixi\envs\sam3-nodes\Lib\site-packages\torch\nn\modules\module.py", line 1790 in _call_impl
  [ComfyUI]   File "C:\ce\.pixi\envs\sam3-nodes\Lib\site-packages\torch\nn\modules\module.py", line 1779 in _wrapped_call_impl
  [ComfyUI]   File "D:\a\comfy-gpu-ci\comfy-gpu-ci\test_workspaces\SAM3-0030\portable-comfyui\ComfyUI_windows_portable\ComfyUI\custom_nodes\ComfyUI-SAM3\nodes\sam3\model.py", line 983 in forward
  [ComfyUI]   File "C:\ce\.pixi\envs\sam3-nodes\Lib\site-packages\torch\nn\modules\module.py", line 1790 in _call_impl
  [ComfyUI]   File "C:\ce\.pixi\envs\sam3-nodes\Lib\site-packages\torch\nn\modules\module.py", line 1779 in _wrapped_call_impl
  [ComfyUI]   File "D:\a\comfy-gpu-ci\comfy-gpu-ci\test_workspaces\SAM3-0030\portable-comfyui\ComfyUI_windows_portable\ComfyUI\custom_nodes\ComfyUI-SAM3\nodes\sam3\model.py", line 2041 in forward
  [ComfyUI]   File "D:\a\comfy-gpu-ci\comfy-gpu-ci\test_workspaces\SAM3-0030\portable-comfyui\ComfyUI_windows_portable\ComfyUI\custom_nodes\ComfyUI-SAM3\nodes\sam3\model.py", line 3321 in _forward_image_no_act_ckpt
  [ComfyUI]   File "D:\a\comfy-gpu-ci\comfy-gpu-ci\test_workspaces\SAM3-0030\portable-comfyui\ComfyUI_windows_portable\ComfyUI\custom_nodes\ComfyUI-SAM3\nodes\sam3\model.py", line 3314 in forward_image
  [ComfyUI]   File "D:\a\comfy-gpu-ci\comfy-gpu-ci\test_workspaces\SAM3-0030\portable-comfyui\ComfyUI_windows_portable\ComfyUI\custom_nodes\ComfyUI-SAM3\nodes\sam3\utils.py", line 1324 in set_image
  [ComfyUI]   File "C:\ce\.pixi\envs\sam3-nodes\Lib\site-packages\torch\utils\_contextlib.py", line 124 in decorate_context
  [ComfyUI]   File "D:\a\comfy-gpu-ci\comfy-gpu-ci\test_workspaces\SAM3-0030\portable-comfyui\ComfyUI_windows_portable\ComfyUI\custom_nodes\ComfyUI-SAM3\nodes\segmentation.py", line 133 in _segment_grounding
  [ComfyUI]   File "D:\a\comfy-gpu-ci\comfy-gpu-ci\test_workspaces\SAM3-0030\portable-comfyui\ComfyUI_windows_portable\ComfyUI\custom_nodes\ComfyUI-SAM3\nodes\segmentation.py", line 111 in execute
  [ComfyUI]   File "D:\a\comfy-gpu-ci\comfy-gpu-ci\test_workspaces\SAM3-0030\portable-comfyui\ComfyUI_windows_portable\ComfyUI\comfy_api\latest\_io.py", line 1826 in EXECUTE_NORMALIZED
  [ComfyUI]   File "C:\Users\RUNNER~1\AppData\Local\Temp\comfyui_pvenv_0uhsbouh\persistent_worker.py", line 1762 in main
  [ComfyUI]   File "C:\Users\RUNNER~1\AppData\Local\Temp\comfyui_pvenv_0uhsbouh\persistent_worker.py", line 1807 in <module>
  [ComfyUI] 
  [ComfyUI] [worker:ComfyUI-SAM3] === END ===
  [ComfyUI] 
  Frame 3 saved (frame_002.jpg, t=4.5s)
  [capture-periodic] freeze=5ms shot=137ms unfreeze=6ms saved=True
  [capture-loop] iter=50 t=6.0s state={'complete': False, 'error': None, 'executedCount': 0, 'wsState': 1} eval_ms=7 ram=5.6/16.0GB (35%) swap=0.6/2.9GB (21%) cpu=39% browser_rss=0.60GB
  [capture-loop] iter=100 t=11.9s state={'complete': False, 'error': None, 'executedCount': 0, 'wsState': 1} eval_ms=6 ram=5.8/16.0GB (36%) swap=0.6/2.9GB (21%) cpu=60% browser_rss=0.60GB
  [capture-loop] iter=150 t=17.7s state={'complete': False, 'error': None, 'executedCount': 0, 'wsState': 1} eval_ms=6 ram=5.8/16.0GB (36%) swap=0.8/2.9GB (26%) cpu=63% browser_rss=0.60GB
  [capture-loop] iter=200 t=23.6s state={'complete': False, 'error': None, 'executedCount': 0, 'wsState': 1} eval_ms=6 ram=5.9/16.0GB (37%) swap=0.8/2.9GB (26%) cpu=60% browser_rss=0.60GB
  [capture-loop] iter=250 t=29.6s state={'complete': False, 'error': None, 'executedCount': 0, 'wsState': 1} eval_ms=6 ram=7.2/16.0GB (45%) swap=0.8/2.9GB (26%) cpu=66% browser_rss=0.53GB
  [capture-loop] iter=300 t=35.5s state={'complete': False, 'error': None, 'executedCount': 0, 'wsState': 1} eval_ms=5 ram=6.2/16.0GB (38%) swap=0.7/2.9GB (26%) cpu=63% browser_rss=0.52GB
  [capture-loop] iter=350 t=41.4s state={'complete': False, 'error': None, 'executedCount': 0, 'wsState': 1} eval_ms=6 ram=6.3/16.0GB (40%) swap=0.7/2.9GB (26%) cpu=61% browser_rss=0.52GB
  [capture-loop] iter=400 t=47.4s state={'complete': False, 'error': None, 'executedCount': 0, 'wsState': 1} eval_ms=4 ram=6.4/16.0GB (40%) swap=0.7/2.9GB (26%) cpu=62% browser_rss=0.52GB
  [capture-loop] iter=450 t=53.1s state={'complete': False, 'error': None, 'executedCount': 0, 'wsState': 1} eval_ms=6 ram=6.6/16.0GB (41%) swap=0.7/2.9GB (26%) cpu=58% browser_rss=0.51GB
  [capture-loop] iter=500 t=59.1s state={'complete': False, 'error': None, 'executedCount': 0, 'wsState': 1} eval_ms=6 ram=7.3/16.0GB (46%) swap=0.7/2.9GB (26%) cpu=60% browser_rss=0.50GB
  [ComfyUI] [worker:ComfyUI-SAM3]
  [ComfyUI] === WATCHDOG TICK 3 ===
  [ComfyUI] [worker:ComfyUI-SAM3] Current thread 0x000023c4 (most recent call first):
  [ComfyUI]   File "C:\Users\RUNNER~1\AppData\Local\Temp\comfyui_pvenv_0uhsbouh\persistent_worker.py", line 52 in _watchdog
  [ComfyUI]   File "C:\ce\.pixi\envs\sam3-nodes\Lib\threading.py", line 995 in run
  [ComfyUI]   File "C:\ce\.pixi\envs\sam3-nodes\Lib\threading.py", line 1044 in _bootstrap_inner
  [ComfyUI]   File "C:\ce\.pixi\envs\sam3-nodes\Lib\threading.py", line 1015 in _bootstrap
  [ComfyUI] 
  [ComfyUI] Thread 0x00001db8 (most recent call first):
  [ComfyUI]   File "D:\a\comfy-gpu-ci\comfy-gpu-ci\test_workspaces\SAM3-0030\portable-comfyui\ComfyUI_windows_portable\ComfyUI\comfy\ops.py", line 531 in forward_comfy_cast_weights
  [ComfyUI]   File "D:\a\comfy-gpu-ci\comfy-gpu-ci\test_workspaces\SAM3-0030\portable-comfyui\ComfyUI_windows_portable\ComfyUI\comfy\ops.py", line 540 in forward
  [ComfyUI]   File "C:\ce\.pixi\envs\sam3-nodes\Lib\site-packages\torch\nn\modules\module.py", line 1790 in _call_impl
  [ComfyUI]   File "C:\ce\.pixi\envs\sam3-nodes\Lib\site-packages\torch\nn\modules\module.py", line 1779 in _wrapped_call_impl
  [ComfyUI]   File "C:\ce\.pixi\envs\sam3-nodes\Lib\site-packages\torch\nn\modules\container.py", line 253 in forward
  [ComfyUI]   File "C:\ce\.pixi\envs\sam3-nodes\Lib\site-packages\torch\nn\modules\module.py", line 1790 in _call_impl
  [ComfyUI]   File "C:\ce\.pixi\envs\sam3-nodes\Lib\site-packages\torch\nn\modules\module.py", line 1779 in _wrapped_call_impl
  [ComfyUI]   File "D:\a\comfy-gpu-ci\comfy-gpu-ci\test_workspaces\SAM3-0030\portable-comfyui\ComfyUI_windows_portable\ComfyUI\custom_nodes\ComfyUI-SAM3\nodes\sam3\model.py", line 2049 in forward
  [ComfyUI]   File "D:\a\comfy-gpu-ci\comfy-gpu-ci\test_workspaces\SAM3-0030\portable-comfyui\ComfyUI_windows_portable\ComfyUI\custom_nodes\ComfyUI-SAM3\nodes\sam3\model.py", line 3321 in _forward_image_no_act_ckpt
  [ComfyUI]   File "D:\a\comfy-gpu-ci\comfy-gpu-ci\test_workspaces\SAM3-0030\portable-comfyui\ComfyUI_windows_portable\ComfyUI\custom_nodes\ComfyUI-SAM3\nodes\sam3\model.py", line 3314 in forward_image
  [ComfyUI]   File "D:\a\comfy-gpu-ci\comfy-gpu-ci\test_workspaces\SAM3-0030\portable-comfyui\ComfyUI_windows_portable\ComfyUI\custom_nodes\ComfyUI-SAM3\nodes\sam3\utils.py", line 1324 in set_image
  [ComfyUI]   File "C:\ce\.pixi\envs\sam3-nodes\Lib\site-packages\torch\utils\_contextlib.py", line 124 in decorate_context
  [ComfyUI]   File "D:\a\comfy-gpu-ci\comfy-gpu-ci\test_workspaces\SAM3-0030\portable-comfyui\ComfyUI_windows_portable\ComfyUI\custom_nodes\ComfyUI-SAM3\nodes\segmentation.py", line 133 in _segment_grounding
  [ComfyUI]   File "D:\a\comfy-gpu-ci\comfy-gpu-ci\test_workspaces\SAM3-0030\portable-comfyui\ComfyUI_windows_portable\ComfyUI\custom_nodes\ComfyUI-SAM3\nodes\segmentation.py", line 111 in execute
  [ComfyUI]   File "D:\a\comfy-gpu-ci\comfy-gpu-ci\test_workspaces\SAM3-0030\portable-comfyui\ComfyUI_windows_portable\ComfyUI\comfy_api\latest\_io.py", line 1826 in EXECUTE_NORMALIZED
  [ComfyUI]   File "C:\Users\RUNNER~1\AppData\Local\Temp\comfyui_pvenv_0uhsbouh\persistent_worker.py", line 1762 in main
  [ComfyUI]   File "C:\Users\RUNNER~1\AppData\Local\Temp\comfyui_pvenv_0uhsbouh\persistent_worker.py", line 1807 in <module>
  [ComfyUI] 
  [ComfyUI] [worker:ComfyUI-SAM3] === END ===
  [ComfyUI] 
  [capture-loop] iter=550 t=65.0s state={'complete': False, 'error': None, 'executedCount': 0, 'wsState': 1} eval_ms=4 ram=8.1/16.0GB (51%) swap=0.7/2.9GB (26%) cpu=69% browser_rss=0.50GB
  [capture-loop] iter=600 t=70.8s state={'complete': False, 'error': None, 'executedCount': 0, 'wsState': 1} eval_ms=6 ram=8.4/16.0GB (52%) swap=0.9/2.9GB (30%) cpu=60% browser_rss=0.50GB
  [capture-loop] iter=650 t=76.7s state={'complete': False, 'error': None, 'executedCount': 0, 'wsState': 1} eval_ms=5 ram=8.2/16.0GB (52%) swap=0.9/2.9GB (30%) cpu=45% browser_rss=0.50GB
  [capture-loop] iter=700 t=82.5s state={'complete': False, 'error': None, 'executedCount': 0, 'wsState': 1} eval_ms=4 ram=8.3/16.0GB (52%) swap=0.9/2.9GB (30%) cpu=27% browser_rss=0.50GB
  [ComfyUI] [SubprocessWorker] got response: ok
  [ComfyUI] [comfy-env] SAM3Grounding done (84.85s): result: NodeOutput
  [ComfyUI] Prompt executed in 85.33 seconds
  Node executed (2 total), capturing...
  Frame 4 saved (frame_003.jpg, t=85.6s)
  [capture-node] freeze=5ms shot=104ms unfreeze=0ms saved=True
  Execution complete (t=85.6s)
  Captured 4 unique frames over 85.78s
  [debug] iframes: 0
  [timing] trigger_3d_previews: 0.0s
  Saved high-quality screenshot: image_seg_text_executed.png
  [timing] final_screenshot: 0.2s
    Captured 5 video frames