Capturing execution frames: image_seg_point.json
  Frame 1 saved (frame_000.jpg, t=0.0s)
  Validating workflow...
  Queuing workflow for execution...
  Frame 2 saved (frame_001.jpg, t=2.3s)
  [capture-periodic] freeze=4ms shot=137ms unfreeze=7ms saved=True
  Frame 3 saved (frame_002.jpg, t=4.6s)
  [capture-periodic] freeze=5ms shot=139ms unfreeze=6ms saved=True
  Node executed (1 total), capturing...
  Frame 4 saved (frame_003.jpg, t=5.0s)
  [capture-node] freeze=6ms shot=160ms unfreeze=7ms saved=True
  [capture-loop] iter=50 t=6.5s state={'complete': False, 'error': None, 'executedCount': 1, 'wsState': 1} eval_ms=7 ram=5.9/16.0GB (37%) swap=0.3/2.9GB (10%) cpu=42% browser_rss=0.72GB
  Frame 5 saved (frame_004.jpg, t=7.3s)
  [capture-periodic] freeze=6ms shot=172ms unfreeze=12ms saved=True
  Frame 6 saved (frame_005.jpg, t=9.6s)
  [capture-periodic] freeze=8ms shot=180ms unfreeze=9ms saved=True
  Frame 7 saved (frame_006.jpg, t=12.0s)
  [capture-periodic] freeze=7ms shot=194ms unfreeze=5ms saved=True
  [capture-loop] iter=100 t=13.4s state={'complete': False, 'error': None, 'executedCount': 1, 'wsState': 1} eval_ms=9 ram=7.4/16.0GB (46%) swap=0.3/2.9GB (10%) cpu=78% browser_rss=0.74GB
  Frame 8 saved (frame_007.jpg, t=14.2s)
  [capture-periodic] freeze=9ms shot=159ms unfreeze=8ms saved=True
  Frame 9 saved (frame_008.jpg, t=16.5s)
  [capture-periodic] freeze=6ms shot=137ms unfreeze=8ms saved=True
  Frame 10 saved (frame_009.jpg, t=19.1s)
  [capture-periodic] freeze=5ms shot=302ms unfreeze=5ms saved=True
  [capture-loop] iter=150 t=20.7s state={'complete': False, 'error': None, 'executedCount': 1, 'wsState': 1} eval_ms=7 ram=6.5/16.0GB (41%) swap=0.3/2.9GB (10%) cpu=39% browser_rss=0.76GB
  Frame 11 saved (frame_010.jpg, t=22.1s)
  [capture-periodic] freeze=8ms shot=110ms unfreeze=5ms saved=True
  Frame 12 saved (frame_011.jpg, t=24.3s)
  [capture-periodic] freeze=3ms shot=119ms unfreeze=5ms saved=True
  Frame 13 saved (frame_012.jpg, t=26.5s)
  [capture-periodic] freeze=4ms shot=125ms unfreeze=9ms saved=True
  [capture-loop] iter=200 t=27.2s state={'complete': False, 'error': None, 'executedCount': 1, 'wsState': 1} eval_ms=5 ram=6.5/16.0GB (40%) swap=0.3/2.9GB (10%) cpu=37% browser_rss=0.77GB
  [capture-loop] iter=250 t=33.1s state={'complete': False, 'error': None, 'executedCount': 1, 'wsState': 1} eval_ms=7 ram=6.7/16.0GB (42%) swap=0.3/2.9GB (10%) cpu=58% browser_rss=0.77GB
  [capture-loop] iter=300 t=39.4s state={'complete': False, 'error': None, 'executedCount': 1, 'wsState': 1} eval_ms=6 ram=6.5/16.0GB (41%) swap=0.3/2.9GB (10%) cpu=75% browser_rss=0.65GB
  [capture-loop] iter=350 t=45.6s state={'complete': False, 'error': None, 'executedCount': 1, 'wsState': 1} eval_ms=5 ram=6.6/16.0GB (41%) swap=0.3/2.9GB (10%) cpu=70% browser_rss=0.65GB
  [capture-loop] iter=400 t=51.7s state={'complete': False, 'error': None, 'executedCount': 1, 'wsState': 1} eval_ms=7 ram=8.0/16.0GB (50%) swap=0.3/2.9GB (10%) cpu=69% browser_rss=0.62GB
  [capture-loop] iter=450 t=57.8s state={'complete': False, 'error': None, 'executedCount': 1, 'wsState': 1} eval_ms=5 ram=7.2/16.0GB (45%) swap=0.3/2.9GB (10%) cpu=64% browser_rss=0.62GB
  [capture-loop] iter=500 t=63.8s state={'complete': False, 'error': None, 'executedCount': 1, 'wsState': 1} eval_ms=6 ram=7.0/16.0GB (44%) swap=0.3/2.9GB (10%) cpu=68% browser_rss=0.61GB
  [capture-loop] iter=550 t=69.9s state={'complete': False, 'error': None, 'executedCount': 1, 'wsState': 1} eval_ms=8 ram=7.3/16.0GB (46%) swap=0.3/2.9GB (10%) cpu=71% browser_rss=0.62GB
  [capture-loop] iter=600 t=76.0s state={'complete': False, 'error': None, 'executedCount': 1, 'wsState': 1} eval_ms=7 ram=7.6/16.0GB (48%) swap=0.3/2.9GB (10%) cpu=71% browser_rss=0.61GB
  Node executed (3 total), capturing...
  Frame 14 saved (frame_013.jpg, t=78.3s)
  [capture-node] freeze=5ms shot=146ms unfreeze=0ms saved=True
  Execution complete (t=78.3s)
  Captured 14 unique frames over 78.51s
  [debug] iframes: 0
  [timing] trigger_3d_previews: 0.0s
  Saved high-quality screenshot: image_seg_point_executed.png
  [timing] final_screenshot: 0.2s
    Captured 15 video frames