Capturing execution frames: scene_seg.json
  Frame 1 saved (frame_000.jpg, t=0.0s)
  Validating workflow...
  [ComfyUI] === /validate endpoint called ===
  [ComfyUI] Received JSON with keys: ['prompt']
  [ComfyUI] Prompt has 10 nodes
  [ComfyUI]   Node 1: LoadImage
  [ComfyUI]     Inputs: {"image": "image.png"}
  [ComfyUI]   Node 3: PreviewImage
  [ComfyUI]     Inputs: {"images": ["27", 1]}
  [ComfyUI]   Node 4: MaskPreview
  [ComfyUI]     Inputs: {"mask": ["27", 0]}
  Queuing workflow for execution...
  [ComfyUI]   Node 12: LoadSAM3Model
  [ComfyUI]     Inputs: {"precision": "fp32", "compile": false}
  [ComfyUI]   Node 20: SAM3MultiRegionCollector
  [ComfyUI]     Inputs: {"multi_prompts_store": "[{\"positive_points\":[{\"x\":5052.74953932266,\"y\":2847.0600693869637},{\"x\":4932.510591392486,\"y\":2953.9413227753366},{\"x\":4718.752461738845,\"y\":2967.301479448883},{
  [ComfyUI]   Node 22: MultibandFromBatch
  [ComfyUI]     Inputs: {"images": ["1", 0], "masks": ["27", 0]}
  [ComfyUI]   Node 23: MultibandSave
  [ComfyUI]     Inputs: {"file_path": "output/multiband", "format": "npz", "multiband": ["26", 0]}
  [ComfyUI]   Node 24: MultibandPreview
  [ComfyUI]     Inputs: {"channel_index": 0, "multiband": ["26", 0]}
  [ComfyUI]   Node 26: MultibandResize
  [ComfyUI]     Inputs: {"upscale_method": "nearest-exact", "width": 900, "height": 600, "crop": "center", "multiband": ["22", 0]}
  [ComfyUI]   Node 27: SAM3MultipromptSegmentation
  [ComfyUI]     Inputs: {"refinement_iterations": 0, "use_multimask": false, "sam3_model_config": ["12", 0], "image": ["1", 0], "multi_prompts": ["20", 0]}
  [ComfyUI] Generated prompt_id: ead11f15-0991-4981-b2a5-639b4607eafe
  [ComfyUI] Calling execution.validate_prompt()...
  [ComfyUI] Validation result: valid=True
  [ComfyUI] === Validation PASSED ===
  [ComfyUI] got prompt
  [ComfyUI] [comfy-env] Running SAM3MultiRegionCollector: multi_prompts_store: '[{"positive_points":[{"x":5052.74953932266,"y":2847.0600..., image: torch.float32 [1,4480,6720,3] cpu
  [ComfyUI] [SubprocessWorker] call_method: nodes.sam3_interactive.SAM3MultiRegionCollector.EXECUTE_NORMALIZED
  [ComfyUI] [SubprocessWorker] acquired lock, ensuring started...
  [ComfyUI] [ComfyUI-SAM3] Health check: ping (timeout=5.0s)...
  [ComfyUI] [ComfyUI-SAM3] Health check: ok
  [ComfyUI] [SubprocessWorker] worker started/confirmed
  [ComfyUI] [comfy-env] PRE-SERIALIZE 'image' shape: torch.Size([1, 4480, 6720, 3])
  [ComfyUI] [SubprocessWorker] serializing kwargs to shm...
  [ComfyUI] [SubprocessWorker] created 0 shm blocks
  [ComfyUI] [SubprocessWorker] sending request via socket...
  [ComfyUI] [SubprocessWorker] call_id=6 sending call_method
  [ComfyUI] [worker:ComfyUI-SAM3] [comfy-env] _from_shm got dict with keys: ['__type__', 'strategy', 'manager_path', 'storage_key', 'storage_size']
  [ComfyUI] [worker:ComfyUI-SAM3] [comfy-env] DESERIALIZE TensorRef: tensor_size=[1, 4480, 6720, 3]
  [ComfyUI] [worker:ComfyUI-SAM3] [comfy-env] DESERIALIZED tensor shape: torch.Size([1, 4480, 6720, 3])
  [ComfyUI] [SubprocessWorker] got response: ok
  [ComfyUI] [comfy-env] SAM3MultiRegionCollector done (1.15s): result: NodeOutput
  [ComfyUI] [comfy-env] Running LoadSAM3Model: precision: 'fp32', compile: False
  [ComfyUI] [SubprocessWorker] call_method: nodes.load_model.LoadSAM3Model.EXECUTE_NORMALIZED
  [ComfyUI] [SubprocessWorker] acquired lock, ensuring started...
  [ComfyUI] [ComfyUI-SAM3] Health check: ping (timeout=5.0s)...
  [ComfyUI] [ComfyUI-SAM3] Health check: ok
  [ComfyUI] [SubprocessWorker] worker started/confirmed
  [ComfyUI] [SubprocessWorker] serializing kwargs to shm...
  [ComfyUI] [SubprocessWorker] created 0 shm blocks
  [ComfyUI] [SubprocessWorker] sending request via socket...
  [ComfyUI] [SubprocessWorker] call_id=7 sending call_method
  Frame 2 saved (frame_001.jpg, t=2.2s)
  [capture-periodic] freeze=5ms shot=123ms unfreeze=5ms saved=True
  [ComfyUI] [SubprocessWorker] got response: ok
  [ComfyUI] [comfy-env] LoadSAM3Model done (0.24s): result: NodeOutput
  [ComfyUI] [comfy-env] Running SAM3MultipromptSegmentation: refinement_iterations: 0, use_multimask: False, sam3_model_config: dict, image: torch.float32 [1,4480,6720,3] cpu, multi_prompts: list[7]
  [ComfyUI] [SubprocessWorker] call_method: nodes.segmentation.SAM3MultipromptSegmentation.EXECUTE_NORMALIZED
  [ComfyUI] [SubprocessWorker] acquired lock, ensuring started...
  [ComfyUI] [ComfyUI-SAM3] Health check: ping (timeout=5.0s)...
  [ComfyUI] [ComfyUI-SAM3] Health check: ok
  [ComfyUI] [SubprocessWorker] worker started/confirmed
  [ComfyUI] [comfy-env] PRE-SERIALIZE 'image' shape: torch.Size([1, 4480, 6720, 3])
  [ComfyUI] [SubprocessWorker] serializing kwargs to shm...
  [ComfyUI] [SubprocessWorker] created 0 shm blocks
  [ComfyUI] [SubprocessWorker] sending request via socket...
  [ComfyUI] [SubprocessWorker] call_id=8 sending call_method
  [ComfyUI] [worker:ComfyUI-SAM3] [comfy-env] _from_shm got dict with keys: ['__type__', 'strategy', 'manager_path', 'storage_key', 'storage_size']
  [ComfyUI] [worker:ComfyUI-SAM3] [comfy-env] DESERIALIZE TensorRef: tensor_size=[1, 4480, 6720, 3]
  [ComfyUI] [worker:ComfyUI-SAM3] [comfy-env] DESERIALIZED tensor shape: torch.Size([1, 4480, 6720, 3])
  [ComfyUI] [SubprocessWorker] callback 'request_vram_budget' from call_id=8
  [ComfyUI] [comfy-env] VRAM request: 3.50GB, free before eviction: 7.64GB
  [ComfyUI] [comfy-env] VRAM after eviction: 7.64GB
  Node executed (1 total), capturing...
  Frame 3 saved (frame_002.jpg, t=3.0s)
  [capture-node] freeze=4ms shot=225ms unfreeze=7ms saved=True
  Frame 4 saved (frame_003.jpg, t=5.4s)
  [capture-periodic] freeze=5ms shot=172ms unfreeze=20ms saved=True
  [capture-loop] iter=50 t=6.8s state={'complete': False, 'error': None, 'executedCount': 1, 'wsState': 1} eval_ms=5 ram=9.2/16.0GB (57%) swap=1.0/2.9GB (34%) cpu=39% browser_rss=1.57GB
  [capture-loop] iter=100 t=12.9s state={'complete': False, 'error': None, 'executedCount': 1, 'wsState': 1} eval_ms=5 ram=9.2/16.0GB (57%) swap=1.0/2.9GB (34%) cpu=62% browser_rss=1.54GB
  [capture-loop] iter=150 t=18.9s state={'complete': False, 'error': None, 'executedCount': 1, 'wsState': 1} eval_ms=5 ram=8.2/16.0GB (51%) swap=2.0/2.9GB (68%) cpu=66% browser_rss=0.89GB
  [capture-loop] iter=200 t=25.1s state={'complete': False, 'error': None, 'executedCount': 1, 'wsState': 1} eval_ms=6 ram=8.1/16.0GB (51%) swap=1.8/2.9GB (63%) cpu=60% browser_rss=0.98GB
  [ComfyUI] [worker:ComfyUI-SAM3]
  [ComfyUI] === WATCHDOG TICK 4 ===
  [ComfyUI] [worker:ComfyUI-SAM3] Current thread 0x000023c4 (most recent call first):
  [ComfyUI]   File "C:\Users\RUNNER~1\AppData\Local\Temp\comfyui_pvenv_0uhsbouh\persistent_worker.py", line 52 in _watchdog
  [ComfyUI]   File "C:\ce\.pixi\envs\sam3-nodes\Lib\threading.py", line 995 in run
  [ComfyUI]   File "C:\ce\.pixi\envs\sam3-nodes\Lib\threading.py", line 1044 in _bootstrap_inner
  [ComfyUI]   File "C:\ce\.pixi\envs\sam3-nodes\Lib\threading.py", line 1015 in _bootstrap
  [ComfyUI] 
  [ComfyUI] Thread 0x00001db8 (most recent call first):
  [ComfyUI]   File "D:\a\comfy-gpu-ci\comfy-gpu-ci\test_workspaces\SAM3-0030\portable-comfyui\ComfyUI_windows_portable\ComfyUI\custom_nodes\ComfyUI-SAM3\nodes\sam3\model.py", line 740 in forward
  [ComfyUI]   File "C:\ce\.pixi\envs\sam3-nodes\Lib\site-packages\torch\nn\modules\module.py", line 1790 in _call_impl
  [ComfyUI]   File "C:\ce\.pixi\envs\sam3-nodes\Lib\site-packages\torch\nn\modules\module.py", line 1779 in _wrapped_call_impl
  [ComfyUI]   File "D:\a\comfy-gpu-ci\comfy-gpu-ci\test_workspaces\SAM3-0030\portable-comfyui\ComfyUI_windows_portable\ComfyUI\custom_nodes\ComfyUI-SAM3\nodes\sam3\model.py", line 819 in forward
  [ComfyUI]   File "C:\ce\.pixi\envs\sam3-nodes\Lib\site-packages\torch\nn\modules\module.py", line 1790 in _call_impl
  [ComfyUI]   File "C:\ce\.pixi\envs\sam3-nodes\Lib\site-packages\torch\nn\modules\module.py", line 1779 in _wrapped_call_impl
  [ComfyUI]   File "D:\a\comfy-gpu-ci\comfy-gpu-ci\test_workspaces\SAM3-0030\portable-comfyui\ComfyUI_windows_portable\ComfyUI\custom_nodes\ComfyUI-SAM3\nodes\sam3\model.py", line 983 in forward
  [ComfyUI]   File "C:\ce\.pixi\envs\sam3-nodes\Lib\site-packages\torch\nn\modules\module.py", line 1790 in _call_impl
  [ComfyUI]   File "C:\ce\.pixi\envs\sam3-nodes\Lib\site-packages\torch\nn\modules\module.py", line 1779 in _wrapped_call_impl
  [ComfyUI]   File "D:\a\comfy-gpu-ci\comfy-gpu-ci\test_workspaces\SAM3-0030\portable-comfyui\ComfyUI_windows_portable\ComfyUI\custom_nodes\ComfyUI-SAM3\nodes\sam3\model.py", line 2041 in forward
  [ComfyUI]   File "D:\a\comfy-gpu-ci\comfy-gpu-ci\test_workspaces\SAM3-0030\portable-comfyui\ComfyUI_windows_portable\ComfyUI\custom_nodes\ComfyUI-SAM3\nodes\sam3\model.py", line 3321 in _forward_image_no_act_ckpt
  [ComfyUI]   File "D:\a\comfy-gpu-ci\comfy-gpu-ci\test_workspaces\SAM3-0030\portable-comfyui\ComfyUI_windows_portable\ComfyUI\custom_nodes\ComfyUI-SAM3\nodes\sam3\model.py", line 3314 in forward_image
  [ComfyUI]   File "D:\a\comfy-gpu-ci\comfy-gpu-ci\test_workspaces\SAM3-0030\portable-comfyui\ComfyUI_windows_portable\ComfyUI\custom_nodes\ComfyUI-SAM3\nodes\sam3\utils.py", line 1324 in set_image
  [ComfyUI]   File "C:\ce\.pixi\envs\sam3-nodes\Lib\site-packages\torch\utils\_contextlib.py", line 124 in decorate_context
  [ComfyUI]   File "D:\a\comfy-gpu-ci\comfy-gpu-ci\test_workspaces\SAM3-0030\portable-comfyui\ComfyUI_windows_portable\ComfyUI\custom_nodes\ComfyUI-SAM3\nodes\segmentation.py", line 733 in execute
  [ComfyUI]   File "D:\a\comfy-gpu-ci\comfy-gpu-ci\test_workspaces\SAM3-0030\portable-comfyui\ComfyUI_windows_portable\ComfyUI\comfy_api\latest\_io.py", line 1826 in EXECUTE_NORMALIZED
  [ComfyUI]   File "C:\Users\RUNNER~1\AppData\Local\Temp\comfyui_pvenv_0uhsbouh\persistent_worker.py", line 1762 in main
  [ComfyUI]   File "C:\Users\RUNNER~1\AppData\Local\Temp\comfyui_pvenv_0uhsbouh\persistent_worker.py", line 1807 in <module>
  [ComfyUI] 
  [ComfyUI] [worker:ComfyUI-SAM3] === END ===
  [ComfyUI] 
  [capture-loop] iter=250 t=31.2s state={'complete': False, 'error': None, 'executedCount': 1, 'wsState': 1} eval_ms=8 ram=9.3/16.0GB (58%) swap=1.8/2.9GB (63%) cpu=62% browser_rss=0.98GB
  [capture-loop] iter=300 t=37.2s state={'complete': False, 'error': None, 'executedCount': 1, 'wsState': 1} eval_ms=6 ram=8.0/16.0GB (50%) swap=1.8/2.9GB (62%) cpu=63% browser_rss=0.98GB
  [capture-loop] iter=350 t=43.3s state={'complete': False, 'error': None, 'executedCount': 1, 'wsState': 1} eval_ms=8 ram=8.0/16.0GB (50%) swap=1.8/2.9GB (62%) cpu=60% browser_rss=0.98GB
  [capture-loop] iter=400 t=49.4s state={'complete': False, 'error': None, 'executedCount': 1, 'wsState': 1} eval_ms=6 ram=8.0/16.0GB (50%) swap=1.8/2.9GB (62%) cpu=73% browser_rss=0.98GB
  [capture-loop] iter=450 t=55.4s state={'complete': False, 'error': None, 'executedCount': 1, 'wsState': 1} eval_ms=6 ram=8.1/16.0GB (51%) swap=1.8/2.9GB (62%) cpu=69% browser_rss=0.98GB
  [capture-loop] iter=500 t=61.5s state={'complete': False, 'error': None, 'executedCount': 1, 'wsState': 1} eval_ms=6 ram=8.4/16.0GB (52%) swap=1.8/2.9GB (62%) cpu=72% browser_rss=0.98GB
  [capture-loop] iter=550 t=68.0s state={'complete': False, 'error': None, 'executedCount': 1, 'wsState': 1} eval_ms=5 ram=8.4/16.0GB (52%) swap=1.8/2.9GB (62%) cpu=89% browser_rss=0.98GB
  [ComfyUI] [SubprocessWorker] callback 'report_progress' from call_id=8
  [ComfyUI] [SubprocessWorker] callback 'report_progress' from call_id=8
  Frame 5 saved (frame_004.jpg, t=69.0s)
  [capture-periodic] freeze=6ms shot=183ms unfreeze=13ms saved=True
  [ComfyUI] [SubprocessWorker] callback 'report_progress' from call_id=8
  [ComfyUI] [SubprocessWorker] callback 'report_progress' from call_id=8
  [ComfyUI] [SubprocessWorker] callback 'report_progress' from call_id=8
  [ComfyUI] [SubprocessWorker] callback 'report_progress' from call_id=8
  Frame 6 saved (frame_005.jpg, t=71.3s)
  [capture-periodic] freeze=6ms shot=206ms unfreeze=6ms saved=True
  [ComfyUI] [SubprocessWorker] callback 'report_progress' from call_id=8
  Frame 7 saved (frame_006.jpg, t=73.6s)
  [capture-periodic] freeze=5ms shot=191ms unfreeze=18ms saved=True
  [capture-loop] iter=600 t=74.4s state={'complete': False, 'error': None, 'executedCount': 1, 'wsState': 1} eval_ms=6 ram=11.1/16.0GB (69%) swap=1.8/2.9GB (62%) cpu=81% browser_rss=1.00GB
  [capture-loop] iter=650 t=80.4s state={'complete': False, 'error': None, 'executedCount': 1, 'wsState': 1} eval_ms=6 ram=10.9/16.0GB (68%) swap=1.8/2.9GB (62%) cpu=74% browser_rss=1.00GB
  [ComfyUI] [SubprocessWorker] got response: ok
  [ComfyUI] [comfy-env] SAM3MultipromptSegmentation done (79.65s): result: NodeOutput
  Frame 8 saved (frame_007.jpg, t=82.7s)
  [capture-periodic] freeze=3ms shot=157ms unfreeze=7ms saved=True
  [capture-loop] iter=700 t=86.5s state={'complete': False, 'error': None, 'executedCount': 1, 'wsState': 1} eval_ms=6 ram=9.7/16.0GB (61%) swap=1.8/2.9GB (61%) cpu=41% browser_rss=1.00GB
  Node executed (2 total), capturing...
  Frame 9 saved (frame_008.jpg, t=88.0s)
  [capture-node] freeze=6ms shot=154ms unfreeze=5ms saved=True
  [ComfyUI] BatchToMultiband: Processed 1 images with 3 channels each -> 3 channels
  [ComfyUI] BatchToMultiband: Processed 7 masks -> 7 channels
  Node executed (3 total), capturing...
  [ComfyUI] BatchToMultiband: Output shape torch.Size([1, 10, 4480, 6720]), channels: ['img_01_r', 'img_01_g', 'img_01_b', 'mask_01', 'mask_02', 'mask_03', 'mask_04', 'mask_05', 'mask_06', 'mask_07']
  [ComfyUI] ResizeMultiband: 4480x6720 -> 600x900
  [ComfyUI] PreviewMultibandImage: Batch=1, Channels=10, Names=['img_01_r', 'img_01_g', 'img_01_b', 'mask_01', 'mask_02', 'mask_03', 'mask_04', 'mask_05', 'mask_06', 'mask_07']
  Frame 10 saved (frame_009.jpg, t=89.9s)
  [capture-node] freeze=154ms shot=724ms unfreeze=7ms saved=True
  [ComfyUI] SaveMultibandImage: Saved to output/multiband.npz
  [ComfyUI]   Shape: (1, 10, 600, 900)
  [ComfyUI]   Format: npz
  [ComfyUI] Prompt executed in 90.72 seconds
  Node executed (4 total), capturing...
  Frame 11 saved (frame_010.jpg, t=91.1s)
  [capture-node] freeze=5ms shot=179ms unfreeze=0ms saved=True
  Execution complete (t=91.1s)
  Captured 11 unique frames over 91.32s
  [debug] iframes: 0
  [timing] trigger_3d_previews: 0.0s
  Saved high-quality screenshot: scene_seg_executed.png
  [timing] final_screenshot: 0.3s
    Captured 12 video frames