Capturing execution frames: scene_seg_interactive.json
  Frame 1 saved (frame_000.jpg, t=0.0s)
  Validating workflow...
  Queuing workflow for execution...
  Frame 2 saved (frame_001.jpg, t=2.3s)
  [capture-periodic] freeze=5ms shot=123ms unfreeze=6ms saved=True
  Frame 3 saved (frame_002.jpg, t=4.5s)
  [capture-periodic] freeze=3ms shot=120ms unfreeze=6ms saved=True
  [capture-loop] iter=50 t=5.9s state={'complete': False, 'error': None, 'executedCount': 0, 'wsState': 1} eval_ms=5 ram=5.9/16.0GB (37%) swap=1.9/2.9GB (65%) cpu=41% browser_rss=1.19GB
  Frame 4 saved (frame_003.jpg, t=11.2s)
  [capture-periodic] freeze=4ms shot=111ms unfreeze=4ms saved=True
  [capture-loop] iter=100 t=11.8s state={'complete': False, 'error': None, 'executedCount': 0, 'wsState': 1} eval_ms=4 ram=5.9/16.0GB (37%) swap=2.1/2.9GB (73%) cpu=41% browser_rss=1.11GB
  [capture-loop] iter=150 t=17.6s state={'complete': False, 'error': None, 'executedCount': 0, 'wsState': 1} eval_ms=7 ram=6.3/16.0GB (39%) swap=2.3/2.9GB (79%) cpu=47% browser_rss=1.10GB
  [capture-loop] iter=200 t=23.7s state={'complete': False, 'error': None, 'executedCount': 0, 'wsState': 1} eval_ms=6 ram=7.6/16.0GB (48%) swap=2.3/2.9GB (78%) cpu=67% browser_rss=1.09GB
  [capture-loop] iter=250 t=29.7s state={'complete': False, 'error': None, 'executedCount': 0, 'wsState': 1} eval_ms=5 ram=6.6/16.0GB (41%) swap=2.2/2.9GB (78%) cpu=67% browser_rss=1.10GB
  [capture-loop] iter=300 t=36.0s state={'complete': False, 'error': None, 'executedCount': 0, 'wsState': 1} eval_ms=5 ram=7.2/16.0GB (45%) swap=2.2/2.9GB (78%) cpu=83% browser_rss=1.10GB
  [capture-loop] iter=350 t=41.9s state={'complete': False, 'error': None, 'executedCount': 0, 'wsState': 1} eval_ms=7 ram=7.3/16.0GB (46%) swap=2.2/2.9GB (78%) cpu=75% browser_rss=1.03GB
  [capture-loop] iter=400 t=48.1s state={'complete': False, 'error': None, 'executedCount': 0, 'wsState': 1} eval_ms=7 ram=7.2/16.0GB (45%) swap=2.2/2.9GB (78%) cpu=80% browser_rss=1.03GB
  [capture-loop] iter=450 t=54.2s state={'complete': False, 'error': None, 'executedCount': 0, 'wsState': 1} eval_ms=7 ram=7.6/16.0GB (47%) swap=2.2/2.9GB (78%) cpu=73% browser_rss=1.03GB
  [capture-loop] iter=500 t=60.3s state={'complete': False, 'error': None, 'executedCount': 0, 'wsState': 1} eval_ms=6 ram=7.7/16.0GB (48%) swap=2.2/2.9GB (78%) cpu=77% browser_rss=1.03GB
  Frame 5 saved (frame_004.jpg, t=64.2s)
  [capture-periodic] freeze=54ms shot=153ms unfreeze=5ms saved=True
  [capture-loop] iter=550 t=66.5s state={'complete': False, 'error': None, 'executedCount': 0, 'wsState': 1} eval_ms=5 ram=9.5/16.0GB (59%) swap=2.2/2.9GB (78%) cpu=85% browser_rss=1.04GB
  Node executed (1 total), capturing...
  Frame 6 saved (frame_005.jpg, t=70.2s)
  [capture-node] freeze=133ms shot=639ms unfreeze=15ms saved=True
  Node executed (2 total), capturing...
  Frame 7 saved (frame_006.jpg, t=71.3s)
  [capture-node] freeze=5ms shot=150ms unfreeze=0ms saved=True
  Execution complete (t=71.3s)
  Captured 7 unique frames over 71.49s
  [debug] iframes: 0
  [timing] trigger_3d_previews: 0.0s
  Saved high-quality screenshot: scene_seg_interactive_executed.png
  [timing] final_screenshot: 0.3s
    Captured 8 video frames