setup plugin alembic.autogenerate.schemas
setup plugin alembic.autogenerate.tables
setup plugin alembic.autogenerate.types
setup plugin alembic.autogenerate.constraints
setup plugin alembic.autogenerate.defaults
setup plugin alembic.autogenerate.comments
[comfy-env] ComfyUI-SAM3: 1 isolation env(s):
[comfy-env]   nodes -> /home/runner/work/comfy-gpu-ci/comfy-gpu-ci/ComfyUI/custom_nodes/ComfyUI-SAM3/nodes
[comfy-env] prestartup complete

Prestartup times for custom nodes:
   0.2 seconds: /home/runner/work/comfy-gpu-ci/comfy-gpu-ci/ComfyUI/custom_nodes/ComfyUI-SAM3

Found comfy_kitchen backend eager: {'available': True, 'disabled': False, 'unavailable_reason': None, 'capabilities': ['apply_rope', 'apply_rope1', 'dequantize_mxfp8', 'dequantize_nvfp4', 'dequantize_per_tensor_fp8', 'quantize_mxfp8', 'quantize_nvfp4', 'quantize_per_tensor_fp8', 'scaled_mm_mxfp8', 'scaled_mm_nvfp4']}
Found comfy_kitchen backend cuda: {'available': False, 'disabled': False, 'unavailable_reason': 'CUDA not available on this system', 'capabilities': []}
Found comfy_kitchen backend triton: {'available': False, 'disabled': True, 'unavailable_reason': 'Neither CUDA nor XPU available on this system', 'capabilities': []}
Checkpoint files will always be loaded safely.
Total VRAM 15989 MB, total RAM 15989 MB
pytorch version: 2.11.0+cu130
Set vram state to: DISABLED
Device: cpu
Using sub quadratic optimization for attention, if you have memory or speed issues try using: --use-split-cross-attention
Python version: 3.12.13 (main, Mar  4 2026, 02:26:36) [GCC 13.3.0]
ComfyUI version: 0.20.1
comfy-aimdo version: 0.3.0
comfy-kitchen version: 0.2.8
****** User settings have been changed to be stored on the server instead of browser storage. ******
****** For multi-user setups add the --multi-user CLI argument to enable multiple user profiles. ******
ComfyUI frontend version: 1.43.17
[Prompt Server] web root: /home/runner/work/comfy-gpu-ci/comfy-gpu-ci/.venv/lib/python3.12/site-packages/comfyui_frontend_package/static
Asset seeder disabled
ComfyUI-Multiband loaded: 15 nodes registered
[comfy-env] Version: 0.3.75
[comfy-env] register_nodes: ComfyUI-SAM3
[comfy-env] ComfyUI source dir: /home/runner/work/comfy-gpu-ci/comfy-gpu-ci/ComfyUI
[comfy-env] Found 1 isolation env(s)
[comfy-env] Scanning nodes metadata (isolation root)...
[comfy-env] Metadata scan: /home/runner/.pixi/bin/pixi run --as-is --manifest-path /home/runner/work/comfy-gpu-ci/comfy-gpu-ci/ComfyUI/.ce/pixi.toml -e sam3-nodes python /tmp/comfy_meta_k_s5ticu.py /home/runner/work/comfy-gpu-ci/comfy-gpu-ci/ComfyUI/custom_nodes/ComfyUI-SAM3 nodes
[comfy-env] Scan env PATH for nodes:
[comfy-env]   [0] /opt/hostedtoolcache/Python/3.12.13/x64/bin
[comfy-env]   [1] /opt/hostedtoolcache/Python/3.12.13/x64
[comfy-env]   [2] /snap/bin
[comfy-env]   [3] /home/runner/.local/bin
[comfy-env]   [4] /opt/pipx_bin
[comfy-env]   [5] /home/runner/.cargo/bin
[comfy-env]   [6] /home/runner/.config/composer/vendor/bin
[comfy-env]   [7] /usr/local/.ghcup/bin
[comfy-env]   [8] /home/runner/.dotnet/tools
[comfy-env]   [9] /usr/local/sbin
[comfy-env]   [10] /usr/local/bin
[comfy-env]   [11] /usr/sbin
[comfy-env]   [12] /usr/bin
[comfy-env]   [13] /sbin
[comfy-env]   [14] /bin
[comfy-env]   [15] /usr/games
[comfy-env]   [16] /usr/local/games
[comfy-env]   [17] /snap/bin
[comfy-env] Metadata scan stderr for nodes:
[comfy-env]   [meta-scan] importing nodes from /home/runner/work/comfy-gpu-ci/comfy-gpu-ci/ComfyUI/custom_nodes/ComfyUI-SAM3
[comfy-env]   [meta-scan] import OK
[comfy-env] Scanned nodes: 15 nodes (6.7s)
[comfy-env] Scanned nodes root: 15 nodes (6.7s)
[comfy-env] Registered proxy route: POST /sam3/interactive_segment_one -> nodes.sam3_interactive._api_segment_one
[comfy-env] Imported nodes root: 15 nodes (isolation)
[comfy-env] Registered 15 total nodes

Import times for custom nodes:
   0.0 seconds: /home/runner/work/comfy-gpu-ci/comfy-gpu-ci/ComfyUI/custom_nodes/websocket_image_save.py
   0.0 seconds: /home/runner/work/comfy-gpu-ci/comfy-gpu-ci/ComfyUI/custom_nodes/ComfyUI-validate-endpoint
   0.0 seconds: /home/runner/work/comfy-gpu-ci/comfy-gpu-ci/ComfyUI/custom_nodes/ComfyUI-Multiband
   0.0 seconds: /home/runner/work/comfy-gpu-ci/comfy-gpu-ci/ComfyUI/custom_nodes/ComfyUI-VideoHelperSuite
   6.9 seconds: /home/runner/work/comfy-gpu-ci/comfy-gpu-ci/ComfyUI/custom_nodes/ComfyUI-SAM3

Context impl SQLiteImpl.
Will assume non-transactional DDL.
Context impl SQLiteImpl.
Will assume non-transactional DDL.
Running upgrade  -> 0001_assets, Initial assets schema
Revision ID: 0001_assets
Revises: None
Create Date: 2025-12-10 00:00:00
Running upgrade 0001_assets -> 0002_merge_to_asset_references, Merge AssetInfo and AssetCacheState into unified asset_references table.
Running upgrade 0002_merge_to_asset_references -> 0003_add_metadata_job_id, Add system_metadata and job_id columns to asset_references.
Change preview_id FK from assets.id to asset_references.id.
Database upgraded from None to 0003_add_metadata_job_id
Starting server

To see the GUI go to: http://127.0.0.1:8188
[DEPRECATION WARNING] Detected import of deprecated legacy API: /extensions/core/widgetInputs.js. This is likely caused by a custom node extension using outdated APIs. Please update your extensions or contact the extension author for an updated version.
=== /validate endpoint called ===
Received JSON with keys: ['prompt']
Prompt has 6 nodes
  Node 1: LoadImage
    Inputs: {"image": "example_image.jpg"}
  Node 15: SAM3PointCollector
    Inputs: {"points_store": "{\"positive\":[{\"x\":426.27735719657574,\"y\":321.42611685978835},{\"x\":417.13743597288953,\"y\":407.3413796907987},{\"x\":431.76130993078743,\"y\":549.9241563039649}],\"negative\"
  Node 28: PreviewImage
    Inputs: {"images": ["31", 2]}
  Node 29: MaskPreview
    Inputs: {"mask": ["31", 0]}
  Node 30: LoadSAM3Model
    Inputs: {"precision": "auto", "compile": false}
  Node 31: SAM3Segmentation
    Inputs: {"refinement_iterations": 0, "use_multimask": true, "output_best_mask": true, "sam3_model_config": ["30", 0], "image": ["1", 0], "positive_points": ["15", 0], "negative_points": ["15", 1]}
Generated prompt_id: ed031de9-cf8a-413c-917b-56d98f5d3fc1
Calling execution.validate_prompt()...
Validation result: valid=True
=== Validation PASSED ===
got prompt
[comfy-env] Running SAM3PointCollector: points_store: '{"positive":[{"x":426.27735719657574,"y":321.42611685978..., coordinates: '[{"x":426.27735719657574,"y":321.42611685978835},{"x":41..., neg_coordinates: '[]', image: torch.float32 [1,720,1280,3] cpu
[comfy-env] SubprocessWorker: /home/runner/work/comfy-gpu-ci/comfy-gpu-ci/ComfyUI/.ce/.pixi/envs/sam3-nodes/bin/python
[comfy-env] env_vars: {'COMFYUI_BASE': '/home/runner/work/comfy-gpu-ci/comfy-gpu-ci/ComfyUI'}
[SubprocessWorker] call_method: nodes.sam3_interactive.SAM3PointCollector.EXECUTE_NORMALIZED
[SubprocessWorker] acquired lock, ensuring started...
[ComfyUI-SAM3] python: /home/runner/work/comfy-gpu-ci/comfy-gpu-ci/ComfyUI/.ce/.pixi/envs/sam3-nodes/bin/python
[ComfyUI-SAM3] sys_path sent to worker: ['/home/runner/work/comfy-gpu-ci/comfy-gpu-ci/ComfyUI', '/home/runner/work/comfy-gpu-ci/comfy-gpu-ci/ComfyUI/custom_nodes/ComfyUI-SAM3', '/home/runner/work/comfy-gpu-ci/comfy-gpu-ci/ComfyUI/.ce/.pixi/envs/sam3-nodes/lib/python3.12/site-packages', '/home/runner/work/comfy-gpu-ci/comfy-gpu-ci/ComfyUI/custom_nodes/ComfyUI-SAM3']
[SubprocessWorker] is_pixi=True, python=/home/runner/work/comfy-gpu-ci/comfy-gpu-ci/ComfyUI/.ce/.pixi/envs/sam3-nodes/bin/python
[SubprocessWorker] launching cmd=['/home/runner/.pixi/bin/pixi', 'run', '--as-is', '--manifest-path', '/home/runner/work/comfy-gpu-ci/comfy-gpu-ci/ComfyUI/.ce/pixi.toml', '-e', 'sam3-nodes', 'python', '/tmp/comfyui_pvenv_pd68p19m/persistent_worker.py', 'abstract://comfy_worker_981e715a12b1']...
[SubprocessWorker] socket_addr=abstract://comfy_worker_981e715a12b1 (abstract, no filesystem path)
[SubprocessWorker] worker started/confirmed
[comfy-env] PRE-SERIALIZE 'image' shape: torch.Size([1, 720, 1280, 3])
[SubprocessWorker] serializing kwargs to shm...
[SubprocessWorker] created 0 shm blocks
[SubprocessWorker] sending request via socket...
[SubprocessWorker] call_id=1 sending call_method
[worker:ComfyUI-SAM3] [comfy-env] _from_shm got dict with keys: ['__type__', 'strategy', 'parent_pid', 'fd', 'storage_size']
[worker:ComfyUI-SAM3] [comfy-env] DESERIALIZE TensorRef: tensor_size=[1, 720, 1280, 3]
[worker:ComfyUI-SAM3] [comfy-env] DESERIALIZED tensor shape: torch.Size([1, 720, 1280, 3])
[SubprocessWorker] got response: ok
[comfy-env] SAM3PointCollector done (2.43s): result: NodeOutput
[comfy-env] Running LoadSAM3Model: precision: 'auto', compile: False
[SubprocessWorker] call_method: nodes.load_model.LoadSAM3Model.EXECUTE_NORMALIZED
[SubprocessWorker] acquired lock, ensuring started...
[ComfyUI-SAM3] Health check: ping (timeout=5.0s)...
[ComfyUI-SAM3] Health check: ok
[SubprocessWorker] worker started/confirmed
[SubprocessWorker] serializing kwargs to shm...
[SubprocessWorker] created 0 shm blocks
[SubprocessWorker] sending request via socket...
[SubprocessWorker] call_id=2 sending call_method
[worker:ComfyUI-SAM3] [SAM3] Model not found at /home/runner/work/comfy-gpu-ci/comfy-gpu-ci/ComfyUI/models/sam3/sam3.safetensors, downloading from HuggingFace...
[worker:ComfyUI-SAM3] [SAM3] Downloading sam3.safetensors from apozz/sam3-safetensors...
[SubprocessWorker] callback 'report_progress' from call_id=2
[SubprocessWorker] callback 'report_progress' from call_id=2
[SubprocessWorker] callback 'report_progress' from call_id=2
[SubprocessWorker] callback 'report_progress' from call_id=2
[SubprocessWorker] callback 'report_progress' from call_id=2
[SubprocessWorker] callback 'report_progress' from call_id=2
[SubprocessWorker] callback 'report_progress' from call_id=2
[SubprocessWorker] callback 'report_progress' from call_id=2
[SubprocessWorker] callback 'report_progress' from call_id=2
[SubprocessWorker] callback 'report_progress' from call_id=2
[worker:ComfyUI-SAM3] [SAM3] Download progress: 10%
[SubprocessWorker] callback 'report_progress' from call_id=2
[SubprocessWorker] callback 'report_progress' from call_id=2
[SubprocessWorker] callback 'report_progress' from call_id=2
[SubprocessWorker] callback 'report_progress' from call_id=2
[SubprocessWorker] callback 'report_progress' from call_id=2
[SubprocessWorker] callback 'report_progress' from call_id=2
[SubprocessWorker] callback 'report_progress' from call_id=2
[SubprocessWorker] callback 'report_progress' from call_id=2
[SubprocessWorker] callback 'report_progress' from call_id=2
[SubprocessWorker] callback 'report_progress' from call_id=2
[worker:ComfyUI-SAM3] [SAM3] Download progress: 20%
[SubprocessWorker] callback 'report_progress' from call_id=2
[SubprocessWorker] callback 'report_progress' from call_id=2
[SubprocessWorker] callback 'report_progress' from call_id=2
[SubprocessWorker] callback 'report_progress' from call_id=2
[SubprocessWorker] callback 'report_progress' from call_id=2
[SubprocessWorker] callback 'report_progress' from call_id=2
[SubprocessWorker] callback 'report_progress' from call_id=2
[SubprocessWorker] callback 'report_progress' from call_id=2
[SubprocessWorker] callback 'report_progress' from call_id=2
[SubprocessWorker] callback 'report_progress' from call_id=2
[worker:ComfyUI-SAM3] [SAM3] Download progress: 30%
[SubprocessWorker] callback 'report_progress' from call_id=2
[SubprocessWorker] callback 'report_progress' from call_id=2
[SubprocessWorker] callback 'report_progress' from call_id=2
[SubprocessWorker] callback 'report_progress' from call_id=2
[SubprocessWorker] callback 'report_progress' from call_id=2
[SubprocessWorker] callback 'report_progress' from call_id=2
[SubprocessWorker] callback 'report_progress' from call_id=2
[SubprocessWorker] callback 'report_progress' from call_id=2
[SubprocessWorker] callback 'report_progress' from call_id=2
[SubprocessWorker] callback 'report_progress' from call_id=2
[worker:ComfyUI-SAM3] [SAM3] Download progress: 40%
[SubprocessWorker] callback 'report_progress' from call_id=2
[SubprocessWorker] callback 'report_progress' from call_id=2
[SubprocessWorker] callback 'report_progress' from call_id=2
[SubprocessWorker] callback 'report_progress' from call_id=2
[SubprocessWorker] callback 'report_progress' from call_id=2
[SubprocessWorker] callback 'report_progress' from call_id=2
[SubprocessWorker] callback 'report_progress' from call_id=2
[SubprocessWorker] callback 'report_progress' from call_id=2
[SubprocessWorker] callback 'report_progress' from call_id=2
[SubprocessWorker] callback 'report_progress' from call_id=2
[worker:ComfyUI-SAM3] [SAM3] Download progress: 50%
[SubprocessWorker] callback 'report_progress' from call_id=2
[SubprocessWorker] callback 'report_progress' from call_id=2
[SubprocessWorker] callback 'report_progress' from call_id=2
[SubprocessWorker] callback 'report_progress' from call_id=2
[SubprocessWorker] callback 'report_progress' from call_id=2
[SubprocessWorker] callback 'report_progress' from call_id=2
[SubprocessWorker] callback 'report_progress' from call_id=2
[SubprocessWorker] callback 'report_progress' from call_id=2
[SubprocessWorker] callback 'report_progress' from call_id=2
[SubprocessWorker] callback 'report_progress' from call_id=2
[worker:ComfyUI-SAM3] [SAM3] Download progress: 60%
[SubprocessWorker] callback 'report_progress' from call_id=2
[SubprocessWorker] callback 'report_progress' from call_id=2
[SubprocessWorker] callback 'report_progress' from call_id=2
[SubprocessWorker] callback 'report_progress' from call_id=2
[SubprocessWorker] callback 'report_progress' from call_id=2
[SubprocessWorker] callback 'report_progress' from call_id=2
[SubprocessWorker] callback 'report_progress' from call_id=2
[SubprocessWorker] callback 'report_progress' from call_id=2
[SubprocessWorker] callback 'report_progress' from call_id=2
[SubprocessWorker] callback 'report_progress' from call_id=2
[worker:ComfyUI-SAM3] [SAM3] Download progress: 70%
[SubprocessWorker] callback 'report_progress' from call_id=2
[SubprocessWorker] callback 'report_progress' from call_id=2
[SubprocessWorker] callback 'report_progress' from call_id=2
[SubprocessWorker] callback 'report_progress' from call_id=2
[SubprocessWorker] callback 'report_progress' from call_id=2
[SubprocessWorker] callback 'report_progress' from call_id=2
[SubprocessWorker] callback 'report_progress' from call_id=2
[SubprocessWorker] callback 'report_progress' from call_id=2
[SubprocessWorker] callback 'report_progress' from call_id=2
[SubprocessWorker] callback 'report_progress' from call_id=2
[worker:ComfyUI-SAM3] [SAM3] Download progress: 80%
[SubprocessWorker] callback 'report_progress' from call_id=2
[SubprocessWorker] callback 'report_progress' from call_id=2
[SubprocessWorker] callback 'report_progress' from call_id=2
[SubprocessWorker] callback 'report_progress' from call_id=2
[SubprocessWorker] callback 'report_progress' from call_id=2
[SubprocessWorker] callback 'report_progress' from call_id=2
[SubprocessWorker] callback 'report_progress' from call_id=2
[SubprocessWorker] callback 'report_progress' from call_id=2
[SubprocessWorker] callback 'report_progress' from call_id=2
[SubprocessWorker] callback 'report_progress' from call_id=2
[worker:ComfyUI-SAM3] [SAM3] Download progress: 90%
[SubprocessWorker] callback 'report_progress' from call_id=2
[SubprocessWorker] callback 'report_progress' from call_id=2
[SubprocessWorker] callback 'report_progress' from call_id=2
[SubprocessWorker] callback 'report_progress' from call_id=2
[SubprocessWorker] callback 'report_progress' from call_id=2
[SubprocessWorker] callback 'report_progress' from call_id=2
[SubprocessWorker] callback 'report_progress' from call_id=2
[SubprocessWorker] callback 'report_progress' from call_id=2
[SubprocessWorker] callback 'report_progress' from call_id=2
[SubprocessWorker] callback 'report_progress' from call_id=2
[worker:ComfyUI-SAM3] [SAM3] Download progress: 100%
[SubprocessWorker] callback 'report_progress' from call_id=2
[worker:ComfyUI-SAM3] [SAM3] Downloaded sam3.safetensors
[worker:ComfyUI-SAM3] [SAM3] Model downloaded successfully
[SubprocessWorker] got response: ok
[comfy-env] LoadSAM3Model done (39.94s): result: NodeOutput
[comfy-env] Running SAM3Segmentation: refinement_iterations: 0, use_multimask: True, output_best_mask: True, sam3_model_config: dict, image: torch.float32 [1,720,1280,3] cpu, positive_points: dict, negative_points: dict
[SubprocessWorker] call_method: nodes.segmentation.SAM3Segmentation.EXECUTE_NORMALIZED
[SubprocessWorker] acquired lock, ensuring started...
[ComfyUI-SAM3] Health check: ping (timeout=5.0s)...
[ComfyUI-SAM3] Health check: ok
[SubprocessWorker] worker started/confirmed
[comfy-env] PRE-SERIALIZE 'image' shape: torch.Size([1, 720, 1280, 3])
[SubprocessWorker] serializing kwargs to shm...
[SubprocessWorker] created 0 shm blocks
[SubprocessWorker] sending request via socket...
[SubprocessWorker] call_id=3 sending call_method
[worker:ComfyUI-SAM3] [comfy-env] _from_shm got dict with keys: ['__type__', 'strategy', 'parent_pid', 'fd', 'storage_size']
[worker:ComfyUI-SAM3] [comfy-env] DESERIALIZE TensorRef: tensor_size=[1, 720, 1280, 3]
[worker:ComfyUI-SAM3] [comfy-env] DESERIALIZED tensor shape: torch.Size([1, 720, 1280, 3])
[SubprocessWorker] callback 'request_vram_budget' from call_id=3
[comfy-env] VRAM request: 3.50GB, free before eviction: 14.31GB
[comfy-env] VRAM after eviction: 14.31GB
[worker:ComfyUI-SAM3] 
=== WATCHDOG TICK 1 ===
[worker:ComfyUI-SAM3] Current thread 0x00007f4d595a86c0 (most recent call first):
  File "/tmp/comfyui_pvenv_pd68p19m/persistent_worker.py", line 52 in _watchdog
  File "/home/runner/work/comfy-gpu-ci/comfy-gpu-ci/ComfyUI/.ce/.pixi/envs/sam3-nodes/lib/python3.12/threading.py", line 1012 in run
  File "/home/runner/work/comfy-gpu-ci/comfy-gpu-ci/ComfyUI/.ce/.pixi/envs/sam3-nodes/lib/python3.12/threading.py", line 1075 in _bootstrap_inner
  File "/home/runner/work/comfy-gpu-ci/comfy-gpu-ci/ComfyUI/.ce/.pixi/envs/sam3-nodes/lib/python3.12/threading.py", line 1032 in _bootstrap

Thread 0x00007f4d5a0a5740 (most recent call first):
  File "/home/runner/work/comfy-gpu-ci/comfy-gpu-ci/ComfyUI/custom_nodes/ComfyUI-SAM3/nodes/sam3/model.py", line 473 in window_unpartition
  File "/home/runner/work/comfy-gpu-ci/comfy-gpu-ci/ComfyUI/custom_nodes/ComfyUI-SAM3/nodes/sam3/model.py", line 821 in forward
  File "/home/runner/work/comfy-gpu-ci/comfy-gpu-ci/ComfyUI/.ce/.pixi/envs/sam3-nodes/lib/python3.12/site-packages/torch/nn/modules/module.py", line 1790 in _call_impl
  File "/home/runner/work/comfy-gpu-ci/comfy-gpu-ci/ComfyUI/.ce/.pixi/envs/sam3-nodes/lib/python3.12/site-packages/torch/nn/modules/module.py", line 1779 in _wrapped_call_impl
  File "/home/runner/work/comfy-gpu-ci/comfy-gpu-ci/ComfyUI/custom_nodes/ComfyUI-SAM3/nodes/sam3/model.py", line 983 in forward
  File "/home/runner/work/comfy-gpu-ci/comfy-gpu-ci/ComfyUI/.ce/.pixi/envs/sam3-nodes/lib/python3.12/site-packages/torch/nn/modules/module.py", line 1790 in _call_impl
  File "/home/runner/work/comfy-gpu-ci/comfy-gpu-ci/ComfyUI/.ce/.pixi/envs/sam3-nodes/lib/python3.12/site-packages/torch/nn/modules/module.py", line 1779 in _wrapped_call_impl
  File "/home/runner/work/comfy-gpu-ci/comfy-gpu-ci/ComfyUI/custom_nodes/ComfyUI-SAM3/nodes/sam3/model.py", line 2041 in forward
  File "/home/runner/work/comfy-gpu-ci/comfy-gpu-ci/ComfyUI/custom_nodes/ComfyUI-SAM3/nodes/sam3/model.py", line 3312 in _forward_image_no_act_ckpt
  File "/home/runner/work/comfy-gpu-ci/comfy-gpu-ci/ComfyUI/custom_nodes/ComfyUI-SAM3/nodes/sam3/model.py", line 3305 in forward_image
  File "/home/runner/work/comfy-gpu-ci/comfy-gpu-ci/ComfyUI/custom_nodes/ComfyUI-SAM3/nodes/sam3/utils.py", line 1324 in set_image
  File "/home/runner/work/comfy-gpu-ci/comfy-gpu-ci/ComfyUI/.ce/.pixi/envs/sam3-nodes/lib/python3.12/site-packages/torch/utils/_contextlib.py", line 124 in decorate_context
  File "/home/runner/work/comfy-gpu-ci/comfy-gpu-ci/ComfyUI/custom_nodes/ComfyUI-SAM3/nodes/segmentation.py", line 496 in execute
  File "/home/runner/work/comfy-gpu-ci/comfy-gpu-ci/ComfyUI/comfy_api/latest/_io.py", line 1833 in EXECUTE_NORMALIZED
  File "/tmp/comfyui_pvenv_pd68p19m/persistent_worker.py", line 1762 in main
  File "/tmp/comfyui_pvenv_pd68p19m/persistent_worker.py", line 1807 in <module>

[worker:ComfyUI-SAM3] === END ===

[SubprocessWorker] got response: ok
[comfy-env] SAM3Segmentation done (59.46s): result: NodeOutput
Prompt executed in 101.97 seconds
=== /validate endpoint called ===
Received JSON with keys: ['prompt']
Prompt has 5 nodes
  Node 1: LoadImage
    Inputs: {"image": "example_image.jpg"}
  Node 3: PreviewImage
    Inputs: {"images": ["15", 1]}
  Node 4: MaskPreview
    Inputs: {"mask": ["15", 0]}
  Node 12: LoadSAM3Model
    Inputs: {"precision": "auto", "compile": false}
  Node 15: SAM3Grounding
    Inputs: {"confidence_threshold": 0.2, "text_prompt": "child", "max_detections": -1, "sam3_model_config": ["12", 0], "image": ["1", 0]}
Generated prompt_id: 583d2c87-0f67-46eb-8819-8734c75f2675
Calling execution.validate_prompt()...
Validation result: valid=True
=== Validation PASSED ===
got prompt
[comfy-env] Running LoadSAM3Model: precision: 'auto', compile: False
[SubprocessWorker] call_method: nodes.load_model.LoadSAM3Model.EXECUTE_NORMALIZED
[SubprocessWorker] acquired lock, ensuring started...
[ComfyUI-SAM3] Health check: ping (timeout=5.0s)...
[ComfyUI-SAM3] Health check: ok
[SubprocessWorker] worker started/confirmed
[SubprocessWorker] serializing kwargs to shm...
[SubprocessWorker] created 0 shm blocks
[SubprocessWorker] sending request via socket...
[SubprocessWorker] call_id=4 sending call_method
[SubprocessWorker] got response: ok
[comfy-env] LoadSAM3Model done (0.01s): result: NodeOutput
[comfy-env] Running SAM3Grounding: confidence_threshold: 0.2, text_prompt: 'child', max_detections: -1, sam3_model_config: dict, image: torch.float32 [1,720,1280,3] cpu
[SubprocessWorker] call_method: nodes.segmentation.SAM3Grounding.EXECUTE_NORMALIZED
[SubprocessWorker] acquired lock, ensuring started...
[ComfyUI-SAM3] Health check: ping (timeout=5.0s)...
[ComfyUI-SAM3] Health check: ok
[SubprocessWorker] worker started/confirmed
[comfy-env] PRE-SERIALIZE 'image' shape: torch.Size([1, 720, 1280, 3])
[SubprocessWorker] serializing kwargs to shm...
[SubprocessWorker] created 0 shm blocks
[SubprocessWorker] sending request via socket...
[SubprocessWorker] call_id=5 sending call_method
[worker:ComfyUI-SAM3] [comfy-env] _from_shm got dict with keys: ['__type__', 'strategy', 'parent_pid', 'fd', 'storage_size']
[worker:ComfyUI-SAM3] [comfy-env] DESERIALIZE TensorRef: tensor_size=[1, 720, 1280, 3]
[worker:ComfyUI-SAM3] [comfy-env] DESERIALIZED tensor shape: torch.Size([1, 720, 1280, 3])
[SubprocessWorker] callback 'request_vram_budget' from call_id=5
[comfy-env] VRAM request: 3.50GB, free before eviction: 13.86GB
[comfy-env] VRAM after eviction: 13.86GB
[worker:ComfyUI-SAM3] 
=== WATCHDOG TICK 2 ===
[worker:ComfyUI-SAM3] Thread 0x00007f4cdef3b6c0 (most recent call first):
  File "/home/runner/work/comfy-gpu-ci/comfy-gpu-ci/ComfyUI/.ce/.pixi/envs/sam3-nodes/lib/python3.12/socket.py", line 295 in accept
  File "/home/runner/work/comfy-gpu-ci/comfy-gpu-ci/ComfyUI/.ce/.pixi/envs/sam3-nodes/lib/python3.12/multiprocessing/connection.py", line 626 in accept
  File "/home/runner/work/comfy-gpu-ci/comfy-gpu-ci/ComfyUI/.ce/.pixi/envs/sam3-nodes/lib/python3.12/multiprocessing/connection.py", line 480 in accept
  File "/home/runner/work/comfy-gpu-ci/comfy-gpu-ci/ComfyUI/.ce/.pixi/envs/sam3-nodes/lib/python3.12/multiprocessing/resource_sharer.py", line 138 in _serve
  File "/home/runner/work/comfy-gpu-ci/comfy-gpu-ci/ComfyUI/.ce/.pixi/envs/sam3-nodes/lib/python3.12/threading.py", line 1012 in run
  File "/home/runner/work/comfy-gpu-ci/comfy-gpu-ci/ComfyUI/.ce/.pixi/envs/sam3-nodes/lib/python3.12/threading.py", line 1075 in _bootstrap_inner
  File "/home/runner/work/comfy-gpu-ci/comfy-gpu-ci/ComfyUI/.ce/.pixi/envs/sam3-nodes/lib/python3.12/threading.py", line 1032 in _bootstrap

Current thread 0x00007f4d595a86c0 (most recent call first):
  File "/tmp/comfyui_pvenv_pd68p19m/persistent_worker.py", line 52 in _watchdog
  File "/home/runner/work/comfy-gpu-ci/comfy-gpu-ci/ComfyUI/.ce/.pixi/envs/sam3-nodes/lib/python3.12/threading.py", line 1012 in run
  File "/home/runner/work/comfy-gpu-ci/comfy-gpu-ci/ComfyUI/.ce/.pixi/envs/sam3-nodes/lib/python3.12/threading.py", line 1075 in _bootstrap_inner
  File "/home/runner/work/comfy-gpu-ci/comfy-gpu-ci/ComfyUI/.ce/.pixi/envs/sam3-nodes/lib/python3.12/threading.py", line 1032 in _bootstrap

Thread 0x00007f4d5a0a5740 (most recent call first):
  File "/home/runner/work/comfy-gpu-ci/comfy-gpu-ci/ComfyUI/comfy/ops.py", line 475 in forward_comfy_cast_weights
  File "/home/runner/work/comfy-gpu-ci/comfy-gpu-ci/ComfyUI/comfy/ops.py", line 482 in forward
  File "/home/runner/work/comfy-gpu-ci/comfy-gpu-ci/ComfyUI/.ce/.pixi/envs/sam3-nodes/lib/python3.12/site-packages/torch/nn/modules/module.py", line 1790 in _call_impl
  File "/home/runner/work/comfy-gpu-ci/comfy-gpu-ci/ComfyUI/.ce/.pixi/envs/sam3-nodes/lib/python3.12/site-packages/torch/nn/modules/module.py", line 1779 in _wrapped_call_impl
  File "/home/runner/work/comfy-gpu-ci/comfy-gpu-ci/ComfyUI/custom_nodes/ComfyUI-SAM3/nodes/sam3/model.py", line 147 in forward
  File "/home/runner/work/comfy-gpu-ci/comfy-gpu-ci/ComfyUI/.ce/.pixi/envs/sam3-nodes/lib/python3.12/site-packages/torch/nn/modules/module.py", line 1790 in _call_impl
  File "/home/runner/work/comfy-gpu-ci/comfy-gpu-ci/ComfyUI/.ce/.pixi/envs/sam3-nodes/lib/python3.12/site-packages/torch/nn/modules/module.py", line 1779 in _wrapped_call_impl
  File "/home/runner/work/comfy-gpu-ci/comfy-gpu-ci/ComfyUI/custom_nodes/ComfyUI-SAM3/nodes/sam3/model.py", line 823 in forward
  File "/home/runner/work/comfy-gpu-ci/comfy-gpu-ci/ComfyUI/.ce/.pixi/envs/sam3-nodes/lib/python3.12/site-packages/torch/nn/modules/module.py", line 1790 in _call_impl
  File "/home/runner/work/comfy-gpu-ci/comfy-gpu-ci/ComfyUI/.ce/.pixi/envs/sam3-nodes/lib/python3.12/site-packages/torch/nn/modules/module.py", line 1779 in _wrapped_call_impl
  File "/home/runner/work/comfy-gpu-ci/comfy-gpu-ci/ComfyUI/custom_nodes/ComfyUI-SAM3/nodes/sam3/model.py", line 983 in forward
  File "/home/runner/work/comfy-gpu-ci/comfy-gpu-ci/ComfyUI/.ce/.pixi/envs/sam3-nodes/lib/python3.12/site-packages/torch/nn/modules/module.py", line 1790 in _call_impl
  File "/home/runner/work/comfy-gpu-ci/comfy-gpu-ci/ComfyUI/.ce/.pixi/envs/sam3-nodes/lib/python3.12/site-packages/torch/nn/modules/module.py", line 1779 in _wrapped_call_impl
  File "/home/runner/work/comfy-gpu-ci/comfy-gpu-ci/ComfyUI/custom_nodes/ComfyUI-SAM3/nodes/sam3/model.py", line 2041 in forward
  File "/home/runner/work/comfy-gpu-ci/comfy-gpu-ci/ComfyUI/custom_nodes/ComfyUI-SAM3/nodes/sam3/model.py", line 3312 in _forward_image_no_act_ckpt
  File "/home/runner/work/comfy-gpu-ci/comfy-gpu-ci/ComfyUI/custom_nodes/ComfyUI-SAM3/nodes/sam3/model.py", line 3305 in forward_image
  File "/home/runner/work/comfy-gpu-ci/comfy-gpu-ci/ComfyUI/custom_nodes/ComfyUI-SAM3/nodes/sam3/utils.py", line 1324 in set_image
  File "/home/runner/work/comfy-gpu-ci/comfy-gpu-ci/ComfyUI/.ce/.pixi/envs/sam3-nodes/lib/python3.12/site-packages/torch/utils/_contextlib.py", line 124 in decorate_context
  File "/home/runner/work/comfy-gpu-ci/comfy-gpu-ci/ComfyUI/custom_nodes/ComfyUI-SAM3/nodes/segmentation.py", line 133 in _segment_grounding
  File "/home/runner/work/comfy-gpu-ci/comfy-gpu-ci/ComfyUI/custom_nodes/ComfyUI-SAM3/nodes/segmentation.py", line 111 in execute
  File "/home/runner/work/comfy-gpu-ci/comfy-gpu-ci/ComfyUI/comfy_api/latest/_io.py", line 1833 in EXECUTE_NORMALIZED
  File "/tmp/comfyui_pvenv_pd68p19m/persistent_worker.py", line 1762 in main
  File "/tmp/comfyui_pvenv_pd68p19m/persistent_worker.py", line 1807 in <module>

[worker:ComfyUI-SAM3] === END ===

[SubprocessWorker] got response: ok
[comfy-env] SAM3Grounding done (68.22s): result: NodeOutput
Prompt executed in 68.46 seconds
=== /validate endpoint called ===
Received JSON with keys: ['prompt']
Prompt has 10 nodes
  Node 1: LoadImage
    Inputs: {"image": "image.png"}
  Node 3: PreviewImage
    Inputs: {"images": ["27", 1]}
  Node 4: MaskPreview
    Inputs: {"mask": ["27", 0]}
  Node 12: LoadSAM3Model
    Inputs: {"precision": "fp32", "compile": false}
  Node 20: SAM3MultiRegionCollector
    Inputs: {"multi_prompts_store": "[{\"positive_points\":[{\"x\":5052.74953932266,\"y\":2847.0600693869637},{\"x\":4932.510591392486,\"y\":2953.9413227753366},{\"x\":4718.752461738845,\"y\":2967.301479448883},{
  Node 22: MultibandFromBatch
    Inputs: {"images": ["1", 0], "masks": ["27", 0]}
  Node 23: MultibandSave
    Inputs: {"file_path": "output/multiband", "format": "npz", "multiband": ["26", 0]}
  Node 24: MultibandPreview
    Inputs: {"channel_index": 0, "multiband": ["26", 0]}
  Node 26: MultibandResize
    Inputs: {"upscale_method": "nearest-exact", "width": 900, "height": 600, "crop": "center", "multiband": ["22", 0]}
  Node 27: SAM3MultipromptSegmentation
    Inputs: {"refinement_iterations": 0, "use_multimask": false, "sam3_model_config": ["12", 0], "image": ["1", 0], "multi_prompts": ["20", 0]}
Generated prompt_id: 07cec09b-b2f9-4a09-b90d-5223ab840cf8
Calling execution.validate_prompt()...
Validation result: valid=True
=== Validation PASSED ===
got prompt
[comfy-env] Running SAM3MultiRegionCollector: multi_prompts_store: '[{"positive_points":[{"x":5052.74953932266,"y":2847.0600..., image: torch.float32 [1,4480,6720,3] cpu
[SubprocessWorker] call_method: nodes.sam3_interactive.SAM3MultiRegionCollector.EXECUTE_NORMALIZED
[SubprocessWorker] acquired lock, ensuring started...
[ComfyUI-SAM3] Health check: ping (timeout=5.0s)...
[ComfyUI-SAM3] Health check: failed
[ComfyUI-SAM3] Socket unhealthy, restarting worker...
[ComfyUI-SAM3] python: /home/runner/work/comfy-gpu-ci/comfy-gpu-ci/ComfyUI/.ce/.pixi/envs/sam3-nodes/bin/python
[ComfyUI-SAM3] sys_path sent to worker: ['/home/runner/work/comfy-gpu-ci/comfy-gpu-ci/ComfyUI', '/home/runner/work/comfy-gpu-ci/comfy-gpu-ci/ComfyUI/custom_nodes/ComfyUI-SAM3', '/home/runner/work/comfy-gpu-ci/comfy-gpu-ci/ComfyUI/.ce/.pixi/envs/sam3-nodes/lib/python3.12/site-packages', '/home/runner/work/comfy-gpu-ci/comfy-gpu-ci/ComfyUI/custom_nodes/ComfyUI-SAM3']
[SubprocessWorker] is_pixi=True, python=/home/runner/work/comfy-gpu-ci/comfy-gpu-ci/ComfyUI/.ce/.pixi/envs/sam3-nodes/bin/python
[SubprocessWorker] launching cmd=['/home/runner/.pixi/bin/pixi', 'run', '--as-is', '--manifest-path', '/home/runner/work/comfy-gpu-ci/comfy-gpu-ci/ComfyUI/.ce/pixi.toml', '-e', 'sam3-nodes', 'python', '/tmp/comfyui_pvenv_pd68p19m/persistent_worker.py', 'abstract://comfy_worker_39a6ee130a6d']...
[SubprocessWorker] socket_addr=abstract://comfy_worker_39a6ee130a6d (abstract, no filesystem path)
[SubprocessWorker] worker started/confirmed
[comfy-env] PRE-SERIALIZE 'image' shape: torch.Size([1, 4480, 6720, 3])
[SubprocessWorker] serializing kwargs to shm...
[SubprocessWorker] created 0 shm blocks
[SubprocessWorker] sending request via socket...
[SubprocessWorker] call_id=6 sending call_method
[worker:ComfyUI-SAM3] [comfy-env] _from_shm got dict with keys: ['__type__', 'strategy', 'parent_pid', 'fd', 'storage_size']
[worker:ComfyUI-SAM3] [comfy-env] DESERIALIZE TensorRef: tensor_size=[1, 4480, 6720, 3]
[worker:ComfyUI-SAM3] [comfy-env] DESERIALIZED tensor shape: torch.Size([1, 4480, 6720, 3])
[SubprocessWorker] got response: ok
[comfy-env] SAM3MultiRegionCollector done (2.81s): result: NodeOutput
[comfy-env] Running LoadSAM3Model: precision: 'fp32', compile: False
[SubprocessWorker] call_method: nodes.load_model.LoadSAM3Model.EXECUTE_NORMALIZED
[SubprocessWorker] acquired lock, ensuring started...
[ComfyUI-SAM3] Health check: ping (timeout=5.0s)...
[ComfyUI-SAM3] Health check: ok
[SubprocessWorker] worker started/confirmed
[SubprocessWorker] serializing kwargs to shm...
[SubprocessWorker] created 0 shm blocks
[SubprocessWorker] sending request via socket...
[SubprocessWorker] call_id=7 sending call_method
[SubprocessWorker] got response: ok
[comfy-env] LoadSAM3Model done (0.03s): result: NodeOutput
[comfy-env] Running SAM3MultipromptSegmentation: refinement_iterations: 0, use_multimask: False, sam3_model_config: dict, image: torch.float32 [1,4480,6720,3] cpu, multi_prompts: list[7]
[SubprocessWorker] call_method: nodes.segmentation.SAM3MultipromptSegmentation.EXECUTE_NORMALIZED
[SubprocessWorker] acquired lock, ensuring started...
[ComfyUI-SAM3] Health check: ping (timeout=5.0s)...
[ComfyUI-SAM3] Health check: ok
[SubprocessWorker] worker started/confirmed
[comfy-env] PRE-SERIALIZE 'image' shape: torch.Size([1, 4480, 6720, 3])
[SubprocessWorker] serializing kwargs to shm...
[SubprocessWorker] created 0 shm blocks
[SubprocessWorker] sending request via socket...
[SubprocessWorker] call_id=8 sending call_method
[worker:ComfyUI-SAM3] [comfy-env] _from_shm got dict with keys: ['__type__', 'strategy', 'parent_pid', 'fd', 'storage_size']
[worker:ComfyUI-SAM3] [comfy-env] DESERIALIZE TensorRef: tensor_size=[1, 4480, 6720, 3]
[worker:ComfyUI-SAM3] [comfy-env] DESERIALIZED tensor shape: torch.Size([1, 4480, 6720, 3])
[SubprocessWorker] callback 'request_vram_budget' from call_id=8
[comfy-env] VRAM request: 3.50GB, free before eviction: 13.63GB
[comfy-env] VRAM after eviction: 13.63GB
[worker:ComfyUI-SAM3] 
=== WATCHDOG TICK 1 ===
[worker:ComfyUI-SAM3] Current thread 0x00007fd855c566c0 (most recent call first):
  File "/tmp/comfyui_pvenv_pd68p19m/persistent_worker.py", line 52 in _watchdog
  File "/home/runner/work/comfy-gpu-ci/comfy-gpu-ci/ComfyUI/.ce/.pixi/envs/sam3-nodes/lib/python3.12/threading.py", line 1012 in run
  File "/home/runner/work/comfy-gpu-ci/comfy-gpu-ci/ComfyUI/.ce/.pixi/envs/sam3-nodes/lib/python3.12/threading.py", line 1075 in _bootstrap_inner
  File "/home/runner/work/comfy-gpu-ci/comfy-gpu-ci/ComfyUI/.ce/.pixi/envs/sam3-nodes/lib/python3.12/threading.py", line 1032 in _bootstrap

Thread 0x00007fd856756740 (most recent call first):
  File "/home/runner/work/comfy-gpu-ci/comfy-gpu-ci/ComfyUI/.ce/.pixi/envs/sam3-nodes/lib/python3.12/site-packages/torch/nn/modules/conv.py", line 548 in _conv_forward
  File "/home/runner/work/comfy-gpu-ci/comfy-gpu-ci/ComfyUI/comfy/ops.py", line 509 in forward_comfy_cast_weights
  File "/home/runner/work/comfy-gpu-ci/comfy-gpu-ci/ComfyUI/comfy/ops.py", line 516 in forward
  File "/home/runner/work/comfy-gpu-ci/comfy-gpu-ci/ComfyUI/.ce/.pixi/envs/sam3-nodes/lib/python3.12/site-packages/torch/nn/modules/module.py", line 1790 in _call_impl
  File "/home/runner/work/comfy-gpu-ci/comfy-gpu-ci/ComfyUI/.ce/.pixi/envs/sam3-nodes/lib/python3.12/site-packages/torch/nn/modules/module.py", line 1779 in _wrapped_call_impl
  File "/home/runner/work/comfy-gpu-ci/comfy-gpu-ci/ComfyUI/.ce/.pixi/envs/sam3-nodes/lib/python3.12/site-packages/torch/nn/modules/container.py", line 253 in forward
  File "/home/runner/work/comfy-gpu-ci/comfy-gpu-ci/ComfyUI/.ce/.pixi/envs/sam3-nodes/lib/python3.12/site-packages/torch/nn/modules/module.py", line 1790 in _call_impl
  File "/home/runner/work/comfy-gpu-ci/comfy-gpu-ci/ComfyUI/.ce/.pixi/envs/sam3-nodes/lib/python3.12/site-packages/torch/nn/modules/module.py", line 1779 in _wrapped_call_impl
  File "/home/runner/work/comfy-gpu-ci/comfy-gpu-ci/ComfyUI/custom_nodes/ComfyUI-SAM3/nodes/sam3/model.py", line 2049 in forward
  File "/home/runner/work/comfy-gpu-ci/comfy-gpu-ci/ComfyUI/custom_nodes/ComfyUI-SAM3/nodes/sam3/model.py", line 3312 in _forward_image_no_act_ckpt
  File "/home/runner/work/comfy-gpu-ci/comfy-gpu-ci/ComfyUI/custom_nodes/ComfyUI-SAM3/nodes/sam3/model.py", line 3305 in forward_image
  File "/home/runner/work/comfy-gpu-ci/comfy-gpu-ci/ComfyUI/custom_nodes/ComfyUI-SAM3/nodes/sam3/utils.py", line 1324 in set_image
  File "/home/runner/work/comfy-gpu-ci/comfy-gpu-ci/ComfyUI/.ce/.pixi/envs/sam3-nodes/lib/python3.12/site-packages/torch/utils/_contextlib.py", line 124 in decorate_context
  File "/home/runner/work/comfy-gpu-ci/comfy-gpu-ci/ComfyUI/custom_nodes/ComfyUI-SAM3/nodes/segmentation.py", line 733 in execute
  File "/home/runner/work/comfy-gpu-ci/comfy-gpu-ci/ComfyUI/comfy_api/latest/_io.py", line 1833 in EXECUTE_NORMALIZED
  File "/tmp/comfyui_pvenv_pd68p19m/persistent_worker.py", line 1762 in main
  File "/tmp/comfyui_pvenv_pd68p19m/persistent_worker.py", line 1807 in <module>

[worker:ComfyUI-SAM3] === END ===

[SubprocessWorker] callback 'report_progress' from call_id=8
[SubprocessWorker] callback 'report_progress' from call_id=8
[SubprocessWorker] callback 'report_progress' from call_id=8
[SubprocessWorker] callback 'report_progress' from call_id=8
[SubprocessWorker] callback 'report_progress' from call_id=8
[SubprocessWorker] callback 'report_progress' from call_id=8
[SubprocessWorker] callback 'report_progress' from call_id=8
[SubprocessWorker] got response: ok
[comfy-env] SAM3MultipromptSegmentation done (71.43s): result: NodeOutput
BatchToMultiband: Processed 1 images with 3 channels each -> 3 channels
BatchToMultiband: Processed 7 masks -> 7 channels
BatchToMultiband: Output shape torch.Size([1, 10, 4480, 6720]), channels: ['img_01_r', 'img_01_g', 'img_01_b', 'mask_01', 'mask_02', 'mask_03', 'mask_04', 'mask_05', 'mask_06', 'mask_07']
ResizeMultiband: 4480x6720 -> 600x900
PreviewMultibandImage: Batch=1, Channels=10, Names=['img_01_r', 'img_01_g', 'img_01_b', 'mask_01', 'mask_02', 'mask_03', 'mask_04', 'mask_05', 'mask_06', 'mask_07']
SaveMultibandImage: Saved to output/multiband.npz
  Shape: (1, 10, 600, 900)
  Format: npz
Prompt executed in 84.03 seconds
=== /validate endpoint called ===
Received JSON with keys: ['prompt']
Prompt has 4 nodes
  Node 1: LoadImage
    Inputs: {"image": "image.png"}
  Node 4: MaskPreview
    Inputs: {"mask": ["26", 0]}
  Node 12: LoadSAM3Model
    Inputs: {"precision": "auto", "compile": false}
  Node 26: SAM3InteractiveCollector
    Inputs: {"multi_prompts_store": "[{\"positive_points\":[{\"x\":3348.288109906738,\"y\":2452.2208696844737}],\"negative_points\":[],\"positive_boxes\":[],\"negative_boxes\":[],\"name\":\"Prompt 1\"},{\"positiv
Generated prompt_id: 1e8a4f43-d0b0-4238-bceb-f9a3887630e7
Calling execution.validate_prompt()...
Validation result: valid=True
=== Validation PASSED ===
got prompt
[comfy-env] Running LoadSAM3Model: precision: 'auto', compile: False
[SubprocessWorker] call_method: nodes.load_model.LoadSAM3Model.EXECUTE_NORMALIZED
[SubprocessWorker] acquired lock, ensuring started...
[ComfyUI-SAM3] Health check: ping (timeout=5.0s)...
[ComfyUI-SAM3] Health check: ok
[SubprocessWorker] worker started/confirmed
[SubprocessWorker] serializing kwargs to shm...
[SubprocessWorker] created 0 shm blocks
[SubprocessWorker] sending request via socket...
[SubprocessWorker] call_id=9 sending call_method
[SubprocessWorker] got response: ok
[comfy-env] LoadSAM3Model done (0.01s): result: NodeOutput
[comfy-env] Running SAM3InteractiveCollector: multi_prompts_store: '[{"positive_points":[{"x":3348.288109906738,"y":2452.220..., sam3_model_config: dict, image: torch.float32 [1,4480,6720,3] cpu, unique_id: '26'
[SubprocessWorker] call_method: nodes.sam3_interactive.SAM3InteractiveCollector.EXECUTE_NORMALIZED
[SubprocessWorker] acquired lock, ensuring started...
[ComfyUI-SAM3] Health check: ping (timeout=5.0s)...
[ComfyUI-SAM3] Health check: ok
[SubprocessWorker] worker started/confirmed
[comfy-env] PRE-SERIALIZE 'image' shape: torch.Size([1, 4480, 6720, 3])
[SubprocessWorker] serializing kwargs to shm...
[SubprocessWorker] created 0 shm blocks
[SubprocessWorker] sending request via socket...
[SubprocessWorker] call_id=10 sending call_method
[worker:ComfyUI-SAM3] [comfy-env] _from_shm got dict with keys: ['__type__', 'strategy', 'parent_pid', 'fd', 'storage_size']
[worker:ComfyUI-SAM3] [comfy-env] DESERIALIZE TensorRef: tensor_size=[1, 4480, 6720, 3]
[worker:ComfyUI-SAM3] [comfy-env] DESERIALIZED tensor shape: torch.Size([1, 4480, 6720, 3])
[SubprocessWorker] callback 'request_vram_budget' from call_id=10
[comfy-env] VRAM request: 3.50GB, free before eviction: 11.65GB
[comfy-env] VRAM after eviction: 11.65GB
[worker:ComfyUI-SAM3] 
=== WATCHDOG TICK 2 ===
[worker:ComfyUI-SAM3] Thread 0x00007fd7c6fff6c0 (most recent call first):
  File "/home/runner/work/comfy-gpu-ci/comfy-gpu-ci/ComfyUI/.ce/.pixi/envs/sam3-nodes/lib/python3.12/socket.py", line 295 in accept
  File "/home/runner/work/comfy-gpu-ci/comfy-gpu-ci/ComfyUI/.ce/.pixi/envs/sam3-nodes/lib/python3.12/multiprocessing/connection.py", line 626 in accept
  File "/home/runner/work/comfy-gpu-ci/comfy-gpu-ci/ComfyUI/.ce/.pixi/envs/sam3-nodes/lib/python3.12/multiprocessing/connection.py", line 480 in accept
  File "/home/runner/work/comfy-gpu-ci/comfy-gpu-ci/ComfyUI/.ce/.pixi/envs/sam3-nodes/lib/python3.12/multiprocessing/resource_sharer.py", line 138 in _serve
  File "/home/runner/work/comfy-gpu-ci/comfy-gpu-ci/ComfyUI/.ce/.pixi/envs/sam3-nodes/lib/python3.12/threading.py", line 1012 in run
  File "/home/runner/work/comfy-gpu-ci/comfy-gpu-ci/ComfyUI/.ce/.pixi/envs/sam3-nodes/lib/python3.12/threading.py", line 1075 in _bootstrap_inner
  File "/home/runner/work/comfy-gpu-ci/comfy-gpu-ci/ComfyUI/.ce/.pixi/envs/sam3-nodes/lib/python3.12/threading.py", line 1032 in _bootstrap

Current thread 0x00007fd855c566c0 (most recent call first):
  File "/tmp/comfyui_pvenv_pd68p19m/persistent_worker.py", line 52 in _watchdog
  File "/home/runner/work/comfy-gpu-ci/comfy-gpu-ci/ComfyUI/.ce/.pixi/envs/sam3-nodes/lib/python3.12/threading.py", line 1012 in run
  File "/home/runner/work/comfy-gpu-ci/comfy-gpu-ci/ComfyUI/.ce/.pixi/envs/sam3-nodes/lib/python3.12/threading.py", line 1075 in _bootstrap_inner
  File "/home/runner/work/comfy-gpu-ci/comfy-gpu-ci/ComfyUI/.ce/.pixi/envs/sam3-nodes/lib/python3.12/threading.py", line 1032 in _bootstrap

Thread 0x00007fd856756740 (most recent call first):
  File "/home/runner/work/comfy-gpu-ci/comfy-gpu-ci/ComfyUI/comfy/ops.py", line 475 in forward_comfy_cast_weights
  File "/home/runner/work/comfy-gpu-ci/comfy-gpu-ci/ComfyUI/comfy/ops.py", line 482 in forward
  File "/home/runner/work/comfy-gpu-ci/comfy-gpu-ci/ComfyUI/.ce/.pixi/envs/sam3-nodes/lib/python3.12/site-packages/torch/nn/modules/module.py", line 1790 in _call_impl
  File "/home/runner/work/comfy-gpu-ci/comfy-gpu-ci/ComfyUI/.ce/.pixi/envs/sam3-nodes/lib/python3.12/site-packages/torch/nn/modules/module.py", line 1779 in _wrapped_call_impl
  File "/home/runner/work/comfy-gpu-ci/comfy-gpu-ci/ComfyUI/custom_nodes/ComfyUI-SAM3/nodes/sam3/model.py", line 714 in forward
  File "/home/runner/work/comfy-gpu-ci/comfy-gpu-ci/ComfyUI/.ce/.pixi/envs/sam3-nodes/lib/python3.12/site-packages/torch/nn/modules/module.py", line 1790 in _call_impl
  File "/home/runner/work/comfy-gpu-ci/comfy-gpu-ci/ComfyUI/.ce/.pixi/envs/sam3-nodes/lib/python3.12/site-packages/torch/nn/modules/module.py", line 1779 in _wrapped_call_impl
  File "/home/runner/work/comfy-gpu-ci/comfy-gpu-ci/ComfyUI/custom_nodes/ComfyUI-SAM3/nodes/sam3/model.py", line 819 in forward
  File "/home/runner/work/comfy-gpu-ci/comfy-gpu-ci/ComfyUI/.ce/.pixi/envs/sam3-nodes/lib/python3.12/site-packages/torch/nn/modules/module.py", line 1790 in _call_impl
  File "/home/runner/work/comfy-gpu-ci/comfy-gpu-ci/ComfyUI/.ce/.pixi/envs/sam3-nodes/lib/python3.12/site-packages/torch/nn/modules/module.py", line 1779 in _wrapped_call_impl
  File "/home/runner/work/comfy-gpu-ci/comfy-gpu-ci/ComfyUI/custom_nodes/ComfyUI-SAM3/nodes/sam3/model.py", line 983 in forward
  File "/home/runner/work/comfy-gpu-ci/comfy-gpu-ci/ComfyUI/.ce/.pixi/envs/sam3-nodes/lib/python3.12/site-packages/torch/nn/modules/module.py", line 1790 in _call_impl
  File "/home/runner/work/comfy-gpu-ci/comfy-gpu-ci/ComfyUI/.ce/.pixi/envs/sam3-nodes/lib/python3.12/site-packages/torch/nn/modules/module.py", line 1779 in _wrapped_call_impl
  File "/home/runner/work/comfy-gpu-ci/comfy-gpu-ci/ComfyUI/custom_nodes/ComfyUI-SAM3/nodes/sam3/model.py", line 2041 in forward
  File "/home/runner/work/comfy-gpu-ci/comfy-gpu-ci/ComfyUI/custom_nodes/ComfyUI-SAM3/nodes/sam3/model.py", line 3312 in _forward_image_no_act_ckpt
  File "/home/runner/work/comfy-gpu-ci/comfy-gpu-ci/ComfyUI/custom_nodes/ComfyUI-SAM3/nodes/sam3/model.py", line 3305 in forward_image
  File "/home/runner/work/comfy-gpu-ci/comfy-gpu-ci/ComfyUI/custom_nodes/ComfyUI-SAM3/nodes/sam3/utils.py", line 1324 in set_image
  File "/home/runner/work/comfy-gpu-ci/comfy-gpu-ci/ComfyUI/.ce/.pixi/envs/sam3-nodes/lib/python3.12/site-packages/torch/utils/_contextlib.py", line 124 in decorate_context
  File "/home/runner/work/comfy-gpu-ci/comfy-gpu-ci/ComfyUI/custom_nodes/ComfyUI-SAM3/nodes/sam3_interactive.py", line 687 in execute
  File "/home/runner/work/comfy-gpu-ci/comfy-gpu-ci/ComfyUI/comfy_api/latest/_io.py", line 1833 in EXECUTE_NORMALIZED
  File "/tmp/comfyui_pvenv_pd68p19m/persistent_worker.py", line 1762 in main
  File "/tmp/comfyui_pvenv_pd68p19m/persistent_worker.py", line 1807 in <module>

[worker:ComfyUI-SAM3] === END ===

[SubprocessWorker] callback 'report_progress' from call_id=10
[SubprocessWorker] got response: ok
[comfy-env] SAM3InteractiveCollector done (57.27s): result: NodeOutput
Prompt executed in 58.65 seconds
