[00:00] Crash dump logging enabled: /home/runner/work/comfy-gpu-ci/comfy-gpu-ci/comfy-test-logs/SAM3-1133/linux-cpu/crash_dump.log
[00:00] 
[00:00] [1/3] REGISTRATION
[00:00] ----------------------------------------
[00:00] 
[DEBUG] server=None, server_url=http://127.0.0.1:8188, api=None
[00:00] 
Connecting to existing server at http://127.0.0.1:8188...
[00:00] Connecting to existing server at http://127.0.0.1:8188...
[00:00] Connected to server! (attempt 1, 0.0s)
[00:00] Checking for import errors in server logs...
[00:00] No import errors detected
[00:00] Found 771 registered nodes
[00:00] [REGISTRATION] PASSED
[00:00] 
[00:00] [2/3] INSTANTIATION
[00:00] ----------------------------------------
[00:00] 
[DEBUG] server=<comfy_test.comfyui.server.ExternalComfyUIServer object at 0x7fd8830964d0>, server_url=http://127.0.0.1:8188, api=<comfy_test.comfyui.api.ComfyUIAPI object at 0x7fd884042c90>
[00:00] Testing node constructors...
[00:03] All 15 node(s) instantiated successfully!
[00:03] [INSTANTIATION] PASSED
[00:03] 
[00:03] [3/3] EXECUTION
[00:03] ----------------------------------------
[00:03] 
[DEBUG] server=<comfy_test.comfyui.server.ExternalComfyUIServer object at 0x7fd8830964d0>, server_url=http://127.0.0.1:8188, api=<comfy_test.comfyui.api.ComfyUIAPI object at 0x7fd884042c90>
[00:03] CPU runner - will execute 4 workflow(s)
[00:03] Running 5 workflow(s) (all with videos)...
[00:03] Starting headless browser...
[00:03]   Installing Mesa llvmpipe (apt)...
[00:05]   Mesa install failed: E: Unable to locate package libegl1-mesa

[00:05]   No GPU, no Mesa — using SwiftShader software rendering
[00:06] Capturing execution frames: image_seg_point.json
[00:13]   Frame 1 saved (frame_000.jpg, t=0.0s)
[00:13]   Validating workflow...
[00:13]   Queuing workflow for execution...
[00:15]   Frame 2 saved (frame_001.jpg, t=2.3s)
[00:15]   [capture-periodic] freeze=4ms shot=128ms unfreeze=9ms saved=True
[00:15]   Node executed (1 total), capturing...
[00:16]   Frame 3 saved (frame_002.jpg, t=3.1s)
[00:16]   [capture-node] freeze=3ms shot=136ms unfreeze=6ms saved=True
[00:18]   Frame 4 saved (frame_003.jpg, t=5.4s)
[00:18]   [capture-periodic] freeze=9ms shot=136ms unfreeze=3ms saved=True
[00:19]   [capture-loop] iter=50 t=6.4s state={'complete': False, 'error': None, 'executedCount': 1, 'wsState': 1} eval_ms=3 ram=2.2/15.6GB (14%) swap=0.0/3.0GB (0%) cpu=41% browser_rss=0.91GB
[00:20]   Frame 5 saved (frame_004.jpg, t=7.7s)
[00:20]   [capture-periodic] freeze=16ms shot=217ms unfreeze=4ms saved=True
[00:23]   Frame 6 saved (frame_005.jpg, t=10.0s)
[00:23]   [capture-periodic] freeze=4ms shot=183ms unfreeze=9ms saved=True
[00:25]   Frame 7 saved (frame_006.jpg, t=12.4s)
[00:25]   [capture-periodic] freeze=3ms shot=342ms unfreeze=12ms saved=True
[00:26]   [capture-loop] iter=100 t=13.7s state={'complete': False, 'error': None, 'executedCount': 1, 'wsState': 1} eval_ms=3 ram=2.2/15.6GB (14%) swap=0.0/3.0GB (0%) cpu=50% browser_rss=0.91GB
[00:28]   Frame 8 saved (frame_007.jpg, t=14.9s)
[00:28]   [capture-periodic] freeze=4ms shot=193ms unfreeze=11ms saved=True
[00:32]   [capture-loop] iter=150 t=19.8s state={'complete': False, 'error': None, 'executedCount': 1, 'wsState': 1} eval_ms=4 ram=2.6/15.6GB (17%) swap=0.0/3.0GB (0%) cpu=36% browser_rss=0.91GB
[00:38]   [capture-loop] iter=200 t=25.5s state={'complete': False, 'error': None, 'executedCount': 1, 'wsState': 1} eval_ms=3 ram=2.5/15.6GB (16%) swap=0.0/3.0GB (0%) cpu=39% browser_rss=0.82GB
[00:44]   [capture-loop] iter=250 t=31.2s state={'complete': False, 'error': None, 'executedCount': 1, 'wsState': 1} eval_ms=3 ram=2.4/15.6GB (15%) swap=0.0/3.0GB (0%) cpu=37% browser_rss=0.82GB
[00:49]   [capture-loop] iter=300 t=37.0s state={'complete': False, 'error': None, 'executedCount': 1, 'wsState': 1} eval_ms=3 ram=3.0/15.6GB (19%) swap=0.0/3.0GB (0%) cpu=37% browser_rss=0.82GB
[00:55]   [capture-loop] iter=350 t=42.6s state={'complete': False, 'error': None, 'executedCount': 1, 'wsState': 1} eval_ms=4 ram=2.5/15.6GB (16%) swap=0.0/3.0GB (0%) cpu=35% browser_rss=0.82GB
[01:01]   [capture-loop] iter=400 t=48.3s state={'complete': False, 'error': None, 'executedCount': 1, 'wsState': 1} eval_ms=4 ram=2.5/15.6GB (16%) swap=0.0/3.0GB (0%) cpu=35% browser_rss=0.82GB
[01:06]   [capture-loop] iter=450 t=54.0s state={'complete': False, 'error': None, 'executedCount': 1, 'wsState': 1} eval_ms=4 ram=2.8/15.6GB (18%) swap=0.0/3.0GB (0%) cpu=35% browser_rss=0.82GB
[01:12]   [capture-loop] iter=500 t=59.7s state={'complete': False, 'error': None, 'executedCount': 1, 'wsState': 1} eval_ms=4 ram=2.6/15.6GB (16%) swap=0.0/3.0GB (0%) cpu=37% browser_rss=0.82GB
[01:18]   [capture-loop] iter=550 t=65.4s state={'complete': False, 'error': None, 'executedCount': 1, 'wsState': 1} eval_ms=4 ram=2.5/15.6GB (16%) swap=0.0/3.0GB (0%) cpu=35% browser_rss=0.82GB
[01:23]   [capture-loop] iter=600 t=71.0s state={'complete': False, 'error': None, 'executedCount': 1, 'wsState': 1} eval_ms=3 ram=2.6/15.6GB (16%) swap=0.0/3.0GB (0%) cpu=34% browser_rss=0.82GB
[01:29]   [capture-loop] iter=650 t=76.7s state={'complete': False, 'error': None, 'executedCount': 1, 'wsState': 1} eval_ms=3 ram=2.5/15.6GB (16%) swap=0.0/3.0GB (0%) cpu=38% browser_rss=0.82GB
[01:35]   [capture-loop] iter=700 t=82.5s state={'complete': False, 'error': None, 'executedCount': 1, 'wsState': 1} eval_ms=4 ram=2.6/15.6GB (16%) swap=0.0/3.0GB (0%) cpu=35% browser_rss=0.82GB
[01:41]   [capture-loop] iter=750 t=88.1s state={'complete': False, 'error': None, 'executedCount': 1, 'wsState': 1} eval_ms=3 ram=2.8/15.6GB (18%) swap=0.0/3.0GB (0%) cpu=34% browser_rss=0.82GB
[01:46]   [capture-loop] iter=800 t=93.8s state={'complete': False, 'error': None, 'executedCount': 1, 'wsState': 1} eval_ms=4 ram=2.4/15.6GB (15%) swap=0.0/3.0GB (0%) cpu=36% browser_rss=0.82GB
[01:51]   Node executed (2 total), capturing...
[01:52]   Frame 9 saved (frame_008.jpg, t=99.1s)
[01:52]   [capture-node] freeze=4ms shot=123ms unfreeze=13ms saved=True
[01:52]   Node executed (3 total), capturing...
[01:52]   Frame 10 saved (frame_009.jpg, t=99.6s)
[01:52]   [capture-node] freeze=3ms shot=122ms unfreeze=0ms saved=True
[01:52]   Execution complete (t=99.6s)
[01:52]   Captured 10 unique frames over 99.75s
[01:52]   [debug] iframes: 0
[01:52]   [timing] trigger_3d_previews: 0.0s
[01:54]   Saved high-quality screenshot: image_seg_point_executed.png
[01:55]   [timing] final_screenshot: 0.3s
[01:55] Capturing execution frames: image_seg_text.json
[02:00]   Frame 1 saved (frame_000.jpg, t=0.0s)
[02:00]   Validating workflow...
[02:00]   Queuing workflow for execution...
[02:03]   Frame 2 saved (frame_001.jpg, t=2.3s)
[02:03]   [capture-periodic] freeze=2ms shot=130ms unfreeze=4ms saved=True
[02:05]   Frame 3 saved (frame_002.jpg, t=4.5s)
[02:05]   [capture-periodic] freeze=2ms shot=126ms unfreeze=3ms saved=True
[02:06]   [capture-loop] iter=50 t=5.8s state={'complete': False, 'error': None, 'executedCount': 0, 'wsState': 1} eval_ms=3 ram=2.8/15.6GB (18%) swap=0.0/3.0GB (0%) cpu=27% browser_rss=0.88GB
[02:12]   [capture-loop] iter=100 t=11.6s state={'complete': False, 'error': None, 'executedCount': 0, 'wsState': 1} eval_ms=3 ram=2.9/15.6GB (18%) swap=0.0/3.0GB (0%) cpu=34% browser_rss=0.87GB
[02:17]   [capture-loop] iter=150 t=17.2s state={'complete': False, 'error': None, 'executedCount': 0, 'wsState': 1} eval_ms=4 ram=2.7/15.6GB (17%) swap=0.0/3.0GB (0%) cpu=34% browser_rss=0.87GB
[02:23]   [capture-loop] iter=200 t=22.9s state={'complete': False, 'error': None, 'executedCount': 0, 'wsState': 1} eval_ms=3 ram=2.7/15.6GB (18%) swap=0.0/3.0GB (0%) cpu=35% browser_rss=0.87GB
[02:29]   [capture-loop] iter=250 t=28.6s state={'complete': False, 'error': None, 'executedCount': 0, 'wsState': 1} eval_ms=4 ram=2.7/15.6GB (18%) swap=0.0/3.0GB (0%) cpu=36% browser_rss=0.77GB
[02:34]   [capture-loop] iter=300 t=34.3s state={'complete': False, 'error': None, 'executedCount': 0, 'wsState': 1} eval_ms=3 ram=3.0/15.6GB (19%) swap=0.0/3.0GB (0%) cpu=36% browser_rss=0.77GB
[02:40]   [capture-loop] iter=350 t=39.9s state={'complete': False, 'error': None, 'executedCount': 0, 'wsState': 1} eval_ms=3 ram=3.0/15.6GB (19%) swap=0.0/3.0GB (0%) cpu=34% browser_rss=0.77GB
[02:46]   [capture-loop] iter=400 t=45.5s state={'complete': False, 'error': None, 'executedCount': 0, 'wsState': 1} eval_ms=3 ram=2.9/15.6GB (18%) swap=0.0/3.0GB (0%) cpu=34% browser_rss=0.77GB
[02:51]   [capture-loop] iter=450 t=51.2s state={'complete': False, 'error': None, 'executedCount': 0, 'wsState': 1} eval_ms=4 ram=2.7/15.6GB (17%) swap=0.0/3.0GB (0%) cpu=35% browser_rss=0.77GB
[02:57]   [capture-loop] iter=500 t=57.0s state={'complete': False, 'error': None, 'executedCount': 0, 'wsState': 1} eval_ms=3 ram=2.6/15.6GB (17%) swap=0.0/3.0GB (0%) cpu=35% browser_rss=0.77GB
[03:03]   [capture-loop] iter=550 t=62.6s state={'complete': False, 'error': None, 'executedCount': 0, 'wsState': 1} eval_ms=3 ram=2.7/15.6GB (17%) swap=0.0/3.0GB (0%) cpu=34% browser_rss=0.77GB
[03:08]   [capture-loop] iter=600 t=68.3s state={'complete': False, 'error': None, 'executedCount': 0, 'wsState': 1} eval_ms=3 ram=3.9/15.6GB (25%) swap=0.0/3.0GB (0%) cpu=35% browser_rss=0.76GB
[03:14]   [capture-loop] iter=650 t=74.0s state={'complete': False, 'error': None, 'executedCount': 0, 'wsState': 1} eval_ms=3 ram=2.9/15.6GB (19%) swap=0.0/3.0GB (0%) cpu=34% browser_rss=0.77GB
[03:20]   [capture-loop] iter=700 t=79.6s state={'complete': False, 'error': None, 'executedCount': 0, 'wsState': 1} eval_ms=3 ram=3.1/15.6GB (20%) swap=0.0/3.0GB (0%) cpu=34% browser_rss=0.77GB
[03:24]   Node executed (1 total), capturing...
[03:25]   Frame 4 saved (frame_003.jpg, t=84.4s)
[03:25]   [capture-node] freeze=4ms shot=125ms unfreeze=4ms saved=True
[03:25]   Node executed (2 total), capturing...
[03:25]   Frame 5 saved (frame_004.jpg, t=84.9s)
[03:25]   [capture-node] freeze=3ms shot=130ms unfreeze=0ms saved=True
[03:25]   Execution complete (t=84.9s)
[03:25]   Captured 5 unique frames over 85.06s
[03:25]   [debug] iframes: 0
[03:25]   [timing] trigger_3d_previews: 0.0s
[03:27]   Saved high-quality screenshot: image_seg_text_executed.png
[03:27]   [timing] final_screenshot: 0.3s
[03:28] Capturing execution frames: scene_seg.json
[03:33]   Frame 1 saved (frame_000.jpg, t=0.0s)
[03:34]   Validating workflow...
[03:34]   Queuing workflow for execution...
[03:35]   Node executed (1 total), capturing...
[03:35]   Frame 2 saved (frame_001.jpg, t=1.7s)
[03:35]   [capture-node] freeze=28ms shot=259ms unfreeze=12ms saved=True
[03:40]   Frame 3 saved (frame_002.jpg, t=6.3s)
[03:40]   [capture-periodic] freeze=2ms shot=147ms unfreeze=6ms saved=True
[03:40]   [capture-loop] iter=50 t=6.6s state={'complete': False, 'error': None, 'executedCount': 1, 'wsState': 1} eval_ms=3 ram=3.6/15.6GB (23%) swap=0.0/3.0GB (0%) cpu=30% browser_rss=2.10GB
[03:46]   [capture-loop] iter=100 t=12.3s state={'complete': False, 'error': None, 'executedCount': 1, 'wsState': 1} eval_ms=4 ram=3.5/15.6GB (22%) swap=0.0/3.0GB (0%) cpu=35% browser_rss=2.09GB
[03:51]   [capture-loop] iter=150 t=18.1s state={'complete': False, 'error': None, 'executedCount': 1, 'wsState': 1} eval_ms=3 ram=4.6/15.6GB (29%) swap=0.0/3.0GB (0%) cpu=37% browser_rss=2.09GB
[03:57]   [capture-loop] iter=200 t=23.8s state={'complete': False, 'error': None, 'executedCount': 1, 'wsState': 1} eval_ms=4 ram=3.5/15.6GB (22%) swap=0.0/3.0GB (0%) cpu=34% browser_rss=2.09GB
[04:03]   [capture-loop] iter=250 t=29.6s state={'complete': False, 'error': None, 'executedCount': 1, 'wsState': 1} eval_ms=3 ram=3.3/15.6GB (21%) swap=0.0/3.0GB (0%) cpu=36% browser_rss=1.99GB
[04:09]   [capture-loop] iter=300 t=35.5s state={'complete': False, 'error': None, 'executedCount': 1, 'wsState': 1} eval_ms=4 ram=4.5/15.6GB (29%) swap=0.0/3.0GB (0%) cpu=38% browser_rss=1.92GB
[04:15]   [capture-loop] iter=350 t=41.2s state={'complete': False, 'error': None, 'executedCount': 1, 'wsState': 1} eval_ms=3 ram=3.4/15.6GB (22%) swap=0.0/3.0GB (0%) cpu=35% browser_rss=1.91GB
[04:20]   [capture-loop] iter=400 t=47.0s state={'complete': False, 'error': None, 'executedCount': 1, 'wsState': 1} eval_ms=4 ram=3.3/15.6GB (21%) swap=0.0/3.0GB (0%) cpu=35% browser_rss=1.92GB
[04:26]   [capture-loop] iter=450 t=52.8s state={'complete': False, 'error': None, 'executedCount': 1, 'wsState': 1} eval_ms=3 ram=5.5/15.6GB (35%) swap=0.0/3.0GB (0%) cpu=35% browser_rss=1.92GB
[04:32]   [capture-loop] iter=500 t=58.4s state={'complete': False, 'error': None, 'executedCount': 1, 'wsState': 1} eval_ms=3 ram=3.3/15.6GB (21%) swap=0.0/3.0GB (0%) cpu=34% browser_rss=1.92GB
[04:38]   [capture-loop] iter=550 t=64.2s state={'complete': False, 'error': None, 'executedCount': 1, 'wsState': 1} eval_ms=4 ram=3.4/15.6GB (22%) swap=0.0/3.0GB (0%) cpu=35% browser_rss=1.91GB
[04:43]   [capture-loop] iter=600 t=70.0s state={'complete': False, 'error': None, 'executedCount': 1, 'wsState': 1} eval_ms=4 ram=5.1/15.6GB (32%) swap=0.0/3.0GB (0%) cpu=35% browser_rss=1.93GB
[04:49]   [capture-loop] iter=650 t=75.8s state={'complete': False, 'error': None, 'executedCount': 1, 'wsState': 1} eval_ms=4 ram=3.5/15.6GB (22%) swap=0.0/3.0GB (0%) cpu=35% browser_rss=1.93GB
[04:52]   Frame 4 saved (frame_003.jpg, t=78.8s)
[04:52]   [capture-periodic] freeze=13ms shot=158ms unfreeze=9ms saved=True
[04:55]   Frame 5 saved (frame_004.jpg, t=81.0s)
[04:55]   [capture-periodic] freeze=3ms shot=154ms unfreeze=8ms saved=True
[04:55]   [capture-loop] iter=700 t=81.9s state={'complete': False, 'error': None, 'executedCount': 1, 'wsState': 1} eval_ms=4 ram=6.2/15.6GB (40%) swap=0.0/3.0GB (0%) cpu=44% browser_rss=1.93GB
[05:01]   [capture-loop] iter=750 t=87.5s state={'complete': False, 'error': None, 'executedCount': 1, 'wsState': 1} eval_ms=4 ram=4.4/15.6GB (28%) swap=0.0/3.0GB (0%) cpu=37% browser_rss=1.93GB
[05:03]   Frame 6 saved (frame_005.jpg, t=89.8s)
[05:03]   [capture-periodic] freeze=3ms shot=145ms unfreeze=7ms saved=True
[05:05]   Node executed (2 total), capturing...
[05:06]   Frame 7 saved (frame_006.jpg, t=91.5s)
[05:06]   [capture-node] freeze=5ms shot=610ms unfreeze=11ms saved=True
[05:08]   [capture-loop] iter=800 t=94.1s state={'complete': False, 'error': None, 'executedCount': 2, 'wsState': 1} eval_ms=3 ram=5.0/15.6GB (32%) swap=0.0/3.0GB (0%) cpu=40% browser_rss=2.34GB
[05:08]   Node executed (3 total), capturing...
[05:09]   Frame 8 saved (frame_007.jpg, t=95.1s)
[05:10]   [capture-node] freeze=180ms shot=787ms unfreeze=28ms saved=True
[05:10]   Node executed (4 total), capturing...
[05:11]   Frame 9 saved (frame_008.jpg, t=96.9s)
[05:11]   [capture-node] freeze=10ms shot=457ms unfreeze=0ms saved=True
[05:11]   Execution complete (t=96.9s)
[05:11]   Captured 9 unique frames over 97.4s
[05:11]   [debug] iframes: 0
[05:11]   [timing] trigger_3d_previews: 0.0s
[05:13]   Saved high-quality screenshot: scene_seg_executed.png
[05:13]   [timing] final_screenshot: 0.3s
[05:13] Capturing execution frames: scene_seg_interactive.json
[05:19]   Frame 1 saved (frame_000.jpg, t=0.0s)
[05:19]   Validating workflow...
[05:19]   Queuing workflow for execution...
[05:22]   Frame 2 saved (frame_001.jpg, t=2.2s)
[05:22]   [capture-periodic] freeze=3ms shot=110ms unfreeze=3ms saved=True
[05:24]   Frame 3 saved (frame_002.jpg, t=4.4s)
[05:24]   [capture-periodic] freeze=4ms shot=100ms unfreeze=3ms saved=True
[05:25]   [capture-loop] iter=50 t=5.8s state={'complete': False, 'error': None, 'executedCount': 0, 'wsState': 1} eval_ms=3 ram=3.8/15.6GB (24%) swap=0.0/3.0GB (0%) cpu=33% browser_rss=1.49GB
[05:31]   [capture-loop] iter=100 t=11.5s state={'complete': False, 'error': None, 'executedCount': 0, 'wsState': 1} eval_ms=3 ram=3.6/15.6GB (23%) swap=0.0/3.0GB (0%) cpu=36% browser_rss=1.38GB
[05:36]   [capture-loop] iter=150 t=17.0s state={'complete': False, 'error': None, 'executedCount': 0, 'wsState': 1} eval_ms=3 ram=3.3/15.6GB (21%) swap=0.0/3.0GB (0%) cpu=33% browser_rss=1.38GB
[05:42]   [capture-loop] iter=200 t=22.7s state={'complete': False, 'error': None, 'executedCount': 0, 'wsState': 1} eval_ms=3 ram=3.1/15.6GB (20%) swap=0.0/3.0GB (0%) cpu=35% browser_rss=1.38GB
[05:48]   [capture-loop] iter=250 t=28.4s state={'complete': False, 'error': None, 'executedCount': 0, 'wsState': 1} eval_ms=3 ram=3.2/15.6GB (20%) swap=0.0/3.0GB (0%) cpu=35% browser_rss=1.38GB
[05:53]   [capture-loop] iter=300 t=33.9s state={'complete': False, 'error': None, 'executedCount': 0, 'wsState': 1} eval_ms=3 ram=3.1/15.6GB (20%) swap=0.0/3.0GB (0%) cpu=33% browser_rss=1.37GB
[05:59]   [capture-loop] iter=350 t=39.6s state={'complete': False, 'error': None, 'executedCount': 0, 'wsState': 1} eval_ms=3 ram=3.2/15.6GB (20%) swap=0.0/3.0GB (0%) cpu=34% browser_rss=1.37GB
[06:04]   [capture-loop] iter=400 t=45.1s state={'complete': False, 'error': None, 'executedCount': 0, 'wsState': 1} eval_ms=3 ram=3.2/15.6GB (20%) swap=0.0/3.0GB (0%) cpu=33% browser_rss=1.38GB
[06:10]   [capture-loop] iter=450 t=50.8s state={'complete': False, 'error': None, 'executedCount': 0, 'wsState': 1} eval_ms=3 ram=3.3/15.6GB (21%) swap=0.0/3.0GB (0%) cpu=34% browser_rss=1.34GB
[06:16]   [capture-loop] iter=500 t=56.4s state={'complete': False, 'error': None, 'executedCount': 0, 'wsState': 1} eval_ms=4 ram=3.2/15.6GB (20%) swap=0.0/3.0GB (0%) cpu=34% browser_rss=1.34GB
[06:21]   [capture-loop] iter=550 t=62.0s state={'complete': False, 'error': None, 'executedCount': 0, 'wsState': 1} eval_ms=4 ram=3.2/15.6GB (20%) swap=0.0/3.0GB (0%) cpu=34% browser_rss=1.34GB
[06:27]   [capture-loop] iter=600 t=67.7s state={'complete': False, 'error': None, 'executedCount': 0, 'wsState': 1} eval_ms=3 ram=3.3/15.6GB (21%) swap=0.0/3.0GB (0%) cpu=34% browser_rss=1.34GB
[06:33]   [capture-loop] iter=650 t=73.3s state={'complete': False, 'error': None, 'executedCount': 0, 'wsState': 1} eval_ms=3 ram=3.2/15.6GB (20%) swap=0.0/3.0GB (0%) cpu=34% browser_rss=1.34GB
[06:38]   [capture-loop] iter=700 t=78.9s state={'complete': False, 'error': None, 'executedCount': 0, 'wsState': 1} eval_ms=3 ram=3.4/15.6GB (22%) swap=0.0/3.0GB (0%) cpu=33% browser_rss=1.34GB
[06:42]   Frame 4 saved (frame_003.jpg, t=81.5s)
[06:42]   [capture-periodic] freeze=4ms shot=703ms unfreeze=187ms saved=True
[06:42]   Node executed (2 total), capturing...
[06:42]   Frame 5 saved (frame_004.jpg, t=82.7s)
[06:42]   [capture-node] freeze=3ms shot=139ms unfreeze=0ms saved=True
[06:42]   Execution complete (t=82.7s)
[06:42]   Captured 5 unique frames over 82.93s
[06:42]   [debug] iframes: 0
[06:42]   [timing] trigger_3d_previews: 0.0s
[06:45]   Saved high-quality screenshot: scene_seg_interactive_executed.png
[06:45]   [timing] final_screenshot: 0.3s
[06:45]   [5/5] SKIPPED (not in cpu list) video_point_prompt.json
[06:45] Results saved to /home/runner/work/comfy-gpu-ci/comfy-gpu-ci/comfy-test-logs/SAM3-1133/linux-cpu/results.json
[06:45] Model report: 1 files, 3.2 GB -> /home/runner/work/comfy-gpu-ci/comfy-gpu-ci/comfy-test-logs/SAM3-1133/linux-cpu/models.json
[06:45] Saved: /home/runner/work/comfy-gpu-ci/comfy-gpu-ci/comfy-test-logs/SAM3-1133/linux-cpu/index.html
[06:45] [EXECUTION] PASSED
[06:45] 
linux: PASSED
