[00:00] Crash dump logging enabled: C:\logs\SAM3-1721\dev\windows-portable-gpu\crash_dump.log
[00:00] 
[00:00] [1/5] SYNTAX
[00:00] ----------------------------------------
[00:00] 
[DEBUG] server=None, api=None
[00:00] Found pyproject.toml (modern format)
[00:00] Found requirements.txt (legacy format)
[00:00] Unicode check: OK (all characters cp1252-safe)
[00:00] Forbidden patterns check: OK
[00:00] [SYNTAX] PASSED
[00:00] 
[00:00] [2/5] INSTALL
[00:00] ----------------------------------------
[00:00] 
[DEBUG] server=None, api=None
[00:00] 
Setting up ComfyUI...
[00:00] Fetching latest release version...
[00:00] Latest version: v0.21.1
[00:00] Downloading portable ComfyUI from https://github.com/comfyanonymous/ComfyUI/releases/download/v0.21.1/ComfyUI_windows_portable_nvidia.7z...
[00:05]   Downloaded: 10%
[00:08]   Downloaded: 20%
[00:12]   Downloaded: 30%
[00:15]   Downloaded: 40%
[00:18]   Downloaded: 50%
[00:21]   Downloaded: 60%
[00:25]   Downloaded: 70%
[00:28]   Downloaded: 80%
[00:31]   Downloaded: 90%
[00:34]   Downloaded: 100%
[00:34] Downloaded to C:\Users\ContainerUser\.comfy-test\cache\portable\ComfyUI_portable_v0.21.1.7z
[00:34] Extracting to cache: C:\Users\ContainerUser\.comfy-test\cache\portable\ComfyUI_portable_v0.21.1
[00:34] Extracting ComfyUI_portable_v0.21.1.7z...
[00:34] Using 7z: C:\Program Files\7-Zip\7z.exe
[01:34] Extracted to C:\Users\ContainerUser\.comfy-test\cache\portable\ComfyUI_portable_v0.21.1
[01:34] Copying from cache to: C:\workspaces\SAM3-1721\portable-comfyui
[01:56] Installing uv into embedded Python...
[01:56] Running: C:\workspaces\SAM3-1721\portable-comfyui\ComfyUI_windows_portable\python_embeded\python.exe -m pip install uv
[02:00] Installing ComfyUI requirements...
[02:00] Running: C:\workspaces\SAM3-1721\portable-comfyui\ComfyUI_windows_portable\python_embeded\python.exe -m uv pip install -r C:\workspaces\SAM3-1721\portable-comfyui\ComfyUI_windows_portable\ComfyUI\requirements.txt
[02:01] 
Installing custom node...
[02:01] Copying ComfyUI-SAM3 to custom_nodes/...
[02:01] Installing node requirements...
[02:01] Running: C:\workspaces\SAM3-1721\portable-comfyui\ComfyUI_windows_portable\python_embeded\python.exe -m pip install -r C:\workspaces\SAM3-1721\portable-comfyui\ComfyUI_windows_portable\ComfyUI\custom_nodes\ComfyUI-SAM3\requirements.txt
[02:05] 
Running install.py...
[02:05] Running: C:\workspaces\SAM3-1721\portable-comfyui\ComfyUI_windows_portable\python_embeded\python.exe C:\workspaces\SAM3-1721\portable-comfyui\ComfyUI_windows_portable\ComfyUI\custom_nodes\ComfyUI-SAM3\install.py
[02:06]   
[02:06]   Installing 2 node dependencies...
[02:06]     Cloning ComfyUI-VideoHelperSuite...
[02:06]     Installing requirements for ComfyUI-VideoHelperSuite...
[02:08]     Cloning ComfyUI-Multiband...
[02:09]     Installing requirements for ComfyUI-Multiband...
[02:09]   
[02:09]   [requirements] Re-installing main package requirements...
[02:09]     Installing requirements for ComfyUI-SAM3...
[02:13]   [comfy-env] _discover: scanning C:\workspaces\SAM3-1721\portable-comfyui\ComfyUI_windows_portable\ComfyUI\custom_nodes
[02:13]   [comfy-env] _discover: ComfyUI-Multiband: no comfy-env.toml found
[02:13]   [comfy-env] _discover: ComfyUI-SAM3 -> sam3-nodes (custom_nodes\ComfyUI-SAM3\nodes\comfy-env.toml)
[02:13]   [comfy-env] _discover: ComfyUI-VideoHelperSuite: no comfy-env.toml found
[02:13]   [comfy-env] Workspace: C:\Users\ContainerUser\AppData\Local\Programs\comfy-env
[02:13]   [comfy-env] ComfyUI: C:\workspaces\SAM3-1721\portable-comfyui\ComfyUI_windows_portable\ComfyUI
[02:13]   [comfy-env] Found 1 node config(s):
[02:13]     - sam3-nodes <- custom_nodes\ComfyUI-SAM3\nodes\comfy-env.toml (python=host)
[02:13]   [comfy-env] Bootstrap interpreter has python 3.13 + torch 2.11.0 (cu130). Looking for cuda-only wheels matching cu130/torch2.11/cp313.
[02:25]   [comfy-env] GPU: Detection: torch
[02:25]   Recommended: CUDA 13.1
[02:25]   
[02:25]     GPU 0: NVIDIA GeForce RTX 5060 (sm_120) [Blackwell] 8150MB
[02:25]   [comfy-env] Comfyui feature -> torch 2.11.0 from https://download.pytorch.org/whl/cu130 (CUDA 13.0 via bootstrap torch)
[02:25]   [comfy-env] cuda-wheels: 3 package(s) need a matched (cuda, torch, python) combo: ['cc_torch', 'torch_generic_nms', 'flash-attn']
[02:25]   [comfy-env] cuda-wheels tier 1 (bootstrap): probing cu13.0/torch2.11/cp313
[02:25]   [cuda-wheels] Looking up cc_torch: cu130 torch2.11 cp313 win_amd64
[02:26]   [cuda-wheels]   GH Pages index unreachable, falling back to GitHub Releases API...
[02:30]   [cuda-wheels]   Found via API: cc_torch-0.2+cu130torch2.11-cp313-cp313-win_amd64.whl
[02:30]   [cuda-wheels] Looking up torch_generic_nms: cu130 torch2.11 cp313 win_amd64
[02:31]   [cuda-wheels]   Found: torch_generic_nms-0.1+cu130torch2.11-cp313-cp313-win_amd64.whl
[02:31]   [cuda-wheels] Looking up flash-attn: cu130 torch2.11 cp313 win_amd64
[02:31]   [cuda-wheels]   Found: flash_attn-2.8.3+cu130torch2.11-cp313-cp313-win_amd64.whl
[02:31]   [comfy-env] cuda-wheels combo: cu13.0/torch2.11 (bootstrap matches; per-node envs will pin to this)
[02:31]   [cuda-wheels] Looking up cc_torch: cu130 torch2.11 cp313 win_amd64
[02:32]   [cuda-wheels]   GH Pages index unreachable, falling back to GitHub Releases API...
[02:33]   [cuda-wheels]   Found via API: cc_torch-0.2+cu130torch2.11-cp313-cp313-win_amd64.whl
[02:33]   [cuda-wheels] Looking up torch_generic_nms: cu130 torch2.11 cp313 win_amd64
[02:33]   [cuda-wheels]   Found: torch_generic_nms-0.1+cu130torch2.11-cp313-cp313-win_amd64.whl
[02:33]   [cuda-wheels] Looking up flash-attn: cu130 torch2.11 cp313 win_amd64
[02:34]   [cuda-wheels]   Found: flash_attn-2.8.3+cu130torch2.11-cp313-cp313-win_amd64.whl
[02:34]   [comfy-env] sam3-nodes: cuda-wheels deferred for post-pixi install (cc_torch, torch_generic_nms, flash-attn)
[02:34]   Generated C:\Users\ContainerUser\AppData\Local\Programs\comfy-env\pixi.toml
[02:34]   [comfy-env] Patched C:\Users\ContainerUser\AppData\Roaming\uv\python\cpython-3.10-windows-x86_64-none\Lib\platform.py for conda-forge compat
[02:34]   [comfy-env] Patched C:\Users\ContainerUser\AppData\Roaming\uv\python\cpython-3.10.20-windows-x86_64-none\Lib\platform.py for conda-forge compat
[02:34]   [comfy-env] Patched C:\Users\ContainerUser\AppData\Roaming\uv\python\cpython-3.11-windows-x86_64-none\Lib\platform.py for conda-forge compat
[02:34]   [comfy-env] Patched C:\Users\ContainerUser\AppData\Roaming\uv\python\cpython-3.11.15-windows-x86_64-none\Lib\platform.py for conda-forge compat
[02:34]   [comfy-env] Patched C:\Users\ContainerUser\AppData\Roaming\uv\python\cpython-3.12-windows-x86_64-none\Lib\platform.py for conda-forge compat
[02:34]   [comfy-env] Patched C:\Users\ContainerUser\AppData\Roaming\uv\python\cpython-3.12.13-windows-x86_64-none\Lib\platform.py for conda-forge compat
[02:34]   [comfy-env] Patched C:\Users\ContainerUser\AppData\Roaming\uv\python\cpython-3.13-windows-x86_64-none\Lib\platform.py for conda-forge compat
[02:34]   [comfy-env] Patched C:\Users\ContainerUser\AppData\Roaming\uv\python\cpython-3.13.13-windows-x86_64-none\Lib\platform.py for conda-forge compat
[02:34]   [comfy-env] Installing 1 environment(s):
[02:34]     - sam3-nodes (python=host, 20 pypi deps, 3 cuda wheels)
[02:34]   [comfy-env] Running `pixi install -e sam3-nodes`...
[02:52]      WARN Skipped running the post-link scripts because `run-post-link-scripts` = `false`
[02:52]     	- Scripts/.librsvg-pre-unlink.bat
[02:52]     To enable them, run:
[02:52]     	pixi config set --local run-post-link-scripts insecure
[02:52]     More info:
[02:52]     	https://pixi.sh/latest/reference/pixi_configuration/#run-post-link-scripts
[03:50]     The sam3-nodes environment has been installed.
[03:50]   [comfy-env] sam3-nodes: installing cuda-wheels with --no-deps (cc_torch, torch_generic_nms, flash-attn)
[03:51]     Using Python 3.13.13 environment at: .pixi\envs\sam3-nodes
[03:51]     Resolved 3 packages in 491ms
[03:51]     Downloading flash-attn (228.4MiB)
[03:56]      Downloaded flash-attn
[03:56]     Prepared 3 packages in 4.71s
[03:56]     Installed 3 packages in 47ms
[03:56]      + cc-torch==0.2+cu130torch2.11 (from https://github.com/PozzettiAndrea/cuda-wheels/releases/download/cc_torch-latest/cc_torch-0.2%2Bcu130torch2.11-cp313-cp313-win_amd64.whl)
[03:56]      + flash-attn==2.8.3+cu130torch2.11 (from https://github.com/PozzettiAndrea/cuda-wheels/releases/download/flash_attn-latest/flash_attn-2.8.3%2Bcu130torch2.11-cp313-cp313-win_amd64.whl)
[03:56]      + torch-generic-nms==0.1+cu130torch2.11 (from https://github.com/PozzettiAndrea/cuda-wheels/releases/download/torch_generic_nms-latest/torch_generic_nms-0.1%2Bcu130torch2.11-cp313-cp313-win_amd64.whl)
[03:56]   [comfy-env] Recorded install hash 69506e1e018e -> C:\Users\ContainerUser\AppData\Local\Programs\comfy-env\install.hash
[03:56]   [comfy-env] Install log: C:\Users\ContainerUser\AppData\Local\Programs\comfy-env\install.log
[03:56]   
[03:56]   Installation complete!
[03:56] Installing 2 node dependency(ies)...
[03:56]   ComfyUI-VideoHelperSuite from Kosinkadink/ComfyUI-VideoHelperSuite
[03:56]   ComfyUI-VideoHelperSuite already exists, skipping...
[03:56]   ComfyUI-Multiband from PozzettiAndrea/ComfyUI-Multiband
[03:56]   ComfyUI-Multiband already exists, skipping...
[03:56] Installing validation endpoint...
[03:56]   Cloning PozzettiAndrea/ComfyUI-validate-endpoint...
[03:56] Running: git clone --depth 1 https://x-access-token:***@github.com/PozzettiAndrea/ComfyUI-validate-endpoint.git C:\workspaces\SAM3-1721\portable-comfyui\ComfyUI_windows_portable\ComfyUI\custom_nodes\ComfyUI-validate-endpoint
[03:57] CUDA packages absent (will mock): cc_torch, torch_generic_nms, flash_attn
[03:57] [INSTALL] PASSED
[03:57] 
[03:57] [3/5] REGISTRATION
[03:57] ----------------------------------------
[03:57] 
[DEBUG] server=None, api=None
[03:57] 
Starting ComfyUI server...
[03:57] Starting ComfyUI server on port 41888...
[03:57] CUDA mock packages: cc_torch, torch_generic_nms, flash_attn
[03:57] Starting ComfyUI server on port 41888...
[03:57] Server stdout/stderr -> C:\workspaces\SAM3-1721\server.log
[03:57] Waiting for server to be ready (timeout: 600s)...
[03:57]   [ComfyUI:stdout] reader thread died: AttributeError("'NoneType' object has no attribute 'readline'")
[03:57]   [ComfyUI:stderr] reader thread died: AttributeError("'NoneType' object has no attribute 'readline'")
[04:37] Server responding, waiting for nodes to load...
[04:57] Server is ready!
[04:57] Checking for import errors in server logs...
[04:57] No import errors detected
[04:58] Found 785 registered nodes
[04:58] [REGISTRATION] PASSED
[04:58] 
[04:58] [4/5] INSTANTIATION
[04:58] ----------------------------------------
[04:58] 
[DEBUG] server=<comfy_test.comfyui.server.ComfyUIServer object at 0x00000267019A5A90>, api=<comfy_test.comfyui.api.ComfyUIAPI object at 0x00000267019A6270>
[04:58] Testing node constructors...
[05:04] All 15 node(s) instantiated successfully!
[05:04] [INSTANTIATION] PASSED
[05:04] 
[05:04] [5/5] EXECUTION
[05:04] ----------------------------------------
[05:04] 
[DEBUG] server=<comfy_test.comfyui.server.ComfyUIServer object at 0x00000267019A5A90>, api=<comfy_test.comfyui.api.ComfyUIAPI object at 0x00000267019A6270>
[05:04] GPU runner - will execute 5 workflow(s)
[05:04] Running 5 workflow(s) (all with videos)...
[05:04] Installing screenshot dependencies (playwright, pillow)...
[05:05]   Packages installed, downloading chromium browser...
[05:22]   Screenshot dependencies installed successfully
[05:22] Starting headless browser...
[05:23]   Downloading Mesa llvmpipe for Windows...
[05:23]   Mesa download error: <urlopen error [SSL: CERTIFICATE_VERIFY_FAILED] certificate verify failed: unable to get local issuer certificate (_ssl.c:1032)>
[05:23]   Mesa unavailable -- falling back to SwiftShader
[05:26] Capturing execution frames: image_seg_point.json
[05:32]   Frame 1 saved (frame_000.jpg, t=0.0s)
[05:32]   Validating workflow...
[05:32]   Queuing workflow for execution...
[05:34]   Frame 2 saved (frame_001.jpg, t=2.2s)
[05:34]   [capture-periodic] freeze=3ms shot=87ms unfreeze=4ms saved=True
[05:37]   Frame 3 saved (frame_002.jpg, t=4.4s)
[05:37]   [capture-periodic] freeze=2ms shot=82ms unfreeze=4ms saved=True
[05:38]   [capture-loop] iter=50 t=5.8s state={'complete': False, 'error': None, 'executedCount': 0, 'wsState': 1} eval_ms=3 ram=9.3/23.9GB (39%) swap=0.0/3.9GB (0%) cpu=13% browser_rss=0.71GB
[05:44]   [capture-loop] iter=100 t=11.8s state={'complete': False, 'error': None, 'executedCount': 0, 'wsState': 1} eval_ms=3 ram=9.5/23.9GB (40%) swap=0.0/3.9GB (0%) cpu=12% browser_rss=0.71GB
[05:50]   [capture-loop] iter=150 t=17.5s state={'complete': False, 'error': None, 'executedCount': 0, 'wsState': 1} eval_ms=3 ram=8.4/23.9GB (35%) swap=0.0/3.9GB (0%) cpu=12% browser_rss=0.71GB
[05:55]   [capture-loop] iter=200 t=23.1s state={'complete': False, 'error': None, 'executedCount': 0, 'wsState': 1} eval_ms=3 ram=8.4/23.9GB (35%) swap=0.0/3.9GB (0%) cpu=11% browser_rss=0.71GB
[05:57]   Node executed (1 total), capturing...
[05:57]   Frame 4 saved (frame_003.jpg, t=24.9s)
[05:57]   [capture-node] freeze=3ms shot=100ms unfreeze=7ms saved=True
[05:59]   Frame 5 saved (frame_004.jpg, t=27.1s)
[05:59]   [capture-periodic] freeze=3ms shot=106ms unfreeze=7ms saved=True
[06:01]   [capture-loop] iter=250 t=29.2s state={'complete': False, 'error': None, 'executedCount': 1, 'wsState': 1} eval_ms=6 ram=8.9/23.9GB (37%) swap=0.0/3.9GB (0%) cpu=20% browser_rss=0.67GB
[06:01]   Frame 6 saved (frame_005.jpg, t=29.2s)
[06:01]   [capture-periodic] freeze=3ms shot=104ms unfreeze=6ms saved=True
[06:04]   Frame 7 saved (frame_006.jpg, t=31.4s)
[06:04]   [capture-periodic] freeze=3ms shot=100ms unfreeze=3ms saved=True
[06:06]   Frame 8 saved (frame_007.jpg, t=33.6s)
[06:06]   [capture-periodic] freeze=3ms shot=106ms unfreeze=5ms saved=True
[06:07]   [capture-loop] iter=300 t=35.1s state={'complete': False, 'error': None, 'executedCount': 1, 'wsState': 1} eval_ms=4 ram=9.4/23.9GB (39%) swap=0.0/3.9GB (0%) cpu=14% browser_rss=0.67GB
[06:08]   Frame 9 saved (frame_008.jpg, t=35.8s)
[06:08]   [capture-periodic] freeze=2ms shot=100ms unfreeze=7ms saved=True
[06:10]   Frame 10 saved (frame_009.jpg, t=38.0s)
[06:10]   [capture-periodic] freeze=4ms shot=91ms unfreeze=5ms saved=True
[06:12]   Frame 11 saved (frame_010.jpg, t=40.2s)
[06:12]   [capture-periodic] freeze=4ms shot=91ms unfreeze=6ms saved=True
[06:13]   [capture-loop] iter=350 t=41.1s state={'complete': False, 'error': None, 'executedCount': 1, 'wsState': 1} eval_ms=3 ram=9.4/23.9GB (39%) swap=0.0/3.9GB (0%) cpu=15% browser_rss=0.67GB
[06:15]   Frame 12 saved (frame_011.jpg, t=42.4s)
[06:15]   [capture-periodic] freeze=2ms shot=102ms unfreeze=5ms saved=True
[06:17]   Frame 13 saved (frame_012.jpg, t=44.6s)
[06:17]   [capture-periodic] freeze=2ms shot=108ms unfreeze=4ms saved=True
[06:19]   [capture-loop] iter=400 t=46.9s state={'complete': False, 'error': None, 'executedCount': 1, 'wsState': 1} eval_ms=3 ram=9.6/23.9GB (40%) swap=0.0/3.9GB (0%) cpu=16% browser_rss=0.67GB
[06:19]   Frame 14 saved (frame_013.jpg, t=46.9s)
[06:19]   [capture-periodic] freeze=3ms shot=99ms unfreeze=7ms saved=True
[06:21]   Frame 15 saved (frame_014.jpg, t=49.1s)
[06:21]   [capture-periodic] freeze=3ms shot=92ms unfreeze=5ms saved=True
[06:24]   Frame 16 saved (frame_015.jpg, t=51.3s)
[06:24]   [capture-periodic] freeze=3ms shot=107ms unfreeze=4ms saved=True
[06:25]   [capture-loop] iter=450 t=52.8s state={'complete': False, 'error': None, 'executedCount': 1, 'wsState': 1} eval_ms=3 ram=9.6/23.9GB (40%) swap=0.0/3.9GB (0%) cpu=15% browser_rss=0.67GB
[06:26]   Frame 17 saved (frame_016.jpg, t=53.5s)
[06:26]   [capture-periodic] freeze=5ms shot=93ms unfreeze=8ms saved=True
[06:28]   Frame 18 saved (frame_017.jpg, t=55.7s)
[06:28]   [capture-periodic] freeze=2ms shot=101ms unfreeze=6ms saved=True
[06:31]   [capture-loop] iter=500 t=58.6s state={'complete': False, 'error': None, 'executedCount': 1, 'wsState': 1} eval_ms=3 ram=9.4/23.9GB (40%) swap=0.0/3.9GB (0%) cpu=13% browser_rss=0.65GB
[06:36]   [capture-loop] iter=550 t=64.3s state={'complete': False, 'error': None, 'executedCount': 1, 'wsState': 1} eval_ms=3 ram=9.4/23.9GB (39%) swap=0.0/3.9GB (0%) cpu=24% browser_rss=0.63GB
[06:38]   Node executed (3 total), capturing...
[06:38]   Frame 19 saved (frame_018.jpg, t=65.9s)
[06:38]   [capture-node] freeze=3ms shot=103ms unfreeze=0ms saved=True
[06:38]   Execution complete (t=65.9s)
[06:38]   Captured 19 unique frames over 66.07s
[06:38]   [debug] iframes: 0
[06:38]   [timing] trigger_3d_previews: 0.0s
[06:41]   Saved high-quality screenshot: image_seg_point_executed.png
[06:41]   [timing] final_screenshot: 0.7s
[06:41] Capturing execution frames: image_seg_text.json
[06:46]   Frame 1 saved (frame_000.jpg, t=0.0s)
[06:46]   Validating workflow...
[06:46]   Queuing workflow for execution...
[06:48]   Frame 2 saved (frame_001.jpg, t=2.2s)
[06:48]   [capture-periodic] freeze=3ms shot=86ms unfreeze=4ms saved=True
[06:51]   Frame 3 saved (frame_002.jpg, t=4.4s)
[06:51]   [capture-periodic] freeze=3ms shot=94ms unfreeze=4ms saved=True
[06:52]   [capture-loop] iter=50 t=5.8s state={'complete': False, 'error': None, 'executedCount': 0, 'wsState': 1} eval_ms=3 ram=9.0/23.9GB (38%) swap=0.0/3.9GB (0%) cpu=26% browser_rss=0.71GB
[06:53]   Frame 4 saved (frame_003.jpg, t=6.5s)
[06:53]   [capture-periodic] freeze=2ms shot=78ms unfreeze=5ms saved=True
[06:57]   Node executed (1 total), capturing...
[06:58]   Frame 5 saved (frame_004.jpg, t=11.4s)
[06:58]   [capture-node] freeze=4ms shot=108ms unfreeze=7ms saved=True
[06:58]   Node executed (2 total), capturing...
[06:58]   Frame 6 saved (frame_005.jpg, t=11.8s)
[06:58]   [capture-node] freeze=4ms shot=125ms unfreeze=0ms saved=True
[06:58]   Execution complete (t=11.8s)
[06:58]   Captured 6 unique frames over 11.97s
[06:58]   [debug] iframes: 0
[06:58]   [timing] trigger_3d_previews: 0.0s
[07:00]   Saved high-quality screenshot: image_seg_text_executed.png
[07:00]   [timing] final_screenshot: 0.2s
[07:00] Capturing execution frames: scene_seg.json
[07:06]   Frame 1 saved (frame_000.jpg, t=0.0s)
[07:06]   Validating workflow...
[07:06]   Queuing workflow for execution...
[07:08]   Frame 2 saved (frame_001.jpg, t=2.2s)
[07:08]   [capture-periodic] freeze=3ms shot=87ms unfreeze=4ms saved=True
[07:10]   Frame 3 saved (frame_002.jpg, t=4.4s)
[07:10]   [capture-periodic] freeze=3ms shot=108ms unfreeze=5ms saved=True
[07:11]   Node executed (1 total), capturing...
[07:12]   Frame 4 saved (frame_003.jpg, t=5.7s)
[07:12]   [capture-node] freeze=3ms shot=154ms unfreeze=14ms saved=True
[07:12]   [capture-loop] iter=50 t=6.4s state={'complete': False, 'error': None, 'executedCount': 1, 'wsState': 1} eval_ms=3 ram=9.8/23.9GB (41%) swap=0.0/3.9GB (0%) cpu=28% browser_rss=1.71GB
[07:18]   [capture-loop] iter=100 t=12.2s state={'complete': False, 'error': None, 'executedCount': 1, 'wsState': 1} eval_ms=4 ram=10.5/23.9GB (44%) swap=0.0/3.9GB (0%) cpu=25% browser_rss=1.70GB
[07:18]   Frame 5 saved (frame_004.jpg, t=12.4s)
[07:18]   [capture-periodic] freeze=16ms shot=185ms unfreeze=21ms saved=True
[07:21]   Frame 6 saved (frame_005.jpg, t=14.7s)
[07:21]   [capture-periodic] freeze=7ms shot=166ms unfreeze=47ms saved=True
[07:22]   Node executed (2 total), capturing...
[07:23]   Frame 7 saved (frame_006.jpg, t=16.8s)
[07:23]   [capture-node] freeze=5ms shot=584ms unfreeze=3ms saved=True
[07:25]   [capture-loop] iter=150 t=19.2s state={'complete': False, 'error': None, 'executedCount': 2, 'wsState': 1} eval_ms=4 ram=12.6/23.9GB (53%) swap=0.0/3.9GB (0%) cpu=39% browser_rss=2.00GB
[07:25]   Frame 8 saved (frame_007.jpg, t=19.5s)
[07:25]   [capture-periodic] freeze=3ms shot=134ms unfreeze=12ms saved=True
[07:27]   Node executed (3 total), capturing...
[07:28]   Frame 9 saved (frame_008.jpg, t=21.9s)
[07:28]   [capture-node] freeze=381ms shot=191ms unfreeze=3ms saved=True
[07:28]   Node executed (4 total), capturing...
[07:29]   Frame 10 saved (frame_009.jpg, t=22.8s)
[07:29]   [capture-node] freeze=3ms shot=179ms unfreeze=0ms saved=True
[07:29]   Execution complete (t=22.8s)
[07:29]   Captured 10 unique frames over 23.01s
[07:29]   [debug] iframes: 0
[07:29]   [timing] trigger_3d_previews: 0.0s
[07:31]   Saved high-quality screenshot: scene_seg_executed.png
[07:31]   [timing] final_screenshot: 0.2s
[07:31] Capturing execution frames: scene_seg_interactive.json
[07:37]   Frame 1 saved (frame_000.jpg, t=0.0s)
[07:37]   Validating workflow...
[07:37]   Queuing workflow for execution...
[07:39]   Frame 2 saved (frame_001.jpg, t=2.2s)
[07:39]   [capture-periodic] freeze=3ms shot=84ms unfreeze=4ms saved=True
[07:41]   Frame 3 saved (frame_002.jpg, t=4.4s)
[07:41]   [capture-periodic] freeze=4ms shot=106ms unfreeze=5ms saved=True
[07:43]   [capture-loop] iter=50 t=5.8s state={'complete': False, 'error': None, 'executedCount': 0, 'wsState': 1} eval_ms=3 ram=12.8/23.9GB (54%) swap=0.0/3.9GB (0%) cpu=31% browser_rss=1.35GB
[07:46]   Frame 4 saved (frame_003.jpg, t=8.7s)
[07:46]   [capture-periodic] freeze=3ms shot=92ms unfreeze=5ms saved=True
[07:47]   Node executed (1 total), capturing...
[07:48]   Frame 5 saved (frame_004.jpg, t=10.4s)
[07:48]   [capture-node] freeze=60ms shot=449ms unfreeze=16ms saved=True
[07:48]   Node executed (2 total), capturing...
[07:48]   Frame 6 saved (frame_005.jpg, t=11.3s)
[07:48]   [capture-node] freeze=3ms shot=128ms unfreeze=0ms saved=True
[07:48]   Execution complete (t=11.3s)
[07:48]   Captured 6 unique frames over 11.44s
[07:48]   [debug] iframes: 0
[07:48]   [timing] trigger_3d_previews: 0.0s
[07:51]   Saved high-quality screenshot: scene_seg_interactive_executed.png
[07:51]   [timing] final_screenshot: 0.2s
[07:51] Capturing execution frames: video_point_prompt.json
[07:57]   Frame 1 saved (frame_000.jpg, t=0.0s)
[07:57]   Validating workflow...
[07:57]   Queuing workflow for execution...
[07:59]   Frame 2 saved (frame_001.jpg, t=2.3s)
[07:59]   [capture-periodic] freeze=6ms shot=107ms unfreeze=6ms saved=True
[08:01]   Frame 3 saved (frame_002.jpg, t=4.5s)
[08:01]   [capture-periodic] freeze=3ms shot=100ms unfreeze=3ms saved=True
[08:02]   [capture-loop] iter=50 t=6.0s state={'complete': False, 'error': None, 'executedCount': 0, 'wsState': 1} eval_ms=3 ram=10.0/23.9GB (42%) swap=0.0/3.9GB (0%) cpu=29% browser_rss=1.35GB
[08:02]   Node executed (1 total), capturing...
[08:03]   Frame 4 saved (frame_003.jpg, t=6.2s)
[08:03]   [capture-node] freeze=5ms shot=122ms unfreeze=6ms saved=True
[08:05]   Frame 5 saved (frame_004.jpg, t=8.5s)
[08:05]   [capture-periodic] freeze=2ms shot=100ms unfreeze=4ms saved=True
[08:07]   Frame 6 saved (frame_005.jpg, t=10.7s)
[08:07]   [capture-periodic] freeze=5ms shot=122ms unfreeze=9ms saved=True
[08:08]   [capture-loop] iter=100 t=12.1s state={'complete': False, 'error': None, 'executedCount': 1, 'wsState': 1} eval_ms=4 ram=10.8/23.9GB (45%) swap=0.0/3.9GB (0%) cpu=36% browser_rss=1.36GB
[08:10]   Frame 7 saved (frame_006.jpg, t=12.9s)
[08:10]   [capture-periodic] freeze=3ms shot=116ms unfreeze=7ms saved=True
[08:12]   Frame 8 saved (frame_007.jpg, t=15.1s)
[08:12]   [capture-periodic] freeze=3ms shot=109ms unfreeze=4ms saved=True
[08:14]   Frame 9 saved (frame_008.jpg, t=17.4s)
[08:14]   [capture-periodic] freeze=3ms shot=94ms unfreeze=4ms saved=True
[08:14]   [capture-loop] iter=150 t=18.0s state={'complete': False, 'error': None, 'executedCount': 1, 'wsState': 1} eval_ms=4 ram=11.7/23.9GB (49%) swap=0.0/3.9GB (0%) cpu=34% browser_rss=1.36GB
[08:16]   Frame 10 saved (frame_009.jpg, t=19.6s)
[08:16]   [capture-periodic] freeze=3ms shot=101ms unfreeze=4ms saved=True
[08:18]   Frame 11 saved (frame_010.jpg, t=21.7s)
[08:18]   [capture-periodic] freeze=3ms shot=97ms unfreeze=4ms saved=True
[08:20]   [capture-loop] iter=200 t=23.9s state={'complete': False, 'error': None, 'executedCount': 1, 'wsState': 1} eval_ms=3 ram=11.8/23.9GB (49%) swap=0.0/3.9GB (0%) cpu=37% browser_rss=1.37GB
[08:21]   Frame 12 saved (frame_011.jpg, t=24.0s)
[08:21]   [capture-periodic] freeze=2ms shot=98ms unfreeze=5ms saved=True
[08:23]   Frame 13 saved (frame_012.jpg, t=26.1s)
[08:23]   [capture-periodic] freeze=2ms shot=106ms unfreeze=4ms saved=True
[08:25]   Frame 14 saved (frame_013.jpg, t=28.3s)
[08:25]   [capture-periodic] freeze=2ms shot=106ms unfreeze=4ms saved=True
[08:26]   [capture-loop] iter=250 t=29.8s state={'complete': False, 'error': None, 'executedCount': 1, 'wsState': 1} eval_ms=6 ram=11.8/23.9GB (49%) swap=0.0/3.9GB (0%) cpu=35% browser_rss=1.28GB
[08:27]   Frame 15 saved (frame_014.jpg, t=30.6s)
[08:27]   [capture-periodic] freeze=5ms shot=129ms unfreeze=4ms saved=True
[08:29]   Frame 16 saved (frame_015.jpg, t=32.8s)
[08:29]   [capture-periodic] freeze=3ms shot=124ms unfreeze=4ms saved=True
[08:32]   Frame 17 saved (frame_016.jpg, t=35.1s)
[08:32]   [capture-periodic] freeze=3ms shot=122ms unfreeze=5ms saved=True
[08:32]   [capture-loop] iter=300 t=35.8s state={'complete': False, 'error': None, 'executedCount': 1, 'wsState': 1} eval_ms=3 ram=11.6/23.9GB (49%) swap=0.0/3.9GB (0%) cpu=38% browser_rss=1.10GB
[08:34]   Frame 18 saved (frame_017.jpg, t=37.4s)
[08:34]   [capture-periodic] freeze=4ms shot=112ms unfreeze=8ms saved=True
[08:36]   Frame 19 saved (frame_018.jpg, t=39.5s)
[08:36]   [capture-periodic] freeze=2ms shot=118ms unfreeze=4ms saved=True
[08:38]   [capture-loop] iter=350 t=41.7s state={'complete': False, 'error': None, 'executedCount': 1, 'wsState': 1} eval_ms=3 ram=11.6/23.9GB (48%) swap=0.0/3.9GB (0%) cpu=58% browser_rss=1.11GB
[08:38]   Frame 20 saved (frame_019.jpg, t=41.7s)
[08:38]   [capture-periodic] freeze=5ms shot=111ms unfreeze=5ms saved=True
[08:40]   Frame 21 saved (frame_020.jpg, t=43.9s)
[08:40]   [capture-periodic] freeze=7ms shot=112ms unfreeze=6ms saved=True
[08:43]   Frame 22 saved (frame_021.jpg, t=46.0s)
[08:43]   [capture-periodic] freeze=3ms shot=148ms unfreeze=6ms saved=True
[08:43]   Node executed (2 total), capturing...
[08:44]   Frame 23 saved (frame_022.jpg, t=47.0s)
[08:44]   [capture-node] freeze=5ms shot=172ms unfreeze=4ms saved=True
[08:44]   Node executed (3 total), capturing...
[08:44]   Frame 24 saved (frame_023.jpg, t=47.7s)
[08:44]   [capture-node] freeze=4ms shot=153ms unfreeze=0ms saved=True
[08:44]   Execution complete (t=47.7s)
[08:44]   Captured 24 unique frames over 47.86s
[08:44]   [debug] iframes: 0
[08:44]   [timing] trigger_3d_previews: 0.0s
[08:47]   Saved high-quality screenshot: video_point_prompt_executed.png
[08:47]   [timing] final_screenshot: 0.2s
[08:47] Results saved to C:\logs\SAM3-1721\dev\windows-portable-gpu\results.json
[08:47] Model report: 9 files, 3.2 GB -> C:\logs\SAM3-1721\dev\windows-portable-gpu\models.json
[08:47] Saved: C:\logs\SAM3-1721\dev\windows-portable-gpu\index.html
[08:47] [EXECUTION] PASSED
[08:47] 
windows_portable: PASSED
[08:47] Stopping ComfyUI server...
