[00:00] Crash dump logging enabled: /home/runner/work/comfy-gpu-ci/comfy-gpu-ci/comfy-test-logs/SAM3-1116/linux-cpu/crash_dump.log
[00:00] 
[00:00] [1/3] REGISTRATION
[00:00] ----------------------------------------
[00:00] 
[DEBUG] server=None, server_url=http://127.0.0.1:8188, api=None
[00:00] 
Connecting to existing server at http://127.0.0.1:8188...
[00:00] Connecting to existing server at http://127.0.0.1:8188...
[00:00] Connected to server! (attempt 1, 0.0s)
[00:00] Checking for import errors in server logs...
[00:00] No import errors detected
[00:00] Found 771 registered nodes
[00:00] [REGISTRATION] PASSED
[00:00] 
[00:00] [2/3] INSTANTIATION
[00:00] ----------------------------------------
[00:00] 
[DEBUG] server=<comfy_test.comfyui.server.ExternalComfyUIServer object at 0x7f62888a5430>, server_url=http://127.0.0.1:8188, api=<comfy_test.comfyui.api.ComfyUIAPI object at 0x7f628858ede0>
[00:00] Testing node constructors...
[00:02] All 15 node(s) instantiated successfully!
[00:02] [INSTANTIATION] PASSED
[00:02] 
[00:02] [3/3] EXECUTION
[00:02] ----------------------------------------
[00:02] 
[DEBUG] server=<comfy_test.comfyui.server.ExternalComfyUIServer object at 0x7f62888a5430>, server_url=http://127.0.0.1:8188, api=<comfy_test.comfyui.api.ComfyUIAPI object at 0x7f628858ede0>
[00:02] CPU runner - will execute 4 workflow(s)
[00:02] Running 5 workflow(s) (all with videos)...
[00:03] Starting headless browser...
[00:03]   Installing Mesa llvmpipe (apt)...
[00:04]   Mesa install failed: E: Unable to locate package libegl1-mesa

[00:04]   No GPU, no Mesa — using SwiftShader software rendering
[00:05] Capturing execution frames: image_seg_point.json
[00:11]   Frame 1 saved (frame_000.jpg, t=0.0s)
[00:11]   Validating workflow...
[00:11]   Queuing workflow for execution...
[00:13]   Frame 2 saved (frame_001.jpg, t=2.3s)
[00:13]   [capture-periodic] freeze=5ms shot=140ms unfreeze=8ms saved=True
[00:13]   Node executed (1 total), capturing...
[00:14]   Frame 3 saved (frame_002.jpg, t=2.9s)
[00:14]   [capture-node] freeze=3ms shot=114ms unfreeze=3ms saved=True
[00:16]   Frame 4 saved (frame_003.jpg, t=5.1s)
[00:16]   [capture-periodic] freeze=3ms shot=125ms unfreeze=8ms saved=True
[00:17]   [capture-loop] iter=50 t=6.3s state={'complete': False, 'error': None, 'executedCount': 1, 'wsState': 1} eval_ms=4 ram=2.2/15.6GB (14%) swap=0.0/3.0GB (0%) cpu=38% browser_rss=0.89GB
[00:18]   Frame 5 saved (frame_004.jpg, t=7.3s)
[00:18]   [capture-periodic] freeze=3ms shot=108ms unfreeze=6ms saved=True
[00:20]   Frame 6 saved (frame_005.jpg, t=9.5s)
[00:20]   [capture-periodic] freeze=3ms shot=104ms unfreeze=4ms saved=True
[00:22]   Frame 7 saved (frame_006.jpg, t=11.7s)
[00:22]   [capture-periodic] freeze=3ms shot=108ms unfreeze=9ms saved=True
[00:23]   [capture-loop] iter=100 t=12.2s state={'complete': False, 'error': None, 'executedCount': 1, 'wsState': 1} eval_ms=5 ram=2.3/15.6GB (15%) swap=0.0/3.0GB (0%) cpu=27% browser_rss=0.90GB
[00:25]   Frame 8 saved (frame_007.jpg, t=13.9s)
[00:25]   [capture-periodic] freeze=6ms shot=121ms unfreeze=4ms saved=True
[00:27]   Frame 9 saved (frame_008.jpg, t=16.1s)
[00:27]   [capture-periodic] freeze=12ms shot=120ms unfreeze=3ms saved=True
[00:29]   [capture-loop] iter=150 t=17.9s state={'complete': False, 'error': None, 'executedCount': 1, 'wsState': 1} eval_ms=3 ram=2.3/15.6GB (14%) swap=0.0/3.0GB (0%) cpu=26% browser_rss=0.92GB
[00:29]   Frame 10 saved (frame_009.jpg, t=18.4s)
[00:29]   [capture-periodic] freeze=3ms shot=110ms unfreeze=3ms saved=True
[00:31]   Frame 11 saved (frame_010.jpg, t=20.6s)
[00:31]   [capture-periodic] freeze=23ms shot=148ms unfreeze=5ms saved=True
[00:34]   Frame 12 saved (frame_011.jpg, t=22.8s)
[00:34]   [capture-periodic] freeze=4ms shot=117ms unfreeze=22ms saved=True
[00:35]   [capture-loop] iter=200 t=24.0s state={'complete': False, 'error': None, 'executedCount': 1, 'wsState': 1} eval_ms=9 ram=2.3/15.6GB (14%) swap=0.0/3.0GB (0%) cpu=31% browser_rss=0.92GB
[00:36]   Frame 13 saved (frame_012.jpg, t=25.1s)
[00:36]   [capture-periodic] freeze=3ms shot=150ms unfreeze=11ms saved=True
[00:38]   Frame 14 saved (frame_013.jpg, t=27.3s)
[00:38]   [capture-periodic] freeze=3ms shot=112ms unfreeze=3ms saved=True
[00:40]   Frame 15 saved (frame_014.jpg, t=29.6s)
[00:40]   [capture-periodic] freeze=3ms shot=128ms unfreeze=5ms saved=True
[00:41]   [capture-loop] iter=250 t=30.0s state={'complete': False, 'error': None, 'executedCount': 1, 'wsState': 1} eval_ms=3 ram=2.2/15.6GB (14%) swap=0.0/3.0GB (0%) cpu=30% browser_rss=0.82GB
[00:43]   Frame 16 saved (frame_015.jpg, t=31.8s)
[00:43]   [capture-periodic] freeze=3ms shot=121ms unfreeze=7ms saved=True
[00:45]   Frame 17 saved (frame_016.jpg, t=34.0s)
[00:45]   [capture-periodic] freeze=9ms shot=203ms unfreeze=10ms saved=True
[00:46]   [capture-loop] iter=300 t=35.8s state={'complete': False, 'error': None, 'executedCount': 1, 'wsState': 1} eval_ms=3 ram=2.2/15.6GB (14%) swap=0.0/3.0GB (0%) cpu=30% browser_rss=0.83GB
[00:47]   Frame 18 saved (frame_017.jpg, t=36.4s)
[00:47]   [capture-periodic] freeze=6ms shot=125ms unfreeze=8ms saved=True
[00:49]   Frame 19 saved (frame_018.jpg, t=38.6s)
[00:49]   [capture-periodic] freeze=14ms shot=174ms unfreeze=10ms saved=True
[00:52]   Frame 20 saved (frame_019.jpg, t=40.9s)
[00:52]   [capture-periodic] freeze=6ms shot=128ms unfreeze=4ms saved=True
[00:52]   [capture-loop] iter=350 t=41.8s state={'complete': False, 'error': None, 'executedCount': 1, 'wsState': 1} eval_ms=3 ram=2.2/15.6GB (14%) swap=0.0/3.0GB (0%) cpu=29% browser_rss=0.83GB
[00:54]   Frame 21 saved (frame_020.jpg, t=43.1s)
[00:54]   [capture-periodic] freeze=4ms shot=115ms unfreeze=5ms saved=True
[00:58]   [capture-loop] iter=400 t=47.5s state={'complete': False, 'error': None, 'executedCount': 1, 'wsState': 1} eval_ms=3 ram=2.6/15.6GB (16%) swap=0.0/3.0GB (0%) cpu=39% browser_rss=0.83GB
[01:04]   [capture-loop] iter=450 t=53.3s state={'complete': False, 'error': None, 'executedCount': 1, 'wsState': 1} eval_ms=5 ram=2.6/15.6GB (17%) swap=0.0/3.0GB (0%) cpu=36% browser_rss=0.83GB
[01:10]   [capture-loop] iter=500 t=59.1s state={'complete': False, 'error': None, 'executedCount': 1, 'wsState': 1} eval_ms=5 ram=2.4/15.6GB (15%) swap=0.0/3.0GB (0%) cpu=37% browser_rss=0.82GB
[01:15]   [capture-loop] iter=550 t=64.7s state={'complete': False, 'error': None, 'executedCount': 1, 'wsState': 1} eval_ms=5 ram=2.5/15.6GB (16%) swap=0.0/3.0GB (0%) cpu=36% browser_rss=0.83GB
[01:21]   [capture-loop] iter=600 t=70.5s state={'complete': False, 'error': None, 'executedCount': 1, 'wsState': 1} eval_ms=3 ram=3.1/15.6GB (20%) swap=0.0/3.0GB (0%) cpu=36% browser_rss=0.82GB
[01:27]   [capture-loop] iter=650 t=76.2s state={'complete': False, 'error': None, 'executedCount': 1, 'wsState': 1} eval_ms=5 ram=2.5/15.6GB (16%) swap=0.0/3.0GB (0%) cpu=36% browser_rss=0.82GB
[01:32]   [capture-loop] iter=700 t=81.9s state={'complete': False, 'error': None, 'executedCount': 1, 'wsState': 1} eval_ms=3 ram=3.8/15.6GB (24%) swap=0.0/3.0GB (0%) cpu=36% browser_rss=0.83GB
[01:38]   [capture-loop] iter=750 t=87.6s state={'complete': False, 'error': None, 'executedCount': 1, 'wsState': 1} eval_ms=4 ram=2.5/15.6GB (16%) swap=0.0/3.0GB (0%) cpu=37% browser_rss=0.83GB
[01:44]   [capture-loop] iter=800 t=93.4s state={'complete': False, 'error': None, 'executedCount': 1, 'wsState': 1} eval_ms=4 ram=2.5/15.6GB (16%) swap=0.0/3.0GB (0%) cpu=37% browser_rss=0.82GB
[01:50]   [capture-loop] iter=850 t=99.3s state={'complete': False, 'error': None, 'executedCount': 1, 'wsState': 1} eval_ms=3 ram=2.6/15.6GB (17%) swap=0.0/3.0GB (0%) cpu=36% browser_rss=0.83GB
[01:53]   Node executed (2 total), capturing...
[01:53]   Frame 22 saved (frame_021.jpg, t=102.3s)
[01:53]   [capture-node] freeze=6ms shot=157ms unfreeze=9ms saved=True
[01:53]   Node executed (3 total), capturing...
[01:54]   Frame 23 saved (frame_022.jpg, t=102.8s)
[01:54]   [capture-node] freeze=3ms shot=109ms unfreeze=0ms saved=True
[01:54]   Execution complete (t=102.8s)
[01:54]   Captured 23 unique frames over 102.92s
[01:54]   [debug] iframes: 0
[01:54]   [timing] trigger_3d_previews: 0.0s
[01:56]   Saved high-quality screenshot: image_seg_point_executed.png
[01:56]   [timing] final_screenshot: 0.3s
[01:56] Capturing execution frames: image_seg_text.json
[02:02]   Frame 1 saved (frame_000.jpg, t=0.0s)
[02:02]   Validating workflow...
[02:02]   Queuing workflow for execution...
[02:04]   Frame 2 saved (frame_001.jpg, t=2.3s)
[02:04]   [capture-periodic] freeze=5ms shot=116ms unfreeze=5ms saved=True
[02:06]   Frame 3 saved (frame_002.jpg, t=4.5s)
[02:06]   [capture-periodic] freeze=3ms shot=119ms unfreeze=3ms saved=True
[02:07]   [capture-loop] iter=50 t=5.8s state={'complete': False, 'error': None, 'executedCount': 0, 'wsState': 1} eval_ms=3 ram=2.8/15.6GB (18%) swap=0.0/3.0GB (0%) cpu=28% browser_rss=0.85GB
[02:13]   [capture-loop] iter=100 t=11.6s state={'complete': False, 'error': None, 'executedCount': 0, 'wsState': 1} eval_ms=3 ram=4.1/15.6GB (26%) swap=0.0/3.0GB (0%) cpu=36% browser_rss=0.85GB
[02:19]   [capture-loop] iter=150 t=17.2s state={'complete': False, 'error': None, 'executedCount': 0, 'wsState': 1} eval_ms=3 ram=2.8/15.6GB (18%) swap=0.0/3.0GB (0%) cpu=36% browser_rss=0.85GB
[02:24]   [capture-loop] iter=200 t=23.0s state={'complete': False, 'error': None, 'executedCount': 0, 'wsState': 1} eval_ms=4 ram=2.8/15.6GB (18%) swap=0.0/3.0GB (0%) cpu=36% browser_rss=0.85GB
[02:30]   [capture-loop] iter=250 t=28.7s state={'complete': False, 'error': None, 'executedCount': 0, 'wsState': 1} eval_ms=3 ram=2.7/15.6GB (17%) swap=0.0/3.0GB (0%) cpu=38% browser_rss=0.76GB
[02:36]   [capture-loop] iter=300 t=34.3s state={'complete': False, 'error': None, 'executedCount': 0, 'wsState': 1} eval_ms=3 ram=2.7/15.6GB (17%) swap=0.0/3.0GB (0%) cpu=38% browser_rss=0.76GB
[02:42]   [capture-loop] iter=350 t=40.1s state={'complete': False, 'error': None, 'executedCount': 0, 'wsState': 1} eval_ms=5 ram=2.7/15.6GB (18%) swap=0.0/3.0GB (0%) cpu=38% browser_rss=0.76GB
[02:47]   [capture-loop] iter=400 t=45.7s state={'complete': False, 'error': None, 'executedCount': 0, 'wsState': 1} eval_ms=3 ram=2.7/15.6GB (17%) swap=0.0/3.0GB (0%) cpu=37% browser_rss=0.76GB
[02:53]   [capture-loop] iter=450 t=51.4s state={'complete': False, 'error': None, 'executedCount': 0, 'wsState': 1} eval_ms=3 ram=4.7/15.6GB (30%) swap=0.0/3.0GB (0%) cpu=38% browser_rss=0.76GB
[02:59]   [capture-loop] iter=500 t=57.3s state={'complete': False, 'error': None, 'executedCount': 0, 'wsState': 1} eval_ms=4 ram=2.9/15.6GB (19%) swap=0.0/3.0GB (0%) cpu=38% browser_rss=0.76GB
[03:04]   [capture-loop] iter=550 t=62.9s state={'complete': False, 'error': None, 'executedCount': 0, 'wsState': 1} eval_ms=3 ram=3.9/15.6GB (25%) swap=0.0/3.0GB (0%) cpu=38% browser_rss=0.76GB
[03:10]   Node executed (1 total), capturing...
[03:10]   Frame 4 saved (frame_003.jpg, t=68.7s)
[03:10]   [capture-node] freeze=7ms shot=153ms unfreeze=5ms saved=True
[03:10]   [capture-loop] iter=600 t=69.0s state={'complete': True, 'error': None, 'executedCount': 2, 'wsState': 1} eval_ms=3 ram=2.7/15.6GB (17%) swap=0.0/3.0GB (0%) cpu=38% browser_rss=0.83GB
[03:10]   Node executed (2 total), capturing...
[03:11]   Frame 5 saved (frame_004.jpg, t=69.1s)
[03:11]   [capture-node] freeze=3ms shot=125ms unfreeze=0ms saved=True
[03:11]   Execution complete (t=69.1s)
[03:11]   Captured 5 unique frames over 69.31s
[03:11]   [debug] iframes: 0
[03:11]   [timing] trigger_3d_previews: 0.0s
[03:13]   Saved high-quality screenshot: image_seg_text_executed.png
[03:13]   [timing] final_screenshot: 0.3s
[03:13] Capturing execution frames: scene_seg.json
[03:19]   Frame 1 saved (frame_000.jpg, t=0.0s)
[03:19]   Validating workflow...
[03:19]   Queuing workflow for execution...
[03:21]   Frame 2 saved (frame_001.jpg, t=2.3s)
[03:21]   [capture-periodic] freeze=3ms shot=108ms unfreeze=3ms saved=True
[03:23]   Node executed (1 total), capturing...
[03:24]   Frame 3 saved (frame_002.jpg, t=4.6s)
[03:24]   [capture-node] freeze=4ms shot=139ms unfreeze=4ms saved=True
[03:25]   [capture-loop] iter=50 t=6.4s state={'complete': False, 'error': None, 'executedCount': 1, 'wsState': 1} eval_ms=5 ram=3.4/15.6GB (22%) swap=0.0/3.0GB (0%) cpu=32% browser_rss=1.88GB
[03:31]   [capture-loop] iter=100 t=12.3s state={'complete': False, 'error': None, 'executedCount': 1, 'wsState': 1} eval_ms=3 ram=3.3/15.6GB (21%) swap=0.0/3.0GB (0%) cpu=36% browser_rss=1.97GB
[03:37]   [capture-loop] iter=150 t=18.2s state={'complete': False, 'error': None, 'executedCount': 1, 'wsState': 1} eval_ms=3 ram=4.5/15.6GB (29%) swap=0.0/3.0GB (0%) cpu=37% browser_rss=2.07GB
[03:43]   [capture-loop] iter=200 t=23.9s state={'complete': False, 'error': None, 'executedCount': 1, 'wsState': 1} eval_ms=3 ram=3.2/15.6GB (21%) swap=0.0/3.0GB (0%) cpu=36% browser_rss=2.07GB
[03:49]   [capture-loop] iter=250 t=29.9s state={'complete': False, 'error': None, 'executedCount': 1, 'wsState': 1} eval_ms=5 ram=4.0/15.6GB (26%) swap=0.0/3.0GB (0%) cpu=40% browser_rss=2.00GB
[03:55]   [capture-loop] iter=300 t=35.7s state={'complete': False, 'error': None, 'executedCount': 1, 'wsState': 1} eval_ms=5 ram=3.3/15.6GB (21%) swap=0.0/3.0GB (0%) cpu=37% browser_rss=2.00GB
[04:01]   [capture-loop] iter=350 t=41.7s state={'complete': False, 'error': None, 'executedCount': 1, 'wsState': 1} eval_ms=5 ram=3.5/15.6GB (23%) swap=0.0/3.0GB (0%) cpu=38% browser_rss=2.00GB
[04:07]   [capture-loop] iter=400 t=47.5s state={'complete': False, 'error': None, 'executedCount': 1, 'wsState': 1} eval_ms=3 ram=3.2/15.6GB (21%) swap=0.0/3.0GB (0%) cpu=37% browser_rss=1.94GB
[04:12]   [capture-loop] iter=450 t=53.3s state={'complete': False, 'error': None, 'executedCount': 1, 'wsState': 1} eval_ms=5 ram=3.2/15.6GB (21%) swap=0.0/3.0GB (0%) cpu=36% browser_rss=1.94GB
[04:18]   [capture-loop] iter=500 t=59.1s state={'complete': False, 'error': None, 'executedCount': 1, 'wsState': 1} eval_ms=3 ram=3.5/15.6GB (23%) swap=0.0/3.0GB (0%) cpu=37% browser_rss=1.94GB
[04:24]   Frame 4 saved (frame_003.jpg, t=64.6s)
[04:24]   [capture-periodic] freeze=3ms shot=175ms unfreeze=11ms saved=True
[04:24]   [capture-loop] iter=550 t=65.1s state={'complete': False, 'error': None, 'executedCount': 1, 'wsState': 1} eval_ms=9 ram=3.8/15.6GB (24%) swap=0.0/3.0GB (0%) cpu=40% browser_rss=1.94GB
[04:26]   Frame 5 saved (frame_004.jpg, t=66.9s)
[04:26]   [capture-periodic] freeze=16ms shot=167ms unfreeze=12ms saved=True
[04:30]   [capture-loop] iter=600 t=71.0s state={'complete': False, 'error': None, 'executedCount': 1, 'wsState': 1} eval_ms=3 ram=6.3/15.6GB (40%) swap=0.0/3.0GB (0%) cpu=47% browser_rss=2.06GB
[04:35]   Frame 6 saved (frame_005.jpg, t=75.8s)
[04:35]   [capture-periodic] freeze=3ms shot=144ms unfreeze=13ms saved=True
[04:36]   [capture-loop] iter=650 t=77.0s state={'complete': False, 'error': None, 'executedCount': 1, 'wsState': 1} eval_ms=5 ram=5.2/15.6GB (33%) swap=0.0/3.0GB (0%) cpu=38% browser_rss=2.06GB
[04:38]   Frame 7 saved (frame_006.jpg, t=78.0s)
[04:38]   [capture-periodic] freeze=4ms shot=424ms unfreeze=19ms saved=True
[04:38]   Node executed (2 total), capturing...
[04:38]   Frame 8 saved (frame_007.jpg, t=79.1s)
[04:38]   [capture-node] freeze=5ms shot=183ms unfreeze=20ms saved=True
[04:42]   Node executed (3 total), capturing...
[04:43]   Frame 9 saved (frame_008.jpg, t=83.1s)
[04:43]   [capture-node] freeze=655ms shot=356ms unfreeze=10ms saved=True
[04:43]   Node executed (4 total), capturing...
[04:44]   Frame 10 saved (frame_009.jpg, t=84.5s)
[04:44]   [capture-node] freeze=46ms shot=766ms unfreeze=8ms saved=True
[04:44]   Execution complete (t=85.5s)
[04:44]   Captured 10 unique frames over 85.47s
[04:44]   [debug] iframes: 0
[04:44]   [timing] trigger_3d_previews: 0.0s
[04:47]   Saved high-quality screenshot: scene_seg_executed.png
[04:47]   [timing] final_screenshot: 0.3s
[04:47] Capturing execution frames: scene_seg_interactive.json
[04:53]   Frame 1 saved (frame_000.jpg, t=0.0s)
[04:53]   Validating workflow...
[04:53]   Queuing workflow for execution...
[04:56]   Frame 2 saved (frame_001.jpg, t=2.3s)
[04:56]   [capture-periodic] freeze=5ms shot=108ms unfreeze=5ms saved=True
[04:58]   Frame 3 saved (frame_002.jpg, t=4.5s)
[04:58]   [capture-periodic] freeze=5ms shot=109ms unfreeze=3ms saved=True
[04:59]   [capture-loop] iter=50 t=5.8s state={'complete': False, 'error': None, 'executedCount': 0, 'wsState': 1} eval_ms=3 ram=4.9/15.6GB (31%) swap=0.0/3.0GB (0%) cpu=35% browser_rss=1.49GB
[05:05]   [capture-loop] iter=100 t=11.6s state={'complete': False, 'error': None, 'executedCount': 0, 'wsState': 1} eval_ms=5 ram=4.9/15.6GB (32%) swap=0.0/3.0GB (0%) cpu=38% browser_rss=1.37GB
[05:10]   [capture-loop] iter=150 t=17.2s state={'complete': False, 'error': None, 'executedCount': 0, 'wsState': 1} eval_ms=5 ram=4.3/15.6GB (28%) swap=0.0/3.0GB (0%) cpu=35% browser_rss=1.33GB
[05:16]   [capture-loop] iter=200 t=22.9s state={'complete': False, 'error': None, 'executedCount': 0, 'wsState': 1} eval_ms=5 ram=4.4/15.6GB (28%) swap=0.0/3.0GB (0%) cpu=36% browser_rss=1.34GB
[05:22]   [capture-loop] iter=250 t=28.6s state={'complete': False, 'error': None, 'executedCount': 0, 'wsState': 1} eval_ms=3 ram=4.3/15.6GB (28%) swap=0.0/3.0GB (0%) cpu=36% browser_rss=1.34GB
[05:27]   [capture-loop] iter=300 t=34.3s state={'complete': False, 'error': None, 'executedCount': 0, 'wsState': 1} eval_ms=5 ram=4.4/15.6GB (28%) swap=0.0/3.0GB (0%) cpu=36% browser_rss=1.34GB
[05:33]   [capture-loop] iter=350 t=40.0s state={'complete': False, 'error': None, 'executedCount': 0, 'wsState': 1} eval_ms=3 ram=4.3/15.6GB (28%) swap=0.0/3.0GB (0%) cpu=36% browser_rss=1.34GB
[05:39]   [capture-loop] iter=400 t=45.5s state={'complete': False, 'error': None, 'executedCount': 0, 'wsState': 1} eval_ms=3 ram=4.4/15.6GB (28%) swap=0.0/3.0GB (0%) cpu=35% browser_rss=1.34GB
[05:44]   [capture-loop] iter=450 t=51.3s state={'complete': False, 'error': None, 'executedCount': 0, 'wsState': 1} eval_ms=5 ram=4.3/15.6GB (27%) swap=0.0/3.0GB (0%) cpu=35% browser_rss=1.34GB
[05:50]   Frame 4 saved (frame_003.jpg, t=56.3s)
[05:50]   [capture-periodic] freeze=3ms shot=107ms unfreeze=4ms saved=True
[05:50]   [capture-loop] iter=500 t=57.0s state={'complete': False, 'error': None, 'executedCount': 0, 'wsState': 1} eval_ms=5 ram=5.9/15.6GB (38%) swap=0.0/3.0GB (0%) cpu=36% browser_rss=1.34GB
[05:52]   Node executed (1 total), capturing...
[05:53]   Frame 5 saved (frame_004.jpg, t=59.3s)
[05:53]   [capture-node] freeze=157ms shot=413ms unfreeze=7ms saved=True
[05:53]   Node executed (2 total), capturing...
[05:54]   Frame 6 saved (frame_005.jpg, t=60.2s)
[05:54]   [capture-node] freeze=3ms shot=160ms unfreeze=0ms saved=True
[05:54]   Execution complete (t=60.2s)
[05:54]   Captured 6 unique frames over 60.37s
[05:54]   [debug] iframes: 0
[05:54]   [timing] trigger_3d_previews: 0.0s
[05:56]   Saved high-quality screenshot: scene_seg_interactive_executed.png
[05:56]   [timing] final_screenshot: 0.3s
[05:56]   [5/5] SKIPPED (not in cpu list) video_point_prompt.json
[05:56] Results saved to /home/runner/work/comfy-gpu-ci/comfy-gpu-ci/comfy-test-logs/SAM3-1116/linux-cpu/results.json
[05:56] Model report: 1 files, 3.2 GB -> /home/runner/work/comfy-gpu-ci/comfy-gpu-ci/comfy-test-logs/SAM3-1116/linux-cpu/models.json
[05:56] Saved: /home/runner/work/comfy-gpu-ci/comfy-gpu-ci/comfy-test-logs/SAM3-1116/linux-cpu/index.html
[05:56] [EXECUTION] PASSED
[05:56] 
linux: PASSED
