Capturing execution frames: image_seg_point.json
  Frame 1 saved (frame_000.jpg, t=0.0s)
  Validating workflow...
  Queuing workflow for execution...
  Frame 2 saved (frame_001.jpg, t=2.3s)
  [capture-periodic] freeze=5ms shot=140ms unfreeze=8ms saved=True
  Node executed (1 total), capturing...
  Frame 3 saved (frame_002.jpg, t=2.9s)
  [capture-node] freeze=3ms shot=114ms unfreeze=3ms saved=True
  Frame 4 saved (frame_003.jpg, t=5.1s)
  [capture-periodic] freeze=3ms shot=125ms unfreeze=8ms saved=True
  [capture-loop] iter=50 t=6.3s state={'complete': False, 'error': None, 'executedCount': 1, 'wsState': 1} eval_ms=4 ram=2.2/15.6GB (14%) swap=0.0/3.0GB (0%) cpu=38% browser_rss=0.89GB
  Frame 5 saved (frame_004.jpg, t=7.3s)
  [capture-periodic] freeze=3ms shot=108ms unfreeze=6ms saved=True
  Frame 6 saved (frame_005.jpg, t=9.5s)
  [capture-periodic] freeze=3ms shot=104ms unfreeze=4ms saved=True
  Frame 7 saved (frame_006.jpg, t=11.7s)
  [capture-periodic] freeze=3ms shot=108ms unfreeze=9ms saved=True
  [capture-loop] iter=100 t=12.2s state={'complete': False, 'error': None, 'executedCount': 1, 'wsState': 1} eval_ms=5 ram=2.3/15.6GB (15%) swap=0.0/3.0GB (0%) cpu=27% browser_rss=0.90GB
  Frame 8 saved (frame_007.jpg, t=13.9s)
  [capture-periodic] freeze=6ms shot=121ms unfreeze=4ms saved=True
  Frame 9 saved (frame_008.jpg, t=16.1s)
  [capture-periodic] freeze=12ms shot=120ms unfreeze=3ms saved=True
  [capture-loop] iter=150 t=17.9s state={'complete': False, 'error': None, 'executedCount': 1, 'wsState': 1} eval_ms=3 ram=2.3/15.6GB (14%) swap=0.0/3.0GB (0%) cpu=26% browser_rss=0.92GB
  Frame 10 saved (frame_009.jpg, t=18.4s)
  [capture-periodic] freeze=3ms shot=110ms unfreeze=3ms saved=True
  Frame 11 saved (frame_010.jpg, t=20.6s)
  [capture-periodic] freeze=23ms shot=148ms unfreeze=5ms saved=True
  Frame 12 saved (frame_011.jpg, t=22.8s)
  [capture-periodic] freeze=4ms shot=117ms unfreeze=22ms saved=True
  [capture-loop] iter=200 t=24.0s state={'complete': False, 'error': None, 'executedCount': 1, 'wsState': 1} eval_ms=9 ram=2.3/15.6GB (14%) swap=0.0/3.0GB (0%) cpu=31% browser_rss=0.92GB
  Frame 13 saved (frame_012.jpg, t=25.1s)
  [capture-periodic] freeze=3ms shot=150ms unfreeze=11ms saved=True
  Frame 14 saved (frame_013.jpg, t=27.3s)
  [capture-periodic] freeze=3ms shot=112ms unfreeze=3ms saved=True
  Frame 15 saved (frame_014.jpg, t=29.6s)
  [capture-periodic] freeze=3ms shot=128ms unfreeze=5ms saved=True
  [capture-loop] iter=250 t=30.0s state={'complete': False, 'error': None, 'executedCount': 1, 'wsState': 1} eval_ms=3 ram=2.2/15.6GB (14%) swap=0.0/3.0GB (0%) cpu=30% browser_rss=0.82GB
  Frame 16 saved (frame_015.jpg, t=31.8s)
  [capture-periodic] freeze=3ms shot=121ms unfreeze=7ms saved=True
  Frame 17 saved (frame_016.jpg, t=34.0s)
  [capture-periodic] freeze=9ms shot=203ms unfreeze=10ms saved=True
  [capture-loop] iter=300 t=35.8s state={'complete': False, 'error': None, 'executedCount': 1, 'wsState': 1} eval_ms=3 ram=2.2/15.6GB (14%) swap=0.0/3.0GB (0%) cpu=30% browser_rss=0.83GB
  Frame 18 saved (frame_017.jpg, t=36.4s)
  [capture-periodic] freeze=6ms shot=125ms unfreeze=8ms saved=True
  Frame 19 saved (frame_018.jpg, t=38.6s)
  [capture-periodic] freeze=14ms shot=174ms unfreeze=10ms saved=True
  Frame 20 saved (frame_019.jpg, t=40.9s)
  [capture-periodic] freeze=6ms shot=128ms unfreeze=4ms saved=True
  [capture-loop] iter=350 t=41.8s state={'complete': False, 'error': None, 'executedCount': 1, 'wsState': 1} eval_ms=3 ram=2.2/15.6GB (14%) swap=0.0/3.0GB (0%) cpu=29% browser_rss=0.83GB
  Frame 21 saved (frame_020.jpg, t=43.1s)
  [capture-periodic] freeze=4ms shot=115ms unfreeze=5ms saved=True
  [capture-loop] iter=400 t=47.5s state={'complete': False, 'error': None, 'executedCount': 1, 'wsState': 1} eval_ms=3 ram=2.6/15.6GB (16%) swap=0.0/3.0GB (0%) cpu=39% browser_rss=0.83GB
  [capture-loop] iter=450 t=53.3s state={'complete': False, 'error': None, 'executedCount': 1, 'wsState': 1} eval_ms=5 ram=2.6/15.6GB (17%) swap=0.0/3.0GB (0%) cpu=36% browser_rss=0.83GB
  [capture-loop] iter=500 t=59.1s state={'complete': False, 'error': None, 'executedCount': 1, 'wsState': 1} eval_ms=5 ram=2.4/15.6GB (15%) swap=0.0/3.0GB (0%) cpu=37% browser_rss=0.82GB
  [capture-loop] iter=550 t=64.7s state={'complete': False, 'error': None, 'executedCount': 1, 'wsState': 1} eval_ms=5 ram=2.5/15.6GB (16%) swap=0.0/3.0GB (0%) cpu=36% browser_rss=0.83GB
  [capture-loop] iter=600 t=70.5s state={'complete': False, 'error': None, 'executedCount': 1, 'wsState': 1} eval_ms=3 ram=3.1/15.6GB (20%) swap=0.0/3.0GB (0%) cpu=36% browser_rss=0.82GB
  [capture-loop] iter=650 t=76.2s state={'complete': False, 'error': None, 'executedCount': 1, 'wsState': 1} eval_ms=5 ram=2.5/15.6GB (16%) swap=0.0/3.0GB (0%) cpu=36% browser_rss=0.82GB
  [capture-loop] iter=700 t=81.9s state={'complete': False, 'error': None, 'executedCount': 1, 'wsState': 1} eval_ms=3 ram=3.8/15.6GB (24%) swap=0.0/3.0GB (0%) cpu=36% browser_rss=0.83GB
  [capture-loop] iter=750 t=87.6s state={'complete': False, 'error': None, 'executedCount': 1, 'wsState': 1} eval_ms=4 ram=2.5/15.6GB (16%) swap=0.0/3.0GB (0%) cpu=37% browser_rss=0.83GB
  [capture-loop] iter=800 t=93.4s state={'complete': False, 'error': None, 'executedCount': 1, 'wsState': 1} eval_ms=4 ram=2.5/15.6GB (16%) swap=0.0/3.0GB (0%) cpu=37% browser_rss=0.82GB
  [capture-loop] iter=850 t=99.3s state={'complete': False, 'error': None, 'executedCount': 1, 'wsState': 1} eval_ms=3 ram=2.6/15.6GB (17%) swap=0.0/3.0GB (0%) cpu=36% browser_rss=0.83GB
  Node executed (2 total), capturing...
  Frame 22 saved (frame_021.jpg, t=102.3s)
  [capture-node] freeze=6ms shot=157ms unfreeze=9ms saved=True
  Node executed (3 total), capturing...
  Frame 23 saved (frame_022.jpg, t=102.8s)
  [capture-node] freeze=3ms shot=109ms unfreeze=0ms saved=True
  Execution complete (t=102.8s)
  Captured 23 unique frames over 102.92s
  [debug] iframes: 0
  [timing] trigger_3d_previews: 0.0s
  Saved high-quality screenshot: image_seg_point_executed.png
  [timing] final_screenshot: 0.3s
    Captured 24 video frames