Capturing execution frames: scene_seg.json
  Frame 1 saved (frame_000.jpg, t=0.0s)
  Validating workflow...
  Queuing workflow for execution...
  Frame 2 saved (frame_001.jpg, t=2.3s)
  [capture-periodic] freeze=3ms shot=108ms unfreeze=3ms saved=True
  Node executed (1 total), capturing...
  Frame 3 saved (frame_002.jpg, t=4.6s)
  [capture-node] freeze=4ms shot=139ms unfreeze=4ms saved=True
  [capture-loop] iter=50 t=6.4s state={'complete': False, 'error': None, 'executedCount': 1, 'wsState': 1} eval_ms=5 ram=3.4/15.6GB (22%) swap=0.0/3.0GB (0%) cpu=32% browser_rss=1.88GB
  [capture-loop] iter=100 t=12.3s state={'complete': False, 'error': None, 'executedCount': 1, 'wsState': 1} eval_ms=3 ram=3.3/15.6GB (21%) swap=0.0/3.0GB (0%) cpu=36% browser_rss=1.97GB
  [capture-loop] iter=150 t=18.2s state={'complete': False, 'error': None, 'executedCount': 1, 'wsState': 1} eval_ms=3 ram=4.5/15.6GB (29%) swap=0.0/3.0GB (0%) cpu=37% browser_rss=2.07GB
  [capture-loop] iter=200 t=23.9s state={'complete': False, 'error': None, 'executedCount': 1, 'wsState': 1} eval_ms=3 ram=3.2/15.6GB (21%) swap=0.0/3.0GB (0%) cpu=36% browser_rss=2.07GB
  [capture-loop] iter=250 t=29.9s state={'complete': False, 'error': None, 'executedCount': 1, 'wsState': 1} eval_ms=5 ram=4.0/15.6GB (26%) swap=0.0/3.0GB (0%) cpu=40% browser_rss=2.00GB
  [capture-loop] iter=300 t=35.7s state={'complete': False, 'error': None, 'executedCount': 1, 'wsState': 1} eval_ms=5 ram=3.3/15.6GB (21%) swap=0.0/3.0GB (0%) cpu=37% browser_rss=2.00GB
  [capture-loop] iter=350 t=41.7s state={'complete': False, 'error': None, 'executedCount': 1, 'wsState': 1} eval_ms=5 ram=3.5/15.6GB (23%) swap=0.0/3.0GB (0%) cpu=38% browser_rss=2.00GB
  [capture-loop] iter=400 t=47.5s state={'complete': False, 'error': None, 'executedCount': 1, 'wsState': 1} eval_ms=3 ram=3.2/15.6GB (21%) swap=0.0/3.0GB (0%) cpu=37% browser_rss=1.94GB
  [capture-loop] iter=450 t=53.3s state={'complete': False, 'error': None, 'executedCount': 1, 'wsState': 1} eval_ms=5 ram=3.2/15.6GB (21%) swap=0.0/3.0GB (0%) cpu=36% browser_rss=1.94GB
  [capture-loop] iter=500 t=59.1s state={'complete': False, 'error': None, 'executedCount': 1, 'wsState': 1} eval_ms=3 ram=3.5/15.6GB (23%) swap=0.0/3.0GB (0%) cpu=37% browser_rss=1.94GB
  Frame 4 saved (frame_003.jpg, t=64.6s)
  [capture-periodic] freeze=3ms shot=175ms unfreeze=11ms saved=True
  [capture-loop] iter=550 t=65.1s state={'complete': False, 'error': None, 'executedCount': 1, 'wsState': 1} eval_ms=9 ram=3.8/15.6GB (24%) swap=0.0/3.0GB (0%) cpu=40% browser_rss=1.94GB
  Frame 5 saved (frame_004.jpg, t=66.9s)
  [capture-periodic] freeze=16ms shot=167ms unfreeze=12ms saved=True
  [capture-loop] iter=600 t=71.0s state={'complete': False, 'error': None, 'executedCount': 1, 'wsState': 1} eval_ms=3 ram=6.3/15.6GB (40%) swap=0.0/3.0GB (0%) cpu=47% browser_rss=2.06GB
  Frame 6 saved (frame_005.jpg, t=75.8s)
  [capture-periodic] freeze=3ms shot=144ms unfreeze=13ms saved=True
  [capture-loop] iter=650 t=77.0s state={'complete': False, 'error': None, 'executedCount': 1, 'wsState': 1} eval_ms=5 ram=5.2/15.6GB (33%) swap=0.0/3.0GB (0%) cpu=38% browser_rss=2.06GB
  Frame 7 saved (frame_006.jpg, t=78.0s)
  [capture-periodic] freeze=4ms shot=424ms unfreeze=19ms saved=True
  Node executed (2 total), capturing...
  Frame 8 saved (frame_007.jpg, t=79.1s)
  [capture-node] freeze=5ms shot=183ms unfreeze=20ms saved=True
  Node executed (3 total), capturing...
  Frame 9 saved (frame_008.jpg, t=83.1s)
  [capture-node] freeze=655ms shot=356ms unfreeze=10ms saved=True
  Node executed (4 total), capturing...
  Frame 10 saved (frame_009.jpg, t=84.5s)
  [capture-node] freeze=46ms shot=766ms unfreeze=8ms saved=True
  Execution complete (t=85.5s)
  Captured 10 unique frames over 85.47s
  [debug] iframes: 0
  [timing] trigger_3d_previews: 0.0s
  Saved high-quality screenshot: scene_seg_executed.png
  [timing] final_screenshot: 0.3s
    Captured 11 video frames