Capturing execution frames: scene_seg_interactive.json
  Frame 1 saved (frame_000.jpg, t=0.0s)
  Validating workflow...
  Queuing workflow for execution...
  Frame 2 saved (frame_001.jpg, t=2.3s)
  [capture-periodic] freeze=5ms shot=108ms unfreeze=5ms saved=True
  Frame 3 saved (frame_002.jpg, t=4.5s)
  [capture-periodic] freeze=5ms shot=109ms unfreeze=3ms saved=True
  [capture-loop] iter=50 t=5.8s state={'complete': False, 'error': None, 'executedCount': 0, 'wsState': 1} eval_ms=3 ram=4.9/15.6GB (31%) swap=0.0/3.0GB (0%) cpu=35% browser_rss=1.49GB
  [capture-loop] iter=100 t=11.6s state={'complete': False, 'error': None, 'executedCount': 0, 'wsState': 1} eval_ms=5 ram=4.9/15.6GB (32%) swap=0.0/3.0GB (0%) cpu=38% browser_rss=1.37GB
  [capture-loop] iter=150 t=17.2s state={'complete': False, 'error': None, 'executedCount': 0, 'wsState': 1} eval_ms=5 ram=4.3/15.6GB (28%) swap=0.0/3.0GB (0%) cpu=35% browser_rss=1.33GB
  [capture-loop] iter=200 t=22.9s state={'complete': False, 'error': None, 'executedCount': 0, 'wsState': 1} eval_ms=5 ram=4.4/15.6GB (28%) swap=0.0/3.0GB (0%) cpu=36% browser_rss=1.34GB
  [capture-loop] iter=250 t=28.6s state={'complete': False, 'error': None, 'executedCount': 0, 'wsState': 1} eval_ms=3 ram=4.3/15.6GB (28%) swap=0.0/3.0GB (0%) cpu=36% browser_rss=1.34GB
  [capture-loop] iter=300 t=34.3s state={'complete': False, 'error': None, 'executedCount': 0, 'wsState': 1} eval_ms=5 ram=4.4/15.6GB (28%) swap=0.0/3.0GB (0%) cpu=36% browser_rss=1.34GB
  [capture-loop] iter=350 t=40.0s state={'complete': False, 'error': None, 'executedCount': 0, 'wsState': 1} eval_ms=3 ram=4.3/15.6GB (28%) swap=0.0/3.0GB (0%) cpu=36% browser_rss=1.34GB
  [capture-loop] iter=400 t=45.5s state={'complete': False, 'error': None, 'executedCount': 0, 'wsState': 1} eval_ms=3 ram=4.4/15.6GB (28%) swap=0.0/3.0GB (0%) cpu=35% browser_rss=1.34GB
  [capture-loop] iter=450 t=51.3s state={'complete': False, 'error': None, 'executedCount': 0, 'wsState': 1} eval_ms=5 ram=4.3/15.6GB (27%) swap=0.0/3.0GB (0%) cpu=35% browser_rss=1.34GB
  Frame 4 saved (frame_003.jpg, t=56.3s)
  [capture-periodic] freeze=3ms shot=107ms unfreeze=4ms saved=True
  [capture-loop] iter=500 t=57.0s state={'complete': False, 'error': None, 'executedCount': 0, 'wsState': 1} eval_ms=5 ram=5.9/15.6GB (38%) swap=0.0/3.0GB (0%) cpu=36% browser_rss=1.34GB
  Node executed (1 total), capturing...
  Frame 5 saved (frame_004.jpg, t=59.3s)
  [capture-node] freeze=157ms shot=413ms unfreeze=7ms saved=True
  Node executed (2 total), capturing...
  Frame 6 saved (frame_005.jpg, t=60.2s)
  [capture-node] freeze=3ms shot=160ms unfreeze=0ms saved=True
  Execution complete (t=60.2s)
  Captured 6 unique frames over 60.37s
  [debug] iframes: 0
  [timing] trigger_3d_previews: 0.0s
  Saved high-quality screenshot: scene_seg_interactive_executed.png
  [timing] final_screenshot: 0.3s
    Captured 7 video frames