Capturing execution frames: image_seg_text.json
  Frame 1 saved (frame_000.jpg, t=0.0s)
  Validating workflow...
  Queuing workflow for execution...
  Frame 2 saved (frame_001.jpg, t=2.2s)
  [capture-periodic] freeze=3ms shot=86ms unfreeze=4ms saved=True
  Frame 3 saved (frame_002.jpg, t=4.4s)
  [capture-periodic] freeze=3ms shot=94ms unfreeze=4ms saved=True
  [capture-loop] iter=50 t=5.8s state={'complete': False, 'error': None, 'executedCount': 0, 'wsState': 1} eval_ms=3 ram=9.0/23.9GB (38%) swap=0.0/3.9GB (0%) cpu=26% browser_rss=0.71GB
  Frame 4 saved (frame_003.jpg, t=6.5s)
  [capture-periodic] freeze=2ms shot=78ms unfreeze=5ms saved=True
  Node executed (1 total), capturing...
  Frame 5 saved (frame_004.jpg, t=11.4s)
  [capture-node] freeze=4ms shot=108ms unfreeze=7ms saved=True
  Node executed (2 total), capturing...
  Frame 6 saved (frame_005.jpg, t=11.8s)
  [capture-node] freeze=4ms shot=125ms unfreeze=0ms saved=True
  Execution complete (t=11.8s)
  Captured 6 unique frames over 11.97s
  [debug] iframes: 0
  [timing] trigger_3d_previews: 0.0s
  Saved high-quality screenshot: image_seg_text_executed.png
  [timing] final_screenshot: 0.2s
    Captured 7 video frames