Capturing execution frames: image_seg_point.json
  Frame 1 saved (frame_000.jpg, t=0.0s)
  Validating workflow...
  Queuing workflow for execution...
  Frame 2 saved (frame_001.jpg, t=2.2s)
  [capture-periodic] freeze=3ms shot=87ms unfreeze=4ms saved=True
  Frame 3 saved (frame_002.jpg, t=4.4s)
  [capture-periodic] freeze=2ms shot=82ms unfreeze=4ms saved=True
  [capture-loop] iter=50 t=5.8s state={'complete': False, 'error': None, 'executedCount': 0, 'wsState': 1} eval_ms=3 ram=9.3/23.9GB (39%) swap=0.0/3.9GB (0%) cpu=13% browser_rss=0.71GB
  [capture-loop] iter=100 t=11.8s state={'complete': False, 'error': None, 'executedCount': 0, 'wsState': 1} eval_ms=3 ram=9.5/23.9GB (40%) swap=0.0/3.9GB (0%) cpu=12% browser_rss=0.71GB
  [capture-loop] iter=150 t=17.5s state={'complete': False, 'error': None, 'executedCount': 0, 'wsState': 1} eval_ms=3 ram=8.4/23.9GB (35%) swap=0.0/3.9GB (0%) cpu=12% browser_rss=0.71GB
  [capture-loop] iter=200 t=23.1s state={'complete': False, 'error': None, 'executedCount': 0, 'wsState': 1} eval_ms=3 ram=8.4/23.9GB (35%) swap=0.0/3.9GB (0%) cpu=11% browser_rss=0.71GB
  Node executed (1 total), capturing...
  Frame 4 saved (frame_003.jpg, t=24.9s)
  [capture-node] freeze=3ms shot=100ms unfreeze=7ms saved=True
  Frame 5 saved (frame_004.jpg, t=27.1s)
  [capture-periodic] freeze=3ms shot=106ms unfreeze=7ms saved=True
  [capture-loop] iter=250 t=29.2s state={'complete': False, 'error': None, 'executedCount': 1, 'wsState': 1} eval_ms=6 ram=8.9/23.9GB (37%) swap=0.0/3.9GB (0%) cpu=20% browser_rss=0.67GB
  Frame 6 saved (frame_005.jpg, t=29.2s)
  [capture-periodic] freeze=3ms shot=104ms unfreeze=6ms saved=True
  Frame 7 saved (frame_006.jpg, t=31.4s)
  [capture-periodic] freeze=3ms shot=100ms unfreeze=3ms saved=True
  Frame 8 saved (frame_007.jpg, t=33.6s)
  [capture-periodic] freeze=3ms shot=106ms unfreeze=5ms saved=True
  [capture-loop] iter=300 t=35.1s state={'complete': False, 'error': None, 'executedCount': 1, 'wsState': 1} eval_ms=4 ram=9.4/23.9GB (39%) swap=0.0/3.9GB (0%) cpu=14% browser_rss=0.67GB
  Frame 9 saved (frame_008.jpg, t=35.8s)
  [capture-periodic] freeze=2ms shot=100ms unfreeze=7ms saved=True
  Frame 10 saved (frame_009.jpg, t=38.0s)
  [capture-periodic] freeze=4ms shot=91ms unfreeze=5ms saved=True
  Frame 11 saved (frame_010.jpg, t=40.2s)
  [capture-periodic] freeze=4ms shot=91ms unfreeze=6ms saved=True
  [capture-loop] iter=350 t=41.1s state={'complete': False, 'error': None, 'executedCount': 1, 'wsState': 1} eval_ms=3 ram=9.4/23.9GB (39%) swap=0.0/3.9GB (0%) cpu=15% browser_rss=0.67GB
  Frame 12 saved (frame_011.jpg, t=42.4s)
  [capture-periodic] freeze=2ms shot=102ms unfreeze=5ms saved=True
  Frame 13 saved (frame_012.jpg, t=44.6s)
  [capture-periodic] freeze=2ms shot=108ms unfreeze=4ms saved=True
  [capture-loop] iter=400 t=46.9s state={'complete': False, 'error': None, 'executedCount': 1, 'wsState': 1} eval_ms=3 ram=9.6/23.9GB (40%) swap=0.0/3.9GB (0%) cpu=16% browser_rss=0.67GB
  Frame 14 saved (frame_013.jpg, t=46.9s)
  [capture-periodic] freeze=3ms shot=99ms unfreeze=7ms saved=True
  Frame 15 saved (frame_014.jpg, t=49.1s)
  [capture-periodic] freeze=3ms shot=92ms unfreeze=5ms saved=True
  Frame 16 saved (frame_015.jpg, t=51.3s)
  [capture-periodic] freeze=3ms shot=107ms unfreeze=4ms saved=True
  [capture-loop] iter=450 t=52.8s state={'complete': False, 'error': None, 'executedCount': 1, 'wsState': 1} eval_ms=3 ram=9.6/23.9GB (40%) swap=0.0/3.9GB (0%) cpu=15% browser_rss=0.67GB
  Frame 17 saved (frame_016.jpg, t=53.5s)
  [capture-periodic] freeze=5ms shot=93ms unfreeze=8ms saved=True
  Frame 18 saved (frame_017.jpg, t=55.7s)
  [capture-periodic] freeze=2ms shot=101ms unfreeze=6ms saved=True
  [capture-loop] iter=500 t=58.6s state={'complete': False, 'error': None, 'executedCount': 1, 'wsState': 1} eval_ms=3 ram=9.4/23.9GB (40%) swap=0.0/3.9GB (0%) cpu=13% browser_rss=0.65GB
  [capture-loop] iter=550 t=64.3s state={'complete': False, 'error': None, 'executedCount': 1, 'wsState': 1} eval_ms=3 ram=9.4/23.9GB (39%) swap=0.0/3.9GB (0%) cpu=24% browser_rss=0.63GB
  Node executed (3 total), capturing...
  Frame 19 saved (frame_018.jpg, t=65.9s)
  [capture-node] freeze=3ms shot=103ms unfreeze=0ms saved=True
  Execution complete (t=65.9s)
  Captured 19 unique frames over 66.07s
  [debug] iframes: 0
  [timing] trigger_3d_previews: 0.0s
  Saved high-quality screenshot: image_seg_point_executed.png
  [timing] final_screenshot: 0.7s
    Captured 20 video frames