Capturing execution frames: scene_seg.json
  Frame 1 saved (frame_000.jpg, t=0.0s)
  Validating workflow...
  [ComfyUI] === /validate endpoint called ===
  Queuing workflow for execution...
  [ComfyUI] Received JSON with keys: ['prompt']
  [ComfyUI] Prompt has 10 nodes
  [ComfyUI]   Node 1: LoadImage
  [ComfyUI]     Inputs: {"image": "image.png"}
  [ComfyUI]   Node 3: PreviewImage
  [ComfyUI]     Inputs: {"images": ["27", 1]}
  [ComfyUI]   Node 4: MaskPreview
  [ComfyUI]     Inputs: {"mask": ["27", 0]}
  [ComfyUI]   Node 12: LoadSAM3Model
  [ComfyUI]     Inputs: {"precision": "fp32", "compile": false}
  [ComfyUI]   Node 20: SAM3MultiRegionCollector
  [ComfyUI]     Inputs: {"multi_prompts_store": "[{\"positive_points\":[{\"x\":5052.74953932266,\"y\":2847.0600693869637},{\"x\":4932.510591392486,\"y\":2953.9413227753366},{\"x\":4718.752461738845,\"y\":2967.301479448883},{
  [ComfyUI]   Node 22: MultibandFromBatch
  [ComfyUI]     Inputs: {"images": ["1", 0], "masks": ["27", 0]}
  [ComfyUI]   Node 23: MultibandSave
  [ComfyUI]     Inputs: {"file_path": "output/multiband", "format": "npz", "multiband": ["26", 0]}
  [ComfyUI]   Node 24: MultibandPreview
  [ComfyUI]     Inputs: {"channel_index": 0, "multiband": ["26", 0]}
  [ComfyUI]   Node 26: MultibandResize
  [ComfyUI]     Inputs: {"upscale_method": "nearest-exact", "width": 900, "height": 600, "crop": "center", "multiband": ["22", 0]}
  [ComfyUI]   Node 27: SAM3MultipromptSegmentation
  [ComfyUI]     Inputs: {"refinement_iterations": 0, "use_multimask": false, "sam3_model_config": ["12", 0], "image": ["1", 0], "multi_prompts": ["20", 0]}
  [ComfyUI] Generated prompt_id: 732287d1-e2b9-480f-876c-413718c19389
  [ComfyUI] Calling execution.validate_prompt()...
  [ComfyUI] Validation result: valid=True
  [ComfyUI] === Validation PASSED ===
  [ComfyUI] got prompt
  [ComfyUI] [comfy-env] Running SAM3MultiRegionCollector: multi_prompts_store: '[{"positive_points":[{"x":5052.74953932266,"y":2847.0600..., image: torch.float32 [1,4480,6720,3] cpu
  [ComfyUI] [VRAM] Before SAM3MultiRegionCollector: 1042 / 12287 MB
  [ComfyUI] [SubprocessWorker] call_method: nodes.sam3_interactive.SAM3MultiRegionCollector.EXECUTE_NORMALIZED
  [ComfyUI] [SubprocessWorker] acquired lock, ensuring started...
  [ComfyUI] [ComfyUI-SAM3] Health check: ping (timeout=5.0s)...
  [ComfyUI] [ComfyUI-SAM3] Health check: failed
  [ComfyUI] [ComfyUI-SAM3] python: C:\workspaces\SAM3-2229\portable-comfyui\ComfyUI_windows_portable\ComfyUI\.ce\.pixi\envs\sam3-nodes\python.exe
  [ComfyUI] [ComfyUI-SAM3] Socket unhealthy, restarting worker...
  [ComfyUI] [ComfyUI-SAM3] sys_path sent to worker: ['C:\\workspaces\\SAM3-2229\\portable-comfyui\\ComfyUI_windows_portable\\ComfyUI', 'C:\\workspaces\\SAM3-2229\\portable-comfyui\\ComfyUI_windows_portable\\ComfyUI\\custom_nodes\\ComfyUI-SAM3', 'C:\\workspaces\\SAM3-2229\\portable-comfyui\\ComfyUI_windows_portable\\ComfyUI\\.ce\\.pixi\\envs\\sam3-nodes\\Lib\\site-packages', 'C:\\workspaces\\SAM3-2229\\portable-comfyui\\ComfyUI_windows_portable\\ComfyUI\\custom_nodes\\ComfyUI-SAM3']
  [ComfyUI] [comfy-env] Invalidated 1 stale model patchers (will be cleaned up during next unload)
  [ComfyUI] [SubprocessWorker] is_pixi=True, python=C:\workspaces\SAM3-2229\portable-comfyui\ComfyUI_windows_portable\ComfyUI\.ce\.pixi\envs\sam3-nodes\python.exe
  [ComfyUI] [comfy-env] sam3-nodes: Library/bin has 235 DLLs
  [ComfyUI] [SubprocessWorker] launching cmd=['C:\\Users\\ContainerAdministrator\\.pixi\\bin\\pixi.exe', 'run', '--as-is', '--manifest-path', 'C:\\workspaces\\SAM3-2229\\portable-comfyui\\ComfyUI_windows_portable\\ComfyUI\\.ce\\pixi.toml', '-e', 'sam3-nodes', 'python', 'C:\\Users\\ContainerAdministrator\\AppData\\Local\\Temp\\comfyui_pvenv_hsq5yj7f\\persistent_worker.py', 'tcp://127.0.0.1:51226']...
  Frame 2 saved (frame_001.jpg, t=2.3s)
  [capture-periodic] freeze=4ms shot=128ms unfreeze=6ms saved=True
  Frame 3 saved (frame_002.jpg, t=4.5s)
  [capture-periodic] freeze=4ms shot=125ms unfreeze=5ms saved=True
  [ComfyUI] [SubprocessWorker] worker started/confirmed
  [ComfyUI] [comfy-env] PRE-SERIALIZE 'image' shape: torch.Size([1, 4480, 6720, 3])
  [ComfyUI] [SubprocessWorker] serializing kwargs to shm...
  [ComfyUI] [SubprocessWorker] created 0 shm blocks
  [ComfyUI] [SubprocessWorker] sending request via socket...
  [ComfyUI] [SubprocessWorker] call_id=9 sending call_method
  [ComfyUI] [worker:ComfyUI-SAM3] [comfy-env] _from_shm got dict with keys: ['__type__', 'strategy', 'manager_path', 'storage_key', 'storage_size']
  [ComfyUI] [worker:ComfyUI-SAM3] [comfy-env] DESERIALIZE TensorRef: tensor_size=[1, 4480, 6720, 3]
  [capture-loop] iter=50 t=6.1s state={'complete': False, 'error': None, 'executedCount': 0, 'wsState': 1} eval_ms=6 ram=9.4/31.9GB (30%) swap=1.3/10.5GB (12%) cpu=7% browser_rss=1.12GB
  [ComfyUI] [worker:ComfyUI-SAM3] [comfy-env] DESERIALIZED tensor shape: torch.Size([1, 4480, 6720, 3])
  [ComfyUI] [SubprocessWorker] got response: ok
  [ComfyUI] [comfy-env] [VRAM] Before offload 'Sam3VideoInferenceWithInstanceInteractivity_1' (3334 MB) -> cpu: 1042 / 12287 MB
  [ComfyUI] [ComfyUI-SAM3] Health check: ping (timeout=5.0s)...
  [ComfyUI] [ComfyUI-SAM3] Health check: ok
  [ComfyUI] [SubprocessWorker] call_id=10 sending model_to_device
  [ComfyUI] Model 'Sam3VideoInferenceWithInstanceInteractivity_1' gone from worker (restarted?), treating as offloaded
  [ComfyUI] [comfy-env] [VRAM] After offload 'Sam3VideoInferenceWithInstanceInteractivity_1' (3334 MB): 1042 / 12287 MB
  [ComfyUI] [comfy-env] SAM3MultiRegionCollector done (5.91s): result: NodeOutput
  [ComfyUI] [VRAM] After SAM3MultiRegionCollector: 1042 / 12287 MB
  [ComfyUI] [comfy-env] Running LoadSAM3Model: precision: 'fp32', compile: False
  [ComfyUI] [VRAM] Before LoadSAM3Model: 1042 / 12287 MB
  [ComfyUI] [SubprocessWorker] call_method: nodes.load_model.LoadSAM3Model.EXECUTE_NORMALIZED
  [ComfyUI] [SubprocessWorker] acquired lock, ensuring started...
  [ComfyUI] [ComfyUI-SAM3] Health check: ping (timeout=5.0s)...
  [ComfyUI] [ComfyUI-SAM3] Health check: ok
  [ComfyUI] [SubprocessWorker] worker started/confirmed
  [ComfyUI] [SubprocessWorker] serializing kwargs to shm...
  [ComfyUI] [SubprocessWorker] created 0 shm blocks
  [ComfyUI] [SubprocessWorker] sending request via socket...
  [ComfyUI] [SubprocessWorker] call_id=11 sending call_method
  [ComfyUI] [SubprocessWorker] got response: ok
  [ComfyUI] [comfy-env] LoadSAM3Model done (0.05s): result: NodeOutput
  [ComfyUI] [VRAM] After LoadSAM3Model: 1042 / 12287 MB
  [ComfyUI] [comfy-env] Running SAM3MultipromptSegmentation: refinement_iterations: 0, use_multimask: False, sam3_model_config: dict, image: torch.float32 [1,4480,6720,3] cpu, multi_prompts: list[7]
  [ComfyUI] [VRAM] Before SAM3MultipromptSegmentation: 1042 / 12287 MB
  [ComfyUI] [SubprocessWorker] call_method: nodes.segmentation.SAM3MultipromptSegmentation.EXECUTE_NORMALIZED
  [ComfyUI] [SubprocessWorker] acquired lock, ensuring started...
  [ComfyUI] [ComfyUI-SAM3] Health check: ping (timeout=5.0s)...
  [ComfyUI] [ComfyUI-SAM3] Health check: ok
  [ComfyUI] [SubprocessWorker] worker started/confirmed
  [ComfyUI] [comfy-env] PRE-SERIALIZE 'image' shape: torch.Size([1, 4480, 6720, 3])
  [ComfyUI] [SubprocessWorker] serializing kwargs to shm...
  [ComfyUI] [SubprocessWorker] created 0 shm blocks
  [ComfyUI] [SubprocessWorker] sending request via socket...
  [ComfyUI] [SubprocessWorker] call_id=12 sending call_method
  [ComfyUI] [worker:ComfyUI-SAM3] [comfy-env] _from_shm got dict with keys: ['__type__', 'strategy', 'manager_path', 'storage_key', 'storage_size']
  [ComfyUI] [worker:ComfyUI-SAM3] [comfy-env] DESERIALIZE TensorRef: tensor_size=[1, 4480, 6720, 3]
  [ComfyUI] [worker:ComfyUI-SAM3] [comfy-env] DESERIALIZED tensor shape: torch.Size([1, 4480, 6720, 3])
  Node executed (1 total), capturing...
  Frame 4 saved (frame_003.jpg, t=8.0s)
  [capture-node] freeze=33ms shot=210ms unfreeze=24ms saved=True
  [ComfyUI] [SubprocessWorker] callback 'request_vram_budget' from call_id=12
  [ComfyUI] [comfy-env] VRAM request: 3.50GB, free before eviction: 11.79GB
  [ComfyUI] [comfy-env] VRAM after eviction: 11.79GB
  [ComfyUI] [worker:ComfyUI-SAM3] [VRAM] +359MB (now 359MB) reserved=384MB peak=359MB
  [ComfyUI] [worker:ComfyUI-SAM3] [VRAM] +1722MB (now 2082MB) reserved=2112MB peak=2082MB
  [ComfyUI] [worker:ComfyUI-SAM3] [VRAM] +1252MB (now 3334MB) reserved=3360MB peak=3334MB
  [capture-loop] iter=100 t=13.1s state={'complete': False, 'error': None, 'executedCount': 1, 'wsState': 1} eval_ms=5 ram=10.2/31.9GB (32%) swap=1.3/10.5GB (12%) cpu=8% browser_rss=1.58GB
  [ComfyUI] [worker:ComfyUI-SAM3] WARNING: attention_flash cannot run on fp32 Q/K/V. Falling back to attention_pytorch with flash-SDPA disabled.
  [ComfyUI] [worker:ComfyUI-SAM3] [VRAM] +268MB (now 3603MB) reserved=3680MB peak=3603MB
  [ComfyUI] [SubprocessWorker] callback 'report_progress' from call_id=12
  [ComfyUI] [SubprocessWorker] callback 'report_progress' from call_id=12
  [ComfyUI] [worker:ComfyUI-SAM3] [VRAM] +229MB (now 3833MB) reserved=3936MB peak=3833MB
  [ComfyUI] [SubprocessWorker] callback 'report_progress' from call_id=12
  [ComfyUI] [SubprocessWorker] callback 'report_progress' from call_id=12
  Frame 5 saved (frame_004.jpg, t=16.9s)
  [capture-periodic] freeze=6ms shot=321ms unfreeze=20ms saved=True
  [capture-loop] iter=150 t=20.1s state={'complete': False, 'error': None, 'executedCount': 1, 'wsState': 1} eval_ms=5 ram=12.8/31.9GB (40%) swap=1.3/10.5GB (12%) cpu=34% browser_rss=1.68GB
  [ComfyUI] [worker:ComfyUI-SAM3] [VRAM] -382MB (now 3451MB) reserved=3936MB peak=3833MB
  [ComfyUI] [SubprocessWorker] got response: ok
  [ComfyUI] [comfy-env] Created 1 model patchers: ['Sam3VideoInferenceWithInstanceInteractivity_1']
  [ComfyUI] [comfy-env] SAM3MultipromptSegmentation done (13.12s): result: NodeOutput
  [ComfyUI] [VRAM] After SAM3MultipromptSegmentation: 1042 / 12287 MB
  [ComfyUI] [VRAM] Loaded: SubprocessModel (3334 MB)
  Frame 6 saved (frame_005.jpg, t=21.7s)
  [capture-periodic] freeze=4ms shot=157ms unfreeze=4ms saved=True
  Node executed (2 total), capturing...
  Frame 7 saved (frame_006.jpg, t=22.9s)
  [capture-node] freeze=6ms shot=251ms unfreeze=18ms saved=True
  Frame 8 saved (frame_007.jpg, t=25.3s)
  [capture-periodic] freeze=4ms shot=182ms unfreeze=26ms saved=True
  [capture-loop] iter=200 t=27.1s state={'complete': False, 'error': None, 'executedCount': 2, 'wsState': 1} eval_ms=4 ram=12.3/31.9GB (39%) swap=1.3/10.5GB (12%) cpu=8% browser_rss=1.99GB
  [ComfyUI] BatchToMultiband: Processed 1 images with 3 channels each -> 3 channels
  [ComfyUI] BatchToMultiband: Processed 7 masks -> 7 channels
  [ComfyUI] BatchToMultiband: Output shape torch.Size([1, 10, 4480, 6720]), channels: ['img_01_r', 'img_01_g', 'img_01_b', 'mask_01', 'mask_02', 'mask_03', 'mask_04', 'mask_05', 'mask_06', 'mask_07']
  [ComfyUI] ResizeMultiband: 4480x6720 -> 600x900
  [ComfyUI] PreviewMultibandImage: Batch=1, Channels=10, Names=['img_01_r', 'img_01_g', 'img_01_b', 'mask_01', 'mask_02', 'mask_03', 'mask_04', 'mask_05', 'mask_06', 'mask_07']
  Node executed (3 total), capturing...
  Frame 9 saved (frame_008.jpg, t=30.7s)
  [capture-node] freeze=13ms shot=217ms unfreeze=18ms saved=True
  Node executed (4 total), capturing...
  [ComfyUI] SaveMultibandImage: Saved to output/multiband.npz
  [ComfyUI] Prompt executed in 31.06 seconds
  [ComfyUI]   Shape: (1, 10, 600, 900)
  [ComfyUI]   Format: npz
  Frame 10 saved (frame_009.jpg, t=31.3s)
  [capture-node] freeze=7ms shot=229ms unfreeze=5ms saved=True
  Execution complete (t=31.7s)
  Captured 10 unique frames over 31.83s
  [debug] iframes: 0
  [timing] trigger_3d_previews: 0.0s
  Saved high-quality screenshot: scene_seg_executed.png
  [timing] final_screenshot: 0.4s
    Captured 11 video frames