  [ComfyUI] [comfy-env] [VRAM] Before offload 'Sam3VideoInferenceWithInstanceInteractivity_2' (3334 MB) -> cpu: 1156 / 16379 MB
Capturing execution frames: scene_seg_interactive.json
  [ComfyUI] [ComfyUI-SAM3] Health check: ping (timeout=5.0s)...
  [ComfyUI] [ComfyUI-SAM3] Health check: ok
  [ComfyUI] [SubprocessWorker] call_id=12 sending model_to_device
  [ComfyUI] [worker:ComfyUI-SAM3] [VRAM] -322MB (now 3237MB) reserved=3616MB peak=3940MB
  [ComfyUI] [worker:ComfyUI-SAM3] [VRAM] -2941MB (now 296MB) reserved=3616MB peak=3940MB
  [ComfyUI] [comfy-env] [VRAM] After offload 'Sam3VideoInferenceWithInstanceInteractivity_2' (3334 MB): 1156 / 16379 MB
  Frame 1 saved (frame_000.jpg, t=0.0s)
  Validating workflow...
  [ComfyUI] === /validate endpoint called ===
  Queuing workflow for execution...
  [ComfyUI] Received JSON with keys: ['prompt']
  [ComfyUI] Prompt has 4 nodes
  [ComfyUI]   Node 1: LoadImage
  [ComfyUI]     Inputs: {"image": "image.png"}
  [ComfyUI]   Node 4: MaskPreview
  [ComfyUI]     Inputs: {"mask": ["26", 0]}
  [ComfyUI]   Node 12: LoadSAM3Model
  [ComfyUI]     Inputs: {"precision": "auto", "compile": false}
  [ComfyUI]   Node 26: SAM3InteractiveCollector
  [ComfyUI]     Inputs: {"multi_prompts_store": "[{\"positive_points\":[{\"x\":3348.288109906738,\"y\":2452.2208696844737}],\"negative_points\":[],\"positive_boxes\":[],\"negative_boxes\":[],\"name\":\"Prompt 1\"},{\"positiv
  [ComfyUI] Generated prompt_id: fdeb89f4-ed0c-49a5-b931-9353e1ce0335
  [ComfyUI] Calling execution.validate_prompt()...
  [ComfyUI] Validation result: valid=True
  [ComfyUI] === Validation PASSED ===
  [ComfyUI] got prompt
  [ComfyUI] [comfy-env] Running LoadSAM3Model: precision: 'auto', compile: False
  [ComfyUI] [VRAM] Before LoadSAM3Model: 1156 / 16379 MB
  [ComfyUI] [SubprocessWorker] call_method: nodes.load_model.LoadSAM3Model.EXECUTE_NORMALIZED
  [ComfyUI] [SubprocessWorker] acquired lock, ensuring started...
  [ComfyUI] [ComfyUI-SAM3] Health check: ping (timeout=5.0s)...
  [ComfyUI] [ComfyUI-SAM3] Health check: ok
  [ComfyUI] [SubprocessWorker] worker started/confirmed
  [ComfyUI] [SubprocessWorker] serializing kwargs to shm...
  [ComfyUI] [SubprocessWorker] created 0 shm blocks
  [ComfyUI] [SubprocessWorker] sending request via socket...
  [ComfyUI] [SubprocessWorker] call_id=13 sending call_method
  [ComfyUI] [SubprocessWorker] got response: ok
  [ComfyUI] [comfy-env] LoadSAM3Model done (0.02s): result: NodeOutput
  [ComfyUI] [VRAM] After LoadSAM3Model: 1156 / 16379 MB
  [ComfyUI] [comfy-env] Running SAM3InteractiveCollector: multi_prompts_store: '[{"positive_points":[{"x":3348.288109906738,"y":2452.220..., sam3_model_config: dict, image: torch.float32 [1,4480,6720,3] cpu, unique_id: '26'
  [ComfyUI] [VRAM] Before SAM3InteractiveCollector: 1156 / 16379 MB
  [ComfyUI] [SubprocessWorker] call_method: nodes.sam3_interactive.SAM3InteractiveCollector.EXECUTE_NORMALIZED
  [ComfyUI] [SubprocessWorker] acquired lock, ensuring started...
  [ComfyUI] [ComfyUI-SAM3] Health check: ping (timeout=5.0s)...
  [ComfyUI] [ComfyUI-SAM3] Health check: ok
  [ComfyUI] [SubprocessWorker] worker started/confirmed
  [ComfyUI] [comfy-env] PRE-SERIALIZE 'image' shape: torch.Size([1, 4480, 6720, 3])
  [ComfyUI] [SubprocessWorker] serializing kwargs to shm...
  [ComfyUI] [SubprocessWorker] created 0 shm blocks
  [ComfyUI] [SubprocessWorker] sending request via socket...
  [ComfyUI] [SubprocessWorker] call_id=14 sending call_method
  [ComfyUI] [worker:ComfyUI-SAM3] [comfy-env] _from_shm got dict with keys: ['__type__', 'strategy', 'manager_path', 'storage_key', 'storage_size']
  [ComfyUI] [worker:ComfyUI-SAM3] [comfy-env] DESERIALIZE TensorRef: tensor_size=[1, 4480, 6720, 3]
  [ComfyUI] [worker:ComfyUI-SAM3] [comfy-env] DESERIALIZED tensor shape: torch.Size([1, 4480, 6720, 3])
  Frame 2 saved (frame_001.jpg, t=2.2s)
  [capture-periodic] freeze=2ms shot=77ms unfreeze=2ms saved=True
  Frame 3 saved (frame_002.jpg, t=4.4s)
  [capture-periodic] freeze=1ms shot=79ms unfreeze=2ms saved=True
  [ComfyUI] [SubprocessWorker] callback 'request_vram_budget' from call_id=14
  [ComfyUI] [comfy-env] VRAM request: 1.84GB, free before eviction: 15.96GB
  [ComfyUI] [comfy-env] VRAM after eviction: 15.96GB
  [ComfyUI] [worker:ComfyUI-SAM3] [VRAM] +202MB (now 499MB) reserved=576MB peak=3940MB
  [capture-loop] iter=50 t=5.7s state={'complete': False, 'error': None, 'executedCount': 0, 'wsState': 1} eval_ms=2
  [ComfyUI] [worker:ComfyUI-SAM3] [VRAM] +1481MB (now 1980MB) reserved=2016MB peak=3940MB
  [ComfyUI] [SubprocessWorker] callback 'report_progress' from call_id=14
  [ComfyUI] [worker:ComfyUI-SAM3] [VRAM] +277MB (now 2258MB) reserved=2816MB peak=3940MB
  Frame 4 saved (frame_003.jpg, t=8.6s)
  [capture-periodic] freeze=3ms shot=81ms unfreeze=3ms saved=True
  [ComfyUI] [SubprocessWorker] got response: ok
  [ComfyUI] [comfy-env] Created 1 model patchers: ['Sam3VideoInferenceWithInstanceInteractivity_3']
  [ComfyUI] [comfy-env] SAM3InteractiveCollector done (8.08s): result: NodeOutput
  [ComfyUI] [VRAM] After SAM3InteractiveCollector: 1156 / 16379 MB
  [ComfyUI] [VRAM] Loaded: SubprocessModel (1756 MB)
  [ComfyUI] Prompt executed in 9.18 seconds
  [ComfyUI] [comfy-env] [VRAM] Before offload 'Sam3VideoInferenceWithInstanceInteractivity_3' (1756 MB) -> cpu: 1156 / 16379 MB
  [ComfyUI] [ComfyUI-SAM3] Health check: ping (timeout=5.0s)...
  [ComfyUI] [ComfyUI-SAM3] Health check: ok
  [ComfyUI] [SubprocessWorker] call_id=15 sending model_to_device
  [ComfyUI] [worker:ComfyUI-SAM3] [VRAM] -572MB (now 1686MB) reserved=2816MB peak=3940MB
  Node executed (1 total), capturing...
  [ComfyUI] [comfy-env] [VRAM] After offload 'Sam3VideoInferenceWithInstanceInteractivity_3' (1756 MB): 1156 / 16379 MB
  Frame 5 saved (frame_004.jpg, t=9.7s)
  [capture-node] freeze=3ms shot=137ms unfreeze=3ms saved=True
  Node executed (2 total), capturing...
  [capture-node] freeze=2ms shot=88ms unfreeze=0ms saved=False
  Execution complete (t=10.2s)
  Captured 5 unique frames over 10.26s
  [debug] iframes: 0
  [timing] trigger_3d_previews: 0.0s
  Saved high-quality screenshot: scene_seg_interactive_executed.png
  [timing] final_screenshot: 0.8s
    Captured 6 video frames