Capturing execution frames: video_point_prompt.json
  Frame 1 saved (frame_000.jpg, t=0.0s)
  Validating workflow...
  Queuing workflow for execution...
  Frame 2 saved (frame_001.jpg, t=2.3s)
  [capture-periodic] freeze=6ms shot=107ms unfreeze=6ms saved=True
  Frame 3 saved (frame_002.jpg, t=4.5s)
  [capture-periodic] freeze=3ms shot=100ms unfreeze=3ms saved=True
  [capture-loop] iter=50 t=6.0s state={'complete': False, 'error': None, 'executedCount': 0, 'wsState': 1} eval_ms=3 ram=10.0/23.9GB (42%) swap=0.0/3.9GB (0%) cpu=29% browser_rss=1.35GB
  Node executed (1 total), capturing...
  Frame 4 saved (frame_003.jpg, t=6.2s)
  [capture-node] freeze=5ms shot=122ms unfreeze=6ms saved=True
  Frame 5 saved (frame_004.jpg, t=8.5s)
  [capture-periodic] freeze=2ms shot=100ms unfreeze=4ms saved=True
  Frame 6 saved (frame_005.jpg, t=10.7s)
  [capture-periodic] freeze=5ms shot=122ms unfreeze=9ms saved=True
  [capture-loop] iter=100 t=12.1s state={'complete': False, 'error': None, 'executedCount': 1, 'wsState': 1} eval_ms=4 ram=10.8/23.9GB (45%) swap=0.0/3.9GB (0%) cpu=36% browser_rss=1.36GB
  Frame 7 saved (frame_006.jpg, t=12.9s)
  [capture-periodic] freeze=3ms shot=116ms unfreeze=7ms saved=True
  Frame 8 saved (frame_007.jpg, t=15.1s)
  [capture-periodic] freeze=3ms shot=109ms unfreeze=4ms saved=True
  Frame 9 saved (frame_008.jpg, t=17.4s)
  [capture-periodic] freeze=3ms shot=94ms unfreeze=4ms saved=True
  [capture-loop] iter=150 t=18.0s state={'complete': False, 'error': None, 'executedCount': 1, 'wsState': 1} eval_ms=4 ram=11.7/23.9GB (49%) swap=0.0/3.9GB (0%) cpu=34% browser_rss=1.36GB
  Frame 10 saved (frame_009.jpg, t=19.6s)
  [capture-periodic] freeze=3ms shot=101ms unfreeze=4ms saved=True
  Frame 11 saved (frame_010.jpg, t=21.7s)
  [capture-periodic] freeze=3ms shot=97ms unfreeze=4ms saved=True
  [capture-loop] iter=200 t=23.9s state={'complete': False, 'error': None, 'executedCount': 1, 'wsState': 1} eval_ms=3 ram=11.8/23.9GB (49%) swap=0.0/3.9GB (0%) cpu=37% browser_rss=1.37GB
  Frame 12 saved (frame_011.jpg, t=24.0s)
  [capture-periodic] freeze=2ms shot=98ms unfreeze=5ms saved=True
  Frame 13 saved (frame_012.jpg, t=26.1s)
  [capture-periodic] freeze=2ms shot=106ms unfreeze=4ms saved=True
  Frame 14 saved (frame_013.jpg, t=28.3s)
  [capture-periodic] freeze=2ms shot=106ms unfreeze=4ms saved=True
  [capture-loop] iter=250 t=29.8s state={'complete': False, 'error': None, 'executedCount': 1, 'wsState': 1} eval_ms=6 ram=11.8/23.9GB (49%) swap=0.0/3.9GB (0%) cpu=35% browser_rss=1.28GB
  Frame 15 saved (frame_014.jpg, t=30.6s)
  [capture-periodic] freeze=5ms shot=129ms unfreeze=4ms saved=True
  Frame 16 saved (frame_015.jpg, t=32.8s)
  [capture-periodic] freeze=3ms shot=124ms unfreeze=4ms saved=True
  Frame 17 saved (frame_016.jpg, t=35.1s)
  [capture-periodic] freeze=3ms shot=122ms unfreeze=5ms saved=True
  [capture-loop] iter=300 t=35.8s state={'complete': False, 'error': None, 'executedCount': 1, 'wsState': 1} eval_ms=3 ram=11.6/23.9GB (49%) swap=0.0/3.9GB (0%) cpu=38% browser_rss=1.10GB
  Frame 18 saved (frame_017.jpg, t=37.4s)
  [capture-periodic] freeze=4ms shot=112ms unfreeze=8ms saved=True
  Frame 19 saved (frame_018.jpg, t=39.5s)
  [capture-periodic] freeze=2ms shot=118ms unfreeze=4ms saved=True
  [capture-loop] iter=350 t=41.7s state={'complete': False, 'error': None, 'executedCount': 1, 'wsState': 1} eval_ms=3 ram=11.6/23.9GB (48%) swap=0.0/3.9GB (0%) cpu=58% browser_rss=1.11GB
  Frame 20 saved (frame_019.jpg, t=41.7s)
  [capture-periodic] freeze=5ms shot=111ms unfreeze=5ms saved=True
  Frame 21 saved (frame_020.jpg, t=43.9s)
  [capture-periodic] freeze=7ms shot=112ms unfreeze=6ms saved=True
  Frame 22 saved (frame_021.jpg, t=46.0s)
  [capture-periodic] freeze=3ms shot=148ms unfreeze=6ms saved=True
  Node executed (2 total), capturing...
  Frame 23 saved (frame_022.jpg, t=47.0s)
  [capture-node] freeze=5ms shot=172ms unfreeze=4ms saved=True
  Node executed (3 total), capturing...
  Frame 24 saved (frame_023.jpg, t=47.7s)
  [capture-node] freeze=4ms shot=153ms unfreeze=0ms saved=True
  Execution complete (t=47.7s)
  Captured 24 unique frames over 47.86s
  [debug] iframes: 0
  [timing] trigger_3d_previews: 0.0s
  Saved high-quality screenshot: video_point_prompt_executed.png
  [timing] final_screenshot: 0.2s
    Captured 25 video frames