Capturing execution frames: image_seg_text.json
  Frame 1 saved (frame_000.jpg, t=0.0s)
  Validating workflow...
  Queuing workflow for execution...
  Frame 2 saved (frame_001.jpg, t=2.3s)
  [capture-periodic] freeze=2ms shot=130ms unfreeze=4ms saved=True
  Frame 3 saved (frame_002.jpg, t=4.5s)
  [capture-periodic] freeze=2ms shot=126ms unfreeze=3ms saved=True
  [capture-loop] iter=50 t=5.8s state={'complete': False, 'error': None, 'executedCount': 0, 'wsState': 1} eval_ms=3 ram=2.8/15.6GB (18%) swap=0.0/3.0GB (0%) cpu=27% browser_rss=0.88GB
  [capture-loop] iter=100 t=11.6s state={'complete': False, 'error': None, 'executedCount': 0, 'wsState': 1} eval_ms=3 ram=2.9/15.6GB (18%) swap=0.0/3.0GB (0%) cpu=34% browser_rss=0.87GB
  [capture-loop] iter=150 t=17.2s state={'complete': False, 'error': None, 'executedCount': 0, 'wsState': 1} eval_ms=4 ram=2.7/15.6GB (17%) swap=0.0/3.0GB (0%) cpu=34% browser_rss=0.87GB
  [capture-loop] iter=200 t=22.9s state={'complete': False, 'error': None, 'executedCount': 0, 'wsState': 1} eval_ms=3 ram=2.7/15.6GB (18%) swap=0.0/3.0GB (0%) cpu=35% browser_rss=0.87GB
  [capture-loop] iter=250 t=28.6s state={'complete': False, 'error': None, 'executedCount': 0, 'wsState': 1} eval_ms=4 ram=2.7/15.6GB (18%) swap=0.0/3.0GB (0%) cpu=36% browser_rss=0.77GB
  [capture-loop] iter=300 t=34.3s state={'complete': False, 'error': None, 'executedCount': 0, 'wsState': 1} eval_ms=3 ram=3.0/15.6GB (19%) swap=0.0/3.0GB (0%) cpu=36% browser_rss=0.77GB
  [capture-loop] iter=350 t=39.9s state={'complete': False, 'error': None, 'executedCount': 0, 'wsState': 1} eval_ms=3 ram=3.0/15.6GB (19%) swap=0.0/3.0GB (0%) cpu=34% browser_rss=0.77GB
  [capture-loop] iter=400 t=45.5s state={'complete': False, 'error': None, 'executedCount': 0, 'wsState': 1} eval_ms=3 ram=2.9/15.6GB (18%) swap=0.0/3.0GB (0%) cpu=34% browser_rss=0.77GB
  [capture-loop] iter=450 t=51.2s state={'complete': False, 'error': None, 'executedCount': 0, 'wsState': 1} eval_ms=4 ram=2.7/15.6GB (17%) swap=0.0/3.0GB (0%) cpu=35% browser_rss=0.77GB
  [capture-loop] iter=500 t=57.0s state={'complete': False, 'error': None, 'executedCount': 0, 'wsState': 1} eval_ms=3 ram=2.6/15.6GB (17%) swap=0.0/3.0GB (0%) cpu=35% browser_rss=0.77GB
  [capture-loop] iter=550 t=62.6s state={'complete': False, 'error': None, 'executedCount': 0, 'wsState': 1} eval_ms=3 ram=2.7/15.6GB (17%) swap=0.0/3.0GB (0%) cpu=34% browser_rss=0.77GB
  [capture-loop] iter=600 t=68.3s state={'complete': False, 'error': None, 'executedCount': 0, 'wsState': 1} eval_ms=3 ram=3.9/15.6GB (25%) swap=0.0/3.0GB (0%) cpu=35% browser_rss=0.76GB
  [capture-loop] iter=650 t=74.0s state={'complete': False, 'error': None, 'executedCount': 0, 'wsState': 1} eval_ms=3 ram=2.9/15.6GB (19%) swap=0.0/3.0GB (0%) cpu=34% browser_rss=0.77GB
  [capture-loop] iter=700 t=79.6s state={'complete': False, 'error': None, 'executedCount': 0, 'wsState': 1} eval_ms=3 ram=3.1/15.6GB (20%) swap=0.0/3.0GB (0%) cpu=34% browser_rss=0.77GB
  Node executed (1 total), capturing...
  Frame 4 saved (frame_003.jpg, t=84.4s)
  [capture-node] freeze=4ms shot=125ms unfreeze=4ms saved=True
  Node executed (2 total), capturing...
  Frame 5 saved (frame_004.jpg, t=84.9s)
  [capture-node] freeze=3ms shot=130ms unfreeze=0ms saved=True
  Execution complete (t=84.9s)
  Captured 5 unique frames over 85.06s
  [debug] iframes: 0
  [timing] trigger_3d_previews: 0.0s
  Saved high-quality screenshot: image_seg_text_executed.png
  [timing] final_screenshot: 0.3s
    Captured 6 video frames