Capturing execution frames: image_seg_point.json
  [ComfyUI] [DEPRECATION WARNING] Detected import of deprecated legacy API: /extensions/core/widgetInputs.js. This is likely caused by a custom node extension using outdated APIs. Please update your extensions or contact the extension author for an updated version.
  Frame 1 saved (frame_000.jpg, t=0.0s)
  Validating workflow...
  [ComfyUI] === /validate endpoint called ===
  [ComfyUI] Received JSON with keys: ['prompt']
  [ComfyUI] Prompt has 6 nodes
  [ComfyUI]   Node 1: LoadImage
  [ComfyUI]     Inputs: {"image": "example_image.jpg"}
  [ComfyUI]   Node 15: SAM3PointCollector
  [ComfyUI]     Inputs: {"points_store": "{\"positive\":[{\"x\":426.27735719657574,\"y\":321.42611685978835},{\"x\":417.13743597288953,\"y\":407.3413796907987},{\"x\":431.76130993078743,\"y\":549.9241563039649}],\"negative\"
  Queuing workflow for execution...
  [ComfyUI]   Node 28: PreviewImage
  [ComfyUI]     Inputs: {"images": ["31", 2]}
  [ComfyUI]   Node 29: MaskPreview
  [ComfyUI]     Inputs: {"mask": ["31", 0]}
  [ComfyUI]   Node 30: LoadSAM3Model
  [ComfyUI]     Inputs: {"precision": "auto", "compile": false}
  [ComfyUI]   Node 31: SAM3Segmentation
  [ComfyUI]     Inputs: {"refinement_iterations": 0, "use_multimask": true, "output_best_mask": true, "sam3_model_config": ["30", 0], "image": ["1", 0], "positive_points": ["15", 0], "negative_points": ["15", 1]}
  [ComfyUI] Generated prompt_id: f1c26a9e-7271-43e6-a965-4c08f3840ef1
  [ComfyUI] Calling execution.validate_prompt()...
  [ComfyUI] Validation result: valid=True
  [ComfyUI] === Validation PASSED ===
  [ComfyUI] got prompt
  [ComfyUI] [comfy-env] Running SAM3PointCollector: points_store: '{"positive":[{"x":426.27735719657574,"y":321.42611685978..., coordinates: '[{"x":426.27735719657574,"y":321.42611685978835},{"x":41..., neg_coordinates: '[]', image: torch.float32 [1,720,1280,3] cpu
  [ComfyUI] [comfy-env] SubprocessWorker: /home/runner/.ce/.pixi/envs/sam3-nodes/bin/python
  [ComfyUI] [SubprocessWorker] call_method: nodes.sam3_interactive.SAM3PointCollector.EXECUTE_NORMALIZED
  [ComfyUI] [comfy-env] env_vars: {'PYTORCH_ENABLE_MPS_FALLBACK': '1', 'COMFYUI_BASE': '/home/runner/work/comfy-gpu-ci/comfy-gpu-ci/test_workspaces/SAM3-2154/ComfyUI'}
  [ComfyUI] [SubprocessWorker] acquired lock, ensuring started...
  [ComfyUI] [ComfyUI-SAM3] python: /home/runner/.ce/.pixi/envs/sam3-nodes/bin/python
  [ComfyUI] [ComfyUI-SAM3] sys_path sent to worker: ['/home/runner/work/comfy-gpu-ci/comfy-gpu-ci/test_workspaces/SAM3-2154/ComfyUI', '/home/runner/work/comfy-gpu-ci/comfy-gpu-ci/test_workspaces/SAM3-2154/ComfyUI/custom_nodes/ComfyUI-SAM3', '/home/runner/.ce/.pixi/envs/sam3-nodes/lib/python3.10/site-packages', '/home/runner/work/comfy-gpu-ci/comfy-gpu-ci/test_workspaces/SAM3-2154/ComfyUI/custom_nodes/ComfyUI-SAM3']
  [ComfyUI] [SubprocessWorker] is_pixi=True, python=/home/runner/.ce/.pixi/envs/sam3-nodes/bin/python
  [ComfyUI] [SubprocessWorker] launching cmd=['/home/runner/.pixi/bin/pixi', 'run', '--as-is', '--manifest-path', '/home/runner/.ce/pixi.toml', '-e', 'sam3-nodes', 'python', '/tmp/comfyui_pvenv_gqwqgtg6/persistent_worker.py', 'abstract://comfy_worker_468e57459cbb']...
  [ComfyUI] [SubprocessWorker] socket_addr=abstract://comfy_worker_468e57459cbb (abstract, no filesystem path)
  [ComfyUI] [SubprocessWorker] worker started/confirmed
  [ComfyUI] [comfy-env] PRE-SERIALIZE 'image' shape: torch.Size([1, 720, 1280, 3])
  [ComfyUI] [SubprocessWorker] serializing kwargs to shm...
  [ComfyUI] [SubprocessWorker] created 0 shm blocks
  [ComfyUI] [SubprocessWorker] sending request via socket...
  [ComfyUI] [SubprocessWorker] call_id=1 sending call_method
  [ComfyUI] [worker:ComfyUI-SAM3] [comfy-env] _from_shm got dict with keys: ['__type__', 'strategy', 'parent_pid', 'fd', 'storage_size']
  [ComfyUI] [worker:ComfyUI-SAM3] [comfy-env] DESERIALIZE TensorRef: tensor_size=[1, 720, 1280, 3]
  [ComfyUI] [worker:ComfyUI-SAM3] [comfy-env] DESERIALIZED tensor shape: torch.Size([1, 720, 1280, 3])
  Frame 2 saved (frame_001.jpg, t=2.3s)
  [capture-periodic] freeze=3ms shot=134ms unfreeze=3ms saved=True
  [ComfyUI] [SubprocessWorker] got response: ok
  [ComfyUI] [comfy-env] SAM3PointCollector done (2.39s): result: NodeOutput
  [ComfyUI] [comfy-env] Running LoadSAM3Model: precision: 'auto', compile: False
  [ComfyUI] [SubprocessWorker] call_method: nodes.load_model.LoadSAM3Model.EXECUTE_NORMALIZED
  [ComfyUI] [SubprocessWorker] acquired lock, ensuring started...
  [ComfyUI] [ComfyUI-SAM3] Health check: ping (timeout=5.0s)...
  [ComfyUI] [ComfyUI-SAM3] Health check: ok
  [ComfyUI] [SubprocessWorker] worker started/confirmed
  [ComfyUI] [SubprocessWorker] serializing kwargs to shm...
  [ComfyUI] [SubprocessWorker] created 0 shm blocks
  [ComfyUI] [SubprocessWorker] sending request via socket...
  [ComfyUI] [SubprocessWorker] call_id=2 sending call_method
  [ComfyUI] [worker:ComfyUI-SAM3] [SAM3] Model not found at /home/runner/work/comfy-gpu-ci/comfy-gpu-ci/test_workspaces/SAM3-2154/ComfyUI/models/sam3/sam3.safetensors, downloading from HuggingFace...
  Node executed (1 total), capturing...
  [ComfyUI] [worker:ComfyUI-SAM3] [SAM3] Downloading sam3.safetensors from apozz/sam3-safetensors...
  [ComfyUI] [SubprocessWorker] callback 'report_progress' from call_id=2
  Frame 3 saved (frame_002.jpg, t=2.9s)
  [capture-node] freeze=3ms shot=134ms unfreeze=3ms saved=True
  [ComfyUI] [SubprocessWorker] callback 'report_progress' from call_id=2
  [ComfyUI] [SubprocessWorker] callback 'report_progress' from call_id=2
  [ComfyUI] [SubprocessWorker] callback 'report_progress' from call_id=2
  [ComfyUI] [SubprocessWorker] callback 'report_progress' from call_id=2
  [ComfyUI] [SubprocessWorker] callback 'report_progress' from call_id=2
  [ComfyUI] [worker:ComfyUI-SAM3] [SAM3] Download progress: 10%
  [ComfyUI] [SubprocessWorker] callback 'report_progress' from call_id=2
  [ComfyUI] [SubprocessWorker] callback 'report_progress' from call_id=2
  [ComfyUI] [SubprocessWorker] callback 'report_progress' from call_id=2
  [ComfyUI] [SubprocessWorker] callback 'report_progress' from call_id=2
  [ComfyUI] [SubprocessWorker] callback 'report_progress' from call_id=2
  [ComfyUI] [SubprocessWorker] callback 'report_progress' from call_id=2
  [ComfyUI] [SubprocessWorker] callback 'report_progress' from call_id=2
  [ComfyUI] [worker:ComfyUI-SAM3] [SAM3] Download progress: 20%
  [ComfyUI] [SubprocessWorker] callback 'report_progress' from call_id=2
  [ComfyUI] [SubprocessWorker] callback 'report_progress' from call_id=2
  [ComfyUI] [SubprocessWorker] callback 'report_progress' from call_id=2
  [ComfyUI] [SubprocessWorker] callback 'report_progress' from call_id=2
  Frame 4 saved (frame_003.jpg, t=5.2s)
  [ComfyUI] [SubprocessWorker] callback 'report_progress' from call_id=2
  [capture-periodic] freeze=17ms shot=158ms unfreeze=2ms saved=True
  [ComfyUI] [SubprocessWorker] callback 'report_progress' from call_id=2
  [ComfyUI] [SubprocessWorker] callback 'report_progress' from call_id=2
  [ComfyUI] [worker:ComfyUI-SAM3] [SAM3] Download progress: 30%
  [ComfyUI] [SubprocessWorker] callback 'report_progress' from call_id=2
  [ComfyUI] [SubprocessWorker] callback 'report_progress' from call_id=2
  [ComfyUI] [SubprocessWorker] callback 'report_progress' from call_id=2
  [ComfyUI] [SubprocessWorker] callback 'report_progress' from call_id=2
  [ComfyUI] [SubprocessWorker] callback 'report_progress' from call_id=2
  [ComfyUI] [SubprocessWorker] callback 'report_progress' from call_id=2
  [ComfyUI] [worker:ComfyUI-SAM3] [SAM3] Download progress: 40%
  [ComfyUI] [SubprocessWorker] callback 'report_progress' from call_id=2
  [ComfyUI] [SubprocessWorker] callback 'report_progress' from call_id=2
  [capture-loop] iter=50 t=6.8s state={'complete': False, 'error': None, 'executedCount': 1, 'wsState': 1} eval_ms=13 ram=2.2/15.6GB (14%) swap=0.0/3.0GB (0%) cpu=34% browser_rss=0.90GB
  [ComfyUI] [SubprocessWorker] callback 'report_progress' from call_id=2
  [ComfyUI] [SubprocessWorker] callback 'report_progress' from call_id=2
  [ComfyUI] [SubprocessWorker] callback 'report_progress' from call_id=2
  [ComfyUI] [SubprocessWorker] callback 'report_progress' from call_id=2
  [ComfyUI] [SubprocessWorker] callback 'report_progress' from call_id=2
  [ComfyUI] [SubprocessWorker] callback 'report_progress' from call_id=2
  Frame 5 saved (frame_004.jpg, t=7.7s)
  [capture-periodic] freeze=213ms shot=568ms unfreeze=3ms saved=True
  [ComfyUI] [worker:ComfyUI-SAM3] [SAM3] Download progress: 50%
  [ComfyUI] [SubprocessWorker] callback 'report_progress' from call_id=2
  [ComfyUI] [SubprocessWorker] callback 'report_progress' from call_id=2
  [ComfyUI] [SubprocessWorker] callback 'report_progress' from call_id=2
  [ComfyUI] [SubprocessWorker] callback 'report_progress' from call_id=2
  [ComfyUI] [SubprocessWorker] callback 'report_progress' from call_id=2
  [ComfyUI] [SubprocessWorker] callback 'report_progress' from call_id=2
  [ComfyUI] [SubprocessWorker] callback 'report_progress' from call_id=2
  [ComfyUI] [SubprocessWorker] callback 'report_progress' from call_id=2
  [ComfyUI] [worker:ComfyUI-SAM3] [SAM3] Download progress: 60%
  [ComfyUI] [SubprocessWorker] callback 'report_progress' from call_id=2
  [ComfyUI] [SubprocessWorker] callback 'report_progress' from call_id=2
  [ComfyUI] [SubprocessWorker] callback 'report_progress' from call_id=2
  [ComfyUI] [SubprocessWorker] callback 'report_progress' from call_id=2
  [ComfyUI] [SubprocessWorker] callback 'report_progress' from call_id=2
  [ComfyUI] [SubprocessWorker] callback 'report_progress' from call_id=2
  [ComfyUI] [SubprocessWorker] callback 'report_progress' from call_id=2
  [ComfyUI] [worker:ComfyUI-SAM3] [SAM3] Download progress: 70%
  [ComfyUI] [SubprocessWorker] callback 'report_progress' from call_id=2
  [ComfyUI] [SubprocessWorker] callback 'report_progress' from call_id=2
  [ComfyUI] [SubprocessWorker] callback 'report_progress' from call_id=2
  [ComfyUI] [SubprocessWorker] callback 'report_progress' from call_id=2
  [ComfyUI] [SubprocessWorker] callback 'report_progress' from call_id=2
  [ComfyUI] [SubprocessWorker] callback 'report_progress' from call_id=2
  [ComfyUI] [worker:ComfyUI-SAM3] [SAM3] Download progress: 80%
  Frame 6 saved (frame_005.jpg, t=10.7s)
  [ComfyUI] [SubprocessWorker] callback 'report_progress' from call_id=2
  [capture-periodic] freeze=5ms shot=139ms unfreeze=3ms saved=True
  [ComfyUI] [SubprocessWorker] callback 'report_progress' from call_id=2
  [ComfyUI] [SubprocessWorker] callback 'report_progress' from call_id=2
  [ComfyUI] [SubprocessWorker] callback 'report_progress' from call_id=2
  [ComfyUI] [SubprocessWorker] callback 'report_progress' from call_id=2
  [ComfyUI] [SubprocessWorker] callback 'report_progress' from call_id=2
  [ComfyUI] [SubprocessWorker] callback 'report_progress' from call_id=2
  [ComfyUI] [worker:ComfyUI-SAM3] [SAM3] Download progress: 90%
  [ComfyUI] [SubprocessWorker] callback 'report_progress' from call_id=2
  [ComfyUI] [SubprocessWorker] callback 'report_progress' from call_id=2
  [ComfyUI] [SubprocessWorker] callback 'report_progress' from call_id=2
  [ComfyUI] [SubprocessWorker] callback 'report_progress' from call_id=2
  [ComfyUI] [SubprocessWorker] callback 'report_progress' from call_id=2
  [ComfyUI] [SubprocessWorker] callback 'report_progress' from call_id=2
  [ComfyUI] [SubprocessWorker] callback 'report_progress' from call_id=2
  [ComfyUI] [worker:ComfyUI-SAM3] [SAM3] Download progress: 100%
  [ComfyUI] [SubprocessWorker] callback 'report_progress' from call_id=2
  [ComfyUI] [worker:ComfyUI-SAM3] [SAM3] Downloaded sam3.safetensors
  Frame 7 saved (frame_006.jpg, t=13.4s)
  [ComfyUI] [worker:ComfyUI-SAM3] [SAM3] Model downloaded successfully
  [capture-periodic] freeze=2ms shot=134ms unfreeze=3ms saved=True
  [ComfyUI] [SubprocessWorker] got response: ok
  [ComfyUI] [comfy-env] LoadSAM3Model done (10.49s): result: NodeOutput
  [ComfyUI] [comfy-env] Running SAM3Segmentation: refinement_iterations: 0, use_multimask: True, output_best_mask: True, sam3_model_config: dict, image: torch.float32 [1,720,1280,3] cpu, positive_points: dict, negative_points: dict
  [ComfyUI] [SubprocessWorker] call_method: nodes.segmentation.SAM3Segmentation.EXECUTE_NORMALIZED
  [ComfyUI] [SubprocessWorker] acquired lock, ensuring started...
  [ComfyUI] [ComfyUI-SAM3] Health check: ping (timeout=5.0s)...
  [ComfyUI] [ComfyUI-SAM3] Health check: ok
  [ComfyUI] [SubprocessWorker] worker started/confirmed
  [ComfyUI] [comfy-env] PRE-SERIALIZE 'image' shape: torch.Size([1, 720, 1280, 3])
  [ComfyUI] [SubprocessWorker] serializing kwargs to shm...
  [ComfyUI] [SubprocessWorker] created 0 shm blocks
  [ComfyUI] [SubprocessWorker] sending request via socket...
  [ComfyUI] [SubprocessWorker] call_id=3 sending call_method
  [ComfyUI] [worker:ComfyUI-SAM3] [comfy-env] _from_shm got dict with keys: ['__type__', 'strategy', 'parent_pid', 'fd', 'storage_size']
  [ComfyUI] [worker:ComfyUI-SAM3] [comfy-env] DESERIALIZE TensorRef: tensor_size=[1, 720, 1280, 3]
  [ComfyUI] [worker:ComfyUI-SAM3] [comfy-env] DESERIALIZED tensor shape: torch.Size([1, 720, 1280, 3])
  [capture-loop] iter=100 t=15.6s state={'complete': False, 'error': None, 'executedCount': 1, 'wsState': 1} eval_ms=3 ram=2.3/15.6GB (15%) swap=0.0/3.0GB (0%) cpu=36% browser_rss=0.90GB
  [ComfyUI] [SubprocessWorker] callback 'request_vram_budget' from call_id=3
  [ComfyUI] [comfy-env] VRAM request: 3.50GB, free before eviction: 14.25GB
  [ComfyUI] [comfy-env] VRAM after eviction: 14.25GB
  [capture-loop] iter=150 t=21.2s state={'complete': False, 'error': None, 'executedCount': 1, 'wsState': 1} eval_ms=2 ram=2.6/15.6GB (17%) swap=0.0/3.0GB (0%) cpu=32% browser_rss=0.90GB
  [capture-loop] iter=200 t=26.7s state={'complete': False, 'error': None, 'executedCount': 1, 'wsState': 1} eval_ms=2 ram=2.7/15.6GB (18%) swap=0.0/3.0GB (0%) cpu=34% browser_rss=0.81GB
  [capture-loop] iter=250 t=32.3s state={'complete': False, 'error': None, 'executedCount': 1, 'wsState': 1} eval_ms=3 ram=2.5/15.6GB (16%) swap=0.0/3.0GB (0%) cpu=32% browser_rss=0.81GB
  [capture-loop] iter=300 t=37.8s state={'complete': False, 'error': None, 'executedCount': 1, 'wsState': 1} eval_ms=2 ram=2.4/15.6GB (15%) swap=0.0/3.0GB (0%) cpu=32% browser_rss=0.81GB
  [capture-loop] iter=350 t=43.5s state={'complete': False, 'error': None, 'executedCount': 1, 'wsState': 1} eval_ms=2 ram=2.4/15.6GB (15%) swap=0.0/3.0GB (0%) cpu=32% browser_rss=0.81GB
  [capture-loop] iter=400 t=49.0s state={'complete': False, 'error': None, 'executedCount': 1, 'wsState': 1} eval_ms=2 ram=2.5/15.6GB (16%) swap=0.0/3.0GB (0%) cpu=32% browser_rss=0.81GB
  [capture-loop] iter=450 t=54.6s state={'complete': False, 'error': None, 'executedCount': 1, 'wsState': 1} eval_ms=2 ram=2.5/15.6GB (16%) swap=0.0/3.0GB (0%) cpu=33% browser_rss=0.81GB
  [capture-loop] iter=500 t=60.1s state={'complete': False, 'error': None, 'executedCount': 1, 'wsState': 1} eval_ms=2 ram=2.5/15.6GB (16%) swap=0.0/3.0GB (0%) cpu=34% browser_rss=0.81GB
  [ComfyUI] [worker:ComfyUI-SAM3]
  [ComfyUI] === WATCHDOG TICK 1 ===
  [ComfyUI] [worker:ComfyUI-SAM3] Current thread 0x00007f8ed3f3d6c0 (most recent call first):
  [ComfyUI]   File "/tmp/comfyui_pvenv_gqwqgtg6/persistent_worker.py", line 52 in _watchdog
  [ComfyUI]   File "/home/runner/.ce/.pixi/envs/sam3-nodes/lib/python3.10/threading.py", line 953 in run
  [ComfyUI]   File "/home/runner/.ce/.pixi/envs/sam3-nodes/lib/python3.10/threading.py", line 1016 in _bootstrap_inner
  [ComfyUI]   File "/home/runner/.ce/.pixi/envs/sam3-nodes/lib/python3.10/threading.py", line 973 in _bootstrap
  [ComfyUI] 
  [ComfyUI] Thread 0x00007f8ed4a17740 (most recent call first):
  [ComfyUI]   File "/home/runner/work/comfy-gpu-ci/comfy-gpu-ci/test_workspaces/SAM3-2154/ComfyUI/comfy/ops.py", line 475 in forward_comfy_cast_weights
  [ComfyUI]   File "/home/runner/work/comfy-gpu-ci/comfy-gpu-ci/test_workspaces/SAM3-2154/ComfyUI/comfy/ops.py", line 482 in forward
  [ComfyUI]   File "/home/runner/.ce/.pixi/envs/sam3-nodes/lib/python3.10/site-packages/torch/nn/modules/module.py", line 1790 in _call_impl
  [ComfyUI]   File "/home/runner/.ce/.pixi/envs/sam3-nodes/lib/python3.10/site-packages/torch/nn/modules/module.py", line 1779 in _wrapped_call_impl
  [ComfyUI]   File "/home/runner/work/comfy-gpu-ci/comfy-gpu-ci/test_workspaces/SAM3-2154/ComfyUI/custom_nodes/ComfyUI-SAM3/nodes/sam3/model.py", line 144 in forward
  [ComfyUI]   File "/home/runner/.ce/.pixi/envs/sam3-nodes/lib/python3.10/site-packages/torch/nn/modules/module.py", line 1790 in _call_impl
  [ComfyUI]   File "/home/runner/.ce/.pixi/envs/sam3-nodes/lib/python3.10/site-packages/torch/nn/modules/module.py", line 1779 in _wrapped_call_impl
  [ComfyUI]   File "/home/runner/work/comfy-gpu-ci/comfy-gpu-ci/test_workspaces/SAM3-2154/ComfyUI/custom_nodes/ComfyUI-SAM3/nodes/sam3/model.py", line 823 in forward
  [ComfyUI]   File "/home/runner/.ce/.pixi/envs/sam3-nodes/lib/python3.10/site-packages/torch/nn/modules/module.py", line 1790 in _call_impl
  [ComfyUI]   File "/home/runner/.ce/.pixi/envs/sam3-nodes/lib/python3.10/site-packages/torch/nn/modules/module.py", line 1779 in _wrapped_call_impl
  [ComfyUI]   File "/home/runner/work/comfy-gpu-ci/comfy-gpu-ci/test_workspaces/SAM3-2154/ComfyUI/custom_nodes/ComfyUI-SAM3/nodes/sam3/model.py", line 983 in forward
  [ComfyUI]   File "/home/runner/.ce/.pixi/envs/sam3-nodes/lib/python3.10/site-packages/torch/nn/modules/module.py", line 1790 in _call_impl
  [ComfyUI]   File "/home/runner/.ce/.pixi/envs/sam3-nodes/lib/python3.10/site-packages/torch/nn/modules/module.py", line 1779 in _wrapped_call_impl
  [ComfyUI]   File "/home/runner/work/comfy-gpu-ci/comfy-gpu-ci/test_workspaces/SAM3-2154/ComfyUI/custom_nodes/ComfyUI-SAM3/nodes/sam3/model.py", line 2041 in forward
  [ComfyUI]   File "/home/runner/work/comfy-gpu-ci/comfy-gpu-ci/test_workspaces/SAM3-2154/ComfyUI/custom_nodes/ComfyUI-SAM3/nodes/sam3/model.py", line 3321 in _forward_image_no_act_ckpt
  [ComfyUI]   File "/home/runner/work/comfy-gpu-ci/comfy-gpu-ci/test_workspaces/SAM3-2154/ComfyUI/custom_nodes/ComfyUI-SAM3/nodes/sam3/model.py", line 3314 in forward_image
  [ComfyUI]   File "/home/runner/work/comfy-gpu-ci/comfy-gpu-ci/test_workspaces/SAM3-2154/ComfyUI/custom_nodes/ComfyUI-SAM3/nodes/sam3/utils.py", line 1324 in set_image
  [ComfyUI]   File "/home/runner/.ce/.pixi/envs/sam3-nodes/lib/python3.10/site-packages/torch/utils/_contextlib.py", line 124 in decorate_context
  [ComfyUI]   File "/home/runner/work/comfy-gpu-ci/comfy-gpu-ci/test_workspaces/SAM3-2154/ComfyUI/custom_nodes/ComfyUI-SAM3/nodes/segmentation.py", line 496 in execute
  [ComfyUI]   File "/home/runner/work/comfy-gpu-ci/comfy-gpu-ci/test_workspaces/SAM3-2154/ComfyUI/comfy_api/latest/_io.py", line 1833 in EXECUTE_NORMALIZED
  [ComfyUI]   File "/tmp/comfyui_pvenv_gqwqgtg6/persistent_worker.py", line 1762 in main
  [ComfyUI]   File "/tmp/comfyui_pvenv_gqwqgtg6/persistent_worker.py", line 1807 in <module>
  [ComfyUI] 
  [ComfyUI] [worker:ComfyUI-SAM3] === END ===
  [ComfyUI] 
  [capture-loop] iter=550 t=65.8s state={'complete': False, 'error': None, 'executedCount': 1, 'wsState': 1} eval_ms=2 ram=2.6/15.6GB (16%) swap=0.0/3.0GB (0%) cpu=32% browser_rss=0.81GB
  [capture-loop] iter=600 t=71.4s state={'complete': False, 'error': None, 'executedCount': 1, 'wsState': 1} eval_ms=2 ram=2.5/15.6GB (16%) swap=0.0/3.0GB (0%) cpu=32% browser_rss=0.81GB
  [capture-loop] iter=650 t=76.9s state={'complete': False, 'error': None, 'executedCount': 1, 'wsState': 1} eval_ms=2 ram=4.9/15.6GB (32%) swap=0.0/3.0GB (0%) cpu=32% browser_rss=0.80GB
  [capture-loop] iter=700 t=82.5s state={'complete': False, 'error': None, 'executedCount': 1, 'wsState': 1} eval_ms=2 ram=2.6/15.6GB (16%) swap=0.0/3.0GB (0%) cpu=32% browser_rss=0.81GB
  [capture-loop] iter=750 t=88.0s state={'complete': False, 'error': None, 'executedCount': 1, 'wsState': 1} eval_ms=2 ram=2.5/15.6GB (16%) swap=0.0/3.0GB (0%) cpu=31% browser_rss=0.81GB
  [capture-loop] iter=800 t=93.6s state={'complete': False, 'error': None, 'executedCount': 1, 'wsState': 1} eval_ms=2 ram=2.6/15.6GB (17%) swap=0.0/3.0GB (0%) cpu=32% browser_rss=0.81GB
  [capture-loop] iter=850 t=99.1s state={'complete': False, 'error': None, 'executedCount': 1, 'wsState': 1} eval_ms=3 ram=2.5/15.6GB (16%) swap=0.0/3.0GB (0%) cpu=32% browser_rss=0.81GB
  [capture-loop] iter=900 t=104.8s state={'complete': False, 'error': None, 'executedCount': 1, 'wsState': 1} eval_ms=3 ram=2.7/15.6GB (17%) swap=0.0/3.0GB (0%) cpu=32% browser_rss=0.81GB
  [ComfyUI] [SubprocessWorker] got response: ok
  [ComfyUI] [comfy-env] SAM3Segmentation done (92.43s): result: NodeOutput
  Node executed (2 total), capturing...
  [ComfyUI] Prompt executed in 105.43 seconds
  Frame 8 saved (frame_007.jpg, t=105.8s)
  [capture-node] freeze=3ms shot=122ms unfreeze=3ms saved=True
  Node executed (3 total), capturing...
  Frame 9 saved (frame_008.jpg, t=106.2s)
  [capture-node] freeze=2ms shot=119ms unfreeze=0ms saved=True
  Execution complete (t=106.2s)
  Captured 9 unique frames over 106.34s
  [debug] iframes: 0
  [timing] trigger_3d_previews: 0.0s
  Saved high-quality screenshot: image_seg_point_executed.png
  [timing] final_screenshot: 0.3s
    Captured 10 video frames