Capturing execution frames: scene_seg_interactive.json
  Frame 1 saved (frame_000.jpg, t=0.0s)
  Validating workflow...
  Queuing workflow for execution...
  Frame 2 saved (frame_001.jpg, t=2.2s)
  [capture-periodic] freeze=3ms shot=110ms unfreeze=3ms saved=True
  Frame 3 saved (frame_002.jpg, t=4.4s)
  [capture-periodic] freeze=4ms shot=100ms unfreeze=3ms saved=True
  [capture-loop] iter=50 t=5.8s state={'complete': False, 'error': None, 'executedCount': 0, 'wsState': 1} eval_ms=3 ram=3.8/15.6GB (24%) swap=0.0/3.0GB (0%) cpu=33% browser_rss=1.49GB
  [capture-loop] iter=100 t=11.5s state={'complete': False, 'error': None, 'executedCount': 0, 'wsState': 1} eval_ms=3 ram=3.6/15.6GB (23%) swap=0.0/3.0GB (0%) cpu=36% browser_rss=1.38GB
  [capture-loop] iter=150 t=17.0s state={'complete': False, 'error': None, 'executedCount': 0, 'wsState': 1} eval_ms=3 ram=3.3/15.6GB (21%) swap=0.0/3.0GB (0%) cpu=33% browser_rss=1.38GB
  [capture-loop] iter=200 t=22.7s state={'complete': False, 'error': None, 'executedCount': 0, 'wsState': 1} eval_ms=3 ram=3.1/15.6GB (20%) swap=0.0/3.0GB (0%) cpu=35% browser_rss=1.38GB
  [capture-loop] iter=250 t=28.4s state={'complete': False, 'error': None, 'executedCount': 0, 'wsState': 1} eval_ms=3 ram=3.2/15.6GB (20%) swap=0.0/3.0GB (0%) cpu=35% browser_rss=1.38GB
  [capture-loop] iter=300 t=33.9s state={'complete': False, 'error': None, 'executedCount': 0, 'wsState': 1} eval_ms=3 ram=3.1/15.6GB (20%) swap=0.0/3.0GB (0%) cpu=33% browser_rss=1.37GB
  [capture-loop] iter=350 t=39.6s state={'complete': False, 'error': None, 'executedCount': 0, 'wsState': 1} eval_ms=3 ram=3.2/15.6GB (20%) swap=0.0/3.0GB (0%) cpu=34% browser_rss=1.37GB
  [capture-loop] iter=400 t=45.1s state={'complete': False, 'error': None, 'executedCount': 0, 'wsState': 1} eval_ms=3 ram=3.2/15.6GB (20%) swap=0.0/3.0GB (0%) cpu=33% browser_rss=1.38GB
  [capture-loop] iter=450 t=50.8s state={'complete': False, 'error': None, 'executedCount': 0, 'wsState': 1} eval_ms=3 ram=3.3/15.6GB (21%) swap=0.0/3.0GB (0%) cpu=34% browser_rss=1.34GB
  [capture-loop] iter=500 t=56.4s state={'complete': False, 'error': None, 'executedCount': 0, 'wsState': 1} eval_ms=4 ram=3.2/15.6GB (20%) swap=0.0/3.0GB (0%) cpu=34% browser_rss=1.34GB
  [capture-loop] iter=550 t=62.0s state={'complete': False, 'error': None, 'executedCount': 0, 'wsState': 1} eval_ms=4 ram=3.2/15.6GB (20%) swap=0.0/3.0GB (0%) cpu=34% browser_rss=1.34GB
  [capture-loop] iter=600 t=67.7s state={'complete': False, 'error': None, 'executedCount': 0, 'wsState': 1} eval_ms=3 ram=3.3/15.6GB (21%) swap=0.0/3.0GB (0%) cpu=34% browser_rss=1.34GB
  [capture-loop] iter=650 t=73.3s state={'complete': False, 'error': None, 'executedCount': 0, 'wsState': 1} eval_ms=3 ram=3.2/15.6GB (20%) swap=0.0/3.0GB (0%) cpu=34% browser_rss=1.34GB
  [capture-loop] iter=700 t=78.9s state={'complete': False, 'error': None, 'executedCount': 0, 'wsState': 1} eval_ms=3 ram=3.4/15.6GB (22%) swap=0.0/3.0GB (0%) cpu=33% browser_rss=1.34GB
  Frame 4 saved (frame_003.jpg, t=81.5s)
  [capture-periodic] freeze=4ms shot=703ms unfreeze=187ms saved=True
  Node executed (2 total), capturing...
  Frame 5 saved (frame_004.jpg, t=82.7s)
  [capture-node] freeze=3ms shot=139ms unfreeze=0ms saved=True
  Execution complete (t=82.7s)
  Captured 5 unique frames over 82.93s
  [debug] iframes: 0
  [timing] trigger_3d_previews: 0.0s
  Saved high-quality screenshot: scene_seg_interactive_executed.png
  [timing] final_screenshot: 0.3s
    Captured 6 video frames