Capturing execution frames: scene_seg.json
  Frame 1 saved (frame_000.jpg, t=0.0s)
  Validating workflow...
  [ComfyUI] === /validate endpoint called ===
  [ComfyUI] Received JSON with keys: ['prompt']
  [ComfyUI] Prompt has 10 nodes
  [ComfyUI]   Node 1: LoadImage
  [ComfyUI]     Inputs: {"image": "image.png"}
  [ComfyUI]   Node 3: PreviewImage
  [ComfyUI]     Inputs: {"images": ["27", 1]}
  [ComfyUI]   Node 4: MaskPreview
  Queuing workflow for execution...
  [ComfyUI]     Inputs: {"mask": ["27", 0]}
  [ComfyUI]   Node 12: LoadSAM3Model
  [ComfyUI]     Inputs: {"precision": "fp32", "compile": false}
  [ComfyUI]   Node 20: SAM3MultiRegionCollector
  [ComfyUI]     Inputs: {"multi_prompts_store": "[{\"positive_points\":[{\"x\":5052.74953932266,\"y\":2847.0600693869637},{\"x\":4932.510591392486,\"y\":2953.9413227753366},{\"x\":4718.752461738845,\"y\":2967.301479448883},{
  [ComfyUI]   Node 22: MultibandFromBatch
  [ComfyUI]     Inputs: {"images": ["1", 0], "masks": ["27", 0]}
  [ComfyUI]   Node 23: MultibandSave
  [ComfyUI]     Inputs: {"file_path": "output/multiband", "format": "npz", "multiband": ["26", 0]}
  [ComfyUI]   Node 24: MultibandPreview
  [ComfyUI]     Inputs: {"channel_index": 0, "multiband": ["26", 0]}
  [ComfyUI]   Node 26: MultibandResize
  [ComfyUI]     Inputs: {"upscale_method": "nearest-exact", "width": 900, "height": 600, "crop": "center", "multiband": ["22", 0]}
  [ComfyUI]   Node 27: SAM3MultipromptSegmentation
  [ComfyUI]     Inputs: {"refinement_iterations": 0, "use_multimask": false, "sam3_model_config": ["12", 0], "image": ["1", 0], "multi_prompts": ["20", 0]}
  [ComfyUI] Generated prompt_id: 39bf0046-2543-47d1-999f-af6f5d16537a
  [ComfyUI] Calling execution.validate_prompt()...
  [ComfyUI] Validation result: valid=True
  [ComfyUI] === Validation PASSED ===
  [ComfyUI] got prompt
  [ComfyUI] [comfy-env] Running SAM3MultiRegionCollector: multi_prompts_store: '[{"positive_points":[{"x":5052.74953932266,"y":2847.0600..., image: torch.float32 [1,4480,6720,3] cpu
  [ComfyUI] [SubprocessWorker] call_method: nodes.sam3_interactive.SAM3MultiRegionCollector.EXECUTE_NORMALIZED
  [ComfyUI] [SubprocessWorker] acquired lock, ensuring started...
  [ComfyUI] [ComfyUI-SAM3] Health check: ping (timeout=5.0s)...
  [ComfyUI] [ComfyUI-SAM3] Health check: ok
  [ComfyUI] [SubprocessWorker] worker started/confirmed
  [ComfyUI] [comfy-env] PRE-SERIALIZE 'image' shape: torch.Size([1, 4480, 6720, 3])
  [ComfyUI] [SubprocessWorker] serializing kwargs to shm...
  [ComfyUI] [SubprocessWorker] created 0 shm blocks
  [ComfyUI] [SubprocessWorker] sending request via socket...
  [ComfyUI] [SubprocessWorker] call_id=6 sending call_method
  [ComfyUI] [worker:ComfyUI-SAM3] [comfy-env] _from_shm got dict with keys: ['__type__', 'strategy', 'parent_pid', 'fd', 'storage_size']
  [ComfyUI] [worker:ComfyUI-SAM3] [comfy-env] DESERIALIZE TensorRef: tensor_size=[1, 4480, 6720, 3]
  [ComfyUI] [worker:ComfyUI-SAM3] [comfy-env] DESERIALIZED tensor shape: torch.Size([1, 4480, 6720, 3])
  [ComfyUI] [SubprocessWorker] got response: ok
  [ComfyUI] [comfy-env] SAM3MultiRegionCollector done (0.38s): result: NodeOutput
  [ComfyUI] [comfy-env] Running LoadSAM3Model: precision: 'fp32', compile: False
  [ComfyUI] [SubprocessWorker] call_method: nodes.load_model.LoadSAM3Model.EXECUTE_NORMALIZED
  [ComfyUI] [SubprocessWorker] acquired lock, ensuring started...
  [ComfyUI] [ComfyUI-SAM3] Health check: ping (timeout=5.0s)...
  [ComfyUI] [ComfyUI-SAM3] Health check: ok
  [ComfyUI] [SubprocessWorker] worker started/confirmed
  [ComfyUI] [SubprocessWorker] serializing kwargs to shm...
  [ComfyUI] [SubprocessWorker] created 0 shm blocks
  [ComfyUI] [SubprocessWorker] sending request via socket...
  [ComfyUI] [SubprocessWorker] call_id=7 sending call_method
  [ComfyUI] [SubprocessWorker] got response: ok
  [ComfyUI] [comfy-env] LoadSAM3Model done (0.03s): result: NodeOutput
  [ComfyUI] [comfy-env] Running SAM3MultipromptSegmentation: refinement_iterations: 0, use_multimask: False, sam3_model_config: dict, image: torch.float32 [1,4480,6720,3] cpu, multi_prompts: list[7]
  [ComfyUI] [SubprocessWorker] call_method: nodes.segmentation.SAM3MultipromptSegmentation.EXECUTE_NORMALIZED
  [ComfyUI] [SubprocessWorker] acquired lock, ensuring started...
  [ComfyUI] [ComfyUI-SAM3] Health check: ping (timeout=5.0s)...
  [ComfyUI] [ComfyUI-SAM3] Health check: ok
  [ComfyUI] [SubprocessWorker] worker started/confirmed
  [ComfyUI] [comfy-env] PRE-SERIALIZE 'image' shape: torch.Size([1, 4480, 6720, 3])
  [ComfyUI] [SubprocessWorker] serializing kwargs to shm...
  [ComfyUI] [SubprocessWorker] created 0 shm blocks
  [ComfyUI] [SubprocessWorker] sending request via socket...
  [ComfyUI] [SubprocessWorker] call_id=8 sending call_method
  [ComfyUI] [worker:ComfyUI-SAM3] [comfy-env] _from_shm got dict with keys: ['__type__', 'strategy', 'parent_pid', 'fd', 'storage_size']
  [ComfyUI] [worker:ComfyUI-SAM3] [comfy-env] DESERIALIZE TensorRef: tensor_size=[1, 4480, 6720, 3]
  [ComfyUI] [worker:ComfyUI-SAM3] [comfy-env] DESERIALIZED tensor shape: torch.Size([1, 4480, 6720, 3])
  [ComfyUI] [SubprocessWorker] callback 'request_vram_budget' from call_id=8
  [ComfyUI] [comfy-env] VRAM request: 3.50GB, free before eviction: 12.85GB
  [ComfyUI] [comfy-env] VRAM after eviction: 12.85GB
  Node executed (1 total), capturing...
  Frame 2 saved (frame_001.jpg, t=1.9s)
  [capture-node] freeze=3ms shot=164ms unfreeze=10ms saved=True
  Frame 3 saved (frame_002.jpg, t=4.2s)
  [capture-periodic] freeze=3ms shot=148ms unfreeze=9ms saved=True
  [capture-loop] iter=50 t=6.3s state={'complete': False, 'error': None, 'executedCount': 1, 'wsState': 1} eval_ms=2 ram=3.4/15.6GB (22%) swap=0.0/3.0GB (0%) cpu=28% browser_rss=2.08GB
  [capture-loop] iter=100 t=12.0s state={'complete': False, 'error': None, 'executedCount': 1, 'wsState': 1} eval_ms=2 ram=3.6/15.6GB (23%) swap=0.0/3.0GB (0%) cpu=32% browser_rss=2.07GB
  [capture-loop] iter=150 t=17.6s state={'complete': False, 'error': None, 'executedCount': 1, 'wsState': 1} eval_ms=3 ram=3.5/15.6GB (22%) swap=0.0/3.0GB (0%) cpu=32% browser_rss=2.00GB
  [ComfyUI] [worker:ComfyUI-SAM3]
  [ComfyUI] === WATCHDOG TICK 4 ===
  [ComfyUI] [worker:ComfyUI-SAM3] Thread 0x00007f8e57dfb6c0 (most recent call first):
  [ComfyUI]   File "/home/runner/.ce/.pixi/envs/sam3-nodes/lib/python3.10/socket.py", line 293 in accept
  [ComfyUI]   File "/home/runner/.ce/.pixi/envs/sam3-nodes/lib/python3.10/multiprocessing/connection.py", line 609 in accept
  [ComfyUI]   File "/home/runner/.ce/.pixi/envs/sam3-nodes/lib/python3.10/multiprocessing/connection.py", line 463 in accept
  [ComfyUI]   File "/home/runner/.ce/.pixi/envs/sam3-nodes/lib/python3.10/multiprocessing/resource_sharer.py", line 138 in _serve
  [ComfyUI]   File "/home/runner/.ce/.pixi/envs/sam3-nodes/lib/python3.10/threading.py", line 953 in run
  [ComfyUI]   File "/home/runner/.ce/.pixi/envs/sam3-nodes/lib/python3.10/threading.py", line 1016 in _bootstrap_inner
  [ComfyUI]   File "/home/runner/.ce/.pixi/envs/sam3-nodes/lib/python3.10/threading.py", line 973 in _bootstrap
  [ComfyUI] 
  [ComfyUI] Current thread 0x00007f8ed3f3d6c0 (most recent call first):
  [ComfyUI]   File "/tmp/comfyui_pvenv_gqwqgtg6/persistent_worker.py", line 52 in _watchdog
  [ComfyUI]   File "/home/runner/.ce/.pixi/envs/sam3-nodes/lib/python3.10/threading.py", line 953 in run
  [ComfyUI]   File "/home/runner/.ce/.pixi/envs/sam3-nodes/lib/python3.10/threading.py", line 1016 in _bootstrap_inner
  [ComfyUI]   File "/home/runner/.ce/.pixi/envs/sam3-nodes/lib/python3.10/threading.py", line 973 in _bootstrap
  [ComfyUI] 
  [ComfyUI] Thread 0x00007f8ed4a17740 (most recent call first):
  [ComfyUI]   File "/home/runner/work/comfy-gpu-ci/comfy-gpu-ci/test_workspaces/SAM3-2154/ComfyUI/comfy/ops.py", line 475 in forward_comfy_cast_weights
  [ComfyUI]   File "/home/runner/work/comfy-gpu-ci/comfy-gpu-ci/test_workspaces/SAM3-2154/ComfyUI/comfy/ops.py", line 482 in forward
  [ComfyUI]   File "/home/runner/.ce/.pixi/envs/sam3-nodes/lib/python3.10/site-packages/torch/nn/modules/module.py", line 1790 in _call_impl
  [ComfyUI]   File "/home/runner/.ce/.pixi/envs/sam3-nodes/lib/python3.10/site-packages/torch/nn/modules/module.py", line 1779 in _wrapped_call_impl
  [ComfyUI]   File "/home/runner/work/comfy-gpu-ci/comfy-gpu-ci/test_workspaces/SAM3-2154/ComfyUI/custom_nodes/ComfyUI-SAM3/nodes/sam3/model.py", line 144 in forward
  [ComfyUI]   File "/home/runner/.ce/.pixi/envs/sam3-nodes/lib/python3.10/site-packages/torch/nn/modules/module.py", line 1790 in _call_impl
  [ComfyUI]   File "/home/runner/.ce/.pixi/envs/sam3-nodes/lib/python3.10/site-packages/torch/nn/modules/module.py", line 1779 in _wrapped_call_impl
  [ComfyUI]   File "/home/runner/work/comfy-gpu-ci/comfy-gpu-ci/test_workspaces/SAM3-2154/ComfyUI/custom_nodes/ComfyUI-SAM3/nodes/sam3/model.py", line 823 in forward
  [ComfyUI]   File "/home/runner/.ce/.pixi/envs/sam3-nodes/lib/python3.10/site-packages/torch/nn/modules/module.py", line 1790 in _call_impl
  [ComfyUI]   File "/home/runner/.ce/.pixi/envs/sam3-nodes/lib/python3.10/site-packages/torch/nn/modules/module.py", line 1779 in _wrapped_call_impl
  [ComfyUI]   File "/home/runner/work/comfy-gpu-ci/comfy-gpu-ci/test_workspaces/SAM3-2154/ComfyUI/custom_nodes/ComfyUI-SAM3/nodes/sam3/model.py", line 983 in forward
  [ComfyUI]   File "/home/runner/.ce/.pixi/envs/sam3-nodes/lib/python3.10/site-packages/torch/nn/modules/module.py", line 1790 in _call_impl
  [ComfyUI]   File "/home/runner/.ce/.pixi/envs/sam3-nodes/lib/python3.10/site-packages/torch/nn/modules/module.py", line 1779 in _wrapped_call_impl
  [ComfyUI]   File "/home/runner/work/comfy-gpu-ci/comfy-gpu-ci/test_workspaces/SAM3-2154/ComfyUI/custom_nodes/ComfyUI-SAM3/nodes/sam3/model.py", line 2041 in forward
  [ComfyUI]   File "/home/runner/work/comfy-gpu-ci/comfy-gpu-ci/test_workspaces/SAM3-2154/ComfyUI/custom_nodes/ComfyUI-SAM3/nodes/sam3/model.py", line 3321 in _forward_image_no_act_ckpt
  [ComfyUI]   File "/home/runner/work/comfy-gpu-ci/comfy-gpu-ci/test_workspaces/SAM3-2154/ComfyUI/custom_nodes/ComfyUI-SAM3/nodes/sam3/model.py", line 3314 in forward_image
  [ComfyUI]   File "/home/runner/work/comfy-gpu-ci/comfy-gpu-ci/test_workspaces/SAM3-2154/ComfyUI/custom_nodes/ComfyUI-SAM3/nodes/sam3/utils.py", line 1324 in set_image
  [ComfyUI]   File "/home/runner/.ce/.pixi/envs/sam3-nodes/lib/python3.10/site-packages/torch/utils/_contextlib.py", line 124 in decorate_context
  [ComfyUI]   File "/home/runner/work/comfy-gpu-ci/comfy-gpu-ci/test_workspaces/SAM3-2154/ComfyUI/custom_nodes/ComfyUI-SAM3/nodes/segmentation.py", line 733 in execute
  [ComfyUI]   File "/home/runner/work/comfy-gpu-ci/comfy-gpu-ci/test_workspaces/SAM3-2154/ComfyUI/comfy_api/latest/_io.py", line 1833 in EXECUTE_NORMALIZED
  [ComfyUI]   File "/tmp/comfyui_pvenv_gqwqgtg6/persistent_worker.py", line 1762 in main
  [ComfyUI]   File "/tmp/comfyui_pvenv_gqwqgtg6/persistent_worker.py", line 1807 in <module>
  [ComfyUI] 
  [ComfyUI] [worker:ComfyUI-SAM3] === END ===
  [ComfyUI] 
  [capture-loop] iter=200 t=23.3s state={'complete': False, 'error': None, 'executedCount': 1, 'wsState': 1} eval_ms=2 ram=3.4/15.6GB (22%) swap=0.0/3.0GB (0%) cpu=35% browser_rss=1.98GB
  [capture-loop] iter=250 t=29.1s state={'complete': False, 'error': None, 'executedCount': 1, 'wsState': 1} eval_ms=2 ram=3.3/15.6GB (21%) swap=0.0/3.0GB (0%) cpu=35% browser_rss=1.91GB
  [capture-loop] iter=300 t=34.7s state={'complete': False, 'error': None, 'executedCount': 1, 'wsState': 1} eval_ms=2 ram=3.4/15.6GB (22%) swap=0.0/3.0GB (0%) cpu=33% browser_rss=1.91GB
  [capture-loop] iter=350 t=40.4s state={'complete': False, 'error': None, 'executedCount': 1, 'wsState': 1} eval_ms=3 ram=3.5/15.6GB (22%) swap=0.0/3.0GB (0%) cpu=34% browser_rss=1.91GB
  [capture-loop] iter=400 t=46.0s state={'complete': False, 'error': None, 'executedCount': 1, 'wsState': 1} eval_ms=2 ram=3.5/15.6GB (22%) swap=0.0/3.0GB (0%) cpu=32% browser_rss=1.91GB
  [capture-loop] iter=450 t=51.7s state={'complete': False, 'error': None, 'executedCount': 1, 'wsState': 1} eval_ms=3 ram=3.4/15.6GB (22%) swap=0.0/3.0GB (0%) cpu=33% browser_rss=1.91GB
  [capture-loop] iter=500 t=57.3s state={'complete': False, 'error': None, 'executedCount': 1, 'wsState': 1} eval_ms=3 ram=3.5/15.6GB (22%) swap=0.0/3.0GB (0%) cpu=32% browser_rss=1.91GB
  [capture-loop] iter=550 t=63.0s state={'complete': False, 'error': None, 'executedCount': 1, 'wsState': 1} eval_ms=2 ram=3.3/15.6GB (21%) swap=0.0/3.0GB (0%) cpu=33% browser_rss=1.91GB
  [capture-loop] iter=600 t=68.6s state={'complete': False, 'error': None, 'executedCount': 1, 'wsState': 1} eval_ms=2 ram=3.4/15.6GB (22%) swap=0.0/3.0GB (0%) cpu=33% browser_rss=1.91GB
  [capture-loop] iter=650 t=74.3s state={'complete': False, 'error': None, 'executedCount': 1, 'wsState': 1} eval_ms=3 ram=3.4/15.6GB (22%) swap=0.0/3.0GB (0%) cpu=33% browser_rss=1.91GB
  [capture-loop] iter=700 t=79.9s state={'complete': False, 'error': None, 'executedCount': 1, 'wsState': 1} eval_ms=3 ram=5.4/15.6GB (34%) swap=0.0/3.0GB (0%) cpu=32% browser_rss=1.91GB
  [ComfyUI] [worker:ComfyUI-SAM3]
  [ComfyUI] === WATCHDOG TICK 5 ===
  [ComfyUI] [worker:ComfyUI-SAM3] Thread 0x00007f8e57dfb6c0 (most recent call first):
  [ComfyUI]   File "/home/runner/.ce/.pixi/envs/sam3-nodes/lib/python3.10/socket.py", line 293 in accept
  [ComfyUI]   File "/home/runner/.ce/.pixi/envs/sam3-nodes/lib/python3.10/multiprocessing/connection.py", line 609 in accept
  [ComfyUI]   File "/home/runner/.ce/.pixi/envs/sam3-nodes/lib/python3.10/multiprocessing/connection.py", line 463 in accept
  [ComfyUI]   File "/home/runner/.ce/.pixi/envs/sam3-nodes/lib/python3.10/multiprocessing/resource_sharer.py", line 138 in _serve
  [ComfyUI]   File "/home/runner/.ce/.pixi/envs/sam3-nodes/lib/python3.10/threading.py", line 953 in run
  [ComfyUI]   File "/home/runner/.ce/.pixi/envs/sam3-nodes/lib/python3.10/threading.py", line 1016 in _bootstrap_inner
  [ComfyUI]   File "/home/runner/.ce/.pixi/envs/sam3-nodes/lib/python3.10/threading.py", line 973 in _bootstrap
  [ComfyUI] 
  [ComfyUI] Current thread 0x00007f8ed3f3d6c0 (most recent call first):
  [ComfyUI]   File "/tmp/comfyui_pvenv_gqwqgtg6/persistent_worker.py", line 52 in _watchdog
  [ComfyUI]   File "/home/runner/.ce/.pixi/envs/sam3-nodes/lib/python3.10/threading.py", line 953 in run
  [ComfyUI]   File "/home/runner/.ce/.pixi/envs/sam3-nodes/lib/python3.10/threading.py", line 1016 in _bootstrap_inner
  [ComfyUI]   File "/home/runner/.ce/.pixi/envs/sam3-nodes/lib/python3.10/threading.py", line 973 in _bootstrap
  [ComfyUI] 
  [ComfyUI] Thread 0x00007f8ed4a17740 (most recent call first):
  [ComfyUI]   File "/home/runner/work/comfy-gpu-ci/comfy-gpu-ci/test_workspaces/SAM3-2154/ComfyUI/comfy/ldm/modules/sub_quadratic_attention.py", line 181 in _get_attention_scores_no_kv_chunking
  [ComfyUI]   File "/home/runner/work/comfy-gpu-ci/comfy-gpu-ci/test_workspaces/SAM3-2154/ComfyUI/comfy/ldm/modules/sub_quadratic_attention.py", line 269 in <listcomp>
  [ComfyUI]   File "/home/runner/work/comfy-gpu-ci/comfy-gpu-ci/test_workspaces/SAM3-2154/ComfyUI/comfy/ldm/modules/sub_quadratic_attention.py", line 268 in efficient_dot_product_attention
  [ComfyUI]   File "/home/runner/work/comfy-gpu-ci/comfy-gpu-ci/test_workspaces/SAM3-2154/ComfyUI/comfy/ldm/modules/attention.py", line 275 in attention_sub_quad
  [ComfyUI]   File "/home/runner/work/comfy-gpu-ci/comfy-gpu-ci/test_workspaces/SAM3-2154/ComfyUI/comfy/ldm/modules/attention.py", line 139 in wrapper
  [ComfyUI]   File "/home/runner/work/comfy-gpu-ci/comfy-gpu-ci/test_workspaces/SAM3-2154/ComfyUI/custom_nodes/ComfyUI-SAM3/nodes/sam3/attention.py", line 120 in sam3_attention
  [ComfyUI]   File "/home/runner/work/comfy-gpu-ci/comfy-gpu-ci/test_workspaces/SAM3-2154/ComfyUI/custom_nodes/ComfyUI-SAM3/nodes/sam3/model.py", line 729 in forward
  [ComfyUI]   File "/home/runner/.ce/.pixi/envs/sam3-nodes/lib/python3.10/site-packages/torch/nn/modules/module.py", line 1790 in _call_impl
  [ComfyUI]   File "/home/runner/.ce/.pixi/envs/sam3-nodes/lib/python3.10/site-packages/torch/nn/modules/module.py", line 1779 in _wrapped_call_impl
  [ComfyUI]   File "/home/runner/work/comfy-gpu-ci/comfy-gpu-ci/test_workspaces/SAM3-2154/ComfyUI/custom_nodes/ComfyUI-SAM3/nodes/sam3/model.py", line 819 in forward
  [ComfyUI]   File "/home/runner/.ce/.pixi/envs/sam3-nodes/lib/python3.10/site-packages/torch/nn/modules/module.py", line 1790 in _call_impl
  [ComfyUI]   File "/home/runner/.ce/.pixi/envs/sam3-nodes/lib/python3.10/site-packages/torch/nn/modules/module.py", line 1779 in _wrapped_call_impl
  [ComfyUI]   File "/home/runner/work/comfy-gpu-ci/comfy-gpu-ci/test_workspaces/SAM3-2154/ComfyUI/custom_nodes/ComfyUI-SAM3/nodes/sam3/model.py", line 983 in forward
  [ComfyUI]   File "/home/runner/.ce/.pixi/envs/sam3-nodes/lib/python3.10/site-packages/torch/nn/modules/module.py", line 1790 in _call_impl
  [ComfyUI]   File "/home/runner/.ce/.pixi/envs/sam3-nodes/lib/python3.10/site-packages/torch/nn/modules/module.py", line 1779 in _wrapped_call_impl
  [ComfyUI]   File "/home/runner/work/comfy-gpu-ci/comfy-gpu-ci/test_workspaces/SAM3-2154/ComfyUI/custom_nodes/ComfyUI-SAM3/nodes/sam3/model.py", line 2041 in forward
  [ComfyUI]   File "/home/runner/work/comfy-gpu-ci/comfy-gpu-ci/test_workspaces/SAM3-2154/ComfyUI/custom_nodes/ComfyUI-SAM3/nodes/sam3/model.py", line 3321 in _forward_image_no_act_ckpt
  [ComfyUI]   File "/home/runner/work/comfy-gpu-ci/comfy-gpu-ci/test_workspaces/SAM3-2154/ComfyUI/custom_nodes/ComfyUI-SAM3/nodes/sam3/model.py", line 3314 in forward_image
  [ComfyUI]   File "/home/runner/work/comfy-gpu-ci/comfy-gpu-ci/test_workspaces/SAM3-2154/ComfyUI/custom_nodes/ComfyUI-SAM3/nodes/sam3/utils.py", line 1324 in set_image
  [ComfyUI]   File "/home/runner/.ce/.pixi/envs/sam3-nodes/lib/python3.10/site-packages/torch/utils/_contextlib.py", line 124 in decorate_context
  [ComfyUI]   File "/home/runner/work/comfy-gpu-ci/comfy-gpu-ci/test_workspaces/SAM3-2154/ComfyUI/custom_nodes/ComfyUI-SAM3/nodes/segmentation.py", line 733 in execute
  [ComfyUI]   File "/home/runner/work/comfy-gpu-ci/comfy-gpu-ci/test_workspaces/SAM3-2154/ComfyUI/comfy_api/latest/_io.py", line 1833 in EXECUTE_NORMALIZED
  [ComfyUI]   File "/tmp/comfyui_pvenv_gqwqgtg6/persistent_worker.py", line 1762 in main
  [ComfyUI]   File "/tmp/comfyui_pvenv_gqwqgtg6/persistent_worker.py", line 1807 in <module>
  [ComfyUI] 
  [ComfyUI] [worker:ComfyUI-SAM3] === END ===
  [ComfyUI] 
  [capture-loop] iter=750 t=85.6s state={'complete': False, 'error': None, 'executedCount': 1, 'wsState': 1} eval_ms=3 ram=3.5/15.6GB (22%) swap=0.0/3.0GB (0%) cpu=32% browser_rss=1.91GB
  [ComfyUI] [SubprocessWorker] callback 'report_progress' from call_id=8
  [ComfyUI] [SubprocessWorker] callback 'report_progress' from call_id=8
  [ComfyUI] [SubprocessWorker] callback 'report_progress' from call_id=8
  [ComfyUI] [SubprocessWorker] callback 'report_progress' from call_id=8
  Frame 4 saved (frame_003.jpg, t=89.3s)
  [capture-periodic] freeze=3ms shot=175ms unfreeze=7ms saved=True
  [ComfyUI] [SubprocessWorker] callback 'report_progress' from call_id=8
  [ComfyUI] [SubprocessWorker] callback 'report_progress' from call_id=8
  [ComfyUI] [SubprocessWorker] callback 'report_progress' from call_id=8
  [capture-loop] iter=800 t=91.3s state={'complete': False, 'error': None, 'executedCount': 1, 'wsState': 1} eval_ms=3 ram=5.7/15.6GB (37%) swap=0.0/3.0GB (0%) cpu=40% browser_rss=2.04GB
  Frame 5 saved (frame_004.jpg, t=91.6s)
  [capture-periodic] freeze=4ms shot=139ms unfreeze=6ms saved=True
  [capture-loop] iter=850 t=97.1s state={'complete': False, 'error': None, 'executedCount': 1, 'wsState': 1} eval_ms=2 ram=4.7/15.6GB (30%) swap=0.0/3.0GB (0%) cpu=34% browser_rss=2.03GB
  [ComfyUI] [SubprocessWorker] got response: ok
  [ComfyUI] [comfy-env] SAM3MultipromptSegmentation done (96.54s): result: NodeOutput
  Frame 6 saved (frame_005.jpg, t=98.3s)
  [capture-periodic] freeze=2ms shot=156ms unfreeze=10ms saved=True
  Node executed (2 total), capturing...
  Frame 7 saved (frame_006.jpg, t=102.7s)
  [capture-node] freeze=415ms shot=315ms unfreeze=25ms saved=True
  [capture-loop] iter=900 t=103.7s state={'complete': False, 'error': None, 'executedCount': 2, 'wsState': 1} eval_ms=2 ram=5.1/15.6GB (32%) swap=0.0/3.0GB (0%) cpu=40% browser_rss=2.53GB
  [ComfyUI] BatchToMultiband: Processed 1 images with 3 channels each -> 3 channels
  [ComfyUI] BatchToMultiband: Processed 7 masks -> 7 channels
  [ComfyUI] BatchToMultiband: Output shape torch.Size([1, 10, 4480, 6720]), channels: ['img_01_r', 'img_01_g', 'img_01_b', 'mask_01', 'mask_02', 'mask_03', 'mask_04', 'mask_05', 'mask_06', 'mask_07']
  [ComfyUI] ResizeMultiband: 4480x6720 -> 600x900
  [ComfyUI] PreviewMultibandImage: Batch=1, Channels=10, Names=['img_01_r', 'img_01_g', 'img_01_b', 'mask_01', 'mask_02', 'mask_03', 'mask_04', 'mask_05', 'mask_06', 'mask_07']
  Node executed (3 total), capturing...
  [ComfyUI] SaveMultibandImage: Saved to output/multiband.npz
  [ComfyUI] Prompt executed in 106.45 seconds
  [ComfyUI]   Shape: (1, 10, 600, 900)
  [ComfyUI]   Format: npz
  Frame 8 saved (frame_007.jpg, t=106.6s)
  [capture-node] freeze=2ms shot=239ms unfreeze=6ms saved=True
  Node executed (4 total), capturing...
  Frame 9 saved (frame_008.jpg, t=107.5s)
  [capture-node] freeze=2ms shot=170ms unfreeze=0ms saved=True
  Execution complete (t=107.4s)
  Captured 9 unique frames over 107.66s
  [debug] iframes: 0
  [timing] trigger_3d_previews: 0.0s
  Saved high-quality screenshot: scene_seg_executed.png
  [timing] final_screenshot: 0.4s
    Captured 10 video frames